Log file open, 01/17/21 20:24:12
LogWindows: Failed to load 'aqProf.dll' (GetLastError=126)
LogWindows: File 'aqProf.dll' does not exist
LogWindows: Failed to load 'VtuneApi.dll' (GetLastError=126)
LogWindows: File 'VtuneApi.dll' does not exist
LogWindows: Failed to load 'VtuneApi32e.dll' (GetLastError=126)
LogWindows: File 'VtuneApi32e.dll' does not exist
LogConsoleResponse: Display: Failed to find resolution value strings in scalability ini. Falling back to default.
LogInit: Display: Running engine for game: GrandTrenchWar
LogPakFile: Registered encryption key '00000000000000000000000000000000': 0 pak files mounted, 0 remain pending
LogPlatformFile: Not using cached read wrapper
LogTaskGraph: Started task graph with 5 named threads and 35 total threads with 3 sets of task threads.
LogStats: Stats thread started at 0.399274
LogD3D11RHI: Loaded GFSDK_Aftermath_Lib.x64.dll
LogICUInternationalization: ICU TimeZone Detection - Raw Offset: +9:00, Platform Override: ''
LogPluginManager: Mounting plugin Paper2D
LogPluginManager: Mounting plugin AISupport
LogPluginManager: Mounting plugin LightPropagationVolume
LogPluginManager: Mounting plugin ActorLayerUtilities
LogPluginManager: Mounting plugin AnimationSharing
LogPluginManager: Mounting plugin CLionSourceCodeAccess
LogPluginManager: Mounting plugin CodeLiteSourceCodeAccess
LogPluginManager: Mounting plugin GitSourceControl
LogPluginManager: Mounting plugin KDevelopSourceCodeAccess
LogPluginManager: Mounting plugin NullSourceCodeAccess
LogPluginManager: Mounting plugin PerforceSourceControl
LogPluginManager: Mounting plugin SubversionSourceControl
LogPluginManager: Mounting plugin UObjectPlugin
LogPluginManager: Mounting plugin VisualStudioCodeSourceCodeAccess
LogPluginManager: Mounting plugin VisualStudioSourceCodeAccess
LogPluginManager: Mounting plugin XCodeSourceCodeAccess
LogPluginManager: Mounting plugin AssetManagerEditor
LogPluginManager: Mounting plugin CryptoKeys
LogPluginManager: Mounting plugin DataValidation
LogPluginManager: Mounting plugin FacialAnimation
LogPluginManager: Mounting plugin GameplayTagsEditor
LogPluginManager: Mounting plugin MacGraphicsSwitching
LogPluginManager: Mounting plugin MaterialAnalyzer
LogPluginManager: Mounting plugin MobileLauncherProfileWizard
LogPluginManager: Mounting plugin PluginBrowser
LogPluginManager: Mounting plugin SpeedTreeImporter
LogPluginManager: Mounting plugin DatasmithContent
LogPluginManager: Mounting plugin VariantManagerContent
LogPluginManager: Mounting plugin AlembicImporter
LogPluginManager: Mounting plugin AppleImageUtils
LogPluginManager: Mounting plugin AppleVision
LogPluginManager: Mounting plugin BackChannel
LogPluginManager: Mounting plugin CharacterAI
LogPluginManager: Mounting plugin GeometryCache
LogPluginManager: Mounting plugin HTML5Networking
LogPluginManager: Mounting plugin ProxyLODPlugin
LogPluginManager: Mounting plugin SkeletalReduction
LogPluginManager: Mounting plugin MagicLeap
LogPluginManager: Mounting plugin MagicLeapMedia
LogPluginManager: Mounting plugin AndroidMedia
LogPluginManager: Mounting plugin AvfMedia
LogPluginManager: Mounting plugin ImgMedia
LogPluginManager: Mounting plugin LinearTimecode
LogPluginManager: Mounting plugin MediaCompositing
LogPluginManager: Mounting plugin MediaPlayerEditor
LogPluginManager: Mounting plugin WebMMedia
LogPluginManager: Mounting plugin WmfMedia
LogPluginManager: Mounting plugin TcpMessaging
LogPluginManager: Mounting plugin UdpMessaging
LogPluginManager: Mounting plugin ActorSequence
LogPluginManager: Mounting plugin LevelSequenceEditor
LogPluginManager: Mounting plugin MatineeToLevelSequence
LogPluginManager: Mounting plugin NetcodeUnitTest
LogPluginManager: Mounting plugin NUTUnrealEngine4
LogPluginManager: Mounting plugin OnlineSubsystemGooglePlay
LogPluginManager: Mounting plugin OnlineSubsystemIOS
LogPluginManager: Mounting plugin OnlineSubsystem
LogPluginManager: Mounting plugin OnlineSubsystemNull
LogPluginManager: Mounting plugin OnlineSubsystemSteam
LogPluginManager: Mounting plugin OnlineSubsystemUtils
LogPluginManager: Mounting plugin LauncherChunkInstaller
LogPluginManager: Mounting plugin AndroidDeviceProfileSelector
LogPluginManager: Mounting plugin AndroidMoviePlayer
LogPluginManager: Mounting plugin AndroidPermission
LogPluginManager: Mounting plugin AppleMoviePlayer
LogPluginManager: Mounting plugin ArchVisCharacter
LogPluginManager: Mounting plugin AudioCapture
LogPluginManager: Mounting plugin CableComponent
LogPluginManager: Mounting plugin CustomMeshComponent
LogPluginManager: Mounting plugin EditableMesh
LogPluginManager: Mounting plugin ExampleDeviceProfileSelector
LogPluginManager: Mounting plugin Firebase
LogPluginManager: Mounting plugin GoogleCloudMessaging
LogPluginManager: Mounting plugin IOSDeviceProfileSelector
LogPluginManager: Mounting plugin LinuxDeviceProfileSelector
LogPluginManager: Mounting plugin LocationServicesBPLibrary
LogPluginManager: Mounting plugin MobilePatchingUtils
LogPluginManager: Mounting plugin OculusVR
LogPluginManager: Mounting plugin PhysXVehicles
LogPluginManager: Mounting plugin ProceduralMeshComponent
LogPluginManager: Mounting plugin RuntimePhysXCooking
LogPluginManager: Mounting plugin SignificanceManager
LogPluginManager: Mounting plugin WebMMoviePlayer
LogPluginManager: Mounting plugin WindowsMoviePlayer
LogInit: Using libcurl 7.55.1-DEV
LogInit:  - built for x86_64-pc-win32
LogInit:  - supports SSL with OpenSSL/1.1.1
LogInit:  - supports HTTP deflate (compression) using libz 1.2.8
LogInit:  - other features:
LogInit:      CURL_VERSION_SSL
LogInit:      CURL_VERSION_LIBZ
LogInit:      CURL_VERSION_IPV6
LogInit:      CURL_VERSION_ASYNCHDNS
LogInit:      CURL_VERSION_LARGEFILE
LogInit:      CURL_VERSION_IDN
LogInit:  CurlRequestOptions (configurable via config and command line):
LogInit:  - bVerifyPeer = true  - Libcurl will verify peer certificate
LogInit:  - bUseHttpProxy = false  - Libcurl will NOT use HTTP proxy
LogInit:  - bDontReuseConnections = false  - Libcurl will reuse connections
LogInit:  - MaxHostConnections = 16  - Libcurl will limit the number of connections to a host
LogInit:  - LocalHostAddr = Default
LogInit:  - BufferSize = 65536
LogOnline: Display: STEAM: Loading Steam SDK 1.39
LogOnline: STEAM: Steam User is subscribed 1
LogOnline: STEAM: [AppId: 480] Client API initialized 1
LogOnline: STEAM: [AppId: 480] Game Server API initialized 1
LogOnline: STEAM: Missing P2PCleanupTimeout key in OnlineSubsystemSteam of DefaultEngine.ini, using default
LogInit: WinSock: version 1.1 (2.2), MaxSocks=32767, MaxUdp=65467
LogHMD: Failed initializing OVRPlugin 1.32.0
LogInit: Build: ++UE4+Release-4.22-CL-7053642
LogInit: Engine Version: 4.22.3-7053642+++UE4+Release-4.22
LogInit: Compatible Engine Version: 4.22.0-5660361+++UE4+Release-4.22
LogInit: Net CL: 5660361
LogInit: OS: Windows 10 (Release 1909) (), CPU: AMD Ryzen 5 3600 6-Core Processor              , GPU: NVIDIA GeForce RTX 2080
LogInit: Compiled (64-bit): Jun 18 2019 03:09:11
LogInit: Compiled with Visual C++: 19.16.27025.01
LogInit: Build Configuration: Development
LogInit: Branch Name: ++UE4+Release-4.22
LogInit: Command Line:  /Game/Maps/MainMenu -game -PIEVIACONSOLE -ResX=1280 -ResY=720 -Multiprocess -messaging -SessionName="Play in Standalone Game" -windowed
LogInit: Base Directory: D:/UE4/UE_4.22/Engine/Binaries/Win64/
LogInit: Installed Engine Build: 1
LogDevObjectVersion: Number of dev versions registered: 23
LogDevObjectVersion:   Dev-Blueprints (B0D832E4-1F89-4F0D-ACCF-7EB736FD4AA2): 10
LogDevObjectVersion:   Dev-Build (E1C64328-A22C-4D53-A36C-8E866417BD8C): 0
LogDevObjectVersion:   Dev-Core (375EC13C-06E4-48FB-B500-84F0262A717E): 3
LogDevObjectVersion:   Dev-Editor (E4B068ED-F494-42E9-A231-DA0B2E46BB41): 30
LogDevObjectVersion:   Dev-Framework (CFFC743F-43B0-4480-9391-14DF171D2073): 35
LogDevObjectVersion:   Dev-Mobile (B02B49B5-BB20-44E9-A304-32B752E40360): 2
LogDevObjectVersion:   Dev-Networking (A4E4105C-59A1-49B5-A7C5-40C4547EDFEE): 0
LogDevObjectVersion:   Dev-Online (39C831C9-5AE6-47DC-9A44-9C173E1C8E7C): 0
LogDevObjectVersion:   Dev-Physics (78F01B33-EBEA-4F98-B9B4-84EACCB95AA2): 0
LogDevObjectVersion:   Dev-Platform (6631380F-2D4D-43E0-8009-CF276956A95A): 0
LogDevObjectVersion:   Dev-Rendering (12F88B9F-8875-4AFC-A67C-D90C383ABD29): 28
LogDevObjectVersion:   Dev-Sequencer (7B5AE74C-D270-4C10-A958-57980B212A5A): 11
LogDevObjectVersion:   Dev-VR (D7296918-1DD6-4BDD-9DE2-64A83CC13884): 2
LogDevObjectVersion:   Dev-LoadTimes (C2A15278-BFE7-4AFE-6C17-90FF531DF755): 1
LogDevObjectVersion:   Private-Geometry (6EACA3D4-40EC-4CC1-B786-8BED09428FC5): 3
LogDevObjectVersion:   Dev-AnimPhys (29E575DD-E0A3-4627-9D10-D276232CDCEA): 17
LogDevObjectVersion:   Dev-Anim (AF43A65D-7FD3-4947-9873-3E8ED9C1BB05): 2
LogDevObjectVersion:   Dev-ReflectionCapture (6B266CEC-1EC7-4B8F-A30B-E4D90942FC07): 1
LogDevObjectVersion:   Dev-Automation (0DF73D61-A23F-47EA-B727-89E90C41499A): 1
LogDevObjectVersion:   FortniteMain (601D1886-AC64-4F84-AA16-D3DE0DEAC7D6): 25
LogDevObjectVersion:   Dev-Enterprise (9DFFBCD6-494F-0158-E221-12823C92A888): 6
LogDevObjectVersion:   Dev-Niagara (F2AED0AC-9AFE-416F-8664-AA7FFA26D6FC): 1
LogDevObjectVersion:   Dev-Destruction (174F1F0B-B4C6-45A5-B13F-2EE8D0FB917D): 2
LogInit: Presizing for max 16777216 objects, including 0 objects not considered by GC, pre-allocating 0 bytes for permanent pool.
LogInit: Object subsystem initialized
LogConfig: Setting CVar [[con.DebugEarlyDefault:1]]
LogConfig: Setting CVar [[r.setres:1280x720]]
[2021.01.17-11.24.13:666][  0]LogConfig: Setting CVar [[con.DebugEarlyDefault:1]]
[2021.01.17-11.24.13:666][  0]LogConfig: Setting CVar [[r.setres:1280x720]]
[2021.01.17-11.24.13:666][  0]LogConfig: Applying CVar settings from Section [/Script/Engine.RendererSettings] File [D:/Git/Unreal_GrandTrenchWar/Unreal_GrandTrenchWar/GrandTrenchWar/Saved/Config/Windows/Engine.ini]
[2021.01.17-11.24.13:666][  0]LogConfig: Setting CVar [[r.GPUCrashDebugging:0]]
[2021.01.17-11.24.13:666][  0]LogConfig: Applying CVar settings from Section [/Script/Engine.RendererOverrideSettings] File [D:/Git/Unreal_GrandTrenchWar/Unreal_GrandTrenchWar/GrandTrenchWar/Saved/Config/Windows/Engine.ini]
[2021.01.17-11.24.13:666][  0]LogConfig: Applying CVar settings from Section [/Script/Engine.StreamingSettings] File [D:/Git/Unreal_GrandTrenchWar/Unreal_GrandTrenchWar/GrandTrenchWar/Saved/Config/Windows/Engine.ini]
[2021.01.17-11.24.13:666][  0]LogConfig: Setting CVar [[s.MinBulkDataSizeForAsyncLoading:131072]]
[2021.01.17-11.24.13:666][  0]LogConfig: Setting CVar [[s.AsyncLoadingThreadEnabled:0]]
[2021.01.17-11.24.13:666][  0]LogConfig: Setting CVar [[s.EventDrivenLoaderEnabled:1]]
[2021.01.17-11.24.13:666][  0]LogConfig: Setting CVar [[s.WarnIfTimeLimitExceeded:0]]
[2021.01.17-11.24.13:666][  0]LogConfig: Setting CVar [[s.TimeLimitExceededMultiplier:1.5]]
[2021.01.17-11.24.13:666][  0]LogConfig: Setting CVar [[s.TimeLimitExceededMinTime:0.005]]
[2021.01.17-11.24.13:666][  0]LogConfig: Setting CVar [[s.UseBackgroundLevelStreaming:1]]
[2021.01.17-11.24.13:666][  0]LogConfig: Setting CVar [[s.PriorityAsyncLoadingExtraTime:15.0]]
[2021.01.17-11.24.13:666][  0]LogConfig: Setting CVar [[s.LevelStreamingActorsUpdateTimeLimit:5.0]]
[2021.01.17-11.24.13:666][  0]LogConfig: Setting CVar [[s.PriorityLevelStreamingActorsUpdateExtraTime:5.0]]
[2021.01.17-11.24.13:666][  0]LogConfig: Setting CVar [[s.LevelStreamingComponentsRegistrationGranularity:10]]
[2021.01.17-11.24.13:666][  0]LogConfig: Setting CVar [[s.UnregisterComponentsTimeLimit:1.0]]
[2021.01.17-11.24.13:667][  0]LogConfig: Setting CVar [[s.LevelStreamingComponentsUnregistrationGranularity:5]]
[2021.01.17-11.24.13:667][  0]LogConfig: Applying CVar settings from Section [/Script/Engine.GarbageCollectionSettings] File [D:/Git/Unreal_GrandTrenchWar/Unreal_GrandTrenchWar/GrandTrenchWar/Saved/Config/Windows/Engine.ini]
[2021.01.17-11.24.13:667][  0]LogConfig: Setting CVar [[gc.MaxObjectsNotConsideredByGC:1]]
[2021.01.17-11.24.13:667][  0]LogConfig: Setting CVar [[gc.SizeOfPermanentObjectPool:0]]
[2021.01.17-11.24.13:667][  0]LogConfig: Setting CVar [[gc.FlushStreamingOnGC:0]]
[2021.01.17-11.24.13:667][  0]LogConfig: Setting CVar [[gc.NumRetriesBeforeForcingGC:10]]
[2021.01.17-11.24.13:667][  0]LogConfig: Setting CVar [[gc.AllowParallelGC:1]]
[2021.01.17-11.24.13:667][  0]LogConfig: Setting CVar [[gc.TimeBetweenPurgingPendingKillObjects:61.1]]
[2021.01.17-11.24.13:667][  0]LogConfig: Setting CVar [[gc.MaxObjectsInEditor:16777216]]
[2021.01.17-11.24.13:667][  0]LogConfig: Setting CVar [[gc.IncrementalBeginDestroyEnabled:1]]
[2021.01.17-11.24.13:667][  0]LogConfig: Setting CVar [[gc.CreateGCClusters:1]]
[2021.01.17-11.24.13:667][  0]LogConfig: Setting CVar [[gc.MinGCClusterSize:5]]
[2021.01.17-11.24.13:667][  0]LogConfig: Setting CVar [[gc.ActorClusteringEnabled:0]]
[2021.01.17-11.24.13:667][  0]LogConfig: Setting CVar [[gc.BlueprintClusteringEnabled:0]]
[2021.01.17-11.24.13:667][  0]LogConfig: Setting CVar [[gc.UseDisregardForGCOnDedicatedServers:0]]
[2021.01.17-11.24.13:667][  0]LogConfig: Applying CVar settings from Section [/Script/Engine.NetworkSettings] File [D:/Git/Unreal_GrandTrenchWar/Unreal_GrandTrenchWar/GrandTrenchWar/Saved/Config/Windows/Engine.ini]
[2021.01.17-11.24.13:667][  0]LogConfig: Applying CVar settings from Section [/Script/UnrealEd.CookerSettings] File [D:/Git/Unreal_GrandTrenchWar/Unreal_GrandTrenchWar/GrandTrenchWar/Saved/Config/Windows/Engine.ini]
[2021.01.17-11.24.13:671][  0]LogConfig: Applying CVar settings from Section [ViewDistanceQuality@3] File [D:/Git/Unreal_GrandTrenchWar/Unreal_GrandTrenchWar/GrandTrenchWar/Saved/Config/Windows/Scalability.ini]
[2021.01.17-11.24.13:671][  0]LogConfig: Setting CVar [[r.SkeletalMeshLODBias:0]]
[2021.01.17-11.24.13:671][  0]LogConfig: Setting CVar [[r.ViewDistanceScale:1.0]]
[2021.01.17-11.24.13:671][  0]LogConfig: Applying CVar settings from Section [AntiAliasingQuality@3] File [D:/Git/Unreal_GrandTrenchWar/Unreal_GrandTrenchWar/GrandTrenchWar/Saved/Config/Windows/Scalability.ini]
[2021.01.17-11.24.13:671][  0]LogConfig: Setting CVar [[r.PostProcessAAQuality:4]]
[2021.01.17-11.24.13:671][  0]LogConfig: Applying CVar settings from Section [ShadowQuality@3] File [D:/Git/Unreal_GrandTrenchWar/Unreal_GrandTrenchWar/GrandTrenchWar/Saved/Config/Windows/Scalability.ini]
[2021.01.17-11.24.13:671][  0]LogConfig: Setting CVar [[r.LightFunctionQuality:1]]
[2021.01.17-11.24.13:671][  0]LogConfig: Setting CVar [[r.ShadowQuality:5]]
[2021.01.17-11.24.13:671][  0]LogConfig: Setting CVar [[r.Shadow.CSM.MaxCascades:10]]
[2021.01.17-11.24.13:671][  0]LogConfig: Setting CVar [[r.Shadow.MaxResolution:2048]]
[2021.01.17-11.24.13:671][  0]LogConfig: Setting CVar [[r.Shadow.MaxCSMResolution:2048]]
[2021.01.17-11.24.13:671][  0]LogConfig: Setting CVar [[r.Shadow.RadiusThreshold:0.01]]
[2021.01.17-11.24.13:671][  0]LogConfig: Setting CVar [[r.Shadow.DistanceScale:1.0]]
[2021.01.17-11.24.13:671][  0]LogConfig: Setting CVar [[r.Shadow.CSM.TransitionScale:1.0]]
[2021.01.17-11.24.13:671][  0]LogConfig: Setting CVar [[r.Shadow.PreShadowResolutionFactor:1.0]]
[2021.01.17-11.24.13:671][  0]LogConfig: Setting CVar [[r.DistanceFieldShadowing:1]]
[2021.01.17-11.24.13:671][  0]LogConfig: Setting CVar [[r.DistanceFieldAO:1]]
[2021.01.17-11.24.13:671][  0]LogConfig: Setting CVar [[r.AOQuality:2]]
[2021.01.17-11.24.13:671][  0]LogConfig: Setting CVar [[r.VolumetricFog:1]]
[2021.01.17-11.24.13:671][  0]LogConfig: Setting CVar [[r.VolumetricFog.GridPixelSize:8]]
[2021.01.17-11.24.13:671][  0]LogConfig: Setting CVar [[r.VolumetricFog.GridSizeZ:128]]
[2021.01.17-11.24.13:671][  0]LogConfig: Setting CVar [[r.VolumetricFog.HistoryMissSupersampleCount:4]]
[2021.01.17-11.24.13:671][  0]LogConfig: Setting CVar [[r.LightMaxDrawDistanceScale:1]]
[2021.01.17-11.24.13:671][  0]LogConfig: Setting CVar [[r.CapsuleShadows:1]]
[2021.01.17-11.24.13:671][  0]LogConfig: Applying CVar settings from Section [PostProcessQuality@3] File [D:/Git/Unreal_GrandTrenchWar/Unreal_GrandTrenchWar/GrandTrenchWar/Saved/Config/Windows/Scalability.ini]
[2021.01.17-11.24.13:671][  0]LogConfig: Setting CVar [[r.MotionBlurQuality:4]]
[2021.01.17-11.24.13:671][  0]LogConfig: Setting CVar [[r.AmbientOcclusionMipLevelFactor:0.4]]
[2021.01.17-11.24.13:671][  0]LogConfig: Setting CVar [[r.AmbientOcclusionMaxQuality:100]]
[2021.01.17-11.24.13:671][  0]LogConfig: Setting CVar [[r.AmbientOcclusionLevels:-1]]
[2021.01.17-11.24.13:671][  0]LogConfig: Setting CVar [[r.AmbientOcclusionRadiusScale:1.0]]
[2021.01.17-11.24.13:671][  0]LogConfig: Setting CVar [[r.DepthOfFieldQuality:2]]
[2021.01.17-11.24.13:671][  0]LogConfig: Setting CVar [[r.RenderTargetPoolMin:400]]
[2021.01.17-11.24.13:671][  0]LogConfig: Setting CVar [[r.LensFlareQuality:2]]
[2021.01.17-11.24.13:671][  0]LogConfig: Setting CVar [[r.SceneColorFringeQuality:1]]
[2021.01.17-11.24.13:671][  0]LogConfig: Setting CVar [[r.EyeAdaptationQuality:2]]
[2021.01.17-11.24.13:671][  0]LogConfig: Setting CVar [[r.BloomQuality:5]]
[2021.01.17-11.24.13:671][  0]LogConfig: Setting CVar [[r.FastBlurThreshold:100]]
[2021.01.17-11.24.13:671][  0]LogConfig: Setting CVar [[r.Upscale.Quality:3]]
[2021.01.17-11.24.13:671][  0]LogConfig: Setting CVar [[r.Tonemapper.GrainQuantization:1]]
[2021.01.17-11.24.13:671][  0]LogConfig: Setting CVar [[r.LightShaftQuality:1]]
[2021.01.17-11.24.13:671][  0]LogConfig: Setting CVar [[r.Filter.SizeScale:1]]
[2021.01.17-11.24.13:671][  0]LogConfig: Setting CVar [[r.Tonemapper.Quality:5]]
[2021.01.17-11.24.13:671][  0]LogConfig: Setting CVar [[r.DOF.Gather.AccumulatorQuality:1        ; higher gathering accumulator quality]]
[2021.01.17-11.24.13:671][  0]LogConfig: Setting CVar [[r.DOF.Gather.PostfilterMethod:1          ; Median3x3 postfilering method]]
[2021.01.17-11.24.13:671][  0]LogConfig: Setting CVar [[r.DOF.Gather.EnableBokehSettings:0       ; no bokeh simulation when gathering]]
[2021.01.17-11.24.13:672][  0]LogConfig: Setting CVar [[r.DOF.Gather.RingCount:4                 ; medium number of samples when gathering]]
[2021.01.17-11.24.13:672][  0]LogConfig: Setting CVar [[r.DOF.Scatter.ForegroundCompositing:1    ; additive foreground scattering]]
[2021.01.17-11.24.13:672][  0]LogConfig: Setting CVar [[r.DOF.Scatter.BackgroundCompositing:2    ; additive background scattering]]
[2021.01.17-11.24.13:672][  0]LogConfig: Setting CVar [[r.DOF.Scatter.EnableBokehSettings:1      ; bokeh simulation when scattering]]
[2021.01.17-11.24.13:672][  0]LogConfig: Setting CVar [[r.DOF.Scatter.MaxSpriteRatio:0.1         ; only a maximum of 10% of scattered bokeh]]
[2021.01.17-11.24.13:672][  0]LogConfig: Setting CVar [[r.DOF.Recombine.Quality:1                ; cheap slight out of focus]]
[2021.01.17-11.24.13:672][  0]LogConfig: Setting CVar [[r.DOF.Recombine.EnableBokehSettings:0    ; no bokeh simulation on slight out of focus]]
[2021.01.17-11.24.13:672][  0]LogConfig: Setting CVar [[r.DOF.TemporalAAQuality:1                ; more stable temporal accumulation]]
[2021.01.17-11.24.13:672][  0]LogConfig: Setting CVar [[r.DOF.Kernel.MaxForegroundRadius:0.025]]
[2021.01.17-11.24.13:672][  0]LogConfig: Setting CVar [[r.DOF.Kernel.MaxBackgroundRadius:0.025]]
[2021.01.17-11.24.13:672][  0]LogConfig: Applying CVar settings from Section [TextureQuality@3] File [D:/Git/Unreal_GrandTrenchWar/Unreal_GrandTrenchWar/GrandTrenchWar/Saved/Config/Windows/Scalability.ini]
[2021.01.17-11.24.13:672][  0]LogConfig: Setting CVar [[r.Streaming.MipBias:0]]
[2021.01.17-11.24.13:672][  0]LogConfig: Setting CVar [[r.Streaming.AmortizeCPUToGPUCopy:0]]
[2021.01.17-11.24.13:672][  0]LogConfig: Setting CVar [[r.Streaming.MaxNumTexturesToStreamPerFrame:0]]
[2021.01.17-11.24.13:672][  0]LogConfig: Setting CVar [[r.Streaming.Boost:1]]
[2021.01.17-11.24.13:672][  0]LogConfig: Setting CVar [[r.MaxAnisotropy:8]]
[2021.01.17-11.24.13:672][  0]LogConfig: Setting CVar [[r.Streaming.LimitPoolSizeToVRAM:0]]
[2021.01.17-11.24.13:672][  0]LogConfig: Setting CVar [[r.Streaming.PoolSize:1000]]
[2021.01.17-11.24.13:672][  0]LogConfig: Setting CVar [[r.Streaming.MaxEffectiveScreenSize:0]]
[2021.01.17-11.24.13:672][  0]LogConfig: Applying CVar settings from Section [EffectsQuality@3] File [D:/Git/Unreal_GrandTrenchWar/Unreal_GrandTrenchWar/GrandTrenchWar/Saved/Config/Windows/Scalability.ini]
[2021.01.17-11.24.13:672][  0]LogConfig: Setting CVar [[r.TranslucencyLightingVolumeDim:64]]
[2021.01.17-11.24.13:672][  0]LogConfig: Setting CVar [[r.RefractionQuality:2]]
[2021.01.17-11.24.13:672][  0]LogConfig: Setting CVar [[r.SSR.Quality:3]]
[2021.01.17-11.24.13:672][  0]LogConfig: Setting CVar [[r.SceneColorFormat:4]]
[2021.01.17-11.24.13:672][  0]LogConfig: Setting CVar [[r.DetailMode:2]]
[2021.01.17-11.24.13:672][  0]LogConfig: Setting CVar [[r.TranslucencyVolumeBlur:1]]
[2021.01.17-11.24.13:672][  0]LogConfig: Setting CVar [[r.MaterialQualityLevel:1 ; High quality]]
[2021.01.17-11.24.13:672][  0]LogConfig: Setting CVar [[r.SSS.Scale:1]]
[2021.01.17-11.24.13:672][  0]LogConfig: Setting CVar [[r.SSS.SampleSet:2]]
[2021.01.17-11.24.13:672][  0]LogConfig: Setting CVar [[r.SSS.Quality:1]]
[2021.01.17-11.24.13:672][  0]LogConfig: Setting CVar [[r.SSS.HalfRes:1]]
[2021.01.17-11.24.13:672][  0]LogConfig: Setting CVar [[r.EmitterSpawnRateScale:1.0]]
[2021.01.17-11.24.13:672][  0]LogConfig: Setting CVar [[r.ParticleLightQuality:2]]
[2021.01.17-11.24.13:672][  0]LogConfig: Applying CVar settings from Section [FoliageQuality@3] File [D:/Git/Unreal_GrandTrenchWar/Unreal_GrandTrenchWar/GrandTrenchWar/Saved/Config/Windows/Scalability.ini]
[2021.01.17-11.24.13:672][  0]LogConfig: Setting CVar [[foliage.DensityScale:1.0]]
[2021.01.17-11.24.13:672][  0]LogConfig: Setting CVar [[grass.DensityScale:1.0]]
[2021.01.17-11.24.13:672][  0]LogInit: Selected Device Profile: [Windows]
[2021.01.17-11.24.13:672][  0]LogInit: Applying CVar settings loaded from the selected device profile: [Windows]
[2021.01.17-11.24.13:675][  0]LogHAL: Display: Platform has ~ 48 GB [51486453760 / 68719476736 / 48], which maps to Largest [LargestMinGB=32, LargerMinGB=12, DefaultMinGB=8, SmallerMinGB=6, SmallestMinGB=0)
[2021.01.17-11.24.13:676][  0]LogConfig: Setting CVar [[r.Vulkan.UseRealUBs:0		; Required until we fix HLR fall-out]]
[2021.01.17-11.24.13:676][  0]LogInit: Going up to parent DeviceProfile []
[2021.01.17-11.24.13:676][  0]LogConfig: Applying CVar settings from Section [ViewDistanceQuality@3] File [D:/Git/Unreal_GrandTrenchWar/Unreal_GrandTrenchWar/GrandTrenchWar/Saved/Config/Windows/Scalability.ini]
[2021.01.17-11.24.13:676][  0]LogConfig: Setting CVar [[r.SkeletalMeshLODBias:0]]
[2021.01.17-11.24.13:676][  0]LogConfig: Setting CVar [[r.ViewDistanceScale:1.0]]
[2021.01.17-11.24.13:676][  0]LogConfig: Applying CVar settings from Section [AntiAliasingQuality@3] File [D:/Git/Unreal_GrandTrenchWar/Unreal_GrandTrenchWar/GrandTrenchWar/Saved/Config/Windows/Scalability.ini]
[2021.01.17-11.24.13:676][  0]LogConfig: Setting CVar [[r.PostProcessAAQuality:4]]
[2021.01.17-11.24.13:676][  0]LogConfig: Applying CVar settings from Section [ShadowQuality@3] File [D:/Git/Unreal_GrandTrenchWar/Unreal_GrandTrenchWar/GrandTrenchWar/Saved/Config/Windows/Scalability.ini]
[2021.01.17-11.24.13:676][  0]LogConfig: Setting CVar [[r.LightFunctionQuality:1]]
[2021.01.17-11.24.13:676][  0]LogConfig: Setting CVar [[r.ShadowQuality:5]]
[2021.01.17-11.24.13:676][  0]LogConfig: Setting CVar [[r.Shadow.CSM.MaxCascades:10]]
[2021.01.17-11.24.13:676][  0]LogConfig: Setting CVar [[r.Shadow.MaxResolution:2048]]
[2021.01.17-11.24.13:676][  0]LogConfig: Setting CVar [[r.Shadow.MaxCSMResolution:2048]]
[2021.01.17-11.24.13:676][  0]LogConfig: Setting CVar [[r.Shadow.RadiusThreshold:0.01]]
[2021.01.17-11.24.13:676][  0]LogConfig: Setting CVar [[r.Shadow.DistanceScale:1.0]]
[2021.01.17-11.24.13:676][  0]LogConfig: Setting CVar [[r.Shadow.CSM.TransitionScale:1.0]]
[2021.01.17-11.24.13:676][  0]LogConfig: Setting CVar [[r.Shadow.PreShadowResolutionFactor:1.0]]
[2021.01.17-11.24.13:676][  0]LogConfig: Setting CVar [[r.DistanceFieldShadowing:1]]
[2021.01.17-11.24.13:676][  0]LogConfig: Setting CVar [[r.DistanceFieldAO:1]]
[2021.01.17-11.24.13:676][  0]LogConfig: Setting CVar [[r.AOQuality:2]]
[2021.01.17-11.24.13:676][  0]LogConfig: Setting CVar [[r.VolumetricFog:1]]
[2021.01.17-11.24.13:676][  0]LogConfig: Setting CVar [[r.VolumetricFog.GridPixelSize:8]]
[2021.01.17-11.24.13:676][  0]LogConfig: Setting CVar [[r.VolumetricFog.GridSizeZ:128]]
[2021.01.17-11.24.13:676][  0]LogConfig: Setting CVar [[r.VolumetricFog.HistoryMissSupersampleCount:4]]
[2021.01.17-11.24.13:676][  0]LogConfig: Setting CVar [[r.LightMaxDrawDistanceScale:1]]
[2021.01.17-11.24.13:676][  0]LogConfig: Setting CVar [[r.CapsuleShadows:1]]
[2021.01.17-11.24.13:676][  0]LogConfig: Applying CVar settings from Section [PostProcessQuality@3] File [D:/Git/Unreal_GrandTrenchWar/Unreal_GrandTrenchWar/GrandTrenchWar/Saved/Config/Windows/Scalability.ini]
[2021.01.17-11.24.13:676][  0]LogConfig: Setting CVar [[r.MotionBlurQuality:4]]
[2021.01.17-11.24.13:676][  0]LogConfig: Setting CVar [[r.AmbientOcclusionMipLevelFactor:0.4]]
[2021.01.17-11.24.13:676][  0]LogConfig: Setting CVar [[r.AmbientOcclusionMaxQuality:100]]
[2021.01.17-11.24.13:676][  0]LogConfig: Setting CVar [[r.AmbientOcclusionLevels:-1]]
[2021.01.17-11.24.13:676][  0]LogConfig: Setting CVar [[r.AmbientOcclusionRadiusScale:1.0]]
[2021.01.17-11.24.13:676][  0]LogConfig: Setting CVar [[r.DepthOfFieldQuality:2]]
[2021.01.17-11.24.13:676][  0]LogConfig: Setting CVar [[r.RenderTargetPoolMin:400]]
[2021.01.17-11.24.13:676][  0]LogConfig: Setting CVar [[r.LensFlareQuality:2]]
[2021.01.17-11.24.13:676][  0]LogConfig: Setting CVar [[r.SceneColorFringeQuality:1]]
[2021.01.17-11.24.13:676][  0]LogConfig: Setting CVar [[r.EyeAdaptationQuality:2]]
[2021.01.17-11.24.13:676][  0]LogConfig: Setting CVar [[r.BloomQuality:5]]
[2021.01.17-11.24.13:676][  0]LogConfig: Setting CVar [[r.FastBlurThreshold:100]]
[2021.01.17-11.24.13:676][  0]LogConfig: Setting CVar [[r.Upscale.Quality:3]]
[2021.01.17-11.24.13:676][  0]LogConfig: Setting CVar [[r.Tonemapper.GrainQuantization:1]]
[2021.01.17-11.24.13:676][  0]LogConfig: Setting CVar [[r.LightShaftQuality:1]]
[2021.01.17-11.24.13:676][  0]LogConfig: Setting CVar [[r.Filter.SizeScale:1]]
[2021.01.17-11.24.13:676][  0]LogConfig: Setting CVar [[r.Tonemapper.Quality:5]]
[2021.01.17-11.24.13:676][  0]LogConfig: Setting CVar [[r.DOF.Gather.AccumulatorQuality:1        ; higher gathering accumulator quality]]
[2021.01.17-11.24.13:676][  0]LogConfig: Setting CVar [[r.DOF.Gather.PostfilterMethod:1          ; Median3x3 postfilering method]]
[2021.01.17-11.24.13:676][  0]LogConfig: Setting CVar [[r.DOF.Gather.EnableBokehSettings:0       ; no bokeh simulation when gathering]]
[2021.01.17-11.24.13:676][  0]LogConfig: Setting CVar [[r.DOF.Gather.RingCount:4                 ; medium number of samples when gathering]]
[2021.01.17-11.24.13:676][  0]LogConfig: Setting CVar [[r.DOF.Scatter.ForegroundCompositing:1    ; additive foreground scattering]]
[2021.01.17-11.24.13:676][  0]LogConfig: Setting CVar [[r.DOF.Scatter.BackgroundCompositing:2    ; additive background scattering]]
[2021.01.17-11.24.13:676][  0]LogConfig: Setting CVar [[r.DOF.Scatter.EnableBokehSettings:1      ; bokeh simulation when scattering]]
[2021.01.17-11.24.13:676][  0]LogConfig: Setting CVar [[r.DOF.Scatter.MaxSpriteRatio:0.1         ; only a maximum of 10% of scattered bokeh]]
[2021.01.17-11.24.13:676][  0]LogConfig: Setting CVar [[r.DOF.Recombine.Quality:1                ; cheap slight out of focus]]
[2021.01.17-11.24.13:676][  0]LogConfig: Setting CVar [[r.DOF.Recombine.EnableBokehSettings:0    ; no bokeh simulation on slight out of focus]]
[2021.01.17-11.24.13:676][  0]LogConfig: Setting CVar [[r.DOF.TemporalAAQuality:1                ; more stable temporal accumulation]]
[2021.01.17-11.24.13:676][  0]LogConfig: Setting CVar [[r.DOF.Kernel.MaxForegroundRadius:0.025]]
[2021.01.17-11.24.13:676][  0]LogConfig: Setting CVar [[r.DOF.Kernel.MaxBackgroundRadius:0.025]]
[2021.01.17-11.24.13:676][  0]LogConfig: Applying CVar settings from Section [TextureQuality@3] File [D:/Git/Unreal_GrandTrenchWar/Unreal_GrandTrenchWar/GrandTrenchWar/Saved/Config/Windows/Scalability.ini]
[2021.01.17-11.24.13:676][  0]LogConfig: Setting CVar [[r.Streaming.MipBias:0]]
[2021.01.17-11.24.13:676][  0]LogConfig: Setting CVar [[r.Streaming.AmortizeCPUToGPUCopy:0]]
[2021.01.17-11.24.13:676][  0]LogConfig: Setting CVar [[r.Streaming.MaxNumTexturesToStreamPerFrame:0]]
[2021.01.17-11.24.13:676][  0]LogConfig: Setting CVar [[r.Streaming.Boost:1]]
[2021.01.17-11.24.13:676][  0]LogConfig: Setting CVar [[r.MaxAnisotropy:8]]
[2021.01.17-11.24.13:676][  0]LogConfig: Setting CVar [[r.Streaming.LimitPoolSizeToVRAM:0]]
[2021.01.17-11.24.13:676][  0]LogConfig: Setting CVar [[r.Streaming.PoolSize:1000]]
[2021.01.17-11.24.13:676][  0]LogConfig: Setting CVar [[r.Streaming.MaxEffectiveScreenSize:0]]
[2021.01.17-11.24.13:676][  0]LogConfig: Applying CVar settings from Section [EffectsQuality@3] File [D:/Git/Unreal_GrandTrenchWar/Unreal_GrandTrenchWar/GrandTrenchWar/Saved/Config/Windows/Scalability.ini]
[2021.01.17-11.24.13:676][  0]LogConfig: Setting CVar [[r.TranslucencyLightingVolumeDim:64]]
[2021.01.17-11.24.13:676][  0]LogConfig: Setting CVar [[r.RefractionQuality:2]]
[2021.01.17-11.24.13:676][  0]LogConfig: Setting CVar [[r.SSR.Quality:3]]
[2021.01.17-11.24.13:676][  0]LogConfig: Setting CVar [[r.SceneColorFormat:4]]
[2021.01.17-11.24.13:676][  0]LogConfig: Setting CVar [[r.DetailMode:2]]
[2021.01.17-11.24.13:676][  0]LogConfig: Setting CVar [[r.TranslucencyVolumeBlur:1]]
[2021.01.17-11.24.13:676][  0]LogConfig: Setting CVar [[r.MaterialQualityLevel:1 ; High quality]]
[2021.01.17-11.24.13:676][  0]LogConfig: Setting CVar [[r.SSS.Scale:1]]
[2021.01.17-11.24.13:676][  0]LogConfig: Setting CVar [[r.SSS.SampleSet:2]]
[2021.01.17-11.24.13:676][  0]LogConfig: Setting CVar [[r.SSS.Quality:1]]
[2021.01.17-11.24.13:676][  0]LogConfig: Setting CVar [[r.SSS.HalfRes:1]]
[2021.01.17-11.24.13:676][  0]LogConfig: Setting CVar [[r.EmitterSpawnRateScale:1.0]]
[2021.01.17-11.24.13:676][  0]LogConfig: Setting CVar [[r.ParticleLightQuality:2]]
[2021.01.17-11.24.13:676][  0]LogConfig: Applying CVar settings from Section [FoliageQuality@3] File [D:/Git/Unreal_GrandTrenchWar/Unreal_GrandTrenchWar/GrandTrenchWar/Saved/Config/Windows/Scalability.ini]
[2021.01.17-11.24.13:676][  0]LogConfig: Setting CVar [[foliage.DensityScale:1.0]]
[2021.01.17-11.24.13:676][  0]LogConfig: Setting CVar [[grass.DensityScale:1.0]]
[2021.01.17-11.24.13:676][  0]LogConfig: Applying CVar settings from Section [Startup] File [../../../Engine/Config/ConsoleVariables.ini]
[2021.01.17-11.24.13:677][  0]LogConfig: Setting CVar [[net.UseAdaptiveNetUpdateFrequency:0]]
[2021.01.17-11.24.13:677][  0]LogConfig: Setting CVar [[p.chaos.AllowCreatePhysxBodies:1]]
[2021.01.17-11.24.13:677][  0]LogConfig: Applying CVar settings from Section [ConsoleVariables] File [D:/Git/Unreal_GrandTrenchWar/Unreal_GrandTrenchWar/GrandTrenchWar/Saved/Config/Windows/Engine.ini]
[2021.01.17-11.24.13:677][  0]LogInit: Computer: DESKTOP-4IV1O4J
[2021.01.17-11.24.13:677][  0]LogInit: User: 강건
[2021.01.17-11.24.13:677][  0]LogInit: CPU Page size=4096, Cores=6
[2021.01.17-11.24.13:677][  0]LogInit: High frequency timer resolution =10.000000 MHz
[2021.01.17-11.24.13:677][  0]LogMemory: Memory total: Physical=48.0GB (48GB approx)
[2021.01.17-11.24.13:677][  0]LogMemory: Platform Memory Stats for Windows
[2021.01.17-11.24.13:677][  0]LogMemory: Process Physical Memory: 142.86 MB used, 142.86 MB peak
[2021.01.17-11.24.13:677][  0]LogMemory: Process Virtual Memory: 116.77 MB used, 116.77 MB peak
[2021.01.17-11.24.13:677][  0]LogMemory: Physical Memory: 10437.32 MB used,  38663.98 MB free, 49101.31 MB total
[2021.01.17-11.24.13:677][  0]LogMemory: Virtual Memory: 4820.06 MB used,  134212904.00 MB free, 134217728.00 MB total
[2021.01.17-11.24.13:794][  0]LogInit: Using OS detected language (ko-KR).
[2021.01.17-11.24.13:794][  0]LogInit: Using OS detected locale (ko-KR).
[2021.01.17-11.24.13:795][  0]LogTextLocalizationManager: No specific localization for 'ko-KR' exists, so the 'ko' localization will be used.
[2021.01.17-11.24.13:923][  0]LogSlate: New Slate User Created.  User Index 0, Is Virtual User: 0
[2021.01.17-11.24.13:923][  0]LogSlate: Slate User Registered.  User Index 0, Is Virtual User: 0
[2021.01.17-11.24.13:945][  0]LogD3D11RHI: D3D11 adapters:
[2021.01.17-11.24.14:068][  0]LogD3D11RHI:    0. 'NVIDIA GeForce RTX 2080' (Feature Level 11_0)
[2021.01.17-11.24.14:068][  0]LogD3D11RHI:       8010/0/24550 MB DedicatedVideo/DedicatedSystem/SharedSystem, Outputs:2, VendorId:0x10de
[2021.01.17-11.24.14:074][  0]LogD3D11RHI:    1. 'Microsoft Basic Render Driver' (Feature Level 11_0)
[2021.01.17-11.24.14:074][  0]LogD3D11RHI:       0/0/24550 MB DedicatedVideo/DedicatedSystem/SharedSystem, Outputs:0, VendorId:0x1414
[2021.01.17-11.24.14:074][  0]LogD3D11RHI: Chosen D3D11 Adapter: 0
[2021.01.17-11.24.14:085][  0]LogD3D11RHI: Creating new Direct3DDevice
[2021.01.17-11.24.14:085][  0]LogD3D11RHI:     GPU DeviceId: 0x1e87 (for the marketing name, search the web for "GPU Device Id")
[2021.01.17-11.24.14:085][  0]LogWindows: EnumDisplayDevices:
[2021.01.17-11.24.14:086][  0]LogWindows:    0. 'NVIDIA GeForce RTX 2080' (P:0 D:1)
[2021.01.17-11.24.14:087][  0]LogWindows:    1. 'NVIDIA GeForce RTX 2080' (P:1 D:1)
[2021.01.17-11.24.14:088][  0]LogWindows:    2. 'NVIDIA GeForce RTX 2080' (P:0 D:0)
[2021.01.17-11.24.14:089][  0]LogWindows:    3. 'NVIDIA GeForce RTX 2080' (P:0 D:0)
[2021.01.17-11.24.14:090][  0]LogWindows: DebugString: FoundDriverCount:4 
[2021.01.17-11.24.14:090][  0]LogD3D11RHI:     Adapter Name: NVIDIA GeForce RTX 2080
[2021.01.17-11.24.14:090][  0]LogD3D11RHI:   Driver Version: 460.89 (internal:27.21.14.6089, unified:460.89)
[2021.01.17-11.24.14:090][  0]LogD3D11RHI:      Driver Date: 12-11-2020
[2021.01.17-11.24.14:090][  0]LogRHI: Texture pool is 5607 MB (70% of 8010 MB)
[2021.01.17-11.24.14:171][  0]LogD3D11RHI: Async texture creation enabled
[2021.01.17-11.24.14:181][  0]LogRendererCore: FGlobalReadBuffer::InitRHI
[2021.01.17-11.24.14:181][  0]LogRendererCore: FGlobalReadBuffer::InitRHI
[2021.01.17-11.24.14:181][  0]LogRendererCore: FGlobalReadBuffer::InitRHI
[2021.01.17-11.24.14:188][  0]LogD3D11RHI: GPU Timing Frequency: 1000.000000 (Debug: 2 1)
[2021.01.17-11.24.14:942][  0]LogTemp: Display: Module 'WindowsClientTargetPlatform' loaded TargetPlatform 'WindowsClient'
[2021.01.17-11.24.14:954][  0]LogTemp: Display: Module 'WindowsNoEditorTargetPlatform' loaded TargetPlatform 'WindowsNoEditor'
[2021.01.17-11.24.14:968][  0]LogTemp: Display: Module 'WindowsServerTargetPlatform' loaded TargetPlatform 'WindowsServer'
[2021.01.17-11.24.14:974][  0]LogTemp: Display: Module 'WindowsTargetPlatform' loaded TargetPlatform 'Windows'
[2021.01.17-11.24.14:974][  0]LogTargetPlatformManager: Display: Building Assets For Windows
[2021.01.17-11.24.14:984][  0]LogAudioDebug: Display: Lib vorbis DLL was dynamically loaded.
[2021.01.17-11.24.15:030][  0]LogShaderCompilers: Guid format shader working directory is -58 characters bigger than the processId version (../../../../../Git/Unreal_GrandTrenchWar/Unreal_GrandTrenchWar/GrandTrenchWar/Intermediate/Shaders/WorkingDirectory/28444/).
[2021.01.17-11.24.15:030][  0]LogShaderCompilers: Cleaned the shader compiler working directory 'C:/temp/UnrealShaderWorkingDir/20865B954313FC698C9243BF60FDB615/'.
[2021.01.17-11.24.15:032][  0]LogXGEController: Cannot use XGE Controller as Incredibuild is not installed on this machine.
[2021.01.17-11.24.15:032][  0]LogShaderCompilers: Cannot use XGE Shader Compiler as Incredibuild is not installed on this machine.
[2021.01.17-11.24.15:032][  0]LogShaderCompilers: Display: Using Local Shader Compiler.
[2021.01.17-11.24.15:510][  0]LogDerivedDataCache: Display: Max Cache Size: 512 MB
[2021.01.17-11.24.15:543][  0]LogDerivedDataCache: Loaded boot cache 0.03s 71MB C:/Users/강건/AppData/Local/UnrealEngine/4.22/DerivedDataCache/Boot.ddc.
[2021.01.17-11.24.15:543][  0]LogDerivedDataCache: Display: Loaded Boot cache: C:/Users/강건/AppData/Local/UnrealEngine/4.22/DerivedDataCache/Boot.ddc
[2021.01.17-11.24.15:543][  0]LogDerivedDataCache: FDerivedDataBackendGraph:  Pak pak cache file ../../../../../Git/Unreal_GrandTrenchWar/Unreal_GrandTrenchWar/GrandTrenchWar/DerivedDataCache/DDC.ddp not found, will not use a pak cache.
[2021.01.17-11.24.15:543][  0]LogDerivedDataCache: Unable to find inner node Pak for hierarchical cache Hierarchy.
[2021.01.17-11.24.15:543][  0]LogDerivedDataCache: FDerivedDataBackendGraph:  CompressedPak pak cache file ../../../../../Git/Unreal_GrandTrenchWar/Unreal_GrandTrenchWar/GrandTrenchWar/DerivedDataCache/Compressed.ddp not found, will not use a pak cache.
[2021.01.17-11.24.15:543][  0]LogDerivedDataCache: Unable to find inner node CompressedPak for hierarchical cache Hierarchy.
[2021.01.17-11.24.15:555][  0]LogDerivedDataCache: Display: Pak cache opened for reading ../../../Engine/DerivedDataCache/Compressed.ddp.
[2021.01.17-11.24.15:555][  0]LogDerivedDataCache: FDerivedDataBackendGraph:  EnterprisePak pak cache file ../../../Enterprise/DerivedDataCache/Compressed.ddp not found, will not use a pak cache.
[2021.01.17-11.24.15:555][  0]LogDerivedDataCache: Unable to find inner node EnterprisePak for hierarchical cache Hierarchy.
[2021.01.17-11.24.15:567][  0]LogDerivedDataCache: Using Local data cache path C:/Users/강건/AppData/Local/UnrealEngine/Common/DerivedDataCache: Writable
[2021.01.17-11.24.15:567][  0]LogDerivedDataCache: Shared data cache path not found in *engine.ini, will not use an Shared cache.
[2021.01.17-11.24.15:567][  0]LogDerivedDataCache: Unable to find inner node Shared for hierarchical cache Hierarchy.
[2021.01.17-11.24.15:586][  0]LogMaterial: Verifying Global Shaders for PCD3D_SM5
[2021.01.17-11.24.15:587][  0]LogSlate: Using FreeType 2.6.0
[2021.01.17-11.24.15:587][  0]LogSlate: SlateFontServices - WITH_FREETYPE: 1, WITH_HARFBUZZ: 1
[2021.01.17-11.24.15:783][  0]LogInit: Using OS detected language (ko-KR).
[2021.01.17-11.24.15:783][  0]LogInit: Using OS detected locale (ko-KR).
[2021.01.17-11.24.15:783][  0]LogTextLocalizationManager: No localization for 'ko-KR' exists, so 'en' will be used for the language.
[2021.01.17-11.24.15:783][  0]LogTextLocalizationManager: No localization for 'ko-KR' exists, so 'en' will be used for the locale.
[2021.01.17-11.24.15:783][  0]LogSlate: FontCache flush requested. Reason: Culture for localization was changed
[2021.01.17-11.24.15:784][  0]LogSlate: FontCache flush requested. Reason: Culture for localization was changed
[2021.01.17-11.24.15:784][  0]LogTextLocalizationManager: Compacting localization data took   0.00ms
[2021.01.17-11.24.15:790][  0]LogAssetRegistry: FAssetRegistry took 0.0039 seconds to start up
[2021.01.17-11.24.15:951][  0]LogPackageLocalizationCache: Processed 9 localized package path(s) for 1 prioritized culture(s) in 0.000472 seconds
[2021.01.17-11.24.16:068][  0]LogInit: Selected Device Profile: [Windows]
[2021.01.17-11.24.16:176][  0]LogMeshReduction: Using QuadricMeshReduction for automatic static mesh reduction
[2021.01.17-11.24.16:176][  0]LogMeshReduction: Using SimplygonMeshReduction for automatic skeletal mesh reduction
[2021.01.17-11.24.16:176][  0]LogMeshReduction: Using ProxyLODMeshReduction for automatic mesh merging
[2021.01.17-11.24.16:176][  0]LogMeshReduction: No distributed automatic mesh merging module available
[2021.01.17-11.24.16:176][  0]LogMeshMerging: No distributed automatic mesh merging module available
[2021.01.17-11.24.16:185][  0]LogNetVersion: GrandTrenchWar 1.0.0, NetCL: 5660361, EngineNetVer: 10, GameNetVer: 0 (Checksum: 4025105772)
[2021.01.17-11.24.16:616][  0]LogMoviePlayer: Initializing movie player
[2021.01.17-11.24.16:730][  0]LogTcpMessaging: Initializing TcpMessaging bridge
[2021.01.17-11.24.16:744][  0]LogUdpMessaging: Initializing bridge on interface 0.0.0.0:0 to multicast group 230.0.0.1:6666.
[2021.01.17-11.24.16:744][  0]FUdpSocketBuilder: Failed to subscribe UdpMessageMulticastSocket to multicast group 230.0.0.1 on interface 0.0.0.0
[2021.01.17-11.24.16:744][  0]FUdpSocketBuilder: Failed to create and initialize socket UdpMessageMulticastSocket (last error: 0)
[2021.01.17-11.24.16:744][  0]LogUdpMessaging: Warning: StartTransport failed to create multicast socket on 0.0.0.0:0, joined to 230.0.0.1:6666 with TTL 1
[2021.01.17-11.24.16:818][  0]SourceControl: 소스 컨트롤이 꺼져 있습니다.
[2021.01.17-11.24.16:818][  0]SourceControl: 소스 컨트롤이 꺼져 있습니다.
[2021.01.17-11.24.16:819][  0]SourceControl: 소스 컨트롤이 꺼져 있습니다.
[2021.01.17-11.24.16:879][  0]LogAndroidPermission: UAndroidPermissionCallbackProxy::GetInstance
[2021.01.17-11.24.17:209][  0]LogOcInput: OculusInput pre-init called
[2021.01.17-11.24.17:218][  0]LogUObjectArray: 46430 objects as part of root set at end of initial load.
[2021.01.17-11.24.17:218][  0]LogUObjectAllocator: 8163104 out of 0 bytes used by permanent object pool.
[2021.01.17-11.24.17:218][  0]LogUObjectArray: CloseDisregardForGC: 0/0 objects in disregard for GC pool
[2021.01.17-11.24.17:343][  0]LogEngine: Initializing Engine...
[2021.01.17-11.24.17:355][  0]LogStats: UGameplayTagsManager::InitializeManager -  0.000 s
[2021.01.17-11.24.17:476][  0]LogInit: Initializing FReadOnlyCVARCache
[2021.01.17-11.24.17:640][  0]LogInit: XAudio2 using '헤드셋 이어폰(2- CORSAIR VOID PRO Wireless Gaming Headset)' : 6 channels at 48 kHz using 16 bits per sample (channel mask 0x3f)
[2021.01.17-11.24.17:881][  0]LogInit: FAudioDevice initialized.
[2021.01.17-11.24.17:893][  0]LogNetVersion: Set ProjectVersion to 1.0.0.0. Version Checksum will be recalculated on next use.
[2021.01.17-11.24.17:896][  0]LogInit: Texture streaming: Enabled
[2021.01.17-11.24.18:123][  0]LogSlate: Updating window title bar state: overlay mode, drag disabled, window buttons hidden, title bar hidden
[2021.01.17-11.24.18:123][  0]LogInit: Display: Game Engine Initialized.
[2021.01.17-11.24.18:173][  0]LogInit: Display: Starting Game.
[2021.01.17-11.24.18:174][  0]LogNet: Browse: /Game/Maps/MainMenu?Name=Player
[2021.01.17-11.24.18:174][  0]LogLoad: LoadMap: /Game/Maps/MainMenu?Name=Player
[2021.01.17-11.24.18:203][  0]LogUObjectHash: Compacting FUObjectHashTables data took   1.83ms
[2021.01.17-11.24.18:218][  0]LogAIModule: Creating AISystem for world MainMenu
[2021.01.17-11.24.18:219][  0]LogLoad: Game class is 'GameMode'
[2021.01.17-11.24.18:219][  0]LogWorld: Bringing World /Game/Maps/MainMenu.MainMenu up for play (max tick rate 0) at 2021.01.17-20.24.18
[2021.01.17-11.24.18:219][  0]LogWorld: Bringing up level for play took: 0.000388
[2021.01.17-11.24.18:220][  0]LogGameMode: FindPlayerStart: PATHS NOT DEFINED or NO PLAYERSTART with positive rating
[2021.01.17-11.24.18:222][  0]LogGameMode: Display: Match State Changed from EnteringMap to WaitingToStart
[2021.01.17-11.24.18:222][  0]LogGameState: Match State Changed from EnteringMap to WaitingToStart
[2021.01.17-11.24.18:222][  0]LogGameMode: Display: Match State Changed from WaitingToStart to InProgress
[2021.01.17-11.24.18:224][  0]LogGameState: Match State Changed from WaitingToStart to InProgress
[2021.01.17-11.24.18:224][  0]LogLoad: Took 0.050463 seconds to LoadMap(/Game/Maps/MainMenu)
[2021.01.17-11.24.18:277][  0]LogRenderer: Reallocating scene render targets to support 1280x720 Format 10 NumSamples 1 (Frame:1).
[2021.01.17-11.24.18:277][  0]LogLoad: (Engine Initialization) Total time: 7.22 seconds
[2021.01.17-11.24.18:277][  0]LogLoad: (Engine Initialization) Total Blueprint compile time: 0.00 seconds
[2021.01.17-11.24.18:301][  0]LogContentStreaming: Texture pool size now 1000 MB
[2021.01.17-11.24.24:660][313]LogSlate: FSceneViewport::OnFocusLost() reason 0
[2021.01.17-11.24.24:745][318]LogSlate: Took 0.000220 seconds to synchronously load lazily loaded font '../../../Engine/Content/Slate/Fonts/Roboto-Regular.ttf' (155K)
[2021.01.17-11.24.32:661][810]LogOnlineSession: Verbose: OSS: dumping NamedSession: 
[2021.01.17-11.24.32:661][810]LogOnlineSession: Verbose: OSS: 	SessionName: GameSession
[2021.01.17-11.24.32:661][810]LogOnlineSession: Verbose: OSS: 	HostingPlayerNum: 0
[2021.01.17-11.24.32:661][810]LogOnlineSession: Verbose: OSS: 	SessionState: Pending
[2021.01.17-11.24.32:661][810]LogOnlineSession: Verbose: OSS: 	RegisteredPlayers: 
[2021.01.17-11.24.32:661][810]LogOnlineSession: Verbose: OSS: 	    0 registered players
[2021.01.17-11.24.32:661][810]LogOnlineSession: Verbose: OSS: dumping Session: 
[2021.01.17-11.24.32:661][810]LogOnlineSession: Verbose: OSS: 	OwningPlayerName: KitchenGun
[2021.01.17-11.24.32:661][810]LogOnlineSession: Verbose: OSS: 	OwningPlayerId: KitchenGun [0x1A4C283C760]
[2021.01.17-11.24.32:661][810]LogOnlineSession: Verbose: OSS: 	NumOpenPrivateConnections: 0
[2021.01.17-11.24.32:661][810]LogOnlineSession: Verbose: OSS: 	NumOpenPublicConnections: 3
[2021.01.17-11.24.32:661][810]LogOnlineSession: Verbose: OSS: 	SessionInfo: HostIP: INVALID SteamP2P: 76561198074015441:7777 Type: Lobby session SessionId: Lobby[0x18600000D70CBA3]
[2021.01.17-11.24.32:661][810]LogOnlineSession: Verbose: OSS: dumping SessionSettings: 
[2021.01.17-11.24.32:661][810]LogOnlineSession: Verbose: OSS: 	NumPublicConnections: 4
[2021.01.17-11.24.32:661][810]LogOnlineSession: Verbose: OSS: 	NumPrivateConnections: 0
[2021.01.17-11.24.32:661][810]LogOnlineSession: Verbose: OSS: 	bIsLanMatch: false
[2021.01.17-11.24.32:661][810]LogOnlineSession: Verbose: OSS: 	bIsDedicated: false
[2021.01.17-11.24.32:661][810]LogOnlineSession: Verbose: OSS: 	bUsesStats: false
[2021.01.17-11.24.32:661][810]LogOnlineSession: Verbose: OSS: 	bShouldAdvertise: true
[2021.01.17-11.24.32:661][810]LogOnlineSession: Verbose: OSS: 	bAllowJoinInProgress: true
[2021.01.17-11.24.32:661][810]LogOnlineSession: Verbose: OSS: 	bAllowInvites: false
[2021.01.17-11.24.32:661][810]LogOnlineSession: Verbose: OSS: 	bUsesPresence: true
[2021.01.17-11.24.32:661][810]LogOnlineSession: Verbose: OSS: 	bAllowJoinViaPresence: true
[2021.01.17-11.24.32:661][810]LogOnlineSession: Verbose: OSS: 	bAllowJoinViaPresenceFriendsOnly: false
[2021.01.17-11.24.32:661][810]LogOnlineSession: Verbose: OSS: 	BuildUniqueId: 0x00565ec9
[2021.01.17-11.24.32:661][810]LogOnlineSession: Verbose: OSS: 	Settings:
[2021.01.17-11.24.32:749][810]LogPackageName: SearchForPackageOnDisk took   0.086s to resolve Lobby.umap.
[2021.01.17-11.24.32:750][810]LogGameMode: Display: Match State Changed from InProgress to LeavingMap
[2021.01.17-11.24.32:750][810]LogGameState: Match State Changed from InProgress to LeavingMap
[2021.01.17-11.24.32:836][810]LogPackageName: SearchForPackageOnDisk took   0.086s to resolve Lobby.umap.
[2021.01.17-11.24.32:836][810]LogNet: Browse: /Game/Maps/Lobby?listen
[2021.01.17-11.24.32:836][810]LogLoad: LoadMap: /Game/Maps/Lobby?listen
[2021.01.17-11.24.32:860][810]LogUObjectHash: Compacting FUObjectHashTables data took   1.61ms
[2021.01.17-11.24.33:327][810]LogAIModule: Creating AISystem for world Lobby
[2021.01.17-11.24.33:327][810]LogLoad: Game class is 'GM_Lobby_C'
[2021.01.17-11.24.33:327][810]LogTemp: Display: ParseSettings for GameNetDriver
[2021.01.17-11.24.33:327][810]LogTemp: Display: ParseSettings for SteamNetDriver_0
[2021.01.17-11.24.33:327][810]LogTemp: Display: ParseSettings for GameNetDriver
[2021.01.17-11.24.33:327][810]LogNet: ReplicationDriverClass is null! Not using ReplicationDriver.
[2021.01.17-11.24.33:327][810]PacketHandlerLog: DDoS detection status: detection enabled: 0 analytics enabled: 0
[2021.01.17-11.24.33:327][810]LogNet: Display: SteamNetDriver_0 bound to port 7777
[2021.01.17-11.24.33:327][810]PacketHandlerLog: Loaded PacketHandler component: Engine.EngineHandlerComponentFactory (StatelessConnectHandlerComponent)
[2021.01.17-11.24.33:328][810]LogNet: GameNetDriver SteamNetDriver_0 IpNetDriver listening on port 7777
[2021.01.17-11.24.33:335][810]LogWorld: Bringing World /Game/Maps/Lobby.Lobby up for play (max tick rate 0) at 2021.01.17-20.24.33
[2021.01.17-11.24.33:335][810]LogWorld: Bringing up level for play took: 0.007121
[2021.01.17-11.24.33:355][810]LogGameMode: Display: Match State Changed from EnteringMap to WaitingToStart
[2021.01.17-11.24.33:355][810]LogGameState: Match State Changed from EnteringMap to WaitingToStart
[2021.01.17-11.24.33:355][810]LogGameMode: Display: Match State Changed from WaitingToStart to InProgress
[2021.01.17-11.24.33:356][810]LogGameState: Match State Changed from WaitingToStart to InProgress
[2021.01.17-11.24.33:356][810]LogLoad: Took 0.520256 seconds to LoadMap(/Game/Maps/Lobby)
[2021.01.17-11.24.41:969][329]LogOnlineSession: STEAM: Updating lobby joinability to true.
[2021.01.17-11.24.42:339][351]LogSlate: FSceneViewport::OnFocusLost() reason 0
[2021.01.17-11.24.42:421][357]LogOnline: STEAM: Adding P2P connection information with user 76561198151867122 (Name: Cydl [0x1A4AC297BE0])
[2021.01.17-11.24.46:001][578]LogNet: NotifyAcceptingConnection accepted from: 76561198151867122:7777
[2021.01.17-11.24.46:001][578]LogHandshake: SendConnectChallenge. Timestamp: 13.340364, Cookie: 176196152175095146059006189241187196197146090079009048178123
[2021.01.17-11.24.46:001][578]LogNet: NotifyAcceptingConnection accepted from: 76561198151867122:7777
[2021.01.17-11.24.46:001][578]LogHandshake: SendConnectChallenge. Timestamp: 13.340364, Cookie: 176196152175095146059006189241187196197146090079009048178123
[2021.01.17-11.24.46:001][578]LogNet: NotifyAcceptingConnection accepted from: 76561198151867122:7777
[2021.01.17-11.24.46:001][578]LogHandshake: SendConnectChallenge. Timestamp: 13.340364, Cookie: 176196152175095146059006189241187196197146090079009048178123
[2021.01.17-11.24.46:001][578]LogNet: NotifyAcceptingConnection accepted from: 76561198151867122:7777
[2021.01.17-11.24.46:001][578]LogHandshake: SendConnectChallenge. Timestamp: 13.340364, Cookie: 176196152175095146059006189241187196197146090079009048178123
[2021.01.17-11.24.46:033][580]LogNet: NotifyAcceptingConnection accepted from: 76561198151867122:7777
[2021.01.17-11.24.46:033][580]LogHandshake: SendChallengeAck. InCookie: 176196152175095146059006189241187196197146090079009048178123
[2021.01.17-11.24.46:033][580]LogNet: Server accepting post-challenge connection from: 76561198151867122:7777
[2021.01.17-11.24.46:033][580]PacketHandlerLog: Loaded PacketHandler component: Engine.EngineHandlerComponentFactory (StatelessConnectHandlerComponent)
[2021.01.17-11.24.46:033][580]LogOnline: STEAM: Adding user 76561198151867122:7777 from RegisterConnection
[2021.01.17-11.24.46:033][580]LogNet: NotifyAcceptedConnection: Name: Lobby, TimeStamp: 01/17/21 20:24:46, [UNetConnection] RemoteAddr: 76561198151867122:7777, Name: SteamNetConnection_0, Driver: GameNetDriver SteamNetDriver_0, IsServer: YES, PC: NULL, Owner: NULL, UniqueId: INVALID
[2021.01.17-11.24.46:033][580]LogNet: AddClientConnection: Added client connection: [UNetConnection] RemoteAddr: 76561198151867122:7777, Name: SteamNetConnection_0, Driver: GameNetDriver SteamNetDriver_0, IsServer: YES, PC: NULL, Owner: NULL, UniqueId: INVALID
[2021.01.17-11.24.46:033][580]LogHandshake: Received unexpected post-connect handshake packet - resending ack for LastChallengeSuccessAddress 76561198151867122:7777 and LastCookie 176196152175095146059006189241187196197146090079009048178123.
[2021.01.17-11.24.46:033][580]LogHandshake: SendChallengeAck. InCookie: 176196152175095146059006189241187196197146090079009048178123
[2021.01.17-11.24.46:034][580]LogHandshake: Received unexpected post-connect handshake packet - resending ack for LastChallengeSuccessAddress 76561198151867122:7777 and LastCookie 176196152175095146059006189241187196197146090079009048178123.
[2021.01.17-11.24.46:034][580]LogHandshake: SendChallengeAck. InCookie: 176196152175095146059006189241187196197146090079009048178123
[2021.01.17-11.24.46:034][580]LogHandshake: Received unexpected post-connect handshake packet - resending ack for LastChallengeSuccessAddress 76561198151867122:7777 and LastCookie 176196152175095146059006189241187196197146090079009048178123.
[2021.01.17-11.24.46:034][580]LogHandshake: SendChallengeAck. InCookie: 176196152175095146059006189241187196197146090079009048178123
[2021.01.17-11.24.46:065][582]LogNet: NotifyAcceptingChannel Control 0 server World /Game/Maps/Lobby.Lobby: Accepted
[2021.01.17-11.24.46:065][582]LogNet: Remote platform little endian=1
[2021.01.17-11.24.46:065][582]LogNet: This platform little endian=1
[2021.01.17-11.24.46:065][582]LogNetVersion: GrandTrenchWar 1.0.0.0, NetCL: 5660361, EngineNetVer: 10, GameNetVer: 0 (Checksum: 3497191617)
[2021.01.17-11.24.46:097][584]LogNet: Login request: /Game/Maps/MainMenu?Name=Cydl userId: STEAM:Cydl [0x1A4AC2943A0] platform: STEAM
[2021.01.17-11.24.46:129][586]LogNet: Client netspeed is 10000
[2021.01.17-11.24.46:469][607]LogNet: Join request: /Game/Maps/MainMenu?Name=Cydl?SplitscreenCount=1
[2021.01.17-11.24.46:471][607]LogNet: Join succeeded: Cydl
[2021.01.17-11.24.53:083][ 17]LogNet: UChannel::ReceivedSequencedBunch: Bunch.bClose == true. ChIndex == 0. Calling ConditionalCleanUp.
[2021.01.17-11.24.53:083][ 17]LogNet: UChannel::CleanUp: ChIndex == 0. Closing connection. [UChannel] ChIndex: 0, Closing: 0 [UNetConnection] RemoteAddr: 76561198151867122:7777, Name: SteamNetConnection_0, Driver: GameNetDriver SteamNetDriver_0, IsServer: YES, PC: PC_Lobby_C_1, Owner: PC_Lobby_C_1, UniqueId: STEAM:Cydl [0x1A4AC2961A0]
[2021.01.17-11.24.53:083][ 17]LogNet: UNetConnection::Close: [UNetConnection] RemoteAddr: 76561198151867122:7777, Name: SteamNetConnection_0, Driver: GameNetDriver SteamNetDriver_0, IsServer: YES, PC: PC_Lobby_C_1, Owner: PC_Lobby_C_1, UniqueId: STEAM:Cydl [0x1A4AC296E60], Channels: 10, Time: 2021.01.17-11.24.53
[2021.01.17-11.24.53:083][ 17]LogNet: UChannel::Close: Sending CloseBunch. ChIndex == 0. Name: [UChannel] ChIndex: 0, Closing: 0 [UNetConnection] RemoteAddr: 76561198151867122:7777, Name: SteamNetConnection_0, Driver: GameNetDriver SteamNetDriver_0, IsServer: YES, PC: PC_Lobby_C_1, Owner: PC_Lobby_C_1, UniqueId: STEAM:Cydl [0x1A4AC2961A0]
[2021.01.17-11.24.53:100][ 18]LogScript: Warning: Script Msg: DestroySession - Invalid player state
[2021.01.17-11.24.53:100][ 18]LogOnline: STEAM: Removing P2P Session Id: Cydl [0x1A4AC297220], Channel: 7777, IdleTime: 0.018
[2021.01.17-11.24.53:229][ 27]LogOnlineSession: STEAM: Updating lobby joinability to true.
[2021.01.17-11.24.54:599][112]LogOnline: STEAM: Closing channel 7777 with user 76561198151867122
[2021.01.17-11.24.54:602][112]LogOnline: STEAM: 76561198151867122 has been removed.
[2021.01.17-11.24.56:132][207]LogOnline: STEAM: AUTH: Revoking all tickets.
[2021.01.17-11.24.56:221][207]LogPackageName: SearchForPackageOnDisk took   0.088s to resolve MainMenu.umap.
[2021.01.17-11.24.56:221][207]LogGameMode: Display: Match State Changed from InProgress to LeavingMap
[2021.01.17-11.24.56:221][207]LogGameState: Match State Changed from InProgress to LeavingMap
[2021.01.17-11.24.56:308][207]LogPackageName: SearchForPackageOnDisk took   0.087s to resolve MainMenu.umap.
[2021.01.17-11.24.56:308][207]LogNet: Browse: /Game/Maps/MainMenu
[2021.01.17-11.24.56:308][207]LogLoad: LoadMap: /Game/Maps/MainMenu
[2021.01.17-11.24.56:308][207]LogNet: World NetDriver shutdown SteamNetDriver_0 [GameNetDriver]
[2021.01.17-11.24.56:308][207]LogNet: DestroyNamedNetDriver SteamNetDriver_0 [GameNetDriver]
[2021.01.17-11.24.56:308][207]LogExit: GameNetDriver SteamNetDriver_0 shut down
[2021.01.17-11.24.56:309][207]LogScript: Warning: Script Msg: DestroySession - Invalid player state
[2021.01.17-11.24.56:343][207]LogUObjectHash: Compacting FUObjectHashTables data took   0.71ms
[2021.01.17-11.24.56:349][207]LogAIModule: Creating AISystem for world MainMenu
[2021.01.17-11.24.56:350][207]LogLoad: Game class is 'GameMode'
[2021.01.17-11.24.56:350][207]LogWorld: Bringing World /Game/Maps/MainMenu.MainMenu up for play (max tick rate 0) at 2021.01.17-20.24.56
[2021.01.17-11.24.56:350][207]LogWorld: Bringing up level for play took: 0.000210
[2021.01.17-11.24.56:350][207]LogGameMode: FindPlayerStart: PATHS NOT DEFINED or NO PLAYERSTART with positive rating
[2021.01.17-11.24.56:351][207]LogGameMode: Display: Match State Changed from EnteringMap to WaitingToStart
[2021.01.17-11.24.56:351][207]LogGameState: Match State Changed from EnteringMap to WaitingToStart
[2021.01.17-11.24.56:351][207]LogGameMode: Display: Match State Changed from WaitingToStart to InProgress
[2021.01.17-11.24.56:351][207]LogGameState: Match State Changed from WaitingToStart to InProgress
[2021.01.17-11.24.56:351][207]LogLoad: Took 0.043167 seconds to LoadMap(/Game/Maps/MainMenu)
[2021.01.17-11.25.06:283][821]LogOnlineSession: Verbose: OSS: dumping NamedSession: 
[2021.01.17-11.25.06:283][821]LogOnlineSession: Verbose: OSS: 	SessionName: GameSession
[2021.01.17-11.25.06:283][821]LogOnlineSession: Verbose: OSS: 	HostingPlayerNum: 0
[2021.01.17-11.25.06:283][821]LogOnlineSession: Verbose: OSS: 	SessionState: Pending
[2021.01.17-11.25.06:283][821]LogOnlineSession: Verbose: OSS: 	RegisteredPlayers: 
[2021.01.17-11.25.06:283][821]LogOnlineSession: Verbose: OSS: 	    0 registered players
[2021.01.17-11.25.06:283][821]LogOnlineSession: Verbose: OSS: dumping Session: 
[2021.01.17-11.25.06:283][821]LogOnlineSession: Verbose: OSS: 	OwningPlayerName: KitchenGun
[2021.01.17-11.25.06:283][821]LogOnlineSession: Verbose: OSS: 	OwningPlayerId: KitchenGun [0x1A4C283EE60]
[2021.01.17-11.25.06:283][821]LogOnlineSession: Verbose: OSS: 	NumOpenPrivateConnections: 0
[2021.01.17-11.25.06:283][821]LogOnlineSession: Verbose: OSS: 	NumOpenPublicConnections: 4
[2021.01.17-11.25.06:283][821]LogOnlineSession: Verbose: OSS: 	SessionInfo: HostIP: INVALID SteamP2P: 76561198074015441:7777 Type: Lobby session SessionId: Lobby[0x18600000D70CBF9]
[2021.01.17-11.25.06:283][821]LogOnlineSession: Verbose: OSS: dumping SessionSettings: 
[2021.01.17-11.25.06:283][821]LogOnlineSession: Verbose: OSS: 	NumPublicConnections: 5
[2021.01.17-11.25.06:283][821]LogOnlineSession: Verbose: OSS: 	NumPrivateConnections: 0
[2021.01.17-11.25.06:283][821]LogOnlineSession: Verbose: OSS: 	bIsLanMatch: false
[2021.01.17-11.25.06:283][821]LogOnlineSession: Verbose: OSS: 	bIsDedicated: false
[2021.01.17-11.25.06:283][821]LogOnlineSession: Verbose: OSS: 	bUsesStats: false
[2021.01.17-11.25.06:283][821]LogOnlineSession: Verbose: OSS: 	bShouldAdvertise: true
[2021.01.17-11.25.06:283][821]LogOnlineSession: Verbose: OSS: 	bAllowJoinInProgress: true
[2021.01.17-11.25.06:283][821]LogOnlineSession: Verbose: OSS: 	bAllowInvites: false
[2021.01.17-11.25.06:283][821]LogOnlineSession: Verbose: OSS: 	bUsesPresence: true
[2021.01.17-11.25.06:283][821]LogOnlineSession: Verbose: OSS: 	bAllowJoinViaPresence: true
[2021.01.17-11.25.06:283][821]LogOnlineSession: Verbose: OSS: 	bAllowJoinViaPresenceFriendsOnly: false
[2021.01.17-11.25.06:283][821]LogOnlineSession: Verbose: OSS: 	BuildUniqueId: 0x00565ec9
[2021.01.17-11.25.06:283][821]LogOnlineSession: Verbose: OSS: 	Settings:
[2021.01.17-11.25.06:370][821]LogPackageName: SearchForPackageOnDisk took   0.087s to resolve Lobby.umap.
[2021.01.17-11.25.06:371][821]LogGameMode: Display: Match State Changed from InProgress to LeavingMap
[2021.01.17-11.25.06:371][821]LogGameState: Match State Changed from InProgress to LeavingMap
[2021.01.17-11.25.06:460][821]LogPackageName: SearchForPackageOnDisk took   0.089s to resolve Lobby.umap.
[2021.01.17-11.25.06:460][821]LogNet: Browse: /Game/Maps/Lobby?listen
[2021.01.17-11.25.06:460][821]LogLoad: LoadMap: /Game/Maps/Lobby?listen
[2021.01.17-11.25.06:485][821]LogUObjectHash: Compacting FUObjectHashTables data took   1.75ms
[2021.01.17-11.25.06:875][821]LogAIModule: Creating AISystem for world Lobby
[2021.01.17-11.25.06:875][821]LogLoad: Game class is 'GM_Lobby_C'
[2021.01.17-11.25.06:875][821]LogTemp: Display: ParseSettings for GameNetDriver
[2021.01.17-11.25.06:875][821]LogTemp: Display: ParseSettings for SteamNetDriver_1
[2021.01.17-11.25.06:875][821]LogTemp: Display: ParseSettings for GameNetDriver
[2021.01.17-11.25.06:875][821]LogNet: ReplicationDriverClass is null! Not using ReplicationDriver.
[2021.01.17-11.25.06:875][821]PacketHandlerLog: DDoS detection status: detection enabled: 0 analytics enabled: 0
[2021.01.17-11.25.06:875][821]LogNet: Display: SteamNetDriver_1 bound to port 7777
[2021.01.17-11.25.06:875][821]PacketHandlerLog: Loaded PacketHandler component: Engine.EngineHandlerComponentFactory (StatelessConnectHandlerComponent)
[2021.01.17-11.25.06:876][821]LogNet: GameNetDriver SteamNetDriver_1 IpNetDriver listening on port 7777
[2021.01.17-11.25.06:876][821]LogWorld: Bringing World /Game/Maps/Lobby.Lobby up for play (max tick rate 0) at 2021.01.17-20.25.06
[2021.01.17-11.25.06:877][821]LogWorld: Bringing up level for play took: 0.000798
[2021.01.17-11.25.06:885][821]LogGameMode: Display: Match State Changed from EnteringMap to WaitingToStart
[2021.01.17-11.25.06:885][821]LogGameState: Match State Changed from EnteringMap to WaitingToStart
[2021.01.17-11.25.06:885][821]LogGameMode: Display: Match State Changed from WaitingToStart to InProgress
[2021.01.17-11.25.06:885][821]LogGameState: Match State Changed from WaitingToStart to InProgress
[2021.01.17-11.25.06:886][821]LogLoad: Took 0.425208 seconds to LoadMap(/Game/Maps/Lobby)
[2021.01.17-11.25.09:978][ 12]LogSlate: FSceneViewport::OnFocusLost() reason 0
[2021.01.17-11.25.10:189][ 26]LogOnline: STEAM: AUTH: Revoking all tickets.
[2021.01.17-11.25.10:277][ 26]LogPackageName: SearchForPackageOnDisk took   0.087s to resolve MainMenu.umap.
[2021.01.17-11.25.10:277][ 26]LogGameMode: Display: Match State Changed from InProgress to LeavingMap
[2021.01.17-11.25.10:277][ 26]LogGameState: Match State Changed from InProgress to LeavingMap
[2021.01.17-11.25.10:365][ 26]LogPackageName: SearchForPackageOnDisk took   0.087s to resolve MainMenu.umap.
[2021.01.17-11.25.10:365][ 26]LogNet: Browse: /Game/Maps/MainMenu
[2021.01.17-11.25.10:365][ 26]LogLoad: LoadMap: /Game/Maps/MainMenu
[2021.01.17-11.25.10:365][ 26]LogNet: World NetDriver shutdown SteamNetDriver_1 [GameNetDriver]
[2021.01.17-11.25.10:365][ 26]LogNet: DestroyNamedNetDriver SteamNetDriver_1 [GameNetDriver]
[2021.01.17-11.25.10:365][ 26]LogExit: GameNetDriver SteamNetDriver_1 shut down
[2021.01.17-11.25.10:366][ 26]LogScript: Warning: Script Msg: DestroySession - Invalid player state
[2021.01.17-11.25.10:399][ 26]LogUObjectHash: Compacting FUObjectHashTables data took   1.30ms
[2021.01.17-11.25.10:405][ 26]LogAIModule: Creating AISystem for world MainMenu
[2021.01.17-11.25.10:405][ 26]LogLoad: Game class is 'GameMode'
[2021.01.17-11.25.10:406][ 26]LogWorld: Bringing World /Game/Maps/MainMenu.MainMenu up for play (max tick rate 0) at 2021.01.17-20.25.10
[2021.01.17-11.25.10:406][ 26]LogWorld: Bringing up level for play took: 0.000356
[2021.01.17-11.25.10:406][ 26]LogGameMode: FindPlayerStart: PATHS NOT DEFINED or NO PLAYERSTART with positive rating
[2021.01.17-11.25.10:406][ 26]LogGameMode: Display: Match State Changed from EnteringMap to WaitingToStart
[2021.01.17-11.25.10:406][ 26]LogGameState: Match State Changed from EnteringMap to WaitingToStart
[2021.01.17-11.25.10:406][ 26]LogGameMode: Display: Match State Changed from WaitingToStart to InProgress
[2021.01.17-11.25.10:407][ 26]LogGameState: Match State Changed from WaitingToStart to InProgress
[2021.01.17-11.25.10:407][ 26]LogLoad: Took 0.042067 seconds to LoadMap(/Game/Maps/MainMenu)
[2021.01.17-11.25.22:996][807]LogInit: WinSock: I am DESKTOP-4IV1O4J (192.168.0.2:0)
[2021.01.17-11.25.22:996][807]LogOnline: Warning: OSS: Failed to send discovery broadcast SE_EHOSTUNREACH
[2021.01.17-11.25.28:705][161]LogOnlineSession: Warning: STEAM: Ignoring game search request while one is pending
[2021.01.17-11.25.32:701][403]LogSlate: Window 'GrandTrenchWar (64 비트, PCD3D_SM5) ' being destroyed
[2021.01.17-11.25.32:704][403]LogWindowsTextInputMethodSystem: Display: IME system now activated using TSF (Microsoft 입력기).
[2021.01.17-11.25.32:709][403]LogSlate: Updating window title bar state: overlay mode, drag disabled, window buttons hidden, title bar hidden
[2021.01.17-11.25.32:709][403]LogEngine: All Windows Closed
[2021.01.17-11.25.32:709][403]LogWindows: FPlatformMisc::RequestExit(0)
