Log file open, 01/17/21 20:22:18
LogWindows: Failed to load 'aqProf.dll' (GetLastError=126)
LogWindows: File 'aqProf.dll' does not exist
LogWindows: Failed to load 'VtuneApi.dll' (GetLastError=126)
LogWindows: File 'VtuneApi.dll' does not exist
LogWindows: Failed to load 'VtuneApi32e.dll' (GetLastError=126)
LogWindows: File 'VtuneApi32e.dll' does not exist
LogConsoleResponse: Display: Failed to find resolution value strings in scalability ini. Falling back to default.
LogInit: Display: Running engine for game: GrandTrenchWar
LogPakFile: Registered encryption key '00000000000000000000000000000000': 0 pak files mounted, 0 remain pending
LogPlatformFile: Not using cached read wrapper
LogTaskGraph: Started task graph with 5 named threads and 35 total threads with 3 sets of task threads.
LogStats: Stats thread started at 0.399785
LogD3D11RHI: Loaded GFSDK_Aftermath_Lib.x64.dll
LogICUInternationalization: ICU TimeZone Detection - Raw Offset: +9:00, Platform Override: ''
LogPluginManager: Mounting plugin Paper2D
LogPluginManager: Mounting plugin AISupport
LogPluginManager: Mounting plugin LightPropagationVolume
LogPluginManager: Mounting plugin ActorLayerUtilities
LogPluginManager: Mounting plugin AnimationSharing
LogPluginManager: Mounting plugin CLionSourceCodeAccess
LogPluginManager: Mounting plugin CodeLiteSourceCodeAccess
LogPluginManager: Mounting plugin GitSourceControl
LogPluginManager: Mounting plugin KDevelopSourceCodeAccess
LogPluginManager: Mounting plugin NullSourceCodeAccess
LogPluginManager: Mounting plugin PerforceSourceControl
LogPluginManager: Mounting plugin SubversionSourceControl
LogPluginManager: Mounting plugin UObjectPlugin
LogPluginManager: Mounting plugin VisualStudioCodeSourceCodeAccess
LogPluginManager: Mounting plugin VisualStudioSourceCodeAccess
LogPluginManager: Mounting plugin XCodeSourceCodeAccess
LogPluginManager: Mounting plugin AssetManagerEditor
LogPluginManager: Mounting plugin CryptoKeys
LogPluginManager: Mounting plugin DataValidation
LogPluginManager: Mounting plugin FacialAnimation
LogPluginManager: Mounting plugin GameplayTagsEditor
LogPluginManager: Mounting plugin MacGraphicsSwitching
LogPluginManager: Mounting plugin MaterialAnalyzer
LogPluginManager: Mounting plugin MobileLauncherProfileWizard
LogPluginManager: Mounting plugin PluginBrowser
LogPluginManager: Mounting plugin SpeedTreeImporter
LogPluginManager: Mounting plugin DatasmithContent
LogPluginManager: Mounting plugin VariantManagerContent
LogPluginManager: Mounting plugin AlembicImporter
LogPluginManager: Mounting plugin AppleImageUtils
LogPluginManager: Mounting plugin AppleVision
LogPluginManager: Mounting plugin BackChannel
LogPluginManager: Mounting plugin CharacterAI
LogPluginManager: Mounting plugin GeometryCache
LogPluginManager: Mounting plugin HTML5Networking
LogPluginManager: Mounting plugin ProxyLODPlugin
LogPluginManager: Mounting plugin SkeletalReduction
LogPluginManager: Mounting plugin MagicLeap
LogPluginManager: Mounting plugin MagicLeapMedia
LogPluginManager: Mounting plugin AndroidMedia
LogPluginManager: Mounting plugin AvfMedia
LogPluginManager: Mounting plugin ImgMedia
LogPluginManager: Mounting plugin LinearTimecode
LogPluginManager: Mounting plugin MediaCompositing
LogPluginManager: Mounting plugin MediaPlayerEditor
LogPluginManager: Mounting plugin WebMMedia
LogPluginManager: Mounting plugin WmfMedia
LogPluginManager: Mounting plugin TcpMessaging
LogPluginManager: Mounting plugin UdpMessaging
LogPluginManager: Mounting plugin ActorSequence
LogPluginManager: Mounting plugin LevelSequenceEditor
LogPluginManager: Mounting plugin MatineeToLevelSequence
LogPluginManager: Mounting plugin NetcodeUnitTest
LogPluginManager: Mounting plugin NUTUnrealEngine4
LogPluginManager: Mounting plugin OnlineSubsystemGooglePlay
LogPluginManager: Mounting plugin OnlineSubsystemIOS
LogPluginManager: Mounting plugin OnlineSubsystem
LogPluginManager: Mounting plugin OnlineSubsystemNull
LogPluginManager: Mounting plugin OnlineSubsystemSteam
LogPluginManager: Mounting plugin OnlineSubsystemUtils
LogPluginManager: Mounting plugin LauncherChunkInstaller
LogPluginManager: Mounting plugin AndroidDeviceProfileSelector
LogPluginManager: Mounting plugin AndroidMoviePlayer
LogPluginManager: Mounting plugin AndroidPermission
LogPluginManager: Mounting plugin AppleMoviePlayer
LogPluginManager: Mounting plugin ArchVisCharacter
LogPluginManager: Mounting plugin AudioCapture
LogPluginManager: Mounting plugin CableComponent
LogPluginManager: Mounting plugin CustomMeshComponent
LogPluginManager: Mounting plugin EditableMesh
LogPluginManager: Mounting plugin ExampleDeviceProfileSelector
LogPluginManager: Mounting plugin Firebase
LogPluginManager: Mounting plugin GoogleCloudMessaging
LogPluginManager: Mounting plugin IOSDeviceProfileSelector
LogPluginManager: Mounting plugin LinuxDeviceProfileSelector
LogPluginManager: Mounting plugin LocationServicesBPLibrary
LogPluginManager: Mounting plugin MobilePatchingUtils
LogPluginManager: Mounting plugin OculusVR
LogPluginManager: Mounting plugin PhysXVehicles
LogPluginManager: Mounting plugin ProceduralMeshComponent
LogPluginManager: Mounting plugin RuntimePhysXCooking
LogPluginManager: Mounting plugin SignificanceManager
LogPluginManager: Mounting plugin WebMMoviePlayer
LogPluginManager: Mounting plugin WindowsMoviePlayer
LogInit: Using libcurl 7.55.1-DEV
LogInit:  - built for x86_64-pc-win32
LogInit:  - supports SSL with OpenSSL/1.1.1
LogInit:  - supports HTTP deflate (compression) using libz 1.2.8
LogInit:  - other features:
LogInit:      CURL_VERSION_SSL
LogInit:      CURL_VERSION_LIBZ
LogInit:      CURL_VERSION_IPV6
LogInit:      CURL_VERSION_ASYNCHDNS
LogInit:      CURL_VERSION_LARGEFILE
LogInit:      CURL_VERSION_IDN
LogInit:  CurlRequestOptions (configurable via config and command line):
LogInit:  - bVerifyPeer = true  - Libcurl will verify peer certificate
LogInit:  - bUseHttpProxy = false  - Libcurl will NOT use HTTP proxy
LogInit:  - bDontReuseConnections = false  - Libcurl will reuse connections
LogInit:  - MaxHostConnections = 16  - Libcurl will limit the number of connections to a host
LogInit:  - LocalHostAddr = Default
LogInit:  - BufferSize = 65536
LogOnline: Display: STEAM: Loading Steam SDK 1.39
LogOnline: STEAM: Steam User is subscribed 1
LogOnline: STEAM: [AppId: 480] Client API initialized 1
LogOnline: STEAM: [AppId: 480] Game Server API initialized 1
LogOnline: STEAM: Missing P2PCleanupTimeout key in OnlineSubsystemSteam of DefaultEngine.ini, using default
LogInit: WinSock: version 1.1 (2.2), MaxSocks=32767, MaxUdp=65467
LogHMD: Failed initializing OVRPlugin 1.32.0
LogInit: Build: ++UE4+Release-4.22-CL-7053642
LogInit: Engine Version: 4.22.3-7053642+++UE4+Release-4.22
LogInit: Compatible Engine Version: 4.22.0-5660361+++UE4+Release-4.22
LogInit: Net CL: 5660361
LogInit: OS: Windows 10 (Release 1909) (), CPU: AMD Ryzen 5 3600 6-Core Processor              , GPU: NVIDIA GeForce RTX 2080
LogInit: Compiled (64-bit): Jun 18 2019 03:09:11
LogInit: Compiled with Visual C++: 19.16.27025.01
LogInit: Build Configuration: Development
LogInit: Branch Name: ++UE4+Release-4.22
LogInit: Command Line:  /Game/Maps/MainMenu -game -PIEVIACONSOLE -ResX=1280 -ResY=720 -Multiprocess -messaging -SessionName="Play in Standalone Game" -windowed
LogInit: Base Directory: D:/UE4/UE_4.22/Engine/Binaries/Win64/
LogInit: Installed Engine Build: 1
LogDevObjectVersion: Number of dev versions registered: 23
LogDevObjectVersion:   Dev-Blueprints (B0D832E4-1F89-4F0D-ACCF-7EB736FD4AA2): 10
LogDevObjectVersion:   Dev-Build (E1C64328-A22C-4D53-A36C-8E866417BD8C): 0
LogDevObjectVersion:   Dev-Core (375EC13C-06E4-48FB-B500-84F0262A717E): 3
LogDevObjectVersion:   Dev-Editor (E4B068ED-F494-42E9-A231-DA0B2E46BB41): 30
LogDevObjectVersion:   Dev-Framework (CFFC743F-43B0-4480-9391-14DF171D2073): 35
LogDevObjectVersion:   Dev-Mobile (B02B49B5-BB20-44E9-A304-32B752E40360): 2
LogDevObjectVersion:   Dev-Networking (A4E4105C-59A1-49B5-A7C5-40C4547EDFEE): 0
LogDevObjectVersion:   Dev-Online (39C831C9-5AE6-47DC-9A44-9C173E1C8E7C): 0
LogDevObjectVersion:   Dev-Physics (78F01B33-EBEA-4F98-B9B4-84EACCB95AA2): 0
LogDevObjectVersion:   Dev-Platform (6631380F-2D4D-43E0-8009-CF276956A95A): 0
LogDevObjectVersion:   Dev-Rendering (12F88B9F-8875-4AFC-A67C-D90C383ABD29): 28
LogDevObjectVersion:   Dev-Sequencer (7B5AE74C-D270-4C10-A958-57980B212A5A): 11
LogDevObjectVersion:   Dev-VR (D7296918-1DD6-4BDD-9DE2-64A83CC13884): 2
LogDevObjectVersion:   Dev-LoadTimes (C2A15278-BFE7-4AFE-6C17-90FF531DF755): 1
LogDevObjectVersion:   Private-Geometry (6EACA3D4-40EC-4CC1-B786-8BED09428FC5): 3
LogDevObjectVersion:   Dev-AnimPhys (29E575DD-E0A3-4627-9D10-D276232CDCEA): 17
LogDevObjectVersion:   Dev-Anim (AF43A65D-7FD3-4947-9873-3E8ED9C1BB05): 2
LogDevObjectVersion:   Dev-ReflectionCapture (6B266CEC-1EC7-4B8F-A30B-E4D90942FC07): 1
LogDevObjectVersion:   Dev-Automation (0DF73D61-A23F-47EA-B727-89E90C41499A): 1
LogDevObjectVersion:   FortniteMain (601D1886-AC64-4F84-AA16-D3DE0DEAC7D6): 25
LogDevObjectVersion:   Dev-Enterprise (9DFFBCD6-494F-0158-E221-12823C92A888): 6
LogDevObjectVersion:   Dev-Niagara (F2AED0AC-9AFE-416F-8664-AA7FFA26D6FC): 1
LogDevObjectVersion:   Dev-Destruction (174F1F0B-B4C6-45A5-B13F-2EE8D0FB917D): 2
LogInit: Presizing for max 16777216 objects, including 0 objects not considered by GC, pre-allocating 0 bytes for permanent pool.
LogInit: Object subsystem initialized
LogConfig: Setting CVar [[con.DebugEarlyDefault:1]]
LogConfig: Setting CVar [[r.setres:1280x720]]
[2021.01.17-11.22.19:853][  0]LogConfig: Setting CVar [[con.DebugEarlyDefault:1]]
[2021.01.17-11.22.19:853][  0]LogConfig: Setting CVar [[r.setres:1280x720]]
[2021.01.17-11.22.19:853][  0]LogConfig: Applying CVar settings from Section [/Script/Engine.RendererSettings] File [D:/Git/Unreal_GrandTrenchWar/Unreal_GrandTrenchWar/GrandTrenchWar/Saved/Config/Windows/Engine.ini]
[2021.01.17-11.22.19:853][  0]LogConfig: Setting CVar [[r.GPUCrashDebugging:0]]
[2021.01.17-11.22.19:853][  0]LogConfig: Applying CVar settings from Section [/Script/Engine.RendererOverrideSettings] File [D:/Git/Unreal_GrandTrenchWar/Unreal_GrandTrenchWar/GrandTrenchWar/Saved/Config/Windows/Engine.ini]
[2021.01.17-11.22.19:853][  0]LogConfig: Applying CVar settings from Section [/Script/Engine.StreamingSettings] File [D:/Git/Unreal_GrandTrenchWar/Unreal_GrandTrenchWar/GrandTrenchWar/Saved/Config/Windows/Engine.ini]
[2021.01.17-11.22.19:853][  0]LogConfig: Setting CVar [[s.MinBulkDataSizeForAsyncLoading:131072]]
[2021.01.17-11.22.19:853][  0]LogConfig: Setting CVar [[s.AsyncLoadingThreadEnabled:0]]
[2021.01.17-11.22.19:853][  0]LogConfig: Setting CVar [[s.EventDrivenLoaderEnabled:1]]
[2021.01.17-11.22.19:853][  0]LogConfig: Setting CVar [[s.WarnIfTimeLimitExceeded:0]]
[2021.01.17-11.22.19:853][  0]LogConfig: Setting CVar [[s.TimeLimitExceededMultiplier:1.5]]
[2021.01.17-11.22.19:853][  0]LogConfig: Setting CVar [[s.TimeLimitExceededMinTime:0.005]]
[2021.01.17-11.22.19:853][  0]LogConfig: Setting CVar [[s.UseBackgroundLevelStreaming:1]]
[2021.01.17-11.22.19:853][  0]LogConfig: Setting CVar [[s.PriorityAsyncLoadingExtraTime:15.0]]
[2021.01.17-11.22.19:853][  0]LogConfig: Setting CVar [[s.LevelStreamingActorsUpdateTimeLimit:5.0]]
[2021.01.17-11.22.19:853][  0]LogConfig: Setting CVar [[s.PriorityLevelStreamingActorsUpdateExtraTime:5.0]]
[2021.01.17-11.22.19:853][  0]LogConfig: Setting CVar [[s.LevelStreamingComponentsRegistrationGranularity:10]]
[2021.01.17-11.22.19:853][  0]LogConfig: Setting CVar [[s.UnregisterComponentsTimeLimit:1.0]]
[2021.01.17-11.22.19:853][  0]LogConfig: Setting CVar [[s.LevelStreamingComponentsUnregistrationGranularity:5]]
[2021.01.17-11.22.19:853][  0]LogConfig: Applying CVar settings from Section [/Script/Engine.GarbageCollectionSettings] File [D:/Git/Unreal_GrandTrenchWar/Unreal_GrandTrenchWar/GrandTrenchWar/Saved/Config/Windows/Engine.ini]
[2021.01.17-11.22.19:854][  0]LogConfig: Setting CVar [[gc.MaxObjectsNotConsideredByGC:1]]
[2021.01.17-11.22.19:854][  0]LogConfig: Setting CVar [[gc.SizeOfPermanentObjectPool:0]]
[2021.01.17-11.22.19:854][  0]LogConfig: Setting CVar [[gc.FlushStreamingOnGC:0]]
[2021.01.17-11.22.19:854][  0]LogConfig: Setting CVar [[gc.NumRetriesBeforeForcingGC:10]]
[2021.01.17-11.22.19:854][  0]LogConfig: Setting CVar [[gc.AllowParallelGC:1]]
[2021.01.17-11.22.19:854][  0]LogConfig: Setting CVar [[gc.TimeBetweenPurgingPendingKillObjects:61.1]]
[2021.01.17-11.22.19:854][  0]LogConfig: Setting CVar [[gc.MaxObjectsInEditor:16777216]]
[2021.01.17-11.22.19:854][  0]LogConfig: Setting CVar [[gc.IncrementalBeginDestroyEnabled:1]]
[2021.01.17-11.22.19:854][  0]LogConfig: Setting CVar [[gc.CreateGCClusters:1]]
[2021.01.17-11.22.19:854][  0]LogConfig: Setting CVar [[gc.MinGCClusterSize:5]]
[2021.01.17-11.22.19:854][  0]LogConfig: Setting CVar [[gc.ActorClusteringEnabled:0]]
[2021.01.17-11.22.19:854][  0]LogConfig: Setting CVar [[gc.BlueprintClusteringEnabled:0]]
[2021.01.17-11.22.19:854][  0]LogConfig: Setting CVar [[gc.UseDisregardForGCOnDedicatedServers:0]]
[2021.01.17-11.22.19:854][  0]LogConfig: Applying CVar settings from Section [/Script/Engine.NetworkSettings] File [D:/Git/Unreal_GrandTrenchWar/Unreal_GrandTrenchWar/GrandTrenchWar/Saved/Config/Windows/Engine.ini]
[2021.01.17-11.22.19:854][  0]LogConfig: Applying CVar settings from Section [/Script/UnrealEd.CookerSettings] File [D:/Git/Unreal_GrandTrenchWar/Unreal_GrandTrenchWar/GrandTrenchWar/Saved/Config/Windows/Engine.ini]
[2021.01.17-11.22.19:858][  0]LogConfig: Applying CVar settings from Section [ViewDistanceQuality@3] File [D:/Git/Unreal_GrandTrenchWar/Unreal_GrandTrenchWar/GrandTrenchWar/Saved/Config/Windows/Scalability.ini]
[2021.01.17-11.22.19:858][  0]LogConfig: Setting CVar [[r.SkeletalMeshLODBias:0]]
[2021.01.17-11.22.19:858][  0]LogConfig: Setting CVar [[r.ViewDistanceScale:1.0]]
[2021.01.17-11.22.19:858][  0]LogConfig: Applying CVar settings from Section [AntiAliasingQuality@3] File [D:/Git/Unreal_GrandTrenchWar/Unreal_GrandTrenchWar/GrandTrenchWar/Saved/Config/Windows/Scalability.ini]
[2021.01.17-11.22.19:858][  0]LogConfig: Setting CVar [[r.PostProcessAAQuality:4]]
[2021.01.17-11.22.19:858][  0]LogConfig: Applying CVar settings from Section [ShadowQuality@3] File [D:/Git/Unreal_GrandTrenchWar/Unreal_GrandTrenchWar/GrandTrenchWar/Saved/Config/Windows/Scalability.ini]
[2021.01.17-11.22.19:858][  0]LogConfig: Setting CVar [[r.LightFunctionQuality:1]]
[2021.01.17-11.22.19:858][  0]LogConfig: Setting CVar [[r.ShadowQuality:5]]
[2021.01.17-11.22.19:858][  0]LogConfig: Setting CVar [[r.Shadow.CSM.MaxCascades:10]]
[2021.01.17-11.22.19:858][  0]LogConfig: Setting CVar [[r.Shadow.MaxResolution:2048]]
[2021.01.17-11.22.19:858][  0]LogConfig: Setting CVar [[r.Shadow.MaxCSMResolution:2048]]
[2021.01.17-11.22.19:858][  0]LogConfig: Setting CVar [[r.Shadow.RadiusThreshold:0.01]]
[2021.01.17-11.22.19:858][  0]LogConfig: Setting CVar [[r.Shadow.DistanceScale:1.0]]
[2021.01.17-11.22.19:858][  0]LogConfig: Setting CVar [[r.Shadow.CSM.TransitionScale:1.0]]
[2021.01.17-11.22.19:858][  0]LogConfig: Setting CVar [[r.Shadow.PreShadowResolutionFactor:1.0]]
[2021.01.17-11.22.19:858][  0]LogConfig: Setting CVar [[r.DistanceFieldShadowing:1]]
[2021.01.17-11.22.19:858][  0]LogConfig: Setting CVar [[r.DistanceFieldAO:1]]
[2021.01.17-11.22.19:858][  0]LogConfig: Setting CVar [[r.AOQuality:2]]
[2021.01.17-11.22.19:858][  0]LogConfig: Setting CVar [[r.VolumetricFog:1]]
[2021.01.17-11.22.19:858][  0]LogConfig: Setting CVar [[r.VolumetricFog.GridPixelSize:8]]
[2021.01.17-11.22.19:858][  0]LogConfig: Setting CVar [[r.VolumetricFog.GridSizeZ:128]]
[2021.01.17-11.22.19:858][  0]LogConfig: Setting CVar [[r.VolumetricFog.HistoryMissSupersampleCount:4]]
[2021.01.17-11.22.19:858][  0]LogConfig: Setting CVar [[r.LightMaxDrawDistanceScale:1]]
[2021.01.17-11.22.19:858][  0]LogConfig: Setting CVar [[r.CapsuleShadows:1]]
[2021.01.17-11.22.19:858][  0]LogConfig: Applying CVar settings from Section [PostProcessQuality@3] File [D:/Git/Unreal_GrandTrenchWar/Unreal_GrandTrenchWar/GrandTrenchWar/Saved/Config/Windows/Scalability.ini]
[2021.01.17-11.22.19:858][  0]LogConfig: Setting CVar [[r.MotionBlurQuality:4]]
[2021.01.17-11.22.19:858][  0]LogConfig: Setting CVar [[r.AmbientOcclusionMipLevelFactor:0.4]]
[2021.01.17-11.22.19:858][  0]LogConfig: Setting CVar [[r.AmbientOcclusionMaxQuality:100]]
[2021.01.17-11.22.19:858][  0]LogConfig: Setting CVar [[r.AmbientOcclusionLevels:-1]]
[2021.01.17-11.22.19:858][  0]LogConfig: Setting CVar [[r.AmbientOcclusionRadiusScale:1.0]]
[2021.01.17-11.22.19:858][  0]LogConfig: Setting CVar [[r.DepthOfFieldQuality:2]]
[2021.01.17-11.22.19:858][  0]LogConfig: Setting CVar [[r.RenderTargetPoolMin:400]]
[2021.01.17-11.22.19:858][  0]LogConfig: Setting CVar [[r.LensFlareQuality:2]]
[2021.01.17-11.22.19:858][  0]LogConfig: Setting CVar [[r.SceneColorFringeQuality:1]]
[2021.01.17-11.22.19:858][  0]LogConfig: Setting CVar [[r.EyeAdaptationQuality:2]]
[2021.01.17-11.22.19:858][  0]LogConfig: Setting CVar [[r.BloomQuality:5]]
[2021.01.17-11.22.19:858][  0]LogConfig: Setting CVar [[r.FastBlurThreshold:100]]
[2021.01.17-11.22.19:858][  0]LogConfig: Setting CVar [[r.Upscale.Quality:3]]
[2021.01.17-11.22.19:858][  0]LogConfig: Setting CVar [[r.Tonemapper.GrainQuantization:1]]
[2021.01.17-11.22.19:858][  0]LogConfig: Setting CVar [[r.LightShaftQuality:1]]
[2021.01.17-11.22.19:858][  0]LogConfig: Setting CVar [[r.Filter.SizeScale:1]]
[2021.01.17-11.22.19:858][  0]LogConfig: Setting CVar [[r.Tonemapper.Quality:5]]
[2021.01.17-11.22.19:858][  0]LogConfig: Setting CVar [[r.DOF.Gather.AccumulatorQuality:1        ; higher gathering accumulator quality]]
[2021.01.17-11.22.19:858][  0]LogConfig: Setting CVar [[r.DOF.Gather.PostfilterMethod:1          ; Median3x3 postfilering method]]
[2021.01.17-11.22.19:858][  0]LogConfig: Setting CVar [[r.DOF.Gather.EnableBokehSettings:0       ; no bokeh simulation when gathering]]
[2021.01.17-11.22.19:858][  0]LogConfig: Setting CVar [[r.DOF.Gather.RingCount:4                 ; medium number of samples when gathering]]
[2021.01.17-11.22.19:858][  0]LogConfig: Setting CVar [[r.DOF.Scatter.ForegroundCompositing:1    ; additive foreground scattering]]
[2021.01.17-11.22.19:858][  0]LogConfig: Setting CVar [[r.DOF.Scatter.BackgroundCompositing:2    ; additive background scattering]]
[2021.01.17-11.22.19:858][  0]LogConfig: Setting CVar [[r.DOF.Scatter.EnableBokehSettings:1      ; bokeh simulation when scattering]]
[2021.01.17-11.22.19:858][  0]LogConfig: Setting CVar [[r.DOF.Scatter.MaxSpriteRatio:0.1         ; only a maximum of 10% of scattered bokeh]]
[2021.01.17-11.22.19:858][  0]LogConfig: Setting CVar [[r.DOF.Recombine.Quality:1                ; cheap slight out of focus]]
[2021.01.17-11.22.19:858][  0]LogConfig: Setting CVar [[r.DOF.Recombine.EnableBokehSettings:0    ; no bokeh simulation on slight out of focus]]
[2021.01.17-11.22.19:858][  0]LogConfig: Setting CVar [[r.DOF.TemporalAAQuality:1                ; more stable temporal accumulation]]
[2021.01.17-11.22.19:858][  0]LogConfig: Setting CVar [[r.DOF.Kernel.MaxForegroundRadius:0.025]]
[2021.01.17-11.22.19:858][  0]LogConfig: Setting CVar [[r.DOF.Kernel.MaxBackgroundRadius:0.025]]
[2021.01.17-11.22.19:858][  0]LogConfig: Applying CVar settings from Section [TextureQuality@3] File [D:/Git/Unreal_GrandTrenchWar/Unreal_GrandTrenchWar/GrandTrenchWar/Saved/Config/Windows/Scalability.ini]
[2021.01.17-11.22.19:858][  0]LogConfig: Setting CVar [[r.Streaming.MipBias:0]]
[2021.01.17-11.22.19:858][  0]LogConfig: Setting CVar [[r.Streaming.AmortizeCPUToGPUCopy:0]]
[2021.01.17-11.22.19:858][  0]LogConfig: Setting CVar [[r.Streaming.MaxNumTexturesToStreamPerFrame:0]]
[2021.01.17-11.22.19:858][  0]LogConfig: Setting CVar [[r.Streaming.Boost:1]]
[2021.01.17-11.22.19:858][  0]LogConfig: Setting CVar [[r.MaxAnisotropy:8]]
[2021.01.17-11.22.19:858][  0]LogConfig: Setting CVar [[r.Streaming.LimitPoolSizeToVRAM:0]]
[2021.01.17-11.22.19:858][  0]LogConfig: Setting CVar [[r.Streaming.PoolSize:1000]]
[2021.01.17-11.22.19:858][  0]LogConfig: Setting CVar [[r.Streaming.MaxEffectiveScreenSize:0]]
[2021.01.17-11.22.19:858][  0]LogConfig: Applying CVar settings from Section [EffectsQuality@3] File [D:/Git/Unreal_GrandTrenchWar/Unreal_GrandTrenchWar/GrandTrenchWar/Saved/Config/Windows/Scalability.ini]
[2021.01.17-11.22.19:858][  0]LogConfig: Setting CVar [[r.TranslucencyLightingVolumeDim:64]]
[2021.01.17-11.22.19:858][  0]LogConfig: Setting CVar [[r.RefractionQuality:2]]
[2021.01.17-11.22.19:858][  0]LogConfig: Setting CVar [[r.SSR.Quality:3]]
[2021.01.17-11.22.19:859][  0]LogConfig: Setting CVar [[r.SceneColorFormat:4]]
[2021.01.17-11.22.19:859][  0]LogConfig: Setting CVar [[r.DetailMode:2]]
[2021.01.17-11.22.19:859][  0]LogConfig: Setting CVar [[r.TranslucencyVolumeBlur:1]]
[2021.01.17-11.22.19:859][  0]LogConfig: Setting CVar [[r.MaterialQualityLevel:1 ; High quality]]
[2021.01.17-11.22.19:859][  0]LogConfig: Setting CVar [[r.SSS.Scale:1]]
[2021.01.17-11.22.19:859][  0]LogConfig: Setting CVar [[r.SSS.SampleSet:2]]
[2021.01.17-11.22.19:859][  0]LogConfig: Setting CVar [[r.SSS.Quality:1]]
[2021.01.17-11.22.19:859][  0]LogConfig: Setting CVar [[r.SSS.HalfRes:1]]
[2021.01.17-11.22.19:859][  0]LogConfig: Setting CVar [[r.EmitterSpawnRateScale:1.0]]
[2021.01.17-11.22.19:859][  0]LogConfig: Setting CVar [[r.ParticleLightQuality:2]]
[2021.01.17-11.22.19:859][  0]LogConfig: Applying CVar settings from Section [FoliageQuality@3] File [D:/Git/Unreal_GrandTrenchWar/Unreal_GrandTrenchWar/GrandTrenchWar/Saved/Config/Windows/Scalability.ini]
[2021.01.17-11.22.19:859][  0]LogConfig: Setting CVar [[foliage.DensityScale:1.0]]
[2021.01.17-11.22.19:859][  0]LogConfig: Setting CVar [[grass.DensityScale:1.0]]
[2021.01.17-11.22.19:859][  0]LogInit: Selected Device Profile: [Windows]
[2021.01.17-11.22.19:859][  0]LogInit: Applying CVar settings loaded from the selected device profile: [Windows]
[2021.01.17-11.22.19:862][  0]LogHAL: Display: Platform has ~ 48 GB [51486453760 / 68719476736 / 48], which maps to Largest [LargestMinGB=32, LargerMinGB=12, DefaultMinGB=8, SmallerMinGB=6, SmallestMinGB=0)
[2021.01.17-11.22.19:862][  0]LogConfig: Setting CVar [[r.Vulkan.UseRealUBs:0		; Required until we fix HLR fall-out]]
[2021.01.17-11.22.19:862][  0]LogInit: Going up to parent DeviceProfile []
[2021.01.17-11.22.19:862][  0]LogConfig: Applying CVar settings from Section [ViewDistanceQuality@3] File [D:/Git/Unreal_GrandTrenchWar/Unreal_GrandTrenchWar/GrandTrenchWar/Saved/Config/Windows/Scalability.ini]
[2021.01.17-11.22.19:862][  0]LogConfig: Setting CVar [[r.SkeletalMeshLODBias:0]]
[2021.01.17-11.22.19:862][  0]LogConfig: Setting CVar [[r.ViewDistanceScale:1.0]]
[2021.01.17-11.22.19:862][  0]LogConfig: Applying CVar settings from Section [AntiAliasingQuality@3] File [D:/Git/Unreal_GrandTrenchWar/Unreal_GrandTrenchWar/GrandTrenchWar/Saved/Config/Windows/Scalability.ini]
[2021.01.17-11.22.19:862][  0]LogConfig: Setting CVar [[r.PostProcessAAQuality:4]]
[2021.01.17-11.22.19:862][  0]LogConfig: Applying CVar settings from Section [ShadowQuality@3] File [D:/Git/Unreal_GrandTrenchWar/Unreal_GrandTrenchWar/GrandTrenchWar/Saved/Config/Windows/Scalability.ini]
[2021.01.17-11.22.19:862][  0]LogConfig: Setting CVar [[r.LightFunctionQuality:1]]
[2021.01.17-11.22.19:862][  0]LogConfig: Setting CVar [[r.ShadowQuality:5]]
[2021.01.17-11.22.19:863][  0]LogConfig: Setting CVar [[r.Shadow.CSM.MaxCascades:10]]
[2021.01.17-11.22.19:863][  0]LogConfig: Setting CVar [[r.Shadow.MaxResolution:2048]]
[2021.01.17-11.22.19:863][  0]LogConfig: Setting CVar [[r.Shadow.MaxCSMResolution:2048]]
[2021.01.17-11.22.19:863][  0]LogConfig: Setting CVar [[r.Shadow.RadiusThreshold:0.01]]
[2021.01.17-11.22.19:863][  0]LogConfig: Setting CVar [[r.Shadow.DistanceScale:1.0]]
[2021.01.17-11.22.19:863][  0]LogConfig: Setting CVar [[r.Shadow.CSM.TransitionScale:1.0]]
[2021.01.17-11.22.19:863][  0]LogConfig: Setting CVar [[r.Shadow.PreShadowResolutionFactor:1.0]]
[2021.01.17-11.22.19:863][  0]LogConfig: Setting CVar [[r.DistanceFieldShadowing:1]]
[2021.01.17-11.22.19:863][  0]LogConfig: Setting CVar [[r.DistanceFieldAO:1]]
[2021.01.17-11.22.19:863][  0]LogConfig: Setting CVar [[r.AOQuality:2]]
[2021.01.17-11.22.19:863][  0]LogConfig: Setting CVar [[r.VolumetricFog:1]]
[2021.01.17-11.22.19:863][  0]LogConfig: Setting CVar [[r.VolumetricFog.GridPixelSize:8]]
[2021.01.17-11.22.19:863][  0]LogConfig: Setting CVar [[r.VolumetricFog.GridSizeZ:128]]
[2021.01.17-11.22.19:863][  0]LogConfig: Setting CVar [[r.VolumetricFog.HistoryMissSupersampleCount:4]]
[2021.01.17-11.22.19:863][  0]LogConfig: Setting CVar [[r.LightMaxDrawDistanceScale:1]]
[2021.01.17-11.22.19:863][  0]LogConfig: Setting CVar [[r.CapsuleShadows:1]]
[2021.01.17-11.22.19:863][  0]LogConfig: Applying CVar settings from Section [PostProcessQuality@3] File [D:/Git/Unreal_GrandTrenchWar/Unreal_GrandTrenchWar/GrandTrenchWar/Saved/Config/Windows/Scalability.ini]
[2021.01.17-11.22.19:863][  0]LogConfig: Setting CVar [[r.MotionBlurQuality:4]]
[2021.01.17-11.22.19:863][  0]LogConfig: Setting CVar [[r.AmbientOcclusionMipLevelFactor:0.4]]
[2021.01.17-11.22.19:863][  0]LogConfig: Setting CVar [[r.AmbientOcclusionMaxQuality:100]]
[2021.01.17-11.22.19:863][  0]LogConfig: Setting CVar [[r.AmbientOcclusionLevels:-1]]
[2021.01.17-11.22.19:863][  0]LogConfig: Setting CVar [[r.AmbientOcclusionRadiusScale:1.0]]
[2021.01.17-11.22.19:863][  0]LogConfig: Setting CVar [[r.DepthOfFieldQuality:2]]
[2021.01.17-11.22.19:863][  0]LogConfig: Setting CVar [[r.RenderTargetPoolMin:400]]
[2021.01.17-11.22.19:863][  0]LogConfig: Setting CVar [[r.LensFlareQuality:2]]
[2021.01.17-11.22.19:863][  0]LogConfig: Setting CVar [[r.SceneColorFringeQuality:1]]
[2021.01.17-11.22.19:863][  0]LogConfig: Setting CVar [[r.EyeAdaptationQuality:2]]
[2021.01.17-11.22.19:863][  0]LogConfig: Setting CVar [[r.BloomQuality:5]]
[2021.01.17-11.22.19:863][  0]LogConfig: Setting CVar [[r.FastBlurThreshold:100]]
[2021.01.17-11.22.19:863][  0]LogConfig: Setting CVar [[r.Upscale.Quality:3]]
[2021.01.17-11.22.19:863][  0]LogConfig: Setting CVar [[r.Tonemapper.GrainQuantization:1]]
[2021.01.17-11.22.19:863][  0]LogConfig: Setting CVar [[r.LightShaftQuality:1]]
[2021.01.17-11.22.19:863][  0]LogConfig: Setting CVar [[r.Filter.SizeScale:1]]
[2021.01.17-11.22.19:863][  0]LogConfig: Setting CVar [[r.Tonemapper.Quality:5]]
[2021.01.17-11.22.19:863][  0]LogConfig: Setting CVar [[r.DOF.Gather.AccumulatorQuality:1        ; higher gathering accumulator quality]]
[2021.01.17-11.22.19:863][  0]LogConfig: Setting CVar [[r.DOF.Gather.PostfilterMethod:1          ; Median3x3 postfilering method]]
[2021.01.17-11.22.19:863][  0]LogConfig: Setting CVar [[r.DOF.Gather.EnableBokehSettings:0       ; no bokeh simulation when gathering]]
[2021.01.17-11.22.19:863][  0]LogConfig: Setting CVar [[r.DOF.Gather.RingCount:4                 ; medium number of samples when gathering]]
[2021.01.17-11.22.19:863][  0]LogConfig: Setting CVar [[r.DOF.Scatter.ForegroundCompositing:1    ; additive foreground scattering]]
[2021.01.17-11.22.19:863][  0]LogConfig: Setting CVar [[r.DOF.Scatter.BackgroundCompositing:2    ; additive background scattering]]
[2021.01.17-11.22.19:863][  0]LogConfig: Setting CVar [[r.DOF.Scatter.EnableBokehSettings:1      ; bokeh simulation when scattering]]
[2021.01.17-11.22.19:863][  0]LogConfig: Setting CVar [[r.DOF.Scatter.MaxSpriteRatio:0.1         ; only a maximum of 10% of scattered bokeh]]
[2021.01.17-11.22.19:863][  0]LogConfig: Setting CVar [[r.DOF.Recombine.Quality:1                ; cheap slight out of focus]]
[2021.01.17-11.22.19:863][  0]LogConfig: Setting CVar [[r.DOF.Recombine.EnableBokehSettings:0    ; no bokeh simulation on slight out of focus]]
[2021.01.17-11.22.19:863][  0]LogConfig: Setting CVar [[r.DOF.TemporalAAQuality:1                ; more stable temporal accumulation]]
[2021.01.17-11.22.19:863][  0]LogConfig: Setting CVar [[r.DOF.Kernel.MaxForegroundRadius:0.025]]
[2021.01.17-11.22.19:863][  0]LogConfig: Setting CVar [[r.DOF.Kernel.MaxBackgroundRadius:0.025]]
[2021.01.17-11.22.19:863][  0]LogConfig: Applying CVar settings from Section [TextureQuality@3] File [D:/Git/Unreal_GrandTrenchWar/Unreal_GrandTrenchWar/GrandTrenchWar/Saved/Config/Windows/Scalability.ini]
[2021.01.17-11.22.19:863][  0]LogConfig: Setting CVar [[r.Streaming.MipBias:0]]
[2021.01.17-11.22.19:863][  0]LogConfig: Setting CVar [[r.Streaming.AmortizeCPUToGPUCopy:0]]
[2021.01.17-11.22.19:863][  0]LogConfig: Setting CVar [[r.Streaming.MaxNumTexturesToStreamPerFrame:0]]
[2021.01.17-11.22.19:863][  0]LogConfig: Setting CVar [[r.Streaming.Boost:1]]
[2021.01.17-11.22.19:863][  0]LogConfig: Setting CVar [[r.MaxAnisotropy:8]]
[2021.01.17-11.22.19:863][  0]LogConfig: Setting CVar [[r.Streaming.LimitPoolSizeToVRAM:0]]
[2021.01.17-11.22.19:863][  0]LogConfig: Setting CVar [[r.Streaming.PoolSize:1000]]
[2021.01.17-11.22.19:863][  0]LogConfig: Setting CVar [[r.Streaming.MaxEffectiveScreenSize:0]]
[2021.01.17-11.22.19:863][  0]LogConfig: Applying CVar settings from Section [EffectsQuality@3] File [D:/Git/Unreal_GrandTrenchWar/Unreal_GrandTrenchWar/GrandTrenchWar/Saved/Config/Windows/Scalability.ini]
[2021.01.17-11.22.19:863][  0]LogConfig: Setting CVar [[r.TranslucencyLightingVolumeDim:64]]
[2021.01.17-11.22.19:863][  0]LogConfig: Setting CVar [[r.RefractionQuality:2]]
[2021.01.17-11.22.19:863][  0]LogConfig: Setting CVar [[r.SSR.Quality:3]]
[2021.01.17-11.22.19:863][  0]LogConfig: Setting CVar [[r.SceneColorFormat:4]]
[2021.01.17-11.22.19:863][  0]LogConfig: Setting CVar [[r.DetailMode:2]]
[2021.01.17-11.22.19:863][  0]LogConfig: Setting CVar [[r.TranslucencyVolumeBlur:1]]
[2021.01.17-11.22.19:863][  0]LogConfig: Setting CVar [[r.MaterialQualityLevel:1 ; High quality]]
[2021.01.17-11.22.19:863][  0]LogConfig: Setting CVar [[r.SSS.Scale:1]]
[2021.01.17-11.22.19:863][  0]LogConfig: Setting CVar [[r.SSS.SampleSet:2]]
[2021.01.17-11.22.19:863][  0]LogConfig: Setting CVar [[r.SSS.Quality:1]]
[2021.01.17-11.22.19:863][  0]LogConfig: Setting CVar [[r.SSS.HalfRes:1]]
[2021.01.17-11.22.19:863][  0]LogConfig: Setting CVar [[r.EmitterSpawnRateScale:1.0]]
[2021.01.17-11.22.19:863][  0]LogConfig: Setting CVar [[r.ParticleLightQuality:2]]
[2021.01.17-11.22.19:863][  0]LogConfig: Applying CVar settings from Section [FoliageQuality@3] File [D:/Git/Unreal_GrandTrenchWar/Unreal_GrandTrenchWar/GrandTrenchWar/Saved/Config/Windows/Scalability.ini]
[2021.01.17-11.22.19:863][  0]LogConfig: Setting CVar [[foliage.DensityScale:1.0]]
[2021.01.17-11.22.19:863][  0]LogConfig: Setting CVar [[grass.DensityScale:1.0]]
[2021.01.17-11.22.19:863][  0]LogConfig: Applying CVar settings from Section [Startup] File [../../../Engine/Config/ConsoleVariables.ini]
[2021.01.17-11.22.19:864][  0]LogConfig: Setting CVar [[net.UseAdaptiveNetUpdateFrequency:0]]
[2021.01.17-11.22.19:864][  0]LogConfig: Setting CVar [[p.chaos.AllowCreatePhysxBodies:1]]
[2021.01.17-11.22.19:864][  0]LogConfig: Applying CVar settings from Section [ConsoleVariables] File [D:/Git/Unreal_GrandTrenchWar/Unreal_GrandTrenchWar/GrandTrenchWar/Saved/Config/Windows/Engine.ini]
[2021.01.17-11.22.19:864][  0]LogInit: Computer: DESKTOP-4IV1O4J
[2021.01.17-11.22.19:864][  0]LogInit: User: 강건
[2021.01.17-11.22.19:864][  0]LogInit: CPU Page size=4096, Cores=6
[2021.01.17-11.22.19:864][  0]LogInit: High frequency timer resolution =10.000000 MHz
[2021.01.17-11.22.19:864][  0]LogMemory: Memory total: Physical=48.0GB (48GB approx)
[2021.01.17-11.22.19:864][  0]LogMemory: Platform Memory Stats for Windows
[2021.01.17-11.22.19:864][  0]LogMemory: Process Physical Memory: 143.01 MB used, 143.01 MB peak
[2021.01.17-11.22.19:864][  0]LogMemory: Process Virtual Memory: 118.77 MB used, 118.77 MB peak
[2021.01.17-11.22.19:864][  0]LogMemory: Physical Memory: 10608.12 MB used,  38493.19 MB free, 49101.31 MB total
[2021.01.17-11.22.19:864][  0]LogMemory: Virtual Memory: 4822.13 MB used,  134212904.00 MB free, 134217728.00 MB total
[2021.01.17-11.22.19:986][  0]LogInit: Using OS detected language (ko-KR).
[2021.01.17-11.22.19:986][  0]LogInit: Using OS detected locale (ko-KR).
[2021.01.17-11.22.19:986][  0]LogTextLocalizationManager: No specific localization for 'ko-KR' exists, so the 'ko' localization will be used.
[2021.01.17-11.22.20:274][  0]LogSlate: New Slate User Created.  User Index 0, Is Virtual User: 0
[2021.01.17-11.22.20:274][  0]LogSlate: Slate User Registered.  User Index 0, Is Virtual User: 0
[2021.01.17-11.22.20:296][  0]LogD3D11RHI: D3D11 adapters:
[2021.01.17-11.22.20:425][  0]LogD3D11RHI:    0. 'NVIDIA GeForce RTX 2080' (Feature Level 11_0)
[2021.01.17-11.22.20:425][  0]LogD3D11RHI:       8010/0/24550 MB DedicatedVideo/DedicatedSystem/SharedSystem, Outputs:2, VendorId:0x10de
[2021.01.17-11.22.20:432][  0]LogD3D11RHI:    1. 'Microsoft Basic Render Driver' (Feature Level 11_0)
[2021.01.17-11.22.20:432][  0]LogD3D11RHI:       0/0/24550 MB DedicatedVideo/DedicatedSystem/SharedSystem, Outputs:0, VendorId:0x1414
[2021.01.17-11.22.20:432][  0]LogD3D11RHI: Chosen D3D11 Adapter: 0
[2021.01.17-11.22.20:443][  0]LogD3D11RHI: Creating new Direct3DDevice
[2021.01.17-11.22.20:444][  0]LogD3D11RHI:     GPU DeviceId: 0x1e87 (for the marketing name, search the web for "GPU Device Id")
[2021.01.17-11.22.20:444][  0]LogWindows: EnumDisplayDevices:
[2021.01.17-11.22.20:444][  0]LogWindows:    0. 'NVIDIA GeForce RTX 2080' (P:0 D:1)
[2021.01.17-11.22.20:445][  0]LogWindows:    1. 'NVIDIA GeForce RTX 2080' (P:1 D:1)
[2021.01.17-11.22.20:446][  0]LogWindows:    2. 'NVIDIA GeForce RTX 2080' (P:0 D:0)
[2021.01.17-11.22.20:447][  0]LogWindows:    3. 'NVIDIA GeForce RTX 2080' (P:0 D:0)
[2021.01.17-11.22.20:447][  0]LogWindows: DebugString: FoundDriverCount:4 
[2021.01.17-11.22.20:447][  0]LogD3D11RHI:     Adapter Name: NVIDIA GeForce RTX 2080
[2021.01.17-11.22.20:447][  0]LogD3D11RHI:   Driver Version: 460.89 (internal:27.21.14.6089, unified:460.89)
[2021.01.17-11.22.20:447][  0]LogD3D11RHI:      Driver Date: 12-11-2020
[2021.01.17-11.22.20:447][  0]LogRHI: Texture pool is 5607 MB (70% of 8010 MB)
[2021.01.17-11.22.20:528][  0]LogD3D11RHI: Async texture creation enabled
[2021.01.17-11.22.20:541][  0]LogRendererCore: FGlobalReadBuffer::InitRHI
[2021.01.17-11.22.20:541][  0]LogRendererCore: FGlobalReadBuffer::InitRHI
[2021.01.17-11.22.20:541][  0]LogRendererCore: FGlobalReadBuffer::InitRHI
[2021.01.17-11.22.20:548][  0]LogD3D11RHI: GPU Timing Frequency: 1000.000000 (Debug: 2 1)
[2021.01.17-11.22.21:193][  0]LogTemp: Display: Module 'WindowsClientTargetPlatform' loaded TargetPlatform 'WindowsClient'
[2021.01.17-11.22.21:206][  0]LogTemp: Display: Module 'WindowsNoEditorTargetPlatform' loaded TargetPlatform 'WindowsNoEditor'
[2021.01.17-11.22.21:219][  0]LogTemp: Display: Module 'WindowsServerTargetPlatform' loaded TargetPlatform 'WindowsServer'
[2021.01.17-11.22.21:225][  0]LogTemp: Display: Module 'WindowsTargetPlatform' loaded TargetPlatform 'Windows'
[2021.01.17-11.22.21:225][  0]LogTargetPlatformManager: Display: Building Assets For Windows
[2021.01.17-11.22.21:235][  0]LogAudioDebug: Display: Lib vorbis DLL was dynamically loaded.
[2021.01.17-11.22.21:283][  0]LogShaderCompilers: Guid format shader working directory is -58 characters bigger than the processId version (../../../../../Git/Unreal_GrandTrenchWar/Unreal_GrandTrenchWar/GrandTrenchWar/Intermediate/Shaders/WorkingDirectory/41500/).
[2021.01.17-11.22.21:284][  0]LogShaderCompilers: Cleaned the shader compiler working directory 'C:/temp/UnrealShaderWorkingDir/7730C6284B37104EA3EE0E903E49DDA8/'.
[2021.01.17-11.22.21:286][  0]LogXGEController: Cannot use XGE Controller as Incredibuild is not installed on this machine.
[2021.01.17-11.22.21:286][  0]LogShaderCompilers: Cannot use XGE Shader Compiler as Incredibuild is not installed on this machine.
[2021.01.17-11.22.21:286][  0]LogShaderCompilers: Display: Using Local Shader Compiler.
[2021.01.17-11.22.21:772][  0]LogDerivedDataCache: Display: Max Cache Size: 512 MB
[2021.01.17-11.22.21:805][  0]LogDerivedDataCache: Loaded boot cache 0.03s 71MB C:/Users/강건/AppData/Local/UnrealEngine/4.22/DerivedDataCache/Boot.ddc.
[2021.01.17-11.22.21:805][  0]LogDerivedDataCache: Display: Loaded Boot cache: C:/Users/강건/AppData/Local/UnrealEngine/4.22/DerivedDataCache/Boot.ddc
[2021.01.17-11.22.21:805][  0]LogDerivedDataCache: FDerivedDataBackendGraph:  Pak pak cache file ../../../../../Git/Unreal_GrandTrenchWar/Unreal_GrandTrenchWar/GrandTrenchWar/DerivedDataCache/DDC.ddp not found, will not use a pak cache.
[2021.01.17-11.22.21:805][  0]LogDerivedDataCache: Unable to find inner node Pak for hierarchical cache Hierarchy.
[2021.01.17-11.22.21:805][  0]LogDerivedDataCache: FDerivedDataBackendGraph:  CompressedPak pak cache file ../../../../../Git/Unreal_GrandTrenchWar/Unreal_GrandTrenchWar/GrandTrenchWar/DerivedDataCache/Compressed.ddp not found, will not use a pak cache.
[2021.01.17-11.22.21:805][  0]LogDerivedDataCache: Unable to find inner node CompressedPak for hierarchical cache Hierarchy.
[2021.01.17-11.22.21:817][  0]LogDerivedDataCache: Display: Pak cache opened for reading ../../../Engine/DerivedDataCache/Compressed.ddp.
[2021.01.17-11.22.21:817][  0]LogDerivedDataCache: FDerivedDataBackendGraph:  EnterprisePak pak cache file ../../../Enterprise/DerivedDataCache/Compressed.ddp not found, will not use a pak cache.
[2021.01.17-11.22.21:817][  0]LogDerivedDataCache: Unable to find inner node EnterprisePak for hierarchical cache Hierarchy.
[2021.01.17-11.22.21:829][  0]LogDerivedDataCache: Using Local data cache path C:/Users/강건/AppData/Local/UnrealEngine/Common/DerivedDataCache: Writable
[2021.01.17-11.22.21:829][  0]LogDerivedDataCache: Shared data cache path not found in *engine.ini, will not use an Shared cache.
[2021.01.17-11.22.21:829][  0]LogDerivedDataCache: Unable to find inner node Shared for hierarchical cache Hierarchy.
[2021.01.17-11.22.21:847][  0]LogMaterial: Verifying Global Shaders for PCD3D_SM5
[2021.01.17-11.22.21:854][  0]LogSlate: Using FreeType 2.6.0
[2021.01.17-11.22.21:855][  0]LogSlate: SlateFontServices - WITH_FREETYPE: 1, WITH_HARFBUZZ: 1
[2021.01.17-11.22.22:057][  0]LogInit: Using OS detected language (ko-KR).
[2021.01.17-11.22.22:057][  0]LogInit: Using OS detected locale (ko-KR).
[2021.01.17-11.22.22:057][  0]LogTextLocalizationManager: No localization for 'ko-KR' exists, so 'en' will be used for the language.
[2021.01.17-11.22.22:057][  0]LogTextLocalizationManager: No localization for 'ko-KR' exists, so 'en' will be used for the locale.
[2021.01.17-11.22.22:057][  0]LogSlate: FontCache flush requested. Reason: Culture for localization was changed
[2021.01.17-11.22.22:057][  0]LogSlate: FontCache flush requested. Reason: Culture for localization was changed
[2021.01.17-11.22.22:057][  0]LogTextLocalizationManager: Compacting localization data took   0.00ms
[2021.01.17-11.22.22:063][  0]LogAssetRegistry: FAssetRegistry took 0.0038 seconds to start up
[2021.01.17-11.22.22:223][  0]LogPackageLocalizationCache: Processed 9 localized package path(s) for 1 prioritized culture(s) in 0.000458 seconds
[2021.01.17-11.22.22:344][  0]LogInit: Selected Device Profile: [Windows]
[2021.01.17-11.22.22:453][  0]LogMeshReduction: Using QuadricMeshReduction for automatic static mesh reduction
[2021.01.17-11.22.22:453][  0]LogMeshReduction: Using SimplygonMeshReduction for automatic skeletal mesh reduction
[2021.01.17-11.22.22:453][  0]LogMeshReduction: Using ProxyLODMeshReduction for automatic mesh merging
[2021.01.17-11.22.22:453][  0]LogMeshReduction: No distributed automatic mesh merging module available
[2021.01.17-11.22.22:453][  0]LogMeshMerging: No distributed automatic mesh merging module available
[2021.01.17-11.22.22:462][  0]LogNetVersion: GrandTrenchWar 1.0.0, NetCL: 5660361, EngineNetVer: 10, GameNetVer: 0 (Checksum: 4025105772)
[2021.01.17-11.22.22:918][  0]LogMoviePlayer: Initializing movie player
[2021.01.17-11.22.23:040][  0]LogTcpMessaging: Initializing TcpMessaging bridge
[2021.01.17-11.22.23:052][  0]LogUdpMessaging: Initializing bridge on interface 0.0.0.0:0 to multicast group 230.0.0.1:6666.
[2021.01.17-11.22.23:053][  0]FUdpSocketBuilder: Failed to subscribe UdpMessageMulticastSocket to multicast group 230.0.0.1 on interface 0.0.0.0
[2021.01.17-11.22.23:053][  0]FUdpSocketBuilder: Failed to create and initialize socket UdpMessageMulticastSocket (last error: 0)
[2021.01.17-11.22.23:053][  0]LogUdpMessaging: Warning: StartTransport failed to create multicast socket on 0.0.0.0:0, joined to 230.0.0.1:6666 with TTL 1
[2021.01.17-11.22.23:142][  0]SourceControl: 소스 컨트롤이 꺼져 있습니다.
[2021.01.17-11.22.23:142][  0]SourceControl: 소스 컨트롤이 꺼져 있습니다.
[2021.01.17-11.22.23:143][  0]SourceControl: 소스 컨트롤이 꺼져 있습니다.
[2021.01.17-11.22.23:205][  0]LogAndroidPermission: UAndroidPermissionCallbackProxy::GetInstance
[2021.01.17-11.22.23:543][  0]LogOcInput: OculusInput pre-init called
[2021.01.17-11.22.23:552][  0]LogUObjectArray: 46430 objects as part of root set at end of initial load.
[2021.01.17-11.22.23:552][  0]LogUObjectAllocator: 8163104 out of 0 bytes used by permanent object pool.
[2021.01.17-11.22.23:552][  0]LogUObjectArray: CloseDisregardForGC: 0/0 objects in disregard for GC pool
[2021.01.17-11.22.23:676][  0]LogEngine: Initializing Engine...
[2021.01.17-11.22.23:688][  0]LogStats: UGameplayTagsManager::InitializeManager -  0.000 s
[2021.01.17-11.22.23:802][  0]LogInit: Initializing FReadOnlyCVARCache
[2021.01.17-11.22.23:961][  0]LogInit: XAudio2 using '헤드셋 이어폰(2- CORSAIR VOID PRO Wireless Gaming Headset)' : 6 channels at 48 kHz using 16 bits per sample (channel mask 0x3f)
[2021.01.17-11.22.24:205][  0]LogInit: FAudioDevice initialized.
[2021.01.17-11.22.24:217][  0]LogNetVersion: Set ProjectVersion to 1.0.0.0. Version Checksum will be recalculated on next use.
[2021.01.17-11.22.24:219][  0]LogInit: Texture streaming: Enabled
[2021.01.17-11.22.24:571][  0]LogSlate: Updating window title bar state: overlay mode, drag disabled, window buttons hidden, title bar hidden
[2021.01.17-11.22.24:572][  0]LogInit: Display: Game Engine Initialized.
[2021.01.17-11.22.24:621][  0]LogInit: Display: Starting Game.
[2021.01.17-11.22.24:621][  0]LogNet: Browse: /Game/Maps/MainMenu?Name=Player
[2021.01.17-11.22.24:622][  0]LogLoad: LoadMap: /Game/Maps/MainMenu?Name=Player
[2021.01.17-11.22.24:655][  0]LogUObjectHash: Compacting FUObjectHashTables data took   1.84ms
[2021.01.17-11.22.24:670][  0]LogAIModule: Creating AISystem for world MainMenu
[2021.01.17-11.22.24:670][  0]LogLoad: Game class is 'GameMode'
[2021.01.17-11.22.24:671][  0]LogWorld: Bringing World /Game/Maps/MainMenu.MainMenu up for play (max tick rate 0) at 2021.01.17-20.22.24
[2021.01.17-11.22.24:671][  0]LogWorld: Bringing up level for play took: 0.000274
[2021.01.17-11.22.24:671][  0]LogGameMode: FindPlayerStart: PATHS NOT DEFINED or NO PLAYERSTART with positive rating
[2021.01.17-11.22.24:688][  0]LogGameMode: Display: Match State Changed from EnteringMap to WaitingToStart
[2021.01.17-11.22.24:688][  0]LogGameState: Match State Changed from EnteringMap to WaitingToStart
[2021.01.17-11.22.24:688][  0]LogGameMode: Display: Match State Changed from WaitingToStart to InProgress
[2021.01.17-11.22.24:698][  0]LogGameState: Match State Changed from WaitingToStart to InProgress
[2021.01.17-11.22.24:698][  0]LogLoad: Took 0.076901 seconds to LoadMap(/Game/Maps/MainMenu)
[2021.01.17-11.22.24:753][  0]LogRenderer: Reallocating scene render targets to support 1280x720 Format 10 NumSamples 1 (Frame:1).
[2021.01.17-11.22.24:753][  0]LogLoad: (Engine Initialization) Total time: 7.51 seconds
[2021.01.17-11.22.24:753][  0]LogLoad: (Engine Initialization) Total Blueprint compile time: 0.00 seconds
[2021.01.17-11.22.24:776][  0]LogContentStreaming: Texture pool size now 1000 MB
[2021.01.17-11.22.31:387][328]LogSlate: FSceneViewport::OnFocusLost() reason 0
[2021.01.17-11.22.38:082][744]LogOnlineSession: STEAM: Found 8 lobbies, finalizing the search
[2021.01.17-11.22.38:082][744]LogOnlineSession: STEAM: Search result 0: LobbyId=Lobby[0x18600000D70B46B], LobbyId.IsValid()=true, CSteamID(LobbyId).IsLobby()=true
[2021.01.17-11.22.38:083][744]LogOnlineSession: Warning: STEAM: Removed incompatible build: ServerBuildUniqueId = 0x00000141, GetBuildUniqueId() = 0x00565ec9
[2021.01.17-11.22.38:083][744]LogOnlineSession: Warning: STEAM: Unable to parse search result for lobby 'Lobby[0x18600000D70B46B]'
[2021.01.17-11.22.38:083][744]LogOnlineSession: STEAM: Search result 1: LobbyId=Lobby[0x18600000D70A5B2], LobbyId.IsValid()=true, CSteamID(LobbyId).IsLobby()=true
[2021.01.17-11.22.38:083][744]LogOnlineSession: Warning: STEAM: Unknown or unsupported data type from Steam key data BinaryData AAAASAAAAAAAAAEAAAAA/////wAAAADripDrpqzrr7gAAAAAAAAAAAAAAAAAAAAAAAAAAAAAAAEQAAE+nfmVABIAAAADAIoAAAAAAAAAAAAAAAAAAAAAAAAAAAAAAAAAAAAAAAAAAAAAAAAAAAAAAAAAAAAAAAAAAAAAAAAAAAAAAAAAAAAAAAAAAAAAAAAAAAAAAAAAAAAAAAAAAAAAAAAAAAAAAAAAAAAAAAAAAAAAAAAAAAAAAAAAAAAAAAAA
[2021.01.17-11.22.38:083][744]LogOnlineSession: Warning: STEAM: Failed to parse setting from key BinaryData value AAAASAAAAAAAAAEAAAAA/////wAAAADripDrpqzrr7gAAAAAAAAAAAAAAAAAAAAAAAAAAAAAAAEQAAE+nfmVABIAAAADAIoAAAAAAAAAAAAAAAAAAAAAAAAAAAAAAAAAAAAAAAAAAAAAAAAAAAAAAAAAAAAAAAAAAAAAAAAAAAAAAAAAAAAAAAAAAAAAAAAAAAAAAAAAAAAAAAAAAAAAAAAAAAAAAAAAAAAAAAAAAAAAAAAAAAAAAAAAAAAAAAAA
[2021.01.17-11.22.38:084][744]LogOnlineSession: Warning: STEAM: Unknown or unsupported data type from Steam key data BinarySize 192
[2021.01.17-11.22.38:084][744]LogOnlineSession: Warning: STEAM: Failed to parse setting from key BinarySize value 192
[2021.01.17-11.22.38:084][744]LogOnlineSession: Warning: STEAM: Unknown or unsupported data type from Steam key data IsBehindNAT true
[2021.01.17-11.22.38:084][744]LogOnlineSession: Warning: STEAM: Failed to parse setting from key IsBehindNAT value true
[2021.01.17-11.22.38:084][744]LogOnlineSession: Warning: STEAM: Unknown or unsupported data type from Steam key data MemberList {"76561199010806165": {"Name":"?????????","HR":"16","MR":"0"}}
[2021.01.17-11.22.38:084][744]LogOnlineSession: Warning: STEAM: Failed to parse setting from key MemberList value {"76561199010806165": {"Name":"?????????","HR":"16","MR":"0"}}
[2021.01.17-11.22.38:084][744]LogOnlineSession: Warning: STEAM: Unknown or unsupported data type from Steam key data name gabba3030
[2021.01.17-11.22.38:084][744]LogOnlineSession: Warning: STEAM: Failed to parse setting from key name value gabba3030
[2021.01.17-11.22.38:084][744]LogOnlineSession: Warning: STEAM: Unknown or unsupported data type from Steam key data OwnerID 011000013E9DF995
[2021.01.17-11.22.38:084][744]LogOnlineSession: Warning: STEAM: Failed to parse setting from key OwnerID value 011000013E9DF995
[2021.01.17-11.22.38:084][744]LogOnlineSession: Warning: STEAM: Unknown or unsupported data type from Steam key data SearchKey0 537284073
[2021.01.17-11.22.38:084][744]LogOnlineSession: Warning: STEAM: Failed to parse setting from key SearchKey0 value 537284073
[2021.01.17-11.22.38:084][744]LogOnlineSession: Warning: STEAM: Unknown or unsupported data type from Steam key data SearchKey1 0
[2021.01.17-11.22.38:084][744]LogOnlineSession: Warning: STEAM: Failed to parse setting from key SearchKey1 value 0
[2021.01.17-11.22.38:084][744]LogOnlineSession: Warning: STEAM: Unknown or unsupported data type from Steam key data SearchKey2 0
[2021.01.17-11.22.38:084][744]LogOnlineSession: Warning: STEAM: Failed to parse setting from key SearchKey2 value 0
[2021.01.17-11.22.38:084][744]LogOnlineSession: Warning: STEAM: Unknown or unsupported data type from Steam key data SearchKey3 0
[2021.01.17-11.22.38:084][744]LogOnlineSession: Warning: STEAM: Failed to parse setting from key SearchKey3 value 0
[2021.01.17-11.22.38:084][744]LogOnlineSession: Warning: STEAM: Unknown or unsupported data type from Steam key data SearchKey4 6
[2021.01.17-11.22.38:084][744]LogOnlineSession: Warning: STEAM: Failed to parse setting from key SearchKey4 value 6
[2021.01.17-11.22.38:084][744]LogOnlineSession: Warning: STEAM: Unknown or unsupported data type from Steam key data SearchKey5 0
[2021.01.17-11.22.38:084][744]LogOnlineSession: Warning: STEAM: Failed to parse setting from key SearchKey5 value 0
[2021.01.17-11.22.38:084][744]LogOnlineSession: Warning: STEAM: Unknown or unsupported data type from Steam key data SearchKey6 0
[2021.01.17-11.22.38:084][744]LogOnlineSession: Warning: STEAM: Failed to parse setting from key SearchKey6 value 0
[2021.01.17-11.22.38:084][744]LogOnlineSession: Warning: STEAM: Unknown or unsupported data type from Steam key data SearchKey7 18
[2021.01.17-11.22.38:084][744]LogOnlineSession: Warning: STEAM: Failed to parse setting from key SearchKey7 value 18
[2021.01.17-11.22.38:084][744]LogOnlineSession: Warning: STEAM: Unknown or unsupported data type from Steam key data SearchKeyNum 8
[2021.01.17-11.22.38:084][744]LogOnlineSession: Warning: STEAM: Failed to parse setting from key SearchKeyNum value 8
[2021.01.17-11.22.38:085][744]LogOnlineSession: Warning: STEAM: Unknown or unsupported data type from Steam key data SlotPrivateMax 0
[2021.01.17-11.22.38:085][744]LogOnlineSession: Warning: STEAM: Failed to parse setting from key SlotPrivateMax value 0
[2021.01.17-11.22.38:085][744]LogOnlineSession: Warning: STEAM: Unknown or unsupported data type from Steam key data SlotPrivateOpen 0
[2021.01.17-11.22.38:085][744]LogOnlineSession: Warning: STEAM: Failed to parse setting from key SlotPrivateOpen value 0
[2021.01.17-11.22.38:085][744]LogOnlineSession: Warning: STEAM: Unknown or unsupported data type from Steam key data SlotPublicMax 16
[2021.01.17-11.22.38:085][744]LogOnlineSession: Warning: STEAM: Failed to parse setting from key SlotPublicMax value 16
[2021.01.17-11.22.38:085][744]LogOnlineSession: Warning: STEAM: Unknown or unsupported data type from Steam key data SlotPublicOpen 15
[2021.01.17-11.22.38:085][744]LogOnlineSession: Warning: STEAM: Failed to parse setting from key SlotPublicOpen value 15
[2021.01.17-11.22.38:085][744]LogOnlineSession: Warning: STEAM: Unable to parse search result for lobby 'Lobby[0x18600000D70A5B2]'
[2021.01.17-11.22.38:085][744]LogOnlineSession: STEAM: Search result 2: LobbyId=Lobby[0x18600000D70C138], LobbyId.IsValid()=true, CSteamID(LobbyId).IsLobby()=true
[2021.01.17-11.22.38:085][744]LogOnlineSession: Warning: STEAM: Unknown or unsupported data type from Steam key data aislots 0
[2021.01.17-11.22.38:085][744]LogOnlineSession: Warning: STEAM: Failed to parse setting from key aislots value 0
[2021.01.17-11.22.38:085][744]LogOnlineSession: Warning: STEAM: Unknown or unsupported data type from Steam key data customnum1 16
[2021.01.17-11.22.38:085][744]LogOnlineSession: Warning: STEAM: Failed to parse setting from key customnum1 value 16
[2021.01.17-11.22.38:085][744]LogOnlineSession: Warning: STEAM: Unknown or unsupported data type from Steam key data customnum2 2
[2021.01.17-11.22.38:085][744]LogOnlineSession: Warning: STEAM: Failed to parse setting from key customnum2 value 2
[2021.01.17-11.22.38:085][744]LogOnlineSession: Warning: STEAM: Unknown or unsupported data type from Steam key data customstr1 Divinity: Original Sin 2
[2021.01.17-11.22.38:085][744]LogOnlineSession: Warning: STEAM: Failed to parse setting from key customstr1 value Divinity: Original Sin 2
[2021.01.17-11.22.38:085][744]LogOnlineSession: Warning: STEAM: Unknown or unsupported data type from Steam key data customstr2 OdinCore - Mod Services,Barterin
[2021.01.17-11.22.38:085][744]LogOnlineSession: Warning: STEAM: Failed to parse setting from key customstr2 value OdinCore - Mod Services,Barterin
[2021.01.17-11.22.38:085][744]LogOnlineSession: Warning: STEAM: Unknown or unsupported data type from Steam key data gamemode 0
[2021.01.17-11.22.38:085][744]LogOnlineSession: Warning: STEAM: Failed to parse setting from key gamemode value 0
[2021.01.17-11.22.38:085][744]LogOnlineSession: Warning: STEAM: Unknown or unsupported data type from Steam key data gameversion 3.6.37.7694
[2021.01.17-11.22.38:085][744]LogOnlineSession: Warning: STEAM: Failed to parse setting from key gameversion value 3.6.37.7694
[2021.01.17-11.22.38:085][744]LogOnlineSession: Warning: STEAM: Unknown or unsupported data type from Steam key data haspassword 0
[2021.01.17-11.22.38:085][744]LogOnlineSession: Warning: STEAM: Failed to parse setting from key haspassword value 0
[2021.01.17-11.22.38:085][744]LogOnlineSession: Warning: STEAM: Unknown or unsupported data type from Steam key data Host elqhddl4
[2021.01.17-11.22.38:085][744]LogOnlineSession: Warning: STEAM: Failed to parse setting from key Host value elqhddl4
[2021.01.17-11.22.38:085][744]LogOnlineSession: Warning: STEAM: Unknown or unsupported data type from Steam key data isingamelevel 1
[2021.01.17-11.22.38:085][744]LogOnlineSession: Warning: STEAM: Failed to parse setting from key isingamelevel value 1
[2021.01.17-11.22.38:085][744]LogOnlineSession: Warning: STEAM: Unknown or unsupported data type from Steam key data isloading 0
[2021.01.17-11.22.38:085][744]LogOnlineSession: Warning: STEAM: Failed to parse setting from key isloading value 0
[2021.01.17-11.22.38:086][744]LogOnlineSession: Warning: STEAM: Unknown or unsupported data type from Steam key data levelname CoS_Main
[2021.01.17-11.22.38:086][744]LogOnlineSession: Warning: STEAM: Failed to parse setting from key levelname value CoS_Main
[2021.01.17-11.22.38:086][744]LogOnlineSession: Warning: STEAM: Unknown or unsupported data type from Steam key data lobbyversion 13
[2021.01.17-11.22.38:086][744]LogOnlineSession: Warning: STEAM: Failed to parse setting from key lobbyversion value 13
[2021.01.17-11.22.38:086][744]LogOnlineSession: Warning: STEAM: Unknown or unsupported data type from Steam key data localizedlevelname ?????? ?????? ???
[2021.01.17-11.22.38:086][744]LogOnlineSession: Warning: STEAM: Failed to parse setting from key localizedlevelname value ?????? ?????? ???
[2021.01.17-11.22.38:086][744]LogOnlineSession: Warning: STEAM: Unknown or unsupported data type from Steam key data maxplayers 2
[2021.01.17-11.22.38:086][744]LogOnlineSession: Warning: STEAM: Failed to parse setting from key maxplayers value 2
[2021.01.17-11.22.38:086][744]LogOnlineSession: Warning: STEAM: Unknown or unsupported data type from Steam key data name elqhddl4??? ?????????
[2021.01.17-11.22.38:086][744]LogOnlineSession: Warning: STEAM: Failed to parse setting from key name value elqhddl4??? ?????????
[2021.01.17-11.22.38:086][744]LogOnlineSession: Warning: STEAM: Unknown or unsupported data type from Steam key data natpunchserverindex 0
[2021.01.17-11.22.38:086][744]LogOnlineSession: Warning: STEAM: Failed to parse setting from key natpunchserverindex value 0
[2021.01.17-11.22.38:086][744]LogOnlineSession: Warning: STEAM: Unknown or unsupported data type from Steam key data openslots 1
[2021.01.17-11.22.38:086][744]LogOnlineSession: Warning: STEAM: Failed to parse setting from key openslots value 1
[2021.01.17-11.22.38:086][744]LogOnlineSession: Warning: STEAM: Unknown or unsupported data type from Steam key data ownerguid 3039391161349816633
[2021.01.17-11.22.38:086][744]LogOnlineSession: Warning: STEAM: Failed to parse setting from key ownerguid value 3039391161349816633
[2021.01.17-11.22.38:086][744]LogOnlineSession: Warning: STEAM: Unknown or unsupported data type from Steam key data OwnerID 76561198977679012
[2021.01.17-11.22.38:086][744]LogOnlineSession: Warning: STEAM: Failed to parse setting from key OwnerID value 76561198977679012
[2021.01.17-11.22.38:086][744]LogOnlineSession: Warning: STEAM: Unknown or unsupported data type from Steam key data playerslots 2
[2021.01.17-11.22.38:086][744]LogOnlineSession: Warning: STEAM: Failed to parse setting from key playerslots value 2
[2021.01.17-11.22.38:086][744]LogOnlineSession: Warning: STEAM: Unknown or unsupported data type from Steam key data visibility D
[2021.01.17-11.22.38:086][744]LogOnlineSession: Warning: STEAM: Failed to parse setting from key visibility value D
[2021.01.17-11.22.38:086][744]LogOnlineSession: Warning: STEAM: Unknown or unsupported data type from Steam key data withsavegame 0
[2021.01.17-11.22.38:086][744]LogOnlineSession: Warning: STEAM: Failed to parse setting from key withsavegame value 0
[2021.01.17-11.22.38:086][744]LogOnlineSession: Warning: STEAM: Unable to parse search result for lobby 'Lobby[0x18600000D70C138]'
[2021.01.17-11.22.38:086][744]LogOnlineSession: STEAM: Search result 3: LobbyId=Lobby[0x18600000D70BA08], LobbyId.IsValid()=true, CSteamID(LobbyId).IsLobby()=true
[2021.01.17-11.22.38:087][744]LogOnlineSession: Warning: STEAM: Removed incompatible build: ServerBuildUniqueId = 0x00454c8a, GetBuildUniqueId() = 0x00565ec9
[2021.01.17-11.22.38:087][744]LogOnlineSession: Warning: STEAM: Unable to parse search result for lobby 'Lobby[0x18600000D70BA08]'
[2021.01.17-11.22.38:087][744]LogOnlineSession: STEAM: Search result 4: LobbyId=Lobby[0x18600000D70C915], LobbyId.IsValid()=true, CSteamID(LobbyId).IsLobby()=true
[2021.01.17-11.22.38:087][744]LogOnlineSession: Warning: STEAM: Unknown or unsupported data type from Steam key data cp 2
[2021.01.17-11.22.38:087][744]LogOnlineSession: Warning: STEAM: Failed to parse setting from key cp value 2
[2021.01.17-11.22.38:087][744]LogOnlineSession: Warning: STEAM: Unknown or unsupported data type from Steam key data FL 9
[2021.01.17-11.22.38:087][744]LogOnlineSession: Warning: STEAM: Failed to parse setting from key FL value 9
[2021.01.17-11.22.38:087][744]LogOnlineSession: Warning: STEAM: Unknown or unsupported data type from Steam key data LI 2
[2021.01.17-11.22.38:087][744]LogOnlineSession: Warning: STEAM: Failed to parse setting from key LI value 2
[2021.01.17-11.22.38:087][744]LogOnlineSession: Warning: STEAM: Unknown or unsupported data type from Steam key data ll 0
[2021.01.17-11.22.38:087][744]LogOnlineSession: Warning: STEAM: Failed to parse setting from key ll value 0
[2021.01.17-11.22.38:087][744]LogOnlineSession: Warning: STEAM: Unknown or unsupported data type from Steam key data LT 0
[2021.01.17-11.22.38:087][744]LogOnlineSession: Warning: STEAM: Failed to parse setting from key LT value 0
[2021.01.17-11.22.38:087][744]LogOnlineSession: Warning: STEAM: Unknown or unsupported data type from Steam key data MP 8
[2021.01.17-11.22.38:087][744]LogOnlineSession: Warning: STEAM: Failed to parse setting from key MP value 8
[2021.01.17-11.22.38:087][744]LogOnlineSession: Warning: STEAM: Unknown or unsupported data type from Steam key data name bjw4227
[2021.01.17-11.22.38:087][744]LogOnlineSession: Warning: STEAM: Failed to parse setting from key name value bjw4227
[2021.01.17-11.22.38:087][744]LogOnlineSession: Warning: STEAM: Unknown or unsupported data type from Steam key data net 20
[2021.01.17-11.22.38:087][744]LogOnlineSession: Warning: STEAM: Failed to parse setting from key net value 20
[2021.01.17-11.22.38:087][744]LogOnlineSession: Warning: STEAM: Unknown or unsupported data type from Steam key data version v1.4a0 2617
[2021.01.17-11.22.38:087][744]LogOnlineSession: Warning: STEAM: Failed to parse setting from key version value v1.4a0 2617
[2021.01.17-11.22.38:087][744]LogOnlineSession: Warning: STEAM: Unable to parse search result for lobby 'Lobby[0x18600000D70C915]'
[2021.01.17-11.22.38:087][744]LogOnlineSession: STEAM: Search result 5: LobbyId=Lobby[0x18600000D7090C7], LobbyId.IsValid()=true, CSteamID(LobbyId).IsLobby()=true
[2021.01.17-11.22.38:087][744]LogOnlineSession: Warning: STEAM: Unknown or unsupported data type from Steam key data currentmembers 4
[2021.01.17-11.22.38:087][744]LogOnlineSession: Warning: STEAM: Failed to parse setting from key currentmembers value 4
[2021.01.17-11.22.38:088][744]LogOnlineSession: Warning: STEAM: Unknown or unsupported data type from Steam key data guid 3faed059-be2a-4e1c-a551-aea5fdd75f6e
[2021.01.17-11.22.38:088][744]LogOnlineSession: Warning: STEAM: Failed to parse setting from key guid value 3faed059-be2a-4e1c-a551-aea5fdd75f6e
[2021.01.17-11.22.38:088][744]LogOnlineSession: Warning: STEAM: Unknown or unsupported data type from Steam key data name shimjae (BBongR)
[2021.01.17-11.22.38:088][744]LogOnlineSession: Warning: STEAM: Failed to parse setting from key name value shimjae (BBongR)
[2021.01.17-11.22.38:088][744]LogOnlineSession: Warning: STEAM: Unknown or unsupported data type from Steam key data __gameserverIP 0
[2021.01.17-11.22.38:088][744]LogOnlineSession: Warning: STEAM: Failed to parse setting from key __gameserverIP value 0
[2021.01.17-11.22.38:088][744]LogOnlineSession: Warning: STEAM: Unknown or unsupported data type from Steam key data __gameserverPort 0
[2021.01.17-11.22.38:088][744]LogOnlineSession: Warning: STEAM: Failed to parse setting from key __gameserverPort value 0
[2021.01.17-11.22.38:088][744]LogOnlineSession: Warning: STEAM: Unknown or unsupported data type from Steam key data __gameserverSteamID 90142088797259777
[2021.01.17-11.22.38:088][744]LogOnlineSession: Warning: STEAM: Failed to parse setting from key __gameserverSteamID value 90142088797259777
[2021.01.17-11.22.38:088][744]LogOnlineSession: Warning: STEAM: Unable to parse search result for lobby 'Lobby[0x18600000D7090C7]'
[2021.01.17-11.22.38:088][744]LogOnlineSession: STEAM: Search result 6: LobbyId=Lobby[0x18600000D70B2B1], LobbyId.IsValid()=true, CSteamID(LobbyId).IsLobby()=true
[2021.01.17-11.22.38:088][744]LogOnlineSession: Warning: STEAM: Removed incompatible build: ServerBuildUniqueId = 0x00000141, GetBuildUniqueId() = 0x00565ec9
[2021.01.17-11.22.38:088][744]LogOnlineSession: Warning: STEAM: Unable to parse search result for lobby 'Lobby[0x18600000D70B2B1]'
[2021.01.17-11.22.38:088][744]LogOnlineSession: STEAM: Search result 7: LobbyId=Lobby[0x18600000D706DD3], LobbyId.IsValid()=true, CSteamID(LobbyId).IsLobby()=true
[2021.01.17-11.22.38:088][744]LogOnlineSession: Warning: STEAM: Unknown or unsupported data type from Steam key data game_ver V1.9.2.15392
[2021.01.17-11.22.38:088][744]LogOnlineSession: Warning: STEAM: Failed to parse setting from key game_ver value V1.9.2.15392
[2021.01.17-11.22.38:088][744]LogOnlineSession: Warning: STEAM: Unknown or unsupported data type from Steam key data lobby_days_passed 14
[2021.01.17-11.22.38:089][744]LogOnlineSession: Warning: STEAM: Failed to parse setting from key lobby_days_passed value 14
[2021.01.17-11.22.38:089][744]LogOnlineSession: Warning: STEAM: Unknown or unsupported data type from Steam key data lobby_game_mode Story
[2021.01.17-11.22.38:089][744]LogOnlineSession: Warning: STEAM: Failed to parse setting from key lobby_game_mode value Story
[2021.01.17-11.22.38:089][744]LogOnlineSession: Warning: STEAM: Unknown or unsupported data type from Steam key data lobby_members shan24480 | Duelay
[2021.01.17-11.22.38:089][744]LogOnlineSession: Warning: STEAM: Failed to parse setting from key lobby_members value shan24480 | Duelay
[2021.01.17-11.22.38:089][744]LogOnlineSession: Warning: STEAM: Unknown or unsupported data type from Steam key data lobby_type Public
[2021.01.17-11.22.38:089][744]LogOnlineSession: Warning: STEAM: Failed to parse setting from key lobby_type value Public
[2021.01.17-11.22.38:089][744]LogOnlineSession: Warning: STEAM: Unknown or unsupported data type from Steam key data name MiuMiu:3
[2021.01.17-11.22.38:089][744]LogOnlineSession: Warning: STEAM: Failed to parse setting from key name value MiuMiu:3
[2021.01.17-11.22.38:089][744]LogOnlineSession: Warning: STEAM: Unknown or unsupported data type from Steam key data RESPAWN_POSITION (786.7, 140.1, 1534.8)
[2021.01.17-11.22.38:089][744]LogOnlineSession: Warning: STEAM: Failed to parse setting from key RESPAWN_POSITION value (786.7, 140.1, 1534.8)
[2021.01.17-11.22.38:089][744]LogOnlineSession: Warning: STEAM: Unknown or unsupported data type from Steam key data SESSION_ID 3c52b132-b213-4bf7-8a67-983bd4b1c344
[2021.01.17-11.22.38:089][744]LogOnlineSession: Warning: STEAM: Failed to parse setting from key SESSION_ID value 3c52b132-b213-4bf7-8a67-983bd4b1c344
[2021.01.17-11.22.38:089][744]LogOnlineSession: Warning: STEAM: Unable to parse search result for lobby 'Lobby[0x18600000D706DD3]'
[2021.01.17-11.22.41:565][959]LogInit: WinSock: I am DESKTOP-4IV1O4J (192.168.0.2:0)
[2021.01.17-11.22.41:565][959]LogOnline: Warning: OSS: Failed to send discovery broadcast SE_EHOSTUNREACH
[2021.01.17-11.22.43:146][ 57]LogOnlineSession: Warning: STEAM: Ignoring game search request while one is pending
[2021.01.17-11.24.10:164][446]LogSlate: Window 'GrandTrenchWar (64 비트, PCD3D_SM5) ' being destroyed
[2021.01.17-11.24.10:167][446]LogWindowsTextInputMethodSystem: Display: IME system now activated using TSF (Microsoft 입력기).
[2021.01.17-11.24.10:177][446]LogWindowsTextInputMethodSystem: Display: IME system now activated using TSF (Microsoft 입력기).
[2021.01.17-11.24.10:181][446]LogSlate: Updating window title bar state: overlay mode, drag disabled, window buttons hidden, title bar hidden
[2021.01.17-11.24.10:181][446]LogEngine: All Windows Closed
[2021.01.17-11.24.10:181][446]LogWindows: FPlatformMisc::RequestExit(0)
[2021.01.17-11.24.10:768][447]LogExit: Preparing to exit.
[2021.01.17-11.24.10:768][447]LogMoviePlayer: Shutting down movie player
