Log file open, 01/18/21 18:54:25
LogWindows: Failed to load 'aqProf.dll' (GetLastError=126)
LogWindows: File 'aqProf.dll' does not exist
LogWindows: Failed to load 'VtuneApi.dll' (GetLastError=126)
LogWindows: File 'VtuneApi.dll' does not exist
LogWindows: Failed to load 'VtuneApi32e.dll' (GetLastError=126)
LogWindows: File 'VtuneApi32e.dll' does not exist
LogConsoleResponse: Display: Failed to find resolution value strings in scalability ini. Falling back to default.
LogInit: Display: Running engine for game: GrandTrenchWar
LogPakFile: Registered encryption key '00000000000000000000000000000000': 0 pak files mounted, 0 remain pending
LogPlatformFile: Not using cached read wrapper
LogTaskGraph: Started task graph with 5 named threads and 35 total threads with 3 sets of task threads.
LogStats: Stats thread started at 0.396096
LogD3D11RHI: Loaded GFSDK_Aftermath_Lib.x64.dll
LogICUInternationalization: ICU TimeZone Detection - Raw Offset: +9:00, Platform Override: ''
LogPluginManager: Mounting plugin Paper2D
LogPluginManager: Mounting plugin AISupport
LogPluginManager: Mounting plugin LightPropagationVolume
LogPluginManager: Mounting plugin ActorLayerUtilities
LogPluginManager: Mounting plugin AnimationSharing
LogPluginManager: Mounting plugin CLionSourceCodeAccess
LogPluginManager: Mounting plugin CodeLiteSourceCodeAccess
LogPluginManager: Mounting plugin GitSourceControl
LogPluginManager: Mounting plugin KDevelopSourceCodeAccess
LogPluginManager: Mounting plugin NullSourceCodeAccess
LogPluginManager: Mounting plugin PerforceSourceControl
LogPluginManager: Mounting plugin SubversionSourceControl
LogPluginManager: Mounting plugin UObjectPlugin
LogPluginManager: Mounting plugin VisualStudioCodeSourceCodeAccess
LogPluginManager: Mounting plugin VisualStudioSourceCodeAccess
LogPluginManager: Mounting plugin XCodeSourceCodeAccess
LogPluginManager: Mounting plugin AssetManagerEditor
LogPluginManager: Mounting plugin CryptoKeys
LogPluginManager: Mounting plugin DataValidation
LogPluginManager: Mounting plugin FacialAnimation
LogPluginManager: Mounting plugin GameplayTagsEditor
LogPluginManager: Mounting plugin MacGraphicsSwitching
LogPluginManager: Mounting plugin MaterialAnalyzer
LogPluginManager: Mounting plugin MobileLauncherProfileWizard
LogPluginManager: Mounting plugin PluginBrowser
LogPluginManager: Mounting plugin SpeedTreeImporter
LogPluginManager: Mounting plugin DatasmithContent
LogPluginManager: Mounting plugin VariantManagerContent
LogPluginManager: Mounting plugin AlembicImporter
LogPluginManager: Mounting plugin AppleImageUtils
LogPluginManager: Mounting plugin AppleVision
LogPluginManager: Mounting plugin BackChannel
LogPluginManager: Mounting plugin CharacterAI
LogPluginManager: Mounting plugin GeometryCache
LogPluginManager: Mounting plugin HTML5Networking
LogPluginManager: Mounting plugin ProxyLODPlugin
LogPluginManager: Mounting plugin SkeletalReduction
LogPluginManager: Mounting plugin MagicLeap
LogPluginManager: Mounting plugin MagicLeapMedia
LogPluginManager: Mounting plugin AndroidMedia
LogPluginManager: Mounting plugin AvfMedia
LogPluginManager: Mounting plugin ImgMedia
LogPluginManager: Mounting plugin LinearTimecode
LogPluginManager: Mounting plugin MediaCompositing
LogPluginManager: Mounting plugin MediaPlayerEditor
LogPluginManager: Mounting plugin WebMMedia
LogPluginManager: Mounting plugin WmfMedia
LogPluginManager: Mounting plugin TcpMessaging
LogPluginManager: Mounting plugin UdpMessaging
LogPluginManager: Mounting plugin ActorSequence
LogPluginManager: Mounting plugin LevelSequenceEditor
LogPluginManager: Mounting plugin MatineeToLevelSequence
LogPluginManager: Mounting plugin NetcodeUnitTest
LogPluginManager: Mounting plugin NUTUnrealEngine4
LogPluginManager: Mounting plugin OnlineSubsystemGooglePlay
LogPluginManager: Mounting plugin OnlineSubsystemIOS
LogPluginManager: Mounting plugin OnlineSubsystem
LogPluginManager: Mounting plugin OnlineSubsystemNull
LogPluginManager: Mounting plugin OnlineSubsystemSteam
LogPluginManager: Mounting plugin OnlineSubsystemUtils
LogPluginManager: Mounting plugin LauncherChunkInstaller
LogPluginManager: Mounting plugin AndroidDeviceProfileSelector
LogPluginManager: Mounting plugin AndroidMoviePlayer
LogPluginManager: Mounting plugin AndroidPermission
LogPluginManager: Mounting plugin AppleMoviePlayer
LogPluginManager: Mounting plugin ArchVisCharacter
LogPluginManager: Mounting plugin AudioCapture
LogPluginManager: Mounting plugin CableComponent
LogPluginManager: Mounting plugin CustomMeshComponent
LogPluginManager: Mounting plugin EditableMesh
LogPluginManager: Mounting plugin ExampleDeviceProfileSelector
LogPluginManager: Mounting plugin Firebase
LogPluginManager: Mounting plugin GoogleCloudMessaging
LogPluginManager: Mounting plugin IOSDeviceProfileSelector
LogPluginManager: Mounting plugin LinuxDeviceProfileSelector
LogPluginManager: Mounting plugin LocationServicesBPLibrary
LogPluginManager: Mounting plugin MobilePatchingUtils
LogPluginManager: Mounting plugin OculusVR
LogPluginManager: Mounting plugin PhysXVehicles
LogPluginManager: Mounting plugin ProceduralMeshComponent
LogPluginManager: Mounting plugin RuntimePhysXCooking
LogPluginManager: Mounting plugin SignificanceManager
LogPluginManager: Mounting plugin WebMMoviePlayer
LogPluginManager: Mounting plugin WindowsMoviePlayer
LogInit: Using libcurl 7.55.1-DEV
LogInit:  - built for x86_64-pc-win32
LogInit:  - supports SSL with OpenSSL/1.1.1
LogInit:  - supports HTTP deflate (compression) using libz 1.2.8
LogInit:  - other features:
LogInit:      CURL_VERSION_SSL
LogInit:      CURL_VERSION_LIBZ
LogInit:      CURL_VERSION_IPV6
LogInit:      CURL_VERSION_ASYNCHDNS
LogInit:      CURL_VERSION_LARGEFILE
LogInit:      CURL_VERSION_IDN
LogInit:  CurlRequestOptions (configurable via config and command line):
LogInit:  - bVerifyPeer = true  - Libcurl will verify peer certificate
LogInit:  - bUseHttpProxy = false  - Libcurl will NOT use HTTP proxy
LogInit:  - bDontReuseConnections = false  - Libcurl will reuse connections
LogInit:  - MaxHostConnections = 16  - Libcurl will limit the number of connections to a host
LogInit:  - LocalHostAddr = Default
LogInit:  - BufferSize = 65536
LogOnline: Display: STEAM: Loading Steam SDK 1.39
LogOnline: STEAM: Steam User is subscribed 1
LogOnline: STEAM: [AppId: 480] Client API initialized 1
LogOnline: STEAM: [AppId: 480] Game Server API initialized 1
LogOnline: STEAM: Missing P2PCleanupTimeout key in OnlineSubsystemSteam of DefaultEngine.ini, using default
LogInit: WinSock: version 1.1 (2.2), MaxSocks=32767, MaxUdp=65467
LogHMD: Failed initializing OVRPlugin 1.32.0
LogInit: Build: ++UE4+Release-4.22-CL-7053642
LogInit: Engine Version: 4.22.3-7053642+++UE4+Release-4.22
LogInit: Compatible Engine Version: 4.22.0-5660361+++UE4+Release-4.22
LogInit: Net CL: 5660361
LogInit: OS: Windows 10 (Release 1909) (), CPU: AMD Ryzen 5 3600 6-Core Processor              , GPU: NVIDIA GeForce RTX 2080
LogInit: Compiled (64-bit): Jun 18 2019 03:09:11
LogInit: Compiled with Visual C++: 19.16.27025.01
LogInit: Build Configuration: Development
LogInit: Branch Name: ++UE4+Release-4.22
LogInit: Command Line:  /Game/Maps/MainMenu -game -PIEVIACONSOLE -ResX=1280 -ResY=720 -Multiprocess -messaging -SessionName="Play in Standalone Game" -windowed
LogInit: Base Directory: D:/UE4/UE_4.22/Engine/Binaries/Win64/
LogInit: Installed Engine Build: 1
LogDevObjectVersion: Number of dev versions registered: 23
LogDevObjectVersion:   Dev-Blueprints (B0D832E4-1F89-4F0D-ACCF-7EB736FD4AA2): 10
LogDevObjectVersion:   Dev-Build (E1C64328-A22C-4D53-A36C-8E866417BD8C): 0
LogDevObjectVersion:   Dev-Core (375EC13C-06E4-48FB-B500-84F0262A717E): 3
LogDevObjectVersion:   Dev-Editor (E4B068ED-F494-42E9-A231-DA0B2E46BB41): 30
LogDevObjectVersion:   Dev-Framework (CFFC743F-43B0-4480-9391-14DF171D2073): 35
LogDevObjectVersion:   Dev-Mobile (B02B49B5-BB20-44E9-A304-32B752E40360): 2
LogDevObjectVersion:   Dev-Networking (A4E4105C-59A1-49B5-A7C5-40C4547EDFEE): 0
LogDevObjectVersion:   Dev-Online (39C831C9-5AE6-47DC-9A44-9C173E1C8E7C): 0
LogDevObjectVersion:   Dev-Physics (78F01B33-EBEA-4F98-B9B4-84EACCB95AA2): 0
LogDevObjectVersion:   Dev-Platform (6631380F-2D4D-43E0-8009-CF276956A95A): 0
LogDevObjectVersion:   Dev-Rendering (12F88B9F-8875-4AFC-A67C-D90C383ABD29): 28
LogDevObjectVersion:   Dev-Sequencer (7B5AE74C-D270-4C10-A958-57980B212A5A): 11
LogDevObjectVersion:   Dev-VR (D7296918-1DD6-4BDD-9DE2-64A83CC13884): 2
LogDevObjectVersion:   Dev-LoadTimes (C2A15278-BFE7-4AFE-6C17-90FF531DF755): 1
LogDevObjectVersion:   Private-Geometry (6EACA3D4-40EC-4CC1-B786-8BED09428FC5): 3
LogDevObjectVersion:   Dev-AnimPhys (29E575DD-E0A3-4627-9D10-D276232CDCEA): 17
LogDevObjectVersion:   Dev-Anim (AF43A65D-7FD3-4947-9873-3E8ED9C1BB05): 2
LogDevObjectVersion:   Dev-ReflectionCapture (6B266CEC-1EC7-4B8F-A30B-E4D90942FC07): 1
LogDevObjectVersion:   Dev-Automation (0DF73D61-A23F-47EA-B727-89E90C41499A): 1
LogDevObjectVersion:   FortniteMain (601D1886-AC64-4F84-AA16-D3DE0DEAC7D6): 25
LogDevObjectVersion:   Dev-Enterprise (9DFFBCD6-494F-0158-E221-12823C92A888): 6
LogDevObjectVersion:   Dev-Niagara (F2AED0AC-9AFE-416F-8664-AA7FFA26D6FC): 1
LogDevObjectVersion:   Dev-Destruction (174F1F0B-B4C6-45A5-B13F-2EE8D0FB917D): 2
LogInit: Presizing for max 16777216 objects, including 0 objects not considered by GC, pre-allocating 0 bytes for permanent pool.
LogInit: Object subsystem initialized
LogConfig: Setting CVar [[con.DebugEarlyDefault:1]]
LogConfig: Setting CVar [[r.setres:1280x720]]
[2021.01.18-09.54.26:041][  0]LogConfig: Setting CVar [[con.DebugEarlyDefault:1]]
[2021.01.18-09.54.26:041][  0]LogConfig: Setting CVar [[r.setres:1280x720]]
[2021.01.18-09.54.26:041][  0]LogConfig: Applying CVar settings from Section [/Script/Engine.RendererSettings] File [D:/Git/Unreal_GrandTrenchWar/Unreal_GrandTrenchWar/GrandTrenchWar/Saved/Config/Windows/Engine.ini]
[2021.01.18-09.54.26:041][  0]LogConfig: Setting CVar [[r.GPUCrashDebugging:0]]
[2021.01.18-09.54.26:041][  0]LogConfig: Applying CVar settings from Section [/Script/Engine.RendererOverrideSettings] File [D:/Git/Unreal_GrandTrenchWar/Unreal_GrandTrenchWar/GrandTrenchWar/Saved/Config/Windows/Engine.ini]
[2021.01.18-09.54.26:041][  0]LogConfig: Applying CVar settings from Section [/Script/Engine.StreamingSettings] File [D:/Git/Unreal_GrandTrenchWar/Unreal_GrandTrenchWar/GrandTrenchWar/Saved/Config/Windows/Engine.ini]
[2021.01.18-09.54.26:042][  0]LogConfig: Setting CVar [[s.MinBulkDataSizeForAsyncLoading:131072]]
[2021.01.18-09.54.26:042][  0]LogConfig: Setting CVar [[s.AsyncLoadingThreadEnabled:0]]
[2021.01.18-09.54.26:042][  0]LogConfig: Setting CVar [[s.EventDrivenLoaderEnabled:1]]
[2021.01.18-09.54.26:042][  0]LogConfig: Setting CVar [[s.WarnIfTimeLimitExceeded:0]]
[2021.01.18-09.54.26:042][  0]LogConfig: Setting CVar [[s.TimeLimitExceededMultiplier:1.5]]
[2021.01.18-09.54.26:042][  0]LogConfig: Setting CVar [[s.TimeLimitExceededMinTime:0.005]]
[2021.01.18-09.54.26:042][  0]LogConfig: Setting CVar [[s.UseBackgroundLevelStreaming:1]]
[2021.01.18-09.54.26:042][  0]LogConfig: Setting CVar [[s.PriorityAsyncLoadingExtraTime:15.0]]
[2021.01.18-09.54.26:042][  0]LogConfig: Setting CVar [[s.LevelStreamingActorsUpdateTimeLimit:5.0]]
[2021.01.18-09.54.26:042][  0]LogConfig: Setting CVar [[s.PriorityLevelStreamingActorsUpdateExtraTime:5.0]]
[2021.01.18-09.54.26:042][  0]LogConfig: Setting CVar [[s.LevelStreamingComponentsRegistrationGranularity:10]]
[2021.01.18-09.54.26:042][  0]LogConfig: Setting CVar [[s.UnregisterComponentsTimeLimit:1.0]]
[2021.01.18-09.54.26:042][  0]LogConfig: Setting CVar [[s.LevelStreamingComponentsUnregistrationGranularity:5]]
[2021.01.18-09.54.26:042][  0]LogConfig: Applying CVar settings from Section [/Script/Engine.GarbageCollectionSettings] File [D:/Git/Unreal_GrandTrenchWar/Unreal_GrandTrenchWar/GrandTrenchWar/Saved/Config/Windows/Engine.ini]
[2021.01.18-09.54.26:042][  0]LogConfig: Setting CVar [[gc.MaxObjectsNotConsideredByGC:1]]
[2021.01.18-09.54.26:042][  0]LogConfig: Setting CVar [[gc.SizeOfPermanentObjectPool:0]]
[2021.01.18-09.54.26:042][  0]LogConfig: Setting CVar [[gc.FlushStreamingOnGC:0]]
[2021.01.18-09.54.26:042][  0]LogConfig: Setting CVar [[gc.NumRetriesBeforeForcingGC:10]]
[2021.01.18-09.54.26:042][  0]LogConfig: Setting CVar [[gc.AllowParallelGC:1]]
[2021.01.18-09.54.26:042][  0]LogConfig: Setting CVar [[gc.TimeBetweenPurgingPendingKillObjects:61.1]]
[2021.01.18-09.54.26:042][  0]LogConfig: Setting CVar [[gc.MaxObjectsInEditor:16777216]]
[2021.01.18-09.54.26:042][  0]LogConfig: Setting CVar [[gc.IncrementalBeginDestroyEnabled:1]]
[2021.01.18-09.54.26:042][  0]LogConfig: Setting CVar [[gc.CreateGCClusters:1]]
[2021.01.18-09.54.26:042][  0]LogConfig: Setting CVar [[gc.MinGCClusterSize:5]]
[2021.01.18-09.54.26:042][  0]LogConfig: Setting CVar [[gc.ActorClusteringEnabled:0]]
[2021.01.18-09.54.26:042][  0]LogConfig: Setting CVar [[gc.BlueprintClusteringEnabled:0]]
[2021.01.18-09.54.26:042][  0]LogConfig: Setting CVar [[gc.UseDisregardForGCOnDedicatedServers:0]]
[2021.01.18-09.54.26:042][  0]LogConfig: Applying CVar settings from Section [/Script/Engine.NetworkSettings] File [D:/Git/Unreal_GrandTrenchWar/Unreal_GrandTrenchWar/GrandTrenchWar/Saved/Config/Windows/Engine.ini]
[2021.01.18-09.54.26:042][  0]LogConfig: Applying CVar settings from Section [/Script/UnrealEd.CookerSettings] File [D:/Git/Unreal_GrandTrenchWar/Unreal_GrandTrenchWar/GrandTrenchWar/Saved/Config/Windows/Engine.ini]
[2021.01.18-09.54.26:046][  0]LogConfig: Applying CVar settings from Section [ViewDistanceQuality@3] File [D:/Git/Unreal_GrandTrenchWar/Unreal_GrandTrenchWar/GrandTrenchWar/Saved/Config/Windows/Scalability.ini]
[2021.01.18-09.54.26:046][  0]LogConfig: Setting CVar [[r.SkeletalMeshLODBias:0]]
[2021.01.18-09.54.26:046][  0]LogConfig: Setting CVar [[r.ViewDistanceScale:1.0]]
[2021.01.18-09.54.26:046][  0]LogConfig: Applying CVar settings from Section [AntiAliasingQuality@3] File [D:/Git/Unreal_GrandTrenchWar/Unreal_GrandTrenchWar/GrandTrenchWar/Saved/Config/Windows/Scalability.ini]
[2021.01.18-09.54.26:046][  0]LogConfig: Setting CVar [[r.PostProcessAAQuality:4]]
[2021.01.18-09.54.26:046][  0]LogConfig: Applying CVar settings from Section [ShadowQuality@3] File [D:/Git/Unreal_GrandTrenchWar/Unreal_GrandTrenchWar/GrandTrenchWar/Saved/Config/Windows/Scalability.ini]
[2021.01.18-09.54.26:046][  0]LogConfig: Setting CVar [[r.LightFunctionQuality:1]]
[2021.01.18-09.54.26:046][  0]LogConfig: Setting CVar [[r.ShadowQuality:5]]
[2021.01.18-09.54.26:046][  0]LogConfig: Setting CVar [[r.Shadow.CSM.MaxCascades:10]]
[2021.01.18-09.54.26:046][  0]LogConfig: Setting CVar [[r.Shadow.MaxResolution:2048]]
[2021.01.18-09.54.26:046][  0]LogConfig: Setting CVar [[r.Shadow.MaxCSMResolution:2048]]
[2021.01.18-09.54.26:046][  0]LogConfig: Setting CVar [[r.Shadow.RadiusThreshold:0.01]]
[2021.01.18-09.54.26:046][  0]LogConfig: Setting CVar [[r.Shadow.DistanceScale:1.0]]
[2021.01.18-09.54.26:046][  0]LogConfig: Setting CVar [[r.Shadow.CSM.TransitionScale:1.0]]
[2021.01.18-09.54.26:046][  0]LogConfig: Setting CVar [[r.Shadow.PreShadowResolutionFactor:1.0]]
[2021.01.18-09.54.26:046][  0]LogConfig: Setting CVar [[r.DistanceFieldShadowing:1]]
[2021.01.18-09.54.26:046][  0]LogConfig: Setting CVar [[r.DistanceFieldAO:1]]
[2021.01.18-09.54.26:046][  0]LogConfig: Setting CVar [[r.AOQuality:2]]
[2021.01.18-09.54.26:046][  0]LogConfig: Setting CVar [[r.VolumetricFog:1]]
[2021.01.18-09.54.26:046][  0]LogConfig: Setting CVar [[r.VolumetricFog.GridPixelSize:8]]
[2021.01.18-09.54.26:046][  0]LogConfig: Setting CVar [[r.VolumetricFog.GridSizeZ:128]]
[2021.01.18-09.54.26:046][  0]LogConfig: Setting CVar [[r.VolumetricFog.HistoryMissSupersampleCount:4]]
[2021.01.18-09.54.26:046][  0]LogConfig: Setting CVar [[r.LightMaxDrawDistanceScale:1]]
[2021.01.18-09.54.26:046][  0]LogConfig: Setting CVar [[r.CapsuleShadows:1]]
[2021.01.18-09.54.26:046][  0]LogConfig: Applying CVar settings from Section [PostProcessQuality@3] File [D:/Git/Unreal_GrandTrenchWar/Unreal_GrandTrenchWar/GrandTrenchWar/Saved/Config/Windows/Scalability.ini]
[2021.01.18-09.54.26:046][  0]LogConfig: Setting CVar [[r.MotionBlurQuality:4]]
[2021.01.18-09.54.26:046][  0]LogConfig: Setting CVar [[r.AmbientOcclusionMipLevelFactor:0.4]]
[2021.01.18-09.54.26:046][  0]LogConfig: Setting CVar [[r.AmbientOcclusionMaxQuality:100]]
[2021.01.18-09.54.26:047][  0]LogConfig: Setting CVar [[r.AmbientOcclusionLevels:-1]]
[2021.01.18-09.54.26:047][  0]LogConfig: Setting CVar [[r.AmbientOcclusionRadiusScale:1.0]]
[2021.01.18-09.54.26:047][  0]LogConfig: Setting CVar [[r.DepthOfFieldQuality:2]]
[2021.01.18-09.54.26:047][  0]LogConfig: Setting CVar [[r.RenderTargetPoolMin:400]]
[2021.01.18-09.54.26:047][  0]LogConfig: Setting CVar [[r.LensFlareQuality:2]]
[2021.01.18-09.54.26:047][  0]LogConfig: Setting CVar [[r.SceneColorFringeQuality:1]]
[2021.01.18-09.54.26:047][  0]LogConfig: Setting CVar [[r.EyeAdaptationQuality:2]]
[2021.01.18-09.54.26:047][  0]LogConfig: Setting CVar [[r.BloomQuality:5]]
[2021.01.18-09.54.26:047][  0]LogConfig: Setting CVar [[r.FastBlurThreshold:100]]
[2021.01.18-09.54.26:047][  0]LogConfig: Setting CVar [[r.Upscale.Quality:3]]
[2021.01.18-09.54.26:047][  0]LogConfig: Setting CVar [[r.Tonemapper.GrainQuantization:1]]
[2021.01.18-09.54.26:047][  0]LogConfig: Setting CVar [[r.LightShaftQuality:1]]
[2021.01.18-09.54.26:047][  0]LogConfig: Setting CVar [[r.Filter.SizeScale:1]]
[2021.01.18-09.54.26:047][  0]LogConfig: Setting CVar [[r.Tonemapper.Quality:5]]
[2021.01.18-09.54.26:047][  0]LogConfig: Setting CVar [[r.DOF.Gather.AccumulatorQuality:1        ; higher gathering accumulator quality]]
[2021.01.18-09.54.26:047][  0]LogConfig: Setting CVar [[r.DOF.Gather.PostfilterMethod:1          ; Median3x3 postfilering method]]
[2021.01.18-09.54.26:047][  0]LogConfig: Setting CVar [[r.DOF.Gather.EnableBokehSettings:0       ; no bokeh simulation when gathering]]
[2021.01.18-09.54.26:047][  0]LogConfig: Setting CVar [[r.DOF.Gather.RingCount:4                 ; medium number of samples when gathering]]
[2021.01.18-09.54.26:047][  0]LogConfig: Setting CVar [[r.DOF.Scatter.ForegroundCompositing:1    ; additive foreground scattering]]
[2021.01.18-09.54.26:047][  0]LogConfig: Setting CVar [[r.DOF.Scatter.BackgroundCompositing:2    ; additive background scattering]]
[2021.01.18-09.54.26:047][  0]LogConfig: Setting CVar [[r.DOF.Scatter.EnableBokehSettings:1      ; bokeh simulation when scattering]]
[2021.01.18-09.54.26:047][  0]LogConfig: Setting CVar [[r.DOF.Scatter.MaxSpriteRatio:0.1         ; only a maximum of 10% of scattered bokeh]]
[2021.01.18-09.54.26:047][  0]LogConfig: Setting CVar [[r.DOF.Recombine.Quality:1                ; cheap slight out of focus]]
[2021.01.18-09.54.26:047][  0]LogConfig: Setting CVar [[r.DOF.Recombine.EnableBokehSettings:0    ; no bokeh simulation on slight out of focus]]
[2021.01.18-09.54.26:047][  0]LogConfig: Setting CVar [[r.DOF.TemporalAAQuality:1                ; more stable temporal accumulation]]
[2021.01.18-09.54.26:047][  0]LogConfig: Setting CVar [[r.DOF.Kernel.MaxForegroundRadius:0.025]]
[2021.01.18-09.54.26:047][  0]LogConfig: Setting CVar [[r.DOF.Kernel.MaxBackgroundRadius:0.025]]
[2021.01.18-09.54.26:047][  0]LogConfig: Applying CVar settings from Section [TextureQuality@3] File [D:/Git/Unreal_GrandTrenchWar/Unreal_GrandTrenchWar/GrandTrenchWar/Saved/Config/Windows/Scalability.ini]
[2021.01.18-09.54.26:047][  0]LogConfig: Setting CVar [[r.Streaming.MipBias:0]]
[2021.01.18-09.54.26:047][  0]LogConfig: Setting CVar [[r.Streaming.AmortizeCPUToGPUCopy:0]]
[2021.01.18-09.54.26:047][  0]LogConfig: Setting CVar [[r.Streaming.MaxNumTexturesToStreamPerFrame:0]]
[2021.01.18-09.54.26:047][  0]LogConfig: Setting CVar [[r.Streaming.Boost:1]]
[2021.01.18-09.54.26:047][  0]LogConfig: Setting CVar [[r.MaxAnisotropy:8]]
[2021.01.18-09.54.26:047][  0]LogConfig: Setting CVar [[r.Streaming.LimitPoolSizeToVRAM:0]]
[2021.01.18-09.54.26:047][  0]LogConfig: Setting CVar [[r.Streaming.PoolSize:1000]]
[2021.01.18-09.54.26:047][  0]LogConfig: Setting CVar [[r.Streaming.MaxEffectiveScreenSize:0]]
[2021.01.18-09.54.26:047][  0]LogConfig: Applying CVar settings from Section [EffectsQuality@3] File [D:/Git/Unreal_GrandTrenchWar/Unreal_GrandTrenchWar/GrandTrenchWar/Saved/Config/Windows/Scalability.ini]
[2021.01.18-09.54.26:047][  0]LogConfig: Setting CVar [[r.TranslucencyLightingVolumeDim:64]]
[2021.01.18-09.54.26:047][  0]LogConfig: Setting CVar [[r.RefractionQuality:2]]
[2021.01.18-09.54.26:047][  0]LogConfig: Setting CVar [[r.SSR.Quality:3]]
[2021.01.18-09.54.26:047][  0]LogConfig: Setting CVar [[r.SceneColorFormat:4]]
[2021.01.18-09.54.26:047][  0]LogConfig: Setting CVar [[r.DetailMode:2]]
[2021.01.18-09.54.26:047][  0]LogConfig: Setting CVar [[r.TranslucencyVolumeBlur:1]]
[2021.01.18-09.54.26:047][  0]LogConfig: Setting CVar [[r.MaterialQualityLevel:1 ; High quality]]
[2021.01.18-09.54.26:047][  0]LogConfig: Setting CVar [[r.SSS.Scale:1]]
[2021.01.18-09.54.26:047][  0]LogConfig: Setting CVar [[r.SSS.SampleSet:2]]
[2021.01.18-09.54.26:047][  0]LogConfig: Setting CVar [[r.SSS.Quality:1]]
[2021.01.18-09.54.26:047][  0]LogConfig: Setting CVar [[r.SSS.HalfRes:1]]
[2021.01.18-09.54.26:047][  0]LogConfig: Setting CVar [[r.EmitterSpawnRateScale:1.0]]
[2021.01.18-09.54.26:047][  0]LogConfig: Setting CVar [[r.ParticleLightQuality:2]]
[2021.01.18-09.54.26:047][  0]LogConfig: Applying CVar settings from Section [FoliageQuality@3] File [D:/Git/Unreal_GrandTrenchWar/Unreal_GrandTrenchWar/GrandTrenchWar/Saved/Config/Windows/Scalability.ini]
[2021.01.18-09.54.26:047][  0]LogConfig: Setting CVar [[foliage.DensityScale:1.0]]
[2021.01.18-09.54.26:047][  0]LogConfig: Setting CVar [[grass.DensityScale:1.0]]
[2021.01.18-09.54.26:047][  0]LogInit: Selected Device Profile: [Windows]
[2021.01.18-09.54.26:047][  0]LogInit: Applying CVar settings loaded from the selected device profile: [Windows]
[2021.01.18-09.54.26:052][  0]LogHAL: Display: Platform has ~ 48 GB [51486453760 / 68719476736 / 48], which maps to Largest [LargestMinGB=32, LargerMinGB=12, DefaultMinGB=8, SmallerMinGB=6, SmallestMinGB=0)
[2021.01.18-09.54.26:052][  0]LogConfig: Setting CVar [[r.Vulkan.UseRealUBs:0		; Required until we fix HLR fall-out]]
[2021.01.18-09.54.26:052][  0]LogInit: Going up to parent DeviceProfile []
[2021.01.18-09.54.26:052][  0]LogConfig: Applying CVar settings from Section [ViewDistanceQuality@3] File [D:/Git/Unreal_GrandTrenchWar/Unreal_GrandTrenchWar/GrandTrenchWar/Saved/Config/Windows/Scalability.ini]
[2021.01.18-09.54.26:052][  0]LogConfig: Setting CVar [[r.SkeletalMeshLODBias:0]]
[2021.01.18-09.54.26:052][  0]LogConfig: Setting CVar [[r.ViewDistanceScale:1.0]]
[2021.01.18-09.54.26:052][  0]LogConfig: Applying CVar settings from Section [AntiAliasingQuality@3] File [D:/Git/Unreal_GrandTrenchWar/Unreal_GrandTrenchWar/GrandTrenchWar/Saved/Config/Windows/Scalability.ini]
[2021.01.18-09.54.26:052][  0]LogConfig: Setting CVar [[r.PostProcessAAQuality:4]]
[2021.01.18-09.54.26:052][  0]LogConfig: Applying CVar settings from Section [ShadowQuality@3] File [D:/Git/Unreal_GrandTrenchWar/Unreal_GrandTrenchWar/GrandTrenchWar/Saved/Config/Windows/Scalability.ini]
[2021.01.18-09.54.26:052][  0]LogConfig: Setting CVar [[r.LightFunctionQuality:1]]
[2021.01.18-09.54.26:052][  0]LogConfig: Setting CVar [[r.ShadowQuality:5]]
[2021.01.18-09.54.26:052][  0]LogConfig: Setting CVar [[r.Shadow.CSM.MaxCascades:10]]
[2021.01.18-09.54.26:052][  0]LogConfig: Setting CVar [[r.Shadow.MaxResolution:2048]]
[2021.01.18-09.54.26:052][  0]LogConfig: Setting CVar [[r.Shadow.MaxCSMResolution:2048]]
[2021.01.18-09.54.26:052][  0]LogConfig: Setting CVar [[r.Shadow.RadiusThreshold:0.01]]
[2021.01.18-09.54.26:052][  0]LogConfig: Setting CVar [[r.Shadow.DistanceScale:1.0]]
[2021.01.18-09.54.26:052][  0]LogConfig: Setting CVar [[r.Shadow.CSM.TransitionScale:1.0]]
[2021.01.18-09.54.26:052][  0]LogConfig: Setting CVar [[r.Shadow.PreShadowResolutionFactor:1.0]]
[2021.01.18-09.54.26:052][  0]LogConfig: Setting CVar [[r.DistanceFieldShadowing:1]]
[2021.01.18-09.54.26:052][  0]LogConfig: Setting CVar [[r.DistanceFieldAO:1]]
[2021.01.18-09.54.26:052][  0]LogConfig: Setting CVar [[r.AOQuality:2]]
[2021.01.18-09.54.26:052][  0]LogConfig: Setting CVar [[r.VolumetricFog:1]]
[2021.01.18-09.54.26:052][  0]LogConfig: Setting CVar [[r.VolumetricFog.GridPixelSize:8]]
[2021.01.18-09.54.26:052][  0]LogConfig: Setting CVar [[r.VolumetricFog.GridSizeZ:128]]
[2021.01.18-09.54.26:052][  0]LogConfig: Setting CVar [[r.VolumetricFog.HistoryMissSupersampleCount:4]]
[2021.01.18-09.54.26:052][  0]LogConfig: Setting CVar [[r.LightMaxDrawDistanceScale:1]]
[2021.01.18-09.54.26:052][  0]LogConfig: Setting CVar [[r.CapsuleShadows:1]]
[2021.01.18-09.54.26:052][  0]LogConfig: Applying CVar settings from Section [PostProcessQuality@3] File [D:/Git/Unreal_GrandTrenchWar/Unreal_GrandTrenchWar/GrandTrenchWar/Saved/Config/Windows/Scalability.ini]
[2021.01.18-09.54.26:052][  0]LogConfig: Setting CVar [[r.MotionBlurQuality:4]]
[2021.01.18-09.54.26:052][  0]LogConfig: Setting CVar [[r.AmbientOcclusionMipLevelFactor:0.4]]
[2021.01.18-09.54.26:052][  0]LogConfig: Setting CVar [[r.AmbientOcclusionMaxQuality:100]]
[2021.01.18-09.54.26:052][  0]LogConfig: Setting CVar [[r.AmbientOcclusionLevels:-1]]
[2021.01.18-09.54.26:052][  0]LogConfig: Setting CVar [[r.AmbientOcclusionRadiusScale:1.0]]
[2021.01.18-09.54.26:052][  0]LogConfig: Setting CVar [[r.DepthOfFieldQuality:2]]
[2021.01.18-09.54.26:052][  0]LogConfig: Setting CVar [[r.RenderTargetPoolMin:400]]
[2021.01.18-09.54.26:052][  0]LogConfig: Setting CVar [[r.LensFlareQuality:2]]
[2021.01.18-09.54.26:052][  0]LogConfig: Setting CVar [[r.SceneColorFringeQuality:1]]
[2021.01.18-09.54.26:052][  0]LogConfig: Setting CVar [[r.EyeAdaptationQuality:2]]
[2021.01.18-09.54.26:052][  0]LogConfig: Setting CVar [[r.BloomQuality:5]]
[2021.01.18-09.54.26:052][  0]LogConfig: Setting CVar [[r.FastBlurThreshold:100]]
[2021.01.18-09.54.26:052][  0]LogConfig: Setting CVar [[r.Upscale.Quality:3]]
[2021.01.18-09.54.26:052][  0]LogConfig: Setting CVar [[r.Tonemapper.GrainQuantization:1]]
[2021.01.18-09.54.26:052][  0]LogConfig: Setting CVar [[r.LightShaftQuality:1]]
[2021.01.18-09.54.26:052][  0]LogConfig: Setting CVar [[r.Filter.SizeScale:1]]
[2021.01.18-09.54.26:052][  0]LogConfig: Setting CVar [[r.Tonemapper.Quality:5]]
[2021.01.18-09.54.26:052][  0]LogConfig: Setting CVar [[r.DOF.Gather.AccumulatorQuality:1        ; higher gathering accumulator quality]]
[2021.01.18-09.54.26:053][  0]LogConfig: Setting CVar [[r.DOF.Gather.PostfilterMethod:1          ; Median3x3 postfilering method]]
[2021.01.18-09.54.26:053][  0]LogConfig: Setting CVar [[r.DOF.Gather.EnableBokehSettings:0       ; no bokeh simulation when gathering]]
[2021.01.18-09.54.26:053][  0]LogConfig: Setting CVar [[r.DOF.Gather.RingCount:4                 ; medium number of samples when gathering]]
[2021.01.18-09.54.26:053][  0]LogConfig: Setting CVar [[r.DOF.Scatter.ForegroundCompositing:1    ; additive foreground scattering]]
[2021.01.18-09.54.26:053][  0]LogConfig: Setting CVar [[r.DOF.Scatter.BackgroundCompositing:2    ; additive background scattering]]
[2021.01.18-09.54.26:053][  0]LogConfig: Setting CVar [[r.DOF.Scatter.EnableBokehSettings:1      ; bokeh simulation when scattering]]
[2021.01.18-09.54.26:053][  0]LogConfig: Setting CVar [[r.DOF.Scatter.MaxSpriteRatio:0.1         ; only a maximum of 10% of scattered bokeh]]
[2021.01.18-09.54.26:053][  0]LogConfig: Setting CVar [[r.DOF.Recombine.Quality:1                ; cheap slight out of focus]]
[2021.01.18-09.54.26:053][  0]LogConfig: Setting CVar [[r.DOF.Recombine.EnableBokehSettings:0    ; no bokeh simulation on slight out of focus]]
[2021.01.18-09.54.26:053][  0]LogConfig: Setting CVar [[r.DOF.TemporalAAQuality:1                ; more stable temporal accumulation]]
[2021.01.18-09.54.26:053][  0]LogConfig: Setting CVar [[r.DOF.Kernel.MaxForegroundRadius:0.025]]
[2021.01.18-09.54.26:053][  0]LogConfig: Setting CVar [[r.DOF.Kernel.MaxBackgroundRadius:0.025]]
[2021.01.18-09.54.26:053][  0]LogConfig: Applying CVar settings from Section [TextureQuality@3] File [D:/Git/Unreal_GrandTrenchWar/Unreal_GrandTrenchWar/GrandTrenchWar/Saved/Config/Windows/Scalability.ini]
[2021.01.18-09.54.26:053][  0]LogConfig: Setting CVar [[r.Streaming.MipBias:0]]
[2021.01.18-09.54.26:053][  0]LogConfig: Setting CVar [[r.Streaming.AmortizeCPUToGPUCopy:0]]
[2021.01.18-09.54.26:053][  0]LogConfig: Setting CVar [[r.Streaming.MaxNumTexturesToStreamPerFrame:0]]
[2021.01.18-09.54.26:053][  0]LogConfig: Setting CVar [[r.Streaming.Boost:1]]
[2021.01.18-09.54.26:053][  0]LogConfig: Setting CVar [[r.MaxAnisotropy:8]]
[2021.01.18-09.54.26:053][  0]LogConfig: Setting CVar [[r.Streaming.LimitPoolSizeToVRAM:0]]
[2021.01.18-09.54.26:053][  0]LogConfig: Setting CVar [[r.Streaming.PoolSize:1000]]
[2021.01.18-09.54.26:053][  0]LogConfig: Setting CVar [[r.Streaming.MaxEffectiveScreenSize:0]]
[2021.01.18-09.54.26:053][  0]LogConfig: Applying CVar settings from Section [EffectsQuality@3] File [D:/Git/Unreal_GrandTrenchWar/Unreal_GrandTrenchWar/GrandTrenchWar/Saved/Config/Windows/Scalability.ini]
[2021.01.18-09.54.26:053][  0]LogConfig: Setting CVar [[r.TranslucencyLightingVolumeDim:64]]
[2021.01.18-09.54.26:053][  0]LogConfig: Setting CVar [[r.RefractionQuality:2]]
[2021.01.18-09.54.26:053][  0]LogConfig: Setting CVar [[r.SSR.Quality:3]]
[2021.01.18-09.54.26:053][  0]LogConfig: Setting CVar [[r.SceneColorFormat:4]]
[2021.01.18-09.54.26:053][  0]LogConfig: Setting CVar [[r.DetailMode:2]]
[2021.01.18-09.54.26:053][  0]LogConfig: Setting CVar [[r.TranslucencyVolumeBlur:1]]
[2021.01.18-09.54.26:053][  0]LogConfig: Setting CVar [[r.MaterialQualityLevel:1 ; High quality]]
[2021.01.18-09.54.26:053][  0]LogConfig: Setting CVar [[r.SSS.Scale:1]]
[2021.01.18-09.54.26:053][  0]LogConfig: Setting CVar [[r.SSS.SampleSet:2]]
[2021.01.18-09.54.26:053][  0]LogConfig: Setting CVar [[r.SSS.Quality:1]]
[2021.01.18-09.54.26:053][  0]LogConfig: Setting CVar [[r.SSS.HalfRes:1]]
[2021.01.18-09.54.26:053][  0]LogConfig: Setting CVar [[r.EmitterSpawnRateScale:1.0]]
[2021.01.18-09.54.26:053][  0]LogConfig: Setting CVar [[r.ParticleLightQuality:2]]
[2021.01.18-09.54.26:053][  0]LogConfig: Applying CVar settings from Section [FoliageQuality@3] File [D:/Git/Unreal_GrandTrenchWar/Unreal_GrandTrenchWar/GrandTrenchWar/Saved/Config/Windows/Scalability.ini]
[2021.01.18-09.54.26:053][  0]LogConfig: Setting CVar [[foliage.DensityScale:1.0]]
[2021.01.18-09.54.26:053][  0]LogConfig: Setting CVar [[grass.DensityScale:1.0]]
[2021.01.18-09.54.26:053][  0]LogConfig: Applying CVar settings from Section [Startup] File [../../../Engine/Config/ConsoleVariables.ini]
[2021.01.18-09.54.26:053][  0]LogConfig: Setting CVar [[net.UseAdaptiveNetUpdateFrequency:0]]
[2021.01.18-09.54.26:053][  0]LogConfig: Setting CVar [[p.chaos.AllowCreatePhysxBodies:1]]
[2021.01.18-09.54.26:053][  0]LogConfig: Applying CVar settings from Section [ConsoleVariables] File [D:/Git/Unreal_GrandTrenchWar/Unreal_GrandTrenchWar/GrandTrenchWar/Saved/Config/Windows/Engine.ini]
[2021.01.18-09.54.26:053][  0]LogInit: Computer: DESKTOP-4IV1O4J
[2021.01.18-09.54.26:053][  0]LogInit: User: 강건
[2021.01.18-09.54.26:053][  0]LogInit: CPU Page size=4096, Cores=6
[2021.01.18-09.54.26:053][  0]LogInit: High frequency timer resolution =10.000000 MHz
[2021.01.18-09.54.26:054][  0]LogMemory: Memory total: Physical=48.0GB (48GB approx)
[2021.01.18-09.54.26:054][  0]LogMemory: Platform Memory Stats for Windows
[2021.01.18-09.54.26:054][  0]LogMemory: Process Physical Memory: 139.47 MB used, 139.48 MB peak
[2021.01.18-09.54.26:054][  0]LogMemory: Process Virtual Memory: 116.80 MB used, 116.80 MB peak
[2021.01.18-09.54.26:054][  0]LogMemory: Physical Memory: 10185.69 MB used,  38915.62 MB free, 49101.31 MB total
[2021.01.18-09.54.26:054][  0]LogMemory: Virtual Memory: 4819.52 MB used,  134212912.00 MB free, 134217728.00 MB total
[2021.01.18-09.54.26:171][  0]LogInit: Using OS detected language (ko-KR).
[2021.01.18-09.54.26:171][  0]LogInit: Using OS detected locale (ko-KR).
[2021.01.18-09.54.26:171][  0]LogTextLocalizationManager: No specific localization for 'ko-KR' exists, so the 'ko' localization will be used.
[2021.01.18-09.54.26:297][  0]LogSlate: New Slate User Created.  User Index 0, Is Virtual User: 0
[2021.01.18-09.54.26:297][  0]LogSlate: Slate User Registered.  User Index 0, Is Virtual User: 0
[2021.01.18-09.54.26:319][  0]LogD3D11RHI: D3D11 adapters:
[2021.01.18-09.54.26:439][  0]LogD3D11RHI:    0. 'NVIDIA GeForce RTX 2080' (Feature Level 11_0)
[2021.01.18-09.54.26:439][  0]LogD3D11RHI:       8010/0/24550 MB DedicatedVideo/DedicatedSystem/SharedSystem, Outputs:2, VendorId:0x10de
[2021.01.18-09.54.26:444][  0]LogD3D11RHI:    1. 'Microsoft Basic Render Driver' (Feature Level 11_0)
[2021.01.18-09.54.26:444][  0]LogD3D11RHI:       0/0/24550 MB DedicatedVideo/DedicatedSystem/SharedSystem, Outputs:0, VendorId:0x1414
[2021.01.18-09.54.26:444][  0]LogD3D11RHI: Chosen D3D11 Adapter: 0
[2021.01.18-09.54.26:455][  0]LogD3D11RHI: Creating new Direct3DDevice
[2021.01.18-09.54.26:456][  0]LogD3D11RHI:     GPU DeviceId: 0x1e87 (for the marketing name, search the web for "GPU Device Id")
[2021.01.18-09.54.26:456][  0]LogWindows: EnumDisplayDevices:
[2021.01.18-09.54.26:456][  0]LogWindows:    0. 'NVIDIA GeForce RTX 2080' (P:0 D:1)
[2021.01.18-09.54.26:457][  0]LogWindows:    1. 'NVIDIA GeForce RTX 2080' (P:1 D:1)
[2021.01.18-09.54.26:458][  0]LogWindows:    2. 'NVIDIA GeForce RTX 2080' (P:0 D:0)
[2021.01.18-09.54.26:459][  0]LogWindows:    3. 'NVIDIA GeForce RTX 2080' (P:0 D:0)
[2021.01.18-09.54.26:460][  0]LogWindows: DebugString: FoundDriverCount:4 
[2021.01.18-09.54.26:460][  0]LogD3D11RHI:     Adapter Name: NVIDIA GeForce RTX 2080
[2021.01.18-09.54.26:460][  0]LogD3D11RHI:   Driver Version: 460.89 (internal:27.21.14.6089, unified:460.89)
[2021.01.18-09.54.26:460][  0]LogD3D11RHI:      Driver Date: 12-11-2020
[2021.01.18-09.54.26:460][  0]LogRHI: Texture pool is 5607 MB (70% of 8010 MB)
[2021.01.18-09.54.26:535][  0]LogD3D11RHI: Async texture creation enabled
[2021.01.18-09.54.26:545][  0]LogRendererCore: FGlobalReadBuffer::InitRHI
[2021.01.18-09.54.26:545][  0]LogRendererCore: FGlobalReadBuffer::InitRHI
[2021.01.18-09.54.26:545][  0]LogRendererCore: FGlobalReadBuffer::InitRHI
[2021.01.18-09.54.26:558][  0]LogD3D11RHI: GPU Timing Frequency: 1000.000000 (Debug: 2 2)
[2021.01.18-09.54.27:174][  0]LogTemp: Display: Module 'WindowsClientTargetPlatform' loaded TargetPlatform 'WindowsClient'
[2021.01.18-09.54.27:187][  0]LogTemp: Display: Module 'WindowsNoEditorTargetPlatform' loaded TargetPlatform 'WindowsNoEditor'
[2021.01.18-09.54.27:201][  0]LogTemp: Display: Module 'WindowsServerTargetPlatform' loaded TargetPlatform 'WindowsServer'
[2021.01.18-09.54.27:207][  0]LogTemp: Display: Module 'WindowsTargetPlatform' loaded TargetPlatform 'Windows'
[2021.01.18-09.54.27:207][  0]LogTargetPlatformManager: Display: Building Assets For Windows
[2021.01.18-09.54.27:216][  0]LogAudioDebug: Display: Lib vorbis DLL was dynamically loaded.
[2021.01.18-09.54.27:262][  0]LogShaderCompilers: Guid format shader working directory is -58 characters bigger than the processId version (../../../../../Git/Unreal_GrandTrenchWar/Unreal_GrandTrenchWar/GrandTrenchWar/Intermediate/Shaders/WorkingDirectory/11700/).
[2021.01.18-09.54.27:263][  0]LogShaderCompilers: Cleaned the shader compiler working directory 'C:/temp/UnrealShaderWorkingDir/C69127DF465A6970462ABCAD0D36EC78/'.
[2021.01.18-09.54.27:264][  0]LogXGEController: Cannot use XGE Controller as Incredibuild is not installed on this machine.
[2021.01.18-09.54.27:265][  0]LogShaderCompilers: Cannot use XGE Shader Compiler as Incredibuild is not installed on this machine.
[2021.01.18-09.54.27:265][  0]LogShaderCompilers: Display: Using Local Shader Compiler.
[2021.01.18-09.54.27:749][  0]LogDerivedDataCache: Display: Max Cache Size: 512 MB
[2021.01.18-09.54.27:787][  0]LogDerivedDataCache: Loaded boot cache 0.04s 71MB C:/Users/강건/AppData/Local/UnrealEngine/4.22/DerivedDataCache/Boot.ddc.
[2021.01.18-09.54.27:787][  0]LogDerivedDataCache: Display: Loaded Boot cache: C:/Users/강건/AppData/Local/UnrealEngine/4.22/DerivedDataCache/Boot.ddc
[2021.01.18-09.54.27:787][  0]LogDerivedDataCache: FDerivedDataBackendGraph:  Pak pak cache file ../../../../../Git/Unreal_GrandTrenchWar/Unreal_GrandTrenchWar/GrandTrenchWar/DerivedDataCache/DDC.ddp not found, will not use a pak cache.
[2021.01.18-09.54.27:787][  0]LogDerivedDataCache: Unable to find inner node Pak for hierarchical cache Hierarchy.
[2021.01.18-09.54.27:787][  0]LogDerivedDataCache: FDerivedDataBackendGraph:  CompressedPak pak cache file ../../../../../Git/Unreal_GrandTrenchWar/Unreal_GrandTrenchWar/GrandTrenchWar/DerivedDataCache/Compressed.ddp not found, will not use a pak cache.
[2021.01.18-09.54.27:787][  0]LogDerivedDataCache: Unable to find inner node CompressedPak for hierarchical cache Hierarchy.
[2021.01.18-09.54.27:799][  0]LogDerivedDataCache: Display: Pak cache opened for reading ../../../Engine/DerivedDataCache/Compressed.ddp.
[2021.01.18-09.54.27:799][  0]LogDerivedDataCache: FDerivedDataBackendGraph:  EnterprisePak pak cache file ../../../Enterprise/DerivedDataCache/Compressed.ddp not found, will not use a pak cache.
[2021.01.18-09.54.27:799][  0]LogDerivedDataCache: Unable to find inner node EnterprisePak for hierarchical cache Hierarchy.
[2021.01.18-09.54.27:812][  0]LogDerivedDataCache: Using Local data cache path C:/Users/강건/AppData/Local/UnrealEngine/Common/DerivedDataCache: Writable
[2021.01.18-09.54.27:812][  0]LogDerivedDataCache: Shared data cache path not found in *engine.ini, will not use an Shared cache.
[2021.01.18-09.54.27:812][  0]LogDerivedDataCache: Unable to find inner node Shared for hierarchical cache Hierarchy.
[2021.01.18-09.54.27:829][  0]LogMaterial: Verifying Global Shaders for PCD3D_SM5
[2021.01.18-09.54.27:830][  0]LogSlate: Using FreeType 2.6.0
[2021.01.18-09.54.27:831][  0]LogSlate: SlateFontServices - WITH_FREETYPE: 1, WITH_HARFBUZZ: 1
[2021.01.18-09.54.28:012][  0]LogInit: Using OS detected language (ko-KR).
[2021.01.18-09.54.28:012][  0]LogInit: Using OS detected locale (ko-KR).
[2021.01.18-09.54.28:012][  0]LogTextLocalizationManager: No localization for 'ko-KR' exists, so 'en' will be used for the language.
[2021.01.18-09.54.28:013][  0]LogTextLocalizationManager: No localization for 'ko-KR' exists, so 'en' will be used for the locale.
[2021.01.18-09.54.28:013][  0]LogSlate: FontCache flush requested. Reason: Culture for localization was changed
[2021.01.18-09.54.28:013][  0]LogSlate: FontCache flush requested. Reason: Culture for localization was changed
[2021.01.18-09.54.28:013][  0]LogTextLocalizationManager: Compacting localization data took   0.00ms
[2021.01.18-09.54.28:020][  0]LogAssetRegistry: FAssetRegistry took 0.0038 seconds to start up
[2021.01.18-09.54.28:187][  0]LogPackageLocalizationCache: Processed 9 localized package path(s) for 1 prioritized culture(s) in 0.000442 seconds
[2021.01.18-09.54.28:307][  0]LogInit: Selected Device Profile: [Windows]
[2021.01.18-09.54.28:422][  0]LogMeshReduction: Using QuadricMeshReduction for automatic static mesh reduction
[2021.01.18-09.54.28:422][  0]LogMeshReduction: Using SimplygonMeshReduction for automatic skeletal mesh reduction
[2021.01.18-09.54.28:422][  0]LogMeshReduction: Using ProxyLODMeshReduction for automatic mesh merging
[2021.01.18-09.54.28:422][  0]LogMeshReduction: No distributed automatic mesh merging module available
[2021.01.18-09.54.28:422][  0]LogMeshMerging: No distributed automatic mesh merging module available
[2021.01.18-09.54.28:431][  0]LogNetVersion: GrandTrenchWar 1.0.0, NetCL: 5660361, EngineNetVer: 10, GameNetVer: 0 (Checksum: 4025105772)
[2021.01.18-09.54.28:878][  0]LogMoviePlayer: Initializing movie player
[2021.01.18-09.54.28:990][  0]LogTcpMessaging: Initializing TcpMessaging bridge
[2021.01.18-09.54.29:004][  0]LogUdpMessaging: Initializing bridge on interface 0.0.0.0:0 to multicast group 230.0.0.1:6666.
[2021.01.18-09.54.29:004][  0]FUdpSocketBuilder: Failed to subscribe UdpMessageMulticastSocket to multicast group 230.0.0.1 on interface 0.0.0.0
[2021.01.18-09.54.29:004][  0]FUdpSocketBuilder: Failed to create and initialize socket UdpMessageMulticastSocket (last error: 0)
[2021.01.18-09.54.29:004][  0]LogUdpMessaging: Warning: StartTransport failed to create multicast socket on 0.0.0.0:0, joined to 230.0.0.1:6666 with TTL 1
[2021.01.18-09.54.29:078][  0]SourceControl: 소스 컨트롤이 꺼져 있습니다.
[2021.01.18-09.54.29:078][  0]SourceControl: 소스 컨트롤이 꺼져 있습니다.
[2021.01.18-09.54.29:079][  0]SourceControl: 소스 컨트롤이 꺼져 있습니다.
[2021.01.18-09.54.29:141][  0]LogAndroidPermission: UAndroidPermissionCallbackProxy::GetInstance
[2021.01.18-09.54.29:469][  0]LogOcInput: OculusInput pre-init called
[2021.01.18-09.54.29:478][  0]LogUObjectArray: 46430 objects as part of root set at end of initial load.
[2021.01.18-09.54.29:478][  0]LogUObjectAllocator: 8163104 out of 0 bytes used by permanent object pool.
[2021.01.18-09.54.29:478][  0]LogUObjectArray: CloseDisregardForGC: 0/0 objects in disregard for GC pool
[2021.01.18-09.54.29:604][  0]LogEngine: Initializing Engine...
[2021.01.18-09.54.29:616][  0]LogStats: UGameplayTagsManager::InitializeManager -  0.000 s
[2021.01.18-09.54.29:739][  0]LogInit: Initializing FReadOnlyCVARCache
[2021.01.18-09.54.29:900][  0]LogInit: XAudio2 using '헤드셋 이어폰(2- CORSAIR VOID PRO Wireless Gaming Headset)' : 6 channels at 48 kHz using 16 bits per sample (channel mask 0x3f)
[2021.01.18-09.54.30:151][  0]LogInit: FAudioDevice initialized.
[2021.01.18-09.54.30:163][  0]LogNetVersion: Set ProjectVersion to 1.0.0.0. Version Checksum will be recalculated on next use.
[2021.01.18-09.54.30:170][  0]LogInit: Texture streaming: Enabled
[2021.01.18-09.54.30:403][  0]LogSlate: Updating window title bar state: overlay mode, drag disabled, window buttons hidden, title bar hidden
[2021.01.18-09.54.30:403][  0]LogInit: Display: Game Engine Initialized.
[2021.01.18-09.54.30:452][  0]LogInit: Display: Starting Game.
[2021.01.18-09.54.30:452][  0]LogNet: Browse: /Game/Maps/MainMenu?Name=Player
[2021.01.18-09.54.30:452][  0]LogLoad: LoadMap: /Game/Maps/MainMenu?Name=Player
[2021.01.18-09.54.30:478][  0]LogUObjectHash: Compacting FUObjectHashTables data took   2.10ms
[2021.01.18-09.54.30:493][  0]LogAIModule: Creating AISystem for world MainMenu
[2021.01.18-09.54.30:494][  0]LogLoad: Game class is 'GameMode'
[2021.01.18-09.54.30:494][  0]LogWorld: Bringing World /Game/Maps/MainMenu.MainMenu up for play (max tick rate 0) at 2021.01.18-18.54.30
[2021.01.18-09.54.30:494][  0]LogWorld: Bringing up level for play took: 0.000278
[2021.01.18-09.54.30:495][  0]LogGameMode: FindPlayerStart: PATHS NOT DEFINED or NO PLAYERSTART with positive rating
[2021.01.18-09.54.30:497][  0]LogGameMode: Display: Match State Changed from EnteringMap to WaitingToStart
[2021.01.18-09.54.30:497][  0]LogGameState: Match State Changed from EnteringMap to WaitingToStart
[2021.01.18-09.54.30:497][  0]LogGameMode: Display: Match State Changed from WaitingToStart to InProgress
[2021.01.18-09.54.30:498][  0]LogGameState: Match State Changed from WaitingToStart to InProgress
[2021.01.18-09.54.30:498][  0]LogLoad: Took 0.046309 seconds to LoadMap(/Game/Maps/MainMenu)
[2021.01.18-09.54.30:551][  0]LogRenderer: Reallocating scene render targets to support 1280x720 Format 10 NumSamples 1 (Frame:1).
[2021.01.18-09.54.30:551][  0]LogLoad: (Engine Initialization) Total time: 7.07 seconds
[2021.01.18-09.54.30:551][  0]LogLoad: (Engine Initialization) Total Blueprint compile time: 0.00 seconds
[2021.01.18-09.54.30:574][  0]LogContentStreaming: Texture pool size now 1000 MB
[2021.01.18-09.54.37:089][326]LogSlate: FSceneViewport::OnFocusLost() reason 0
[2021.01.18-09.54.37:188][332]LogSlate: Took 0.000272 seconds to synchronously load lazily loaded font '../../../Engine/Content/Slate/Fonts/Roboto-Regular.ttf' (155K)
[2021.01.18-09.54.44:711][799]LogOnlineSession: Verbose: OSS: dumping NamedSession: 
[2021.01.18-09.54.44:711][799]LogOnlineSession: Verbose: OSS: 	SessionName: GameSession
[2021.01.18-09.54.44:711][799]LogOnlineSession: Verbose: OSS: 	HostingPlayerNum: 0
[2021.01.18-09.54.44:711][799]LogOnlineSession: Verbose: OSS: 	SessionState: Pending
[2021.01.18-09.54.44:711][799]LogOnlineSession: Verbose: OSS: 	RegisteredPlayers: 
[2021.01.18-09.54.44:711][799]LogOnlineSession: Verbose: OSS: 	    0 registered players
[2021.01.18-09.54.44:711][799]LogOnlineSession: Verbose: OSS: dumping Session: 
[2021.01.18-09.54.44:711][799]LogOnlineSession: Verbose: OSS: 	OwningPlayerName: KitchenGun
[2021.01.18-09.54.44:711][799]LogOnlineSession: Verbose: OSS: 	OwningPlayerId: KitchenGun [0x210EE8EC700]
[2021.01.18-09.54.44:711][799]LogOnlineSession: Verbose: OSS: 	NumOpenPrivateConnections: 0
[2021.01.18-09.54.44:711][799]LogOnlineSession: Verbose: OSS: 	NumOpenPublicConnections: 1
[2021.01.18-09.54.44:711][799]LogOnlineSession: Verbose: OSS: 	SessionInfo: HostIP: INVALID SteamP2P: 76561198074015441:7777 Type: Lobby session SessionId: Lobby[0x18600000D7393A7]
[2021.01.18-09.54.44:712][799]LogOnlineSession: Verbose: OSS: dumping SessionSettings: 
[2021.01.18-09.54.44:712][799]LogOnlineSession: Verbose: OSS: 	NumPublicConnections: 2
[2021.01.18-09.54.44:712][799]LogOnlineSession: Verbose: OSS: 	NumPrivateConnections: 0
[2021.01.18-09.54.44:712][799]LogOnlineSession: Verbose: OSS: 	bIsLanMatch: false
[2021.01.18-09.54.44:712][799]LogOnlineSession: Verbose: OSS: 	bIsDedicated: false
[2021.01.18-09.54.44:712][799]LogOnlineSession: Verbose: OSS: 	bUsesStats: false
[2021.01.18-09.54.44:712][799]LogOnlineSession: Verbose: OSS: 	bShouldAdvertise: true
[2021.01.18-09.54.44:712][799]LogOnlineSession: Verbose: OSS: 	bAllowJoinInProgress: true
[2021.01.18-09.54.44:712][799]LogOnlineSession: Verbose: OSS: 	bAllowInvites: false
[2021.01.18-09.54.44:712][799]LogOnlineSession: Verbose: OSS: 	bUsesPresence: true
[2021.01.18-09.54.44:712][799]LogOnlineSession: Verbose: OSS: 	bAllowJoinViaPresence: true
[2021.01.18-09.54.44:712][799]LogOnlineSession: Verbose: OSS: 	bAllowJoinViaPresenceFriendsOnly: false
[2021.01.18-09.54.44:712][799]LogOnlineSession: Verbose: OSS: 	BuildUniqueId: 0x00565ec9
[2021.01.18-09.54.44:712][799]LogOnlineSession: Verbose: OSS: 	Settings:
[2021.01.18-09.54.44:807][799]LogPackageName: SearchForPackageOnDisk took   0.085s to resolve Lobby.umap.
[2021.01.18-09.54.44:807][799]LogGameMode: Display: Match State Changed from InProgress to LeavingMap
[2021.01.18-09.54.44:807][799]LogGameState: Match State Changed from InProgress to LeavingMap
[2021.01.18-09.54.44:892][799]LogPackageName: SearchForPackageOnDisk took   0.085s to resolve Lobby.umap.
[2021.01.18-09.54.44:892][799]LogNet: Browse: /Game/Maps/Lobby?listen
[2021.01.18-09.54.44:892][799]LogLoad: LoadMap: /Game/Maps/Lobby?listen
[2021.01.18-09.54.44:916][799]LogUObjectHash: Compacting FUObjectHashTables data took   1.65ms
[2021.01.18-09.54.45:382][799]LogAIModule: Creating AISystem for world Lobby
[2021.01.18-09.54.45:382][799]LogLoad: Game class is 'GM_Lobby_C'
[2021.01.18-09.54.45:382][799]LogTemp: Display: ParseSettings for GameNetDriver
[2021.01.18-09.54.45:382][799]LogTemp: Display: ParseSettings for SteamNetDriver_0
[2021.01.18-09.54.45:382][799]LogTemp: Display: ParseSettings for GameNetDriver
[2021.01.18-09.54.45:383][799]LogNet: ReplicationDriverClass is null! Not using ReplicationDriver.
[2021.01.18-09.54.45:383][799]PacketHandlerLog: DDoS detection status: detection enabled: 0 analytics enabled: 0
[2021.01.18-09.54.45:383][799]LogNet: Display: SteamNetDriver_0 bound to port 7777
[2021.01.18-09.54.45:383][799]PacketHandlerLog: Loaded PacketHandler component: Engine.EngineHandlerComponentFactory (StatelessConnectHandlerComponent)
[2021.01.18-09.54.45:383][799]LogNet: GameNetDriver SteamNetDriver_0 IpNetDriver listening on port 7777
[2021.01.18-09.54.45:389][799]LogWorld: Bringing World /Game/Maps/Lobby.Lobby up for play (max tick rate 0) at 2021.01.18-18.54.45
[2021.01.18-09.54.45:389][799]LogWorld: Bringing up level for play took: 0.006119
[2021.01.18-09.54.45:399][799]LogGameMode: Display: Match State Changed from EnteringMap to WaitingToStart
[2021.01.18-09.54.45:399][799]LogGameState: Match State Changed from EnteringMap to WaitingToStart
[2021.01.18-09.54.45:399][799]LogGameMode: Display: Match State Changed from WaitingToStart to InProgress
[2021.01.18-09.54.45:399][799]LogGameState: Match State Changed from WaitingToStart to InProgress
[2021.01.18-09.54.45:400][799]LogLoad: Took 0.508540 seconds to LoadMap(/Game/Maps/Lobby)
[2021.01.18-09.54.47:237][897]LogSlate: FSceneViewport::OnFocusLost() reason 0
[2021.01.18-09.56.00:519][441]LogOnlineSession: STEAM: Updating lobby joinability to false.
[2021.01.18-09.56.00:972][469]LogOnline: STEAM: Adding P2P connection information with user 76561198151867122 (Name: Cydl [0x210DB023FA0])
[2021.01.18-09.56.04:599][693]LogNet: NotifyAcceptingConnection accepted from: 76561198151867122:7777
[2021.01.18-09.56.04:599][693]LogHandshake: SendConnectChallenge. Timestamp: 79.895187, Cookie: 089038218207178107221091076249236183178061110021117062063026
[2021.01.18-09.56.04:599][693]LogNet: NotifyAcceptingConnection accepted from: 76561198151867122:7777
[2021.01.18-09.56.04:599][693]LogHandshake: SendConnectChallenge. Timestamp: 79.895187, Cookie: 089038218207178107221091076249236183178061110021117062063026
[2021.01.18-09.56.04:600][693]LogNet: NotifyAcceptingConnection accepted from: 76561198151867122:7777
[2021.01.18-09.56.04:600][693]LogHandshake: SendConnectChallenge. Timestamp: 79.895187, Cookie: 089038218207178107221091076249236183178061110021117062063026
[2021.01.18-09.56.04:600][693]LogNet: NotifyAcceptingConnection accepted from: 76561198151867122:7777
[2021.01.18-09.56.04:600][693]LogHandshake: SendConnectChallenge. Timestamp: 79.895187, Cookie: 089038218207178107221091076249236183178061110021117062063026
[2021.01.18-09.56.04:600][693]LogNet: NotifyAcceptingConnection accepted from: 76561198151867122:7777
[2021.01.18-09.56.04:600][693]LogHandshake: SendConnectChallenge. Timestamp: 79.895187, Cookie: 089038218207178107221091076249236183178061110021117062063026
[2021.01.18-09.56.04:632][695]LogNet: NotifyAcceptingConnection accepted from: 76561198151867122:7777
[2021.01.18-09.56.04:632][695]LogHandshake: SendChallengeAck. InCookie: 089038218207178107221091076249236183178061110021117062063026
[2021.01.18-09.56.04:632][695]LogNet: Server accepting post-challenge connection from: 76561198151867122:7777
[2021.01.18-09.56.04:632][695]PacketHandlerLog: Loaded PacketHandler component: Engine.EngineHandlerComponentFactory (StatelessConnectHandlerComponent)
[2021.01.18-09.56.04:632][695]LogOnline: STEAM: Adding user 76561198151867122:7777 from RegisterConnection
[2021.01.18-09.56.04:632][695]LogNet: NotifyAcceptedConnection: Name: Lobby, TimeStamp: 01/18/21 18:56:04, [UNetConnection] RemoteAddr: 76561198151867122:7777, Name: SteamNetConnection_0, Driver: GameNetDriver SteamNetDriver_0, IsServer: YES, PC: NULL, Owner: NULL, UniqueId: INVALID
[2021.01.18-09.56.04:632][695]LogNet: AddClientConnection: Added client connection: [UNetConnection] RemoteAddr: 76561198151867122:7777, Name: SteamNetConnection_0, Driver: GameNetDriver SteamNetDriver_0, IsServer: YES, PC: NULL, Owner: NULL, UniqueId: INVALID
[2021.01.18-09.56.04:632][695]LogHandshake: Received unexpected post-connect handshake packet - resending ack for LastChallengeSuccessAddress 76561198151867122:7777 and LastCookie 089038218207178107221091076249236183178061110021117062063026.
[2021.01.18-09.56.04:632][695]LogHandshake: SendChallengeAck. InCookie: 089038218207178107221091076249236183178061110021117062063026
[2021.01.18-09.56.04:632][695]LogHandshake: Received unexpected post-connect handshake packet - resending ack for LastChallengeSuccessAddress 76561198151867122:7777 and LastCookie 089038218207178107221091076249236183178061110021117062063026.
[2021.01.18-09.56.04:632][695]LogHandshake: SendChallengeAck. InCookie: 089038218207178107221091076249236183178061110021117062063026
[2021.01.18-09.56.04:632][695]LogHandshake: Received unexpected post-connect handshake packet - resending ack for LastChallengeSuccessAddress 76561198151867122:7777 and LastCookie 089038218207178107221091076249236183178061110021117062063026.
[2021.01.18-09.56.04:632][695]LogHandshake: SendChallengeAck. InCookie: 089038218207178107221091076249236183178061110021117062063026
[2021.01.18-09.56.04:633][695]LogHandshake: Received unexpected post-connect handshake packet - resending ack for LastChallengeSuccessAddress 76561198151867122:7777 and LastCookie 089038218207178107221091076249236183178061110021117062063026.
[2021.01.18-09.56.04:633][695]LogHandshake: SendChallengeAck. InCookie: 089038218207178107221091076249236183178061110021117062063026
[2021.01.18-09.56.04:664][697]LogNet: NotifyAcceptingChannel Control 0 server World /Game/Maps/Lobby.Lobby: Accepted
[2021.01.18-09.56.04:664][697]LogNet: Remote platform little endian=1
[2021.01.18-09.56.04:664][697]LogNet: This platform little endian=1
[2021.01.18-09.56.04:664][697]LogNetVersion: GrandTrenchWar 1.0.0.0, NetCL: 5660361, EngineNetVer: 10, GameNetVer: 0 (Checksum: 3497191617)
[2021.01.18-09.56.04:696][699]LogNet: Login request: /Game/Maps/MainMenu?Name=Cydl userId: STEAM:Cydl [0x210DB021780] platform: STEAM
[2021.01.18-09.56.04:728][701]LogNet: Client netspeed is 10000
[2021.01.18-09.56.05:179][729]LogNet: Join request: /Game/Maps/MainMenu?Name=Cydl?SplitscreenCount=1
[2021.01.18-09.56.05:182][729]LogNet: Join succeeded: Cydl
[2021.01.18-09.56.12:246][161]LogGameMode: Display: Match State Changed from InProgress to LeavingMap
[2021.01.18-09.56.12:246][161]LogGameState: Match State Changed from InProgress to LeavingMap
[2021.01.18-09.56.12:253][161]LogGameMode: ProcessServerTravel: /Game/Maps/BP
[2021.01.18-09.56.12:253][161]LogWorld: SeamlessTravel to: /Game/Maps/BP
[2021.01.18-09.56.12:282][162]LogUObjectHash: Compacting FUObjectHashTables data took   2.19ms
[2021.01.18-09.56.12:282][162]LogAIModule: Creating AISystem for world TravelMap
[2021.01.18-09.56.12:283][162]LogStats:     SeamlessTravel FlushLevelStreaming  -  0.000 s
[2021.01.18-09.56.12:283][162]LogWorld: Bringing World /Game/Maps/TravelMap.TravelMap up for play (max tick rate 0) at 2021.01.18-18.56.12
[2021.01.18-09.56.12:283][162]LogWorld: Bringing up level for play took: 0.000200
[2021.01.18-09.56.12:283][162]LogWorld: Sending NotifyLoadedWorld for LP: LocalPlayer_0 PC: PC_Lobby_C_0
[2021.01.18-09.56.12:283][162]LogNet: Verbose: NotifyLoadedWorld Begin
[2021.01.18-09.56.12:283][162]LogNet: VeryVerbose: GetFunctionCallspace Server calling Server function: ServerNotifyLoadedWorld Local
[2021.01.18-09.56.12:283][162]LogNet: Verbose: NotifyLoadedWorld End
[2021.01.18-09.56.12:283][162]LogWorld: StartLoadingDestination to: /Game/Maps/BP
[2021.01.18-09.56.12:907][180]LogUObjectHash: Compacting FUObjectHashTables data took   2.05ms
[2021.01.18-09.56.12:908][180]LogAIModule: Creating AISystem for world BP
[2021.01.18-09.56.12:908][180]LogLoad: Game class is 'FirstPersonGameMode_C'
[2021.01.18-09.56.12:908][180]LogStats:     SeamlessTravel FlushLevelStreaming  -  0.000 s
[2021.01.18-09.56.12:945][180]LogWorld: Bringing World /Game/Maps/BP.BP up for play (max tick rate 0) at 2021.01.18-18.56.12
[2021.01.18-09.56.13:013][180]LogWorld: Bringing up level for play took: 0.104910
[2021.01.18-09.56.13:013][180]LogWorld: Sending NotifyLoadedWorld for LP: LocalPlayer_0 PC: PC_Lobby_C_0
[2021.01.18-09.56.13:013][180]LogNet: Verbose: NotifyLoadedWorld Begin
[2021.01.18-09.56.13:013][180]LogNet: VeryVerbose: GetFunctionCallspace Server calling Server function: ServerNotifyLoadedWorld Local
[2021.01.18-09.56.13:013][180]LogNet: Verbose: NotifyLoadedWorld End
[2021.01.18-09.56.13:014][180]LogWorld: ----SeamlessTravel finished in 0.76 seconds ------
[2021.01.18-09.56.13:031][180]LogScript: Warning: Script Msg: DestroySession - Invalid player state
[2021.01.18-09.56.13:638][182]LogScript: Warning: Script Msg: DestroySession - Invalid player state
[2021.01.18-09.56.13:997][198]LogOnlineSession: STEAM: Updating lobby joinability to true.
[2021.01.18-09.59.16:285][497]LogNet: UChannel::ReceivedSequencedBunch: Bunch.bClose == true. ChIndex == 0. Calling ConditionalCleanUp.
[2021.01.18-09.59.16:286][497]LogNet: UChannel::CleanUp: ChIndex == 0. Closing connection. [UChannel] ChIndex: 0, Closing: 0 [UNetConnection] RemoteAddr: 76561198151867122:7777, Name: SteamNetConnection_0, Driver: GameNetDriver SteamNetDriver_0, IsServer: YES, PC: PlayerController_1, Owner: PlayerController_1, UniqueId: STEAM:Cydl [0x210D6427E20]
[2021.01.18-09.59.16:286][497]LogNet: UNetConnection::Close: [UNetConnection] RemoteAddr: 76561198151867122:7777, Name: SteamNetConnection_0, Driver: GameNetDriver SteamNetDriver_0, IsServer: YES, PC: PlayerController_1, Owner: PlayerController_1, UniqueId: STEAM:Cydl [0x210D6427FA0], Channels: 12, Time: 2021.01.18-09.59.16
[2021.01.18-09.59.16:286][497]LogNet: UChannel::Close: Sending CloseBunch. ChIndex == 0. Name: [UChannel] ChIndex: 0, Closing: 0 [UNetConnection] RemoteAddr: 76561198151867122:7777, Name: SteamNetConnection_0, Driver: GameNetDriver SteamNetDriver_0, IsServer: YES, PC: PlayerController_1, Owner: PlayerController_1, UniqueId: STEAM:Cydl [0x210D6427E20]
[2021.01.18-09.59.16:302][498]LogOnline: STEAM: Removing P2P Session Id: Cydl [0x210D6427A00], Channel: 7777, IdleTime: 0.016
[2021.01.18-09.59.16:899][535]LogScript: Warning: CallFunc_GetAnimInstance_ReturnValue 프로퍼티를 읽으려던 중 None 에 접근했습니다.
	RayFirstPersonCharacter_C /Game/Maps/BP.BP:PersistentLevel.RayFirstPersonCharacter_C_0
	Function /Game/FirstPersonBP/Blueprints/Ray/RayFirstPersonCharacter.RayFirstPersonCharacter_C:ExecuteUbergraph_RayFirstPersonCharacter:02C5
[2021.01.18-09.59.16:899][535]LogScript: Warning: Script call stack:
	Function /Game/FirstPersonBP/Blueprints/Ray/RayFirstPersonCharacter.RayFirstPersonCharacter_C:InpActEvt_Fire_K2Node_InputActionEvent_4
	Function /Game/FirstPersonBP/Blueprints/Ray/RayFirstPersonCharacter.RayFirstPersonCharacter_C:ExecuteUbergraph_RayFirstPersonCharacter

[2021.01.18-09.59.16:899][535]LogBlueprintUserMessages: [RayFirstPersonCharacter_C_0] R22.StaticMeshComponent0 R7
[2021.01.18-09.59.17:809][592]LogOnline: STEAM: Closing channel 7777 with user 76561198151867122
[2021.01.18-09.59.17:812][592]LogOnline: STEAM: 76561198151867122 has been removed.
[2021.01.18-09.59.20:391][751]LogScript: Warning: CallFunc_GetAnimInstance_ReturnValue 프로퍼티를 읽으려던 중 None 에 접근했습니다.
	RayFirstPersonCharacter_C /Game/Maps/BP.BP:PersistentLevel.RayFirstPersonCharacter_C_0
	Function /Game/FirstPersonBP/Blueprints/Ray/RayFirstPersonCharacter.RayFirstPersonCharacter_C:ExecuteUbergraph_RayFirstPersonCharacter:02C5
[2021.01.18-09.59.20:391][751]LogScript: Warning: Script call stack:
	Function /Game/FirstPersonBP/Blueprints/Ray/RayFirstPersonCharacter.RayFirstPersonCharacter_C:InpActEvt_Fire_K2Node_InputActionEvent_4
	Function /Game/FirstPersonBP/Blueprints/Ray/RayFirstPersonCharacter.RayFirstPersonCharacter_C:ExecuteUbergraph_RayFirstPersonCharacter

[2021.01.18-09.59.20:391][751]LogBlueprintUserMessages: [RayFirstPersonCharacter_C_0] R22.StaticMeshComponent0 R7
[2021.01.18-09.59.21:696][832]LogScript: Warning: CallFunc_GetAnimInstance_ReturnValue 프로퍼티를 읽으려던 중 None 에 접근했습니다.
	RayFirstPersonCharacter_C /Game/Maps/BP.BP:PersistentLevel.RayFirstPersonCharacter_C_0
	Function /Game/FirstPersonBP/Blueprints/Ray/RayFirstPersonCharacter.RayFirstPersonCharacter_C:ExecuteUbergraph_RayFirstPersonCharacter:02C5
[2021.01.18-09.59.21:696][832]LogScript: Warning: Script call stack:
	Function /Game/FirstPersonBP/Blueprints/Ray/RayFirstPersonCharacter.RayFirstPersonCharacter_C:InpActEvt_Fire_K2Node_InputActionEvent_4
	Function /Game/FirstPersonBP/Blueprints/Ray/RayFirstPersonCharacter.RayFirstPersonCharacter_C:ExecuteUbergraph_RayFirstPersonCharacter

[2021.01.18-09.59.21:696][832]LogBlueprintUserMessages: [RayFirstPersonCharacter_C_0] R22.StaticMeshComponent0 R7
[2021.01.18-09.59.25:908][ 88]LogSlate: Window 'GrandTrenchWar (64 비트, PCD3D_SM5) ' being destroyed
[2021.01.18-09.59.25:911][ 88]LogWindowsTextInputMethodSystem: Display: IME system now activated using TSF (Microsoft 입력기).
[2021.01.18-09.59.25:919][ 88]LogSlate: Updating window title bar state: overlay mode, drag disabled, window buttons hidden, title bar hidden
[2021.01.18-09.59.25:919][ 88]LogEngine: All Windows Closed
[2021.01.18-09.59.25:919][ 88]LogWindows: FPlatformMisc::RequestExit(0)
[2021.01.18-09.59.25:927][ 89]LogNet: World NetDriver shutdown SteamNetDriver_0 [GameNetDriver]
[2021.01.18-09.59.25:927][ 89]LogNet: DestroyNamedNetDriver SteamNetDriver_0 [GameNetDriver]
[2021.01.18-09.59.25:927][ 89]LogExit: GameNetDriver SteamNetDriver_0 shut down
[2021.01.18-09.59.26:817][ 89]LogExit: Preparing to exit.
[2021.01.18-09.59.26:817][ 89]LogMoviePlayer: Shutting down movie player
[2021.01.18-09.59.26:979][ 89]LogSlate: Updating window title bar state: overlay mode, drag disabled, window buttons hidden, title bar hidden
[2021.01.18-09.59.26:992][ 89]LogExit: Game engine shut down
[2021.01.18-09.59.27:053][ 89]LogExit: Object subsystem successfully closed.
[2021.01.18-09.59.27:067][ 89]LogShaderCompilers: Display: Shaders left to compile 0
[2021.01.18-09.59.27:070][ 89]LogD3D11RHI: Shutdown
[2021.01.18-09.59.27:070][ 89]LogD3D11RHI: CleanupD3DDevice
[2021.01.18-09.59.27:070][ 89]LogRendererCore: FGlobalReadBuffer::ReleaseRHI
[2021.01.18-09.59.27:070][ 89]LogRendererCore: FGlobalDynamicReadBuffer::Cleanup()
[2021.01.18-09.59.27:070][ 89]LogRendererCore: FGlobalReadBuffer::ReleaseRHI
[2021.01.18-09.59.27:070][ 89]LogRendererCore: FGlobalDynamicReadBuffer::Cleanup()
[2021.01.18-09.59.27:070][ 89]LogRendererCore: FGlobalReadBuffer::ReleaseRHI
[2021.01.18-09.59.27:070][ 89]LogRendererCore: FGlobalDynamicReadBuffer::Cleanup()
[2021.01.18-09.59.27:126][ 89]LogD3D11RHI: ~FD3D11DynamicRHI
[2021.01.18-09.59.27:131][ 89]LogModuleManager: Shutting down and abandoning module SequenceRecorderSections (396)
[2021.01.18-09.59.27:131][ 89]LogModuleManager: Shutting down and abandoning module SequenceRecorder (394)
[2021.01.18-09.59.27:131][ 89]LogModuleManager: Shutting down and abandoning module AutomationController (392)
[2021.01.18-09.59.27:131][ 89]LogModuleManager: Shutting down and abandoning module AutomationWorker (390)
[2021.01.18-09.59.27:131][ 89]LogModuleManager: Shutting down and abandoning module Voice (388)
[2021.01.18-09.59.27:131][ 89]LogModuleManager: Shutting down and abandoning module AIModule (386)
[2021.01.18-09.59.27:131][ 89]LogModuleManager: Shutting down and abandoning module GameplayDebugger (385)
[2021.01.18-09.59.27:131][ 89]LogModuleManager: Shutting down and abandoning module AITestSuite (383)
[2021.01.18-09.59.27:131][ 89]LogModuleManager: Shutting down and abandoning module NavigationSystem (381)
[2021.01.18-09.59.27:131][ 89]LogModuleManager: Shutting down and abandoning module OculusMR (378)
[2021.01.18-09.59.27:131][ 89]LogModuleManager: Shutting down and abandoning module WmfMediaFactory (376)
[2021.01.18-09.59.27:131][ 89]LogModuleManager: Shutting down and abandoning module WebMMediaFactory (374)
[2021.01.18-09.59.27:131][ 89]LogModuleManager: Shutting down and abandoning module WebMMedia (372)
[2021.01.18-09.59.27:131][ 89]LogModuleManager: Shutting down and abandoning module OpenExrWrapper (370)
[2021.01.18-09.59.27:131][ 89]LogModuleManager: Shutting down and abandoning module ImgMediaFactory (368)
[2021.01.18-09.59.27:131][ 89]LogModuleManager: Shutting down and abandoning module AvfMediaFactory (366)
[2021.01.18-09.59.27:131][ 89]LogModuleManager: Shutting down and abandoning module MagicLeapCameraPreviewFactory (364)
[2021.01.18-09.59.27:131][ 89]LogModuleManager: Shutting down and abandoning module MagicLeapMediaCodecFactory (362)
[2021.01.18-09.59.27:131][ 89]LogModuleManager: Shutting down and abandoning module MagicLeapMediaFactory (360)
[2021.01.18-09.59.27:131][ 89]LogModuleManager: Shutting down and abandoning module CharacterAI (358)
[2021.01.18-09.59.27:131][ 89]LogModuleManager: Shutting down and abandoning module SessionServices (356)
[2021.01.18-09.59.27:131][ 89]LogModuleManager: Shutting down and abandoning module MovieSceneCapture (354)
[2021.01.18-09.59.27:131][ 89]LogModuleManager: Shutting down and abandoning module LiveCoding (352)
[2021.01.18-09.59.27:131][ 89]LogModuleManager: Shutting down and abandoning module LevelSequence (350)
[2021.01.18-09.59.27:131][ 89]LogModuleManager: Shutting down and abandoning module MovieSceneTracks (348)
[2021.01.18-09.59.27:131][ 89]LogModuleManager: Shutting down and abandoning module MovieScene (346)
[2021.01.18-09.59.27:131][ 89]LogModuleManager: Shutting down and abandoning module StreamingPauseRendering (344)
[2021.01.18-09.59.27:131][ 89]LogModuleManager: Shutting down and abandoning module PortalServices (342)
[2021.01.18-09.59.27:131][ 89]LogModuleManager: Shutting down and abandoning module PortalRpc (340)
[2021.01.18-09.59.27:131][ 89]LogModuleManager: Shutting down and abandoning module MessagingRpc (338)
[2021.01.18-09.59.27:131][ 89]LogModuleManager: Shutting down and abandoning module ImageWriteQueue (336)
[2021.01.18-09.59.27:133][ 89]LogModuleManager: Shutting down and abandoning module ProfilerService (334)
[2021.01.18-09.59.27:152][ 89]LogModuleManager: Shutting down and abandoning module TaskGraph (332)
[2021.01.18-09.59.27:152][ 89]LogModuleManager: Shutting down and abandoning module ProceduralMeshComponent (330)
[2021.01.18-09.59.27:152][ 89]LogModuleManager: Shutting down and abandoning module OculusInput (328)
[2021.01.18-09.59.27:152][ 89]LogModuleManager: Shutting down and abandoning module MobilePatchingUtils (326)
[2021.01.18-09.59.27:152][ 89]LogModuleManager: Shutting down and abandoning module EditableMesh (324)
[2021.01.18-09.59.27:152][ 89]LogModuleManager: Shutting down and abandoning module CustomMeshComponent (322)
[2021.01.18-09.59.27:152][ 89]LogModuleManager: Shutting down and abandoning module CableComponent (320)
[2021.01.18-09.59.27:152][ 89]LogModuleManager: Shutting down and abandoning module AudioCapture (318)
[2021.01.18-09.59.27:152][ 89]LogModuleManager: Shutting down and abandoning module ArchVisCharacter (316)
[2021.01.18-09.59.27:152][ 89]LogModuleManager: Shutting down and abandoning module AndroidPermission (314)
[2021.01.18-09.59.27:152][ 89]LogModuleManager: Shutting down and abandoning module NUTUnrealEngine4 (310)
[2021.01.18-09.59.27:152][ 89]LogModuleManager: Shutting down and abandoning module NetcodeUnitTest (308)
[2021.01.18-09.59.27:152][ 89]LogModuleManager: Shutting down and abandoning module MediaCompositing (306)
[2021.01.18-09.59.27:152][ 89]LogModuleManager: Shutting down and abandoning module LinearTimecode (304)
[2021.01.18-09.59.27:152][ 89]LogModuleManager: Shutting down and abandoning module ImgMedia (302)
[2021.01.18-09.59.27:152][ 89]LogModuleManager: Shutting down and abandoning module MagicLeapHelperVulkan (300)
[2021.01.18-09.59.27:152][ 89]LogModuleManager: Shutting down and abandoning module MagicLeapHelperOpenGL (298)
[2021.01.18-09.59.27:152][ 89]LogModuleManager: Shutting down and abandoning module MagicLeapAudio (296)
[2021.01.18-09.59.27:152][ 89]LogModuleManager: Shutting down and abandoning module HTML5Networking (294)
[2021.01.18-09.59.27:152][ 89]LogModuleManager: Shutting down and abandoning module GeometryCacheTracks (292)
[2021.01.18-09.59.27:152][ 89]LogModuleManager: Shutting down and abandoning module GeometryCacheSequencer (291)
[2021.01.18-09.59.27:153][ 89]LogModuleManager: Shutting down and abandoning module GeometryCache (288)
[2021.01.18-09.59.27:153][ 89]LogModuleManager: Shutting down and abandoning module GeometryCacheEd (287)
[2021.01.18-09.59.27:153][ 89]LogModuleManager: Shutting down and abandoning module BackChannel (284)
[2021.01.18-09.59.27:153][ 89]LogModuleManager: Shutting down and abandoning module AppleVision (282)
[2021.01.18-09.59.27:153][ 89]LogModuleManager: Shutting down and abandoning module AppleImageUtilsBlueprintSupport (280)
[2021.01.18-09.59.27:153][ 89]LogModuleManager: Shutting down and abandoning module AppleImageUtils (278)
[2021.01.18-09.59.27:153][ 89]LogModuleManager: Shutting down and abandoning module VariantManagerContent (276)
[2021.01.18-09.59.27:153][ 89]LogModuleManager: Shutting down and abandoning module CryptoKeysOpenSSL (274)
[2021.01.18-09.59.27:153][ 89]LogModuleManager: Shutting down and abandoning module CryptoKeys (272)
[2021.01.18-09.59.27:153][ 89]LogModuleManager: Shutting down and abandoning module VisualStudioSourceCodeAccess (270)
[2021.01.18-09.59.27:153][ 89]LogModuleManager: Shutting down and abandoning module HotReload (269)
[2021.01.18-09.59.27:153][ 89]LogModuleManager: Shutting down and abandoning module DirectoryWatcher (268)
[2021.01.18-09.59.27:153][ 89]LogModuleManager: Shutting down and abandoning module VisualStudioCodeSourceCodeAccess (264)
[2021.01.18-09.59.27:153][ 89]LogModuleManager: Shutting down and abandoning module UObjectPlugin (262)
[2021.01.18-09.59.27:153][ 89]LogModuleManager: Shutting down and abandoning module SubversionSourceControl (260)
[2021.01.18-09.59.27:153][ 89]LogModuleManager: Shutting down and abandoning module PerforceSourceControl (258)
[2021.01.18-09.59.27:153][ 89]LogModuleManager: Shutting down and abandoning module SourceControl (257)
[2021.01.18-09.59.27:153][ 89]LogModuleManager: Shutting down and abandoning module CLionSourceCodeAccess (254)
[2021.01.18-09.59.27:153][ 89]LogModuleManager: Shutting down and abandoning module ActorLayerUtilities (252)
[2021.01.18-09.59.27:153][ 89]LogModuleManager: Shutting down and abandoning module SignificanceManager (250)
[2021.01.18-09.59.27:153][ 89]LogModuleManager: Shutting down and abandoning module RuntimePhysXCooking (248)
[2021.01.18-09.59.27:153][ 89]LogModuleManager: Shutting down and abandoning module PhysXVehiclesEditor (246)
[2021.01.18-09.59.27:153][ 89]LogModuleManager: Shutting down and abandoning module PhysXVehicles (244)
[2021.01.18-09.59.27:153][ 89]LogModuleManager: Shutting down and abandoning module LocationServicesBPLibrary (242)
[2021.01.18-09.59.27:153][ 89]LogModuleManager: Shutting down and abandoning module ActorSequence (240)
[2021.01.18-09.59.27:153][ 89]LogModuleManager: Shutting down and abandoning module UdpMessaging (238)
[2021.01.18-09.59.27:254][ 89]LogModuleManager: Shutting down and abandoning module TcpMessaging (236)
[2021.01.18-09.59.27:356][ 89]LogModuleManager: Shutting down and abandoning module MagicLeapIdentity (234)
[2021.01.18-09.59.27:356][ 89]LogModuleManager: Shutting down and abandoning module MagicLeapSecureStorage (232)
[2021.01.18-09.59.27:356][ 89]LogModuleManager: Shutting down and abandoning module MagicLeapHandTracking (230)
[2021.01.18-09.59.27:356][ 89]LogModuleManager: Shutting down and abandoning module MagicLeapEyeTracker (228)
[2021.01.18-09.59.27:356][ 89]LogModuleManager: Shutting down and abandoning module MagicLeapController (226)
[2021.01.18-09.59.27:356][ 89]LogSlate: Slate User Destroyed.  User Index 0, Is Virtual User: 0
[2021.01.18-09.59.27:356][ 89]LogModuleManager: Shutting down and abandoning module MagicLeapAR (224)
[2021.01.18-09.59.27:356][ 89]LogModuleManager: Shutting down and abandoning module AugmentedReality (223)
[2021.01.18-09.59.27:356][ 89]LogModuleManager: Shutting down and abandoning module GameplayTagsEditor (220)
[2021.01.18-09.59.27:356][ 89]LogModuleManager: Shutting down and abandoning module FacialAnimation (218)
[2021.01.18-09.59.27:356][ 89]LogModuleManager: Shutting down and abandoning module DataValidation (216)
[2021.01.18-09.59.27:356][ 89]LogModuleManager: Shutting down and abandoning module AssetManagerEditor (214)
[2021.01.18-09.59.27:356][ 89]LogModuleManager: Shutting down and abandoning module TreeMap (213)
[2021.01.18-09.59.27:356][ 89]LogModuleManager: Shutting down and abandoning module AnimationSharing (210)
[2021.01.18-09.59.27:356][ 89]LogModuleManager: Shutting down and abandoning module LightPropagationVolumeRuntime (208)
[2021.01.18-09.59.27:356][ 89]LogModuleManager: Shutting down and abandoning module AISupportModule (206)
[2021.01.18-09.59.27:356][ 89]LogModuleManager: Shutting down and abandoning module Paper2D (204)
[2021.01.18-09.59.27:356][ 89]LogModuleManager: Shutting down and abandoning module WindowsMoviePlayer (202)
[2021.01.18-09.59.27:356][ 89]LogModuleManager: Shutting down and abandoning module WebMMoviePlayer (200)
[2021.01.18-09.59.27:356][ 89]LogModuleManager: Shutting down and abandoning module PacketHandler (198)
[2021.01.18-09.59.27:356][ 89]LogModuleManager: Shutting down and abandoning module ClothingSystemEditor (196)
[2021.01.18-09.59.27:356][ 89]LogModuleManager: Shutting down and abandoning module ClothingSystemRuntime (194)
[2021.01.18-09.59.27:356][ 89]LogModuleManager: Shutting down and abandoning module MediaAssets (192)
[2021.01.18-09.59.27:356][ 89]LogModuleManager: Shutting down and abandoning module Overlay (190)
[2021.01.18-09.59.27:356][ 89]LogModuleManager: Shutting down and abandoning module OverlayEditor (189)
[2021.01.18-09.59.27:356][ 89]LogModuleManager: Shutting down and abandoning module VREditor (186)
[2021.01.18-09.59.27:356][ 89]LogModuleManager: Shutting down and abandoning module StringTableEditor (184)
[2021.01.18-09.59.27:356][ 89]LogModuleManager: Shutting down and abandoning module GameplayTasksEditor (182)
[2021.01.18-09.59.27:356][ 89]LogModuleManager: Shutting down and abandoning module BehaviorTreeEditor (180)
[2021.01.18-09.59.27:356][ 89]LogModuleManager: Shutting down and abandoning module FunctionalTesting (178)
[2021.01.18-09.59.27:356][ 89]LogModuleManager: Shutting down and abandoning module CollisionAnalyzer (176)
[2021.01.18-09.59.27:356][ 89]LogModuleManager: Shutting down and abandoning module WorkspaceMenuStructure (175)
[2021.01.18-09.59.27:356][ 89]LogModuleManager: Shutting down and abandoning module UMG (172)
[2021.01.18-09.59.27:356][ 89]LogModuleManager: Shutting down and abandoning module UMGEditor (171)
[2021.01.18-09.59.27:356][ 89]LogModuleManager: Shutting down and abandoning module Sequencer (170)
[2021.01.18-09.59.27:356][ 89]LogModuleManager: Shutting down and abandoning module MessageLog (167)
[2021.01.18-09.59.27:356][ 89]LogModuleManager: Shutting down and abandoning module SlateReflector (162)
[2021.01.18-09.59.27:356][ 89]LogModuleManager: Shutting down and abandoning module Slate (160)
[2021.01.18-09.59.27:356][ 89]LogModuleManager: Shutting down and abandoning module EditorStyle (158)
[2021.01.18-09.59.27:357][ 89]LogModuleManager: Shutting down and abandoning module UnrealEd (156)
[2021.01.18-09.59.27:357][ 89]LogModuleManager: Shutting down and abandoning module MRMesh (154)
[2021.01.18-09.59.27:357][ 89]LogModuleManager: Shutting down and abandoning module Messaging (152)
[2021.01.18-09.59.27:357][ 89]LogModuleManager: Shutting down and abandoning module SourceCodeAccess (150)
[2021.01.18-09.59.27:357][ 89]LogModuleManager: Shutting down and abandoning module HeadMountedDisplay (148)
[2021.01.18-09.59.27:357][ 89]LogModuleManager: Shutting down and abandoning module XAudio2 (146)
[2021.01.18-09.59.27:357][ 89]LogModuleManager: Shutting down and abandoning module Networking (144)
[2021.01.18-09.59.27:357][ 89]LogModuleManager: Shutting down and abandoning module Core (142)
[2021.01.18-09.59.27:357][ 89]LogModuleManager: Shutting down and abandoning module KismetCompiler (140)
[2021.01.18-09.59.27:357][ 89]LogModuleManager: Shutting down and abandoning module MeshUtilities (138)
[2021.01.18-09.59.27:357][ 89]LogModuleManager: Shutting down and abandoning module MeshMergeUtilities (137)
[2021.01.18-09.59.27:357][ 89]LogModuleManager: Shutting down and abandoning module MeshReductionInterface (136)
[2021.01.18-09.59.27:357][ 89]LogModuleManager: Shutting down and abandoning module SkeletalMeshReduction (135)
[2021.01.18-09.59.27:357][ 89]LogModuleManager: Shutting down and abandoning module ProxyLODMeshReduction (133)
[2021.01.18-09.59.27:357][ 89]LogModuleManager: Shutting down and abandoning module QuadricMeshReduction (131)
[2021.01.18-09.59.27:357][ 89]LogModuleManager: Shutting down and abandoning module MaterialBaking (127)
[2021.01.18-09.59.27:357][ 89]LogModuleManager: Shutting down and abandoning module PIEPreviewDeviceProfileSelector (122)
[2021.01.18-09.59.27:357][ 89]LogModuleManager: Shutting down and abandoning module DerivedDataCache (120)
[2021.01.18-09.59.27:366][ 89]LogDerivedDataCache: Shutdown
[2021.01.18-09.59.27:366][ 89]LogModuleManager: Shutting down and abandoning module XGEController (118)
[2021.01.18-09.59.27:366][ 89]LogModuleManager: Shutting down and abandoning module TargetPlatform (116)
[2021.01.18-09.59.27:366][ 89]LogModuleManager: Shutting down and abandoning module VulkanShaderFormat (115)
[2021.01.18-09.59.27:366][ 89]LogModuleManager: Shutting down and abandoning module ShaderFormatVectorVM (113)
[2021.01.18-09.59.27:366][ 89]LogModuleManager: Shutting down and abandoning module ShaderFormatOpenGL (111)
[2021.01.18-09.59.27:366][ 89]LogModuleManager: Shutting down and abandoning module ShaderFormatD3D (109)
[2021.01.18-09.59.27:366][ 89]LogModuleManager: Shutting down and abandoning module MetalShaderFormat (107)
[2021.01.18-09.59.27:366][ 89]LogModuleManager: Shutting down and abandoning module TextureFormatUncompressed (105)
[2021.01.18-09.59.27:366][ 89]LogModuleManager: Shutting down and abandoning module TextureFormatPVR (103)
[2021.01.18-09.59.27:366][ 89]LogModuleManager: Shutting down and abandoning module TextureFormatDXT (101)
[2021.01.18-09.59.27:366][ 89]LogModuleManager: Shutting down and abandoning module TextureFormatIntelISPCTexComp (99)
[2021.01.18-09.59.27:366][ 89]LogModuleManager: Shutting down and abandoning module TextureFormatASTC (97)
[2021.01.18-09.59.27:366][ 89]LogModuleManager: Shutting down and abandoning module ImageWrapper (96)
[2021.01.18-09.59.27:366][ 89]LogModuleManager: Shutting down and abandoning module TextureFormatAndroid (93)
[2021.01.18-09.59.27:366][ 89]LogModuleManager: Shutting down and abandoning module AudioFormatOpus (91)
[2021.01.18-09.59.27:366][ 89]LogModuleManager: Shutting down and abandoning module AudioFormatOgg (89)
[2021.01.18-09.59.27:366][ 89]LogModuleManager: Shutting down and abandoning module AudioFormatADPCM (87)
[2021.01.18-09.59.27:366][ 89]LogModuleManager: Shutting down and abandoning module WindowsTargetPlatform (85)
[2021.01.18-09.59.27:366][ 89]LogModuleManager: Shutting down and abandoning module WindowsServerTargetPlatform (83)
[2021.01.18-09.59.27:366][ 89]LogModuleManager: Shutting down and abandoning module WindowsNoEditorTargetPlatform (81)
[2021.01.18-09.59.27:366][ 89]LogModuleManager: Shutting down and abandoning module WindowsClientTargetPlatform (79)
[2021.01.18-09.59.27:366][ 89]LogModuleManager: Shutting down and abandoning module InputCore (76)
[2021.01.18-09.59.27:366][ 89]LogModuleManager: Shutting down and abandoning module Settings (74)
[2021.01.18-09.59.27:367][ 89]LogModuleManager: Shutting down and abandoning module PhysXCooking (72)
[2021.01.18-09.59.27:367][ 89]LogModuleManager: Shutting down and abandoning module OculusHMD (70)
[2021.01.18-09.59.27:367][ 89]LogModuleManager: Shutting down and abandoning module ExampleDeviceProfileSelector (68)
[2021.01.18-09.59.27:367][ 89]LogModuleManager: Shutting down and abandoning module LauncherChunkInstaller (66)
[2021.01.18-09.59.27:367][ 89]LogModuleManager: Shutting down and abandoning module OnlineBlueprintSupport (64)
[2021.01.18-09.59.27:367][ 89]LogModuleManager: Shutting down and abandoning module OnlineSubsystem (60)
[2021.01.18-09.59.27:367][ 89]LogOnline: Display: STEAM: OnlineSubsystemSteam::Shutdown()
[2021.01.18-09.59.27:367][ 89]LogOnline: STEAM: AUTH: Revoking all tickets.
[2021.01.18-09.59.27:417][ 89]LogOnline: Display: STEAM: OnlineSubsystemSteam::Shutdown()
[2021.01.18-09.59.27:417][ 89]LogModuleManager: Shutting down and abandoning module XMPP (55)
[2021.01.18-09.59.27:417][ 89]LogModuleManager: Shutting down and abandoning module WebSockets (54)
[2021.01.18-09.59.27:444][ 89]LogModuleManager: Shutting down and abandoning module HTTP (51)
[2021.01.18-09.59.27:470][ 89]LogModuleManager: Shutting down and abandoning module SSL (50)
[2021.01.18-09.59.27:471][ 89]LogModuleManager: Shutting down and abandoning module WmfMedia (46)
[2021.01.18-09.59.27:471][ 89]LogModuleManager: Shutting down and abandoning module Media (45)
[2021.01.18-09.59.27:477][ 89]LogModuleManager: Shutting down and abandoning module MagicLeap (42)
[2021.01.18-09.59.27:477][ 89]LogModuleManager: Shutting down and abandoning module DatasmithContent (40)
[2021.01.18-09.59.27:477][ 89]LogModuleManager: Shutting down and abandoning module AnimationModifiers (38)
[2021.01.18-09.59.27:477][ 89]LogModuleManager: Shutting down and abandoning module PropertyEditor (37)
[2021.01.18-09.59.27:478][ 89]LogModuleManager: Shutting down and abandoning module AudioEditor (34)
[2021.01.18-09.59.27:478][ 89]LogModuleManager: Shutting down and abandoning module TextureCompressor (32)
[2021.01.18-09.59.27:478][ 89]LogModuleManager: Shutting down and abandoning module RenderCore (30)
[2021.01.18-09.59.27:478][ 89]LogModuleManager: Shutting down and abandoning module Landscape (28)
[2021.01.18-09.59.27:478][ 89]LogModuleManager: Shutting down and abandoning module SlateRHIRenderer (26)
[2021.01.18-09.59.27:478][ 89]LogModuleManager: Shutting down and abandoning module OpenGLDrv (24)
[2021.01.18-09.59.27:478][ 89]LogModuleManager: Shutting down and abandoning module D3D11RHI (22)
[2021.01.18-09.59.27:478][ 89]LogModuleManager: Shutting down and abandoning module AnimGraphRuntime (20)
[2021.01.18-09.59.27:478][ 89]LogModuleManager: Shutting down and abandoning module Renderer (18)
[2021.01.18-09.59.27:478][ 89]LogModuleManager: Shutting down and abandoning module Engine (16)
[2021.01.18-09.59.27:478][ 89]LogModuleManager: Shutting down and abandoning module CoreUObject (14)
[2021.01.18-09.59.27:478][ 89]LogModuleManager: Shutting down and abandoning module NetworkFile (12)
[2021.01.18-09.59.27:478][ 89]LogModuleManager: Shutting down and abandoning module CookedIterativeFile (10)
[2021.01.18-09.59.27:478][ 89]LogModuleManager: Shutting down and abandoning module StreamingFile (8)
[2021.01.18-09.59.27:478][ 89]LogModuleManager: Shutting down and abandoning module SandboxFile (6)
[2021.01.18-09.59.27:478][ 89]LogModuleManager: Shutting down and abandoning module PakFile (4)
[2021.01.18-09.59.27:478][ 89]LogModuleManager: Shutting down and abandoning module RSA (3)
[2021.01.18-09.59.27:484][ 89]LogExit: Exiting.
[2021.01.18-09.59.27:518][ 89]Log file closed, 01/18/21 18:59:27
