Log file open, 01/12/21 13:44:38
LogWindows: Failed to load 'aqProf.dll' (GetLastError=126)
LogWindows: File 'aqProf.dll' does not exist
LogWindows: Failed to load 'VtuneApi.dll' (GetLastError=126)
LogWindows: File 'VtuneApi.dll' does not exist
LogWindows: Failed to load 'VtuneApi32e.dll' (GetLastError=126)
LogWindows: File 'VtuneApi32e.dll' does not exist
LogConsoleResponse: Display: Failed to find resolution value strings in scalability ini. Falling back to default.
LogInit: Display: Running engine for game: GrandTrenchWar
LogPakFile: Registered encryption key '00000000000000000000000000000000': 0 pak files mounted, 0 remain pending
LogPlatformFile: Not using cached read wrapper
LogTaskGraph: Started task graph with 5 named threads and 47 total threads with 3 sets of task threads.
LogStats: Stats thread started at 0.729819
LogD3D11RHI: Loaded GFSDK_Aftermath_Lib.x64.dll
LogICUInternationalization: ICU TimeZone Detection - Raw Offset: +9:00, Platform Override: ''
LogPluginManager: Mounting plugin Paper2D
LogPluginManager: Mounting plugin AISupport
LogPluginManager: Mounting plugin LightPropagationVolume
LogPluginManager: Mounting plugin ActorLayerUtilities
LogPluginManager: Mounting plugin AnimationSharing
LogPluginManager: Mounting plugin CLionSourceCodeAccess
LogPluginManager: Mounting plugin CodeLiteSourceCodeAccess
LogPluginManager: Mounting plugin GitSourceControl
LogPluginManager: Mounting plugin KDevelopSourceCodeAccess
LogPluginManager: Mounting plugin NullSourceCodeAccess
LogPluginManager: Mounting plugin PerforceSourceControl
LogPluginManager: Mounting plugin SubversionSourceControl
LogPluginManager: Mounting plugin UObjectPlugin
LogPluginManager: Mounting plugin VisualStudioCodeSourceCodeAccess
LogPluginManager: Mounting plugin VisualStudioSourceCodeAccess
LogPluginManager: Mounting plugin XCodeSourceCodeAccess
LogPluginManager: Mounting plugin AssetManagerEditor
LogPluginManager: Mounting plugin CryptoKeys
LogPluginManager: Mounting plugin DataValidation
LogPluginManager: Mounting plugin FacialAnimation
LogPluginManager: Mounting plugin GameplayTagsEditor
LogPluginManager: Mounting plugin MacGraphicsSwitching
LogPluginManager: Mounting plugin MaterialAnalyzer
LogPluginManager: Mounting plugin MobileLauncherProfileWizard
LogPluginManager: Mounting plugin PluginBrowser
LogPluginManager: Mounting plugin SpeedTreeImporter
LogPluginManager: Mounting plugin DatasmithContent
LogPluginManager: Mounting plugin VariantManagerContent
LogPluginManager: Mounting plugin AlembicImporter
LogPluginManager: Mounting plugin AppleImageUtils
LogPluginManager: Mounting plugin AppleVision
LogPluginManager: Mounting plugin BackChannel
LogPluginManager: Mounting plugin CharacterAI
LogPluginManager: Mounting plugin GeometryCache
LogPluginManager: Mounting plugin HTML5Networking
LogPluginManager: Mounting plugin ProxyLODPlugin
LogPluginManager: Mounting plugin SkeletalReduction
LogPluginManager: Mounting plugin MagicLeap
LogPluginManager: Mounting plugin MagicLeapMedia
LogPluginManager: Mounting plugin AndroidMedia
LogPluginManager: Mounting plugin AvfMedia
LogPluginManager: Mounting plugin ImgMedia
LogPluginManager: Mounting plugin LinearTimecode
LogPluginManager: Mounting plugin MediaCompositing
LogPluginManager: Mounting plugin MediaPlayerEditor
LogPluginManager: Mounting plugin WebMMedia
LogPluginManager: Mounting plugin WmfMedia
LogPluginManager: Mounting plugin TcpMessaging
LogPluginManager: Mounting plugin UdpMessaging
LogPluginManager: Mounting plugin ActorSequence
LogPluginManager: Mounting plugin LevelSequenceEditor
LogPluginManager: Mounting plugin MatineeToLevelSequence
LogPluginManager: Mounting plugin NetcodeUnitTest
LogPluginManager: Mounting plugin NUTUnrealEngine4
LogPluginManager: Mounting plugin OnlineSubsystemGooglePlay
LogPluginManager: Mounting plugin OnlineSubsystemIOS
LogPluginManager: Mounting plugin OnlineSubsystem
LogPluginManager: Mounting plugin OnlineSubsystemNull
LogPluginManager: Mounting plugin OnlineSubsystemSteam
LogPluginManager: Mounting plugin OnlineSubsystemUtils
LogPluginManager: Mounting plugin LauncherChunkInstaller
LogPluginManager: Mounting plugin AndroidDeviceProfileSelector
LogPluginManager: Mounting plugin AndroidMoviePlayer
LogPluginManager: Mounting plugin AndroidPermission
LogPluginManager: Mounting plugin AppleMoviePlayer
LogPluginManager: Mounting plugin ArchVisCharacter
LogPluginManager: Mounting plugin AudioCapture
LogPluginManager: Mounting plugin CableComponent
LogPluginManager: Mounting plugin CustomMeshComponent
LogPluginManager: Mounting plugin EditableMesh
LogPluginManager: Mounting plugin ExampleDeviceProfileSelector
LogPluginManager: Mounting plugin Firebase
LogPluginManager: Mounting plugin GoogleCloudMessaging
LogPluginManager: Mounting plugin IOSDeviceProfileSelector
LogPluginManager: Mounting plugin LinuxDeviceProfileSelector
LogPluginManager: Mounting plugin LocationServicesBPLibrary
LogPluginManager: Mounting plugin MobilePatchingUtils
LogPluginManager: Mounting plugin OculusVR
LogPluginManager: Mounting plugin PhysXVehicles
LogPluginManager: Mounting plugin ProceduralMeshComponent
LogPluginManager: Mounting plugin RuntimePhysXCooking
LogPluginManager: Mounting plugin SignificanceManager
LogPluginManager: Mounting plugin SteamVR
LogPluginManager: Mounting plugin WebMMoviePlayer
LogPluginManager: Mounting plugin WindowsMoviePlayer
LogInit: Using libcurl 7.55.1-DEV
LogInit:  - built for x86_64-pc-win32
LogInit:  - supports SSL with OpenSSL/1.1.1
LogInit:  - supports HTTP deflate (compression) using libz 1.2.8
LogInit:  - other features:
LogInit:      CURL_VERSION_SSL
LogInit:      CURL_VERSION_LIBZ
LogInit:      CURL_VERSION_IPV6
LogInit:      CURL_VERSION_ASYNCHDNS
LogInit:      CURL_VERSION_LARGEFILE
LogInit:      CURL_VERSION_IDN
LogInit:  CurlRequestOptions (configurable via config and command line):
LogInit:  - bVerifyPeer = true  - Libcurl will verify peer certificate
LogInit:  - bUseHttpProxy = false  - Libcurl will NOT use HTTP proxy
LogInit:  - bDontReuseConnections = false  - Libcurl will reuse connections
LogInit:  - MaxHostConnections = 16  - Libcurl will limit the number of connections to a host
LogInit:  - LocalHostAddr = Default
LogInit:  - BufferSize = 65536
LogOnline: Display: STEAM: Loading Steam SDK 1.39
LogOnline: Warning: STEAM: Steamworks: SteamUtils() failed!
LogOnline: Warning: STEAM: Steamworks: SteamUser() failed!
LogOnline: Warning: STEAM: Steamworks: SteamFriends() failed!
LogOnline: Warning: STEAM: Steamworks: SteamRemoteStorage() failed!
LogOnline: Warning: STEAM: Steamworks: SteamUserStats() failed!
LogOnline: Warning: STEAM: Steamworks: SteamMatchmakingServers() failed!
LogOnline: Warning: STEAM: Steamworks: SteamApps() failed!
LogOnline: Warning: STEAM: Steamworks: SteamNetworking() failed!
LogOnline: Warning: STEAM: Steamworks: SteamMatchmaking() failed!
LogOnline: STEAM: [AppId: 0] Client API initialized 0
LogOnline: Display: STEAM: OnlineSubsystemSteam::Shutdown()
LogOnline: Warning: STEAM: Steam API failed to initialize!
LogOnline: Display: STEAM: OnlineSubsystemSteam::Shutdown()
LogOnline: OSS: Unable to create OnlineSubsystem module Steam
LogInit: WinSock: version 1.1 (2.2), MaxSocks=32767, MaxUdp=65467
LogInit: Build: ++UE4+Release-4.22-CL-7053642
LogInit: Engine Version: 4.22.3-7053642+++UE4+Release-4.22
LogInit: Compatible Engine Version: 4.22.0-5660361+++UE4+Release-4.22
LogInit: Net CL: 5660361
LogInit: OS: Windows 10 (Release 2004) (), CPU: AMD Ryzen 7 3700X 8-Core Processor             , GPU: NVIDIA GeForce GTX 1060 6GB
LogInit: Compiled (64-bit): Jun 18 2019 03:09:11
LogInit: Compiled with Visual C++: 19.16.27025.01
LogInit: Build Configuration: Development
LogInit: Branch Name: ++UE4+Release-4.22
LogInit: Command Line:  /Game/Weapon/Map/BP -game -PIEVIACONSOLE -ResX=1280 -ResY=720 -Multiprocess -messaging -SessionName="Play in Standalone Game" -windowed
LogInit: Base Directory: C:/Program Files/Epic Games/UE_4.22/Engine/Binaries/Win64/
LogInit: Installed Engine Build: 1
LogDevObjectVersion: Number of dev versions registered: 23
LogDevObjectVersion:   Dev-Blueprints (B0D832E4-1F89-4F0D-ACCF-7EB736FD4AA2): 10
LogDevObjectVersion:   Dev-Build (E1C64328-A22C-4D53-A36C-8E866417BD8C): 0
LogDevObjectVersion:   Dev-Core (375EC13C-06E4-48FB-B500-84F0262A717E): 3
LogDevObjectVersion:   Dev-Editor (E4B068ED-F494-42E9-A231-DA0B2E46BB41): 30
LogDevObjectVersion:   Dev-Framework (CFFC743F-43B0-4480-9391-14DF171D2073): 35
LogDevObjectVersion:   Dev-Mobile (B02B49B5-BB20-44E9-A304-32B752E40360): 2
LogDevObjectVersion:   Dev-Networking (A4E4105C-59A1-49B5-A7C5-40C4547EDFEE): 0
LogDevObjectVersion:   Dev-Online (39C831C9-5AE6-47DC-9A44-9C173E1C8E7C): 0
LogDevObjectVersion:   Dev-Physics (78F01B33-EBEA-4F98-B9B4-84EACCB95AA2): 0
LogDevObjectVersion:   Dev-Platform (6631380F-2D4D-43E0-8009-CF276956A95A): 0
LogDevObjectVersion:   Dev-Rendering (12F88B9F-8875-4AFC-A67C-D90C383ABD29): 28
LogDevObjectVersion:   Dev-Sequencer (7B5AE74C-D270-4C10-A958-57980B212A5A): 11
LogDevObjectVersion:   Dev-VR (D7296918-1DD6-4BDD-9DE2-64A83CC13884): 2
LogDevObjectVersion:   Dev-LoadTimes (C2A15278-BFE7-4AFE-6C17-90FF531DF755): 1
LogDevObjectVersion:   Private-Geometry (6EACA3D4-40EC-4CC1-B786-8BED09428FC5): 3
LogDevObjectVersion:   Dev-AnimPhys (29E575DD-E0A3-4627-9D10-D276232CDCEA): 17
LogDevObjectVersion:   Dev-Anim (AF43A65D-7FD3-4947-9873-3E8ED9C1BB05): 2
LogDevObjectVersion:   Dev-ReflectionCapture (6B266CEC-1EC7-4B8F-A30B-E4D90942FC07): 1
LogDevObjectVersion:   Dev-Automation (0DF73D61-A23F-47EA-B727-89E90C41499A): 1
LogDevObjectVersion:   FortniteMain (601D1886-AC64-4F84-AA16-D3DE0DEAC7D6): 25
LogDevObjectVersion:   Dev-Enterprise (9DFFBCD6-494F-0158-E221-12823C92A888): 6
LogDevObjectVersion:   Dev-Niagara (F2AED0AC-9AFE-416F-8664-AA7FFA26D6FC): 1
LogDevObjectVersion:   Dev-Destruction (174F1F0B-B4C6-45A5-B13F-2EE8D0FB917D): 2
LogInit: Presizing for max 16777216 objects, including 0 objects not considered by GC, pre-allocating 0 bytes for permanent pool.
LogInit: Object subsystem initialized
LogConfig: Setting CVar [[con.DebugEarlyDefault:1]]
LogConfig: Setting CVar [[r.setres:1280x720]]
[2021.01.12-04.44.38:972][  0]LogConfig: Setting CVar [[con.DebugEarlyDefault:1]]
[2021.01.12-04.44.38:972][  0]LogConfig: Setting CVar [[r.setres:1280x720]]
[2021.01.12-04.44.38:972][  0]LogConfig: Applying CVar settings from Section [/Script/Engine.RendererSettings] File [C:/Users/House/Desktop/용/SOL프로젝트/Unreal_GrandTrenchWar/GrandTrenchWar/Saved/Config/Windows/Engine.ini]
[2021.01.12-04.44.38:972][  0]LogConfig: Setting CVar [[r.GPUCrashDebugging:0]]
[2021.01.12-04.44.38:972][  0]LogConfig: Applying CVar settings from Section [/Script/Engine.RendererOverrideSettings] File [C:/Users/House/Desktop/용/SOL프로젝트/Unreal_GrandTrenchWar/GrandTrenchWar/Saved/Config/Windows/Engine.ini]
[2021.01.12-04.44.38:972][  0]LogConfig: Applying CVar settings from Section [/Script/Engine.StreamingSettings] File [C:/Users/House/Desktop/용/SOL프로젝트/Unreal_GrandTrenchWar/GrandTrenchWar/Saved/Config/Windows/Engine.ini]
[2021.01.12-04.44.38:972][  0]LogConfig: Setting CVar [[s.MinBulkDataSizeForAsyncLoading:131072]]
[2021.01.12-04.44.38:972][  0]LogConfig: Setting CVar [[s.AsyncLoadingThreadEnabled:0]]
[2021.01.12-04.44.38:972][  0]LogConfig: Setting CVar [[s.EventDrivenLoaderEnabled:1]]
[2021.01.12-04.44.38:972][  0]LogConfig: Setting CVar [[s.WarnIfTimeLimitExceeded:0]]
[2021.01.12-04.44.38:972][  0]LogConfig: Setting CVar [[s.TimeLimitExceededMultiplier:1.5]]
[2021.01.12-04.44.38:972][  0]LogConfig: Setting CVar [[s.TimeLimitExceededMinTime:0.005]]
[2021.01.12-04.44.38:972][  0]LogConfig: Setting CVar [[s.UseBackgroundLevelStreaming:1]]
[2021.01.12-04.44.38:972][  0]LogConfig: Setting CVar [[s.PriorityAsyncLoadingExtraTime:15.0]]
[2021.01.12-04.44.38:972][  0]LogConfig: Setting CVar [[s.LevelStreamingActorsUpdateTimeLimit:5.0]]
[2021.01.12-04.44.38:972][  0]LogConfig: Setting CVar [[s.PriorityLevelStreamingActorsUpdateExtraTime:5.0]]
[2021.01.12-04.44.38:972][  0]LogConfig: Setting CVar [[s.LevelStreamingComponentsRegistrationGranularity:10]]
[2021.01.12-04.44.38:972][  0]LogConfig: Setting CVar [[s.UnregisterComponentsTimeLimit:1.0]]
[2021.01.12-04.44.38:972][  0]LogConfig: Setting CVar [[s.LevelStreamingComponentsUnregistrationGranularity:5]]
[2021.01.12-04.44.38:972][  0]LogConfig: Applying CVar settings from Section [/Script/Engine.GarbageCollectionSettings] File [C:/Users/House/Desktop/용/SOL프로젝트/Unreal_GrandTrenchWar/GrandTrenchWar/Saved/Config/Windows/Engine.ini]
[2021.01.12-04.44.38:972][  0]LogConfig: Setting CVar [[gc.MaxObjectsNotConsideredByGC:1]]
[2021.01.12-04.44.38:972][  0]LogConfig: Setting CVar [[gc.SizeOfPermanentObjectPool:0]]
[2021.01.12-04.44.38:972][  0]LogConfig: Setting CVar [[gc.FlushStreamingOnGC:0]]
[2021.01.12-04.44.38:972][  0]LogConfig: Setting CVar [[gc.NumRetriesBeforeForcingGC:10]]
[2021.01.12-04.44.38:972][  0]LogConfig: Setting CVar [[gc.AllowParallelGC:1]]
[2021.01.12-04.44.38:972][  0]LogConfig: Setting CVar [[gc.TimeBetweenPurgingPendingKillObjects:61.1]]
[2021.01.12-04.44.38:972][  0]LogConfig: Setting CVar [[gc.MaxObjectsInEditor:16777216]]
[2021.01.12-04.44.38:972][  0]LogConfig: Setting CVar [[gc.IncrementalBeginDestroyEnabled:1]]
[2021.01.12-04.44.38:972][  0]LogConfig: Setting CVar [[gc.CreateGCClusters:1]]
[2021.01.12-04.44.38:972][  0]LogConfig: Setting CVar [[gc.MinGCClusterSize:5]]
[2021.01.12-04.44.38:972][  0]LogConfig: Setting CVar [[gc.ActorClusteringEnabled:0]]
[2021.01.12-04.44.38:972][  0]LogConfig: Setting CVar [[gc.BlueprintClusteringEnabled:0]]
[2021.01.12-04.44.38:972][  0]LogConfig: Setting CVar [[gc.UseDisregardForGCOnDedicatedServers:0]]
[2021.01.12-04.44.38:972][  0]LogConfig: Applying CVar settings from Section [/Script/Engine.NetworkSettings] File [C:/Users/House/Desktop/용/SOL프로젝트/Unreal_GrandTrenchWar/GrandTrenchWar/Saved/Config/Windows/Engine.ini]
[2021.01.12-04.44.38:972][  0]LogConfig: Applying CVar settings from Section [/Script/UnrealEd.CookerSettings] File [C:/Users/House/Desktop/용/SOL프로젝트/Unreal_GrandTrenchWar/GrandTrenchWar/Saved/Config/Windows/Engine.ini]
[2021.01.12-04.44.38:977][  0]LogConfig: Applying CVar settings from Section [ViewDistanceQuality@3] File [C:/Users/House/Desktop/용/SOL프로젝트/Unreal_GrandTrenchWar/GrandTrenchWar/Saved/Config/Windows/Scalability.ini]
[2021.01.12-04.44.38:977][  0]LogConfig: Setting CVar [[r.SkeletalMeshLODBias:0]]
[2021.01.12-04.44.38:977][  0]LogConfig: Setting CVar [[r.ViewDistanceScale:1.0]]
[2021.01.12-04.44.38:977][  0]LogConfig: Applying CVar settings from Section [AntiAliasingQuality@3] File [C:/Users/House/Desktop/용/SOL프로젝트/Unreal_GrandTrenchWar/GrandTrenchWar/Saved/Config/Windows/Scalability.ini]
[2021.01.12-04.44.38:977][  0]LogConfig: Setting CVar [[r.PostProcessAAQuality:4]]
[2021.01.12-04.44.38:977][  0]LogConfig: Applying CVar settings from Section [ShadowQuality@3] File [C:/Users/House/Desktop/용/SOL프로젝트/Unreal_GrandTrenchWar/GrandTrenchWar/Saved/Config/Windows/Scalability.ini]
[2021.01.12-04.44.38:977][  0]LogConfig: Setting CVar [[r.LightFunctionQuality:1]]
[2021.01.12-04.44.38:977][  0]LogConfig: Setting CVar [[r.ShadowQuality:5]]
[2021.01.12-04.44.38:977][  0]LogConfig: Setting CVar [[r.Shadow.CSM.MaxCascades:10]]
[2021.01.12-04.44.38:977][  0]LogConfig: Setting CVar [[r.Shadow.MaxResolution:2048]]
[2021.01.12-04.44.38:977][  0]LogConfig: Setting CVar [[r.Shadow.MaxCSMResolution:2048]]
[2021.01.12-04.44.38:977][  0]LogConfig: Setting CVar [[r.Shadow.RadiusThreshold:0.01]]
[2021.01.12-04.44.38:977][  0]LogConfig: Setting CVar [[r.Shadow.DistanceScale:1.0]]
[2021.01.12-04.44.38:977][  0]LogConfig: Setting CVar [[r.Shadow.CSM.TransitionScale:1.0]]
[2021.01.12-04.44.38:977][  0]LogConfig: Setting CVar [[r.Shadow.PreShadowResolutionFactor:1.0]]
[2021.01.12-04.44.38:977][  0]LogConfig: Setting CVar [[r.DistanceFieldShadowing:1]]
[2021.01.12-04.44.38:977][  0]LogConfig: Setting CVar [[r.DistanceFieldAO:1]]
[2021.01.12-04.44.38:977][  0]LogConfig: Setting CVar [[r.AOQuality:2]]
[2021.01.12-04.44.38:977][  0]LogConfig: Setting CVar [[r.VolumetricFog:1]]
[2021.01.12-04.44.38:977][  0]LogConfig: Setting CVar [[r.VolumetricFog.GridPixelSize:8]]
[2021.01.12-04.44.38:977][  0]LogConfig: Setting CVar [[r.VolumetricFog.GridSizeZ:128]]
[2021.01.12-04.44.38:977][  0]LogConfig: Setting CVar [[r.VolumetricFog.HistoryMissSupersampleCount:4]]
[2021.01.12-04.44.38:977][  0]LogConfig: Setting CVar [[r.LightMaxDrawDistanceScale:1]]
[2021.01.12-04.44.38:977][  0]LogConfig: Setting CVar [[r.CapsuleShadows:1]]
[2021.01.12-04.44.38:977][  0]LogConfig: Applying CVar settings from Section [PostProcessQuality@3] File [C:/Users/House/Desktop/용/SOL프로젝트/Unreal_GrandTrenchWar/GrandTrenchWar/Saved/Config/Windows/Scalability.ini]
[2021.01.12-04.44.38:977][  0]LogConfig: Setting CVar [[r.MotionBlurQuality:4]]
[2021.01.12-04.44.38:977][  0]LogConfig: Setting CVar [[r.AmbientOcclusionMipLevelFactor:0.4]]
[2021.01.12-04.44.38:977][  0]LogConfig: Setting CVar [[r.AmbientOcclusionMaxQuality:100]]
[2021.01.12-04.44.38:977][  0]LogConfig: Setting CVar [[r.AmbientOcclusionLevels:-1]]
[2021.01.12-04.44.38:977][  0]LogConfig: Setting CVar [[r.AmbientOcclusionRadiusScale:1.0]]
[2021.01.12-04.44.38:977][  0]LogConfig: Setting CVar [[r.DepthOfFieldQuality:2]]
[2021.01.12-04.44.38:977][  0]LogConfig: Setting CVar [[r.RenderTargetPoolMin:400]]
[2021.01.12-04.44.38:977][  0]LogConfig: Setting CVar [[r.LensFlareQuality:2]]
[2021.01.12-04.44.38:977][  0]LogConfig: Setting CVar [[r.SceneColorFringeQuality:1]]
[2021.01.12-04.44.38:977][  0]LogConfig: Setting CVar [[r.EyeAdaptationQuality:2]]
[2021.01.12-04.44.38:977][  0]LogConfig: Setting CVar [[r.BloomQuality:5]]
[2021.01.12-04.44.38:977][  0]LogConfig: Setting CVar [[r.FastBlurThreshold:100]]
[2021.01.12-04.44.38:977][  0]LogConfig: Setting CVar [[r.Upscale.Quality:3]]
[2021.01.12-04.44.38:977][  0]LogConfig: Setting CVar [[r.Tonemapper.GrainQuantization:1]]
[2021.01.12-04.44.38:977][  0]LogConfig: Setting CVar [[r.LightShaftQuality:1]]
[2021.01.12-04.44.38:977][  0]LogConfig: Setting CVar [[r.Filter.SizeScale:1]]
[2021.01.12-04.44.38:977][  0]LogConfig: Setting CVar [[r.Tonemapper.Quality:5]]
[2021.01.12-04.44.38:977][  0]LogConfig: Setting CVar [[r.DOF.Gather.AccumulatorQuality:1        ; higher gathering accumulator quality]]
[2021.01.12-04.44.38:977][  0]LogConfig: Setting CVar [[r.DOF.Gather.PostfilterMethod:1          ; Median3x3 postfilering method]]
[2021.01.12-04.44.38:977][  0]LogConfig: Setting CVar [[r.DOF.Gather.EnableBokehSettings:0       ; no bokeh simulation when gathering]]
[2021.01.12-04.44.38:977][  0]LogConfig: Setting CVar [[r.DOF.Gather.RingCount:4                 ; medium number of samples when gathering]]
[2021.01.12-04.44.38:977][  0]LogConfig: Setting CVar [[r.DOF.Scatter.ForegroundCompositing:1    ; additive foreground scattering]]
[2021.01.12-04.44.38:977][  0]LogConfig: Setting CVar [[r.DOF.Scatter.BackgroundCompositing:2    ; additive background scattering]]
[2021.01.12-04.44.38:977][  0]LogConfig: Setting CVar [[r.DOF.Scatter.EnableBokehSettings:1      ; bokeh simulation when scattering]]
[2021.01.12-04.44.38:977][  0]LogConfig: Setting CVar [[r.DOF.Scatter.MaxSpriteRatio:0.1         ; only a maximum of 10% of scattered bokeh]]
[2021.01.12-04.44.38:977][  0]LogConfig: Setting CVar [[r.DOF.Recombine.Quality:1                ; cheap slight out of focus]]
[2021.01.12-04.44.38:977][  0]LogConfig: Setting CVar [[r.DOF.Recombine.EnableBokehSettings:0    ; no bokeh simulation on slight out of focus]]
[2021.01.12-04.44.38:977][  0]LogConfig: Setting CVar [[r.DOF.TemporalAAQuality:1                ; more stable temporal accumulation]]
[2021.01.12-04.44.38:977][  0]LogConfig: Setting CVar [[r.DOF.Kernel.MaxForegroundRadius:0.025]]
[2021.01.12-04.44.38:977][  0]LogConfig: Setting CVar [[r.DOF.Kernel.MaxBackgroundRadius:0.025]]
[2021.01.12-04.44.38:977][  0]LogConfig: Applying CVar settings from Section [TextureQuality@3] File [C:/Users/House/Desktop/용/SOL프로젝트/Unreal_GrandTrenchWar/GrandTrenchWar/Saved/Config/Windows/Scalability.ini]
[2021.01.12-04.44.38:977][  0]LogConfig: Setting CVar [[r.Streaming.MipBias:0]]
[2021.01.12-04.44.38:977][  0]LogConfig: Setting CVar [[r.Streaming.AmortizeCPUToGPUCopy:0]]
[2021.01.12-04.44.38:977][  0]LogConfig: Setting CVar [[r.Streaming.MaxNumTexturesToStreamPerFrame:0]]
[2021.01.12-04.44.38:977][  0]LogConfig: Setting CVar [[r.Streaming.Boost:1]]
[2021.01.12-04.44.38:977][  0]LogConfig: Setting CVar [[r.MaxAnisotropy:8]]
[2021.01.12-04.44.38:977][  0]LogConfig: Setting CVar [[r.Streaming.LimitPoolSizeToVRAM:0]]
[2021.01.12-04.44.38:978][  0]LogConfig: Setting CVar [[r.Streaming.PoolSize:1000]]
[2021.01.12-04.44.38:978][  0]LogConfig: Setting CVar [[r.Streaming.MaxEffectiveScreenSize:0]]
[2021.01.12-04.44.38:978][  0]LogConfig: Applying CVar settings from Section [EffectsQuality@3] File [C:/Users/House/Desktop/용/SOL프로젝트/Unreal_GrandTrenchWar/GrandTrenchWar/Saved/Config/Windows/Scalability.ini]
[2021.01.12-04.44.38:978][  0]LogConfig: Setting CVar [[r.TranslucencyLightingVolumeDim:64]]
[2021.01.12-04.44.38:978][  0]LogConfig: Setting CVar [[r.RefractionQuality:2]]
[2021.01.12-04.44.38:978][  0]LogConfig: Setting CVar [[r.SSR.Quality:3]]
[2021.01.12-04.44.38:978][  0]LogConfig: Setting CVar [[r.SceneColorFormat:4]]
[2021.01.12-04.44.38:978][  0]LogConfig: Setting CVar [[r.DetailMode:2]]
[2021.01.12-04.44.38:978][  0]LogConfig: Setting CVar [[r.TranslucencyVolumeBlur:1]]
[2021.01.12-04.44.38:978][  0]LogConfig: Setting CVar [[r.MaterialQualityLevel:1 ; High quality]]
[2021.01.12-04.44.38:978][  0]LogConfig: Setting CVar [[r.SSS.Scale:1]]
[2021.01.12-04.44.38:978][  0]LogConfig: Setting CVar [[r.SSS.SampleSet:2]]
[2021.01.12-04.44.38:978][  0]LogConfig: Setting CVar [[r.SSS.Quality:1]]
[2021.01.12-04.44.38:978][  0]LogConfig: Setting CVar [[r.SSS.HalfRes:1]]
[2021.01.12-04.44.38:978][  0]LogConfig: Setting CVar [[r.EmitterSpawnRateScale:1.0]]
[2021.01.12-04.44.38:978][  0]LogConfig: Setting CVar [[r.ParticleLightQuality:2]]
[2021.01.12-04.44.38:978][  0]LogConfig: Applying CVar settings from Section [FoliageQuality@3] File [C:/Users/House/Desktop/용/SOL프로젝트/Unreal_GrandTrenchWar/GrandTrenchWar/Saved/Config/Windows/Scalability.ini]
[2021.01.12-04.44.38:978][  0]LogConfig: Setting CVar [[foliage.DensityScale:1.0]]
[2021.01.12-04.44.38:978][  0]LogConfig: Setting CVar [[grass.DensityScale:1.0]]
[2021.01.12-04.44.38:978][  0]LogInit: Selected Device Profile: [Windows]
[2021.01.12-04.44.38:978][  0]LogInit: Applying CVar settings loaded from the selected device profile: [Windows]
[2021.01.12-04.44.38:981][  0]LogHAL: Display: Platform has ~ 32 GB [34308005888 / 34359738368 / 32], which maps to Largest [LargestMinGB=32, LargerMinGB=12, DefaultMinGB=8, SmallerMinGB=6, SmallestMinGB=0)
[2021.01.12-04.44.38:981][  0]LogConfig: Setting CVar [[r.Vulkan.UseRealUBs:0		; Required until we fix HLR fall-out]]
[2021.01.12-04.44.38:981][  0]LogInit: Going up to parent DeviceProfile []
[2021.01.12-04.44.38:982][  0]LogConfig: Applying CVar settings from Section [ViewDistanceQuality@3] File [C:/Users/House/Desktop/용/SOL프로젝트/Unreal_GrandTrenchWar/GrandTrenchWar/Saved/Config/Windows/Scalability.ini]
[2021.01.12-04.44.38:982][  0]LogConfig: Setting CVar [[r.SkeletalMeshLODBias:0]]
[2021.01.12-04.44.38:982][  0]LogConfig: Setting CVar [[r.ViewDistanceScale:1.0]]
[2021.01.12-04.44.38:982][  0]LogConfig: Applying CVar settings from Section [AntiAliasingQuality@3] File [C:/Users/House/Desktop/용/SOL프로젝트/Unreal_GrandTrenchWar/GrandTrenchWar/Saved/Config/Windows/Scalability.ini]
[2021.01.12-04.44.38:982][  0]LogConfig: Setting CVar [[r.PostProcessAAQuality:4]]
[2021.01.12-04.44.38:982][  0]LogConfig: Applying CVar settings from Section [ShadowQuality@3] File [C:/Users/House/Desktop/용/SOL프로젝트/Unreal_GrandTrenchWar/GrandTrenchWar/Saved/Config/Windows/Scalability.ini]
[2021.01.12-04.44.38:982][  0]LogConfig: Setting CVar [[r.LightFunctionQuality:1]]
[2021.01.12-04.44.38:982][  0]LogConfig: Setting CVar [[r.ShadowQuality:5]]
[2021.01.12-04.44.38:982][  0]LogConfig: Setting CVar [[r.Shadow.CSM.MaxCascades:10]]
[2021.01.12-04.44.38:982][  0]LogConfig: Setting CVar [[r.Shadow.MaxResolution:2048]]
[2021.01.12-04.44.38:982][  0]LogConfig: Setting CVar [[r.Shadow.MaxCSMResolution:2048]]
[2021.01.12-04.44.38:982][  0]LogConfig: Setting CVar [[r.Shadow.RadiusThreshold:0.01]]
[2021.01.12-04.44.38:982][  0]LogConfig: Setting CVar [[r.Shadow.DistanceScale:1.0]]
[2021.01.12-04.44.38:982][  0]LogConfig: Setting CVar [[r.Shadow.CSM.TransitionScale:1.0]]
[2021.01.12-04.44.38:982][  0]LogConfig: Setting CVar [[r.Shadow.PreShadowResolutionFactor:1.0]]
[2021.01.12-04.44.38:982][  0]LogConfig: Setting CVar [[r.DistanceFieldShadowing:1]]
[2021.01.12-04.44.38:982][  0]LogConfig: Setting CVar [[r.DistanceFieldAO:1]]
[2021.01.12-04.44.38:982][  0]LogConfig: Setting CVar [[r.AOQuality:2]]
[2021.01.12-04.44.38:982][  0]LogConfig: Setting CVar [[r.VolumetricFog:1]]
[2021.01.12-04.44.38:982][  0]LogConfig: Setting CVar [[r.VolumetricFog.GridPixelSize:8]]
[2021.01.12-04.44.38:982][  0]LogConfig: Setting CVar [[r.VolumetricFog.GridSizeZ:128]]
[2021.01.12-04.44.38:982][  0]LogConfig: Setting CVar [[r.VolumetricFog.HistoryMissSupersampleCount:4]]
[2021.01.12-04.44.38:982][  0]LogConfig: Setting CVar [[r.LightMaxDrawDistanceScale:1]]
[2021.01.12-04.44.38:982][  0]LogConfig: Setting CVar [[r.CapsuleShadows:1]]
[2021.01.12-04.44.38:982][  0]LogConfig: Applying CVar settings from Section [PostProcessQuality@3] File [C:/Users/House/Desktop/용/SOL프로젝트/Unreal_GrandTrenchWar/GrandTrenchWar/Saved/Config/Windows/Scalability.ini]
[2021.01.12-04.44.38:982][  0]LogConfig: Setting CVar [[r.MotionBlurQuality:4]]
[2021.01.12-04.44.38:982][  0]LogConfig: Setting CVar [[r.AmbientOcclusionMipLevelFactor:0.4]]
[2021.01.12-04.44.38:982][  0]LogConfig: Setting CVar [[r.AmbientOcclusionMaxQuality:100]]
[2021.01.12-04.44.38:982][  0]LogConfig: Setting CVar [[r.AmbientOcclusionLevels:-1]]
[2021.01.12-04.44.38:982][  0]LogConfig: Setting CVar [[r.AmbientOcclusionRadiusScale:1.0]]
[2021.01.12-04.44.38:982][  0]LogConfig: Setting CVar [[r.DepthOfFieldQuality:2]]
[2021.01.12-04.44.38:982][  0]LogConfig: Setting CVar [[r.RenderTargetPoolMin:400]]
[2021.01.12-04.44.38:982][  0]LogConfig: Setting CVar [[r.LensFlareQuality:2]]
[2021.01.12-04.44.38:982][  0]LogConfig: Setting CVar [[r.SceneColorFringeQuality:1]]
[2021.01.12-04.44.38:982][  0]LogConfig: Setting CVar [[r.EyeAdaptationQuality:2]]
[2021.01.12-04.44.38:982][  0]LogConfig: Setting CVar [[r.BloomQuality:5]]
[2021.01.12-04.44.38:982][  0]LogConfig: Setting CVar [[r.FastBlurThreshold:100]]
[2021.01.12-04.44.38:982][  0]LogConfig: Setting CVar [[r.Upscale.Quality:3]]
[2021.01.12-04.44.38:982][  0]LogConfig: Setting CVar [[r.Tonemapper.GrainQuantization:1]]
[2021.01.12-04.44.38:982][  0]LogConfig: Setting CVar [[r.LightShaftQuality:1]]
[2021.01.12-04.44.38:982][  0]LogConfig: Setting CVar [[r.Filter.SizeScale:1]]
[2021.01.12-04.44.38:982][  0]LogConfig: Setting CVar [[r.Tonemapper.Quality:5]]
[2021.01.12-04.44.38:982][  0]LogConfig: Setting CVar [[r.DOF.Gather.AccumulatorQuality:1        ; higher gathering accumulator quality]]
[2021.01.12-04.44.38:982][  0]LogConfig: Setting CVar [[r.DOF.Gather.PostfilterMethod:1          ; Median3x3 postfilering method]]
[2021.01.12-04.44.38:982][  0]LogConfig: Setting CVar [[r.DOF.Gather.EnableBokehSettings:0       ; no bokeh simulation when gathering]]
[2021.01.12-04.44.38:982][  0]LogConfig: Setting CVar [[r.DOF.Gather.RingCount:4                 ; medium number of samples when gathering]]
[2021.01.12-04.44.38:982][  0]LogConfig: Setting CVar [[r.DOF.Scatter.ForegroundCompositing:1    ; additive foreground scattering]]
[2021.01.12-04.44.38:982][  0]LogConfig: Setting CVar [[r.DOF.Scatter.BackgroundCompositing:2    ; additive background scattering]]
[2021.01.12-04.44.38:982][  0]LogConfig: Setting CVar [[r.DOF.Scatter.EnableBokehSettings:1      ; bokeh simulation when scattering]]
[2021.01.12-04.44.38:982][  0]LogConfig: Setting CVar [[r.DOF.Scatter.MaxSpriteRatio:0.1         ; only a maximum of 10% of scattered bokeh]]
[2021.01.12-04.44.38:982][  0]LogConfig: Setting CVar [[r.DOF.Recombine.Quality:1                ; cheap slight out of focus]]
[2021.01.12-04.44.38:982][  0]LogConfig: Setting CVar [[r.DOF.Recombine.EnableBokehSettings:0    ; no bokeh simulation on slight out of focus]]
[2021.01.12-04.44.38:982][  0]LogConfig: Setting CVar [[r.DOF.TemporalAAQuality:1                ; more stable temporal accumulation]]
[2021.01.12-04.44.38:982][  0]LogConfig: Setting CVar [[r.DOF.Kernel.MaxForegroundRadius:0.025]]
[2021.01.12-04.44.38:982][  0]LogConfig: Setting CVar [[r.DOF.Kernel.MaxBackgroundRadius:0.025]]
[2021.01.12-04.44.38:982][  0]LogConfig: Applying CVar settings from Section [TextureQuality@3] File [C:/Users/House/Desktop/용/SOL프로젝트/Unreal_GrandTrenchWar/GrandTrenchWar/Saved/Config/Windows/Scalability.ini]
[2021.01.12-04.44.38:982][  0]LogConfig: Setting CVar [[r.Streaming.MipBias:0]]
[2021.01.12-04.44.38:982][  0]LogConfig: Setting CVar [[r.Streaming.AmortizeCPUToGPUCopy:0]]
[2021.01.12-04.44.38:982][  0]LogConfig: Setting CVar [[r.Streaming.MaxNumTexturesToStreamPerFrame:0]]
[2021.01.12-04.44.38:982][  0]LogConfig: Setting CVar [[r.Streaming.Boost:1]]
[2021.01.12-04.44.38:982][  0]LogConfig: Setting CVar [[r.MaxAnisotropy:8]]
[2021.01.12-04.44.38:982][  0]LogConfig: Setting CVar [[r.Streaming.LimitPoolSizeToVRAM:0]]
[2021.01.12-04.44.38:982][  0]LogConfig: Setting CVar [[r.Streaming.PoolSize:1000]]
[2021.01.12-04.44.38:982][  0]LogConfig: Setting CVar [[r.Streaming.MaxEffectiveScreenSize:0]]
[2021.01.12-04.44.38:982][  0]LogConfig: Applying CVar settings from Section [EffectsQuality@3] File [C:/Users/House/Desktop/용/SOL프로젝트/Unreal_GrandTrenchWar/GrandTrenchWar/Saved/Config/Windows/Scalability.ini]
[2021.01.12-04.44.38:982][  0]LogConfig: Setting CVar [[r.TranslucencyLightingVolumeDim:64]]
[2021.01.12-04.44.38:982][  0]LogConfig: Setting CVar [[r.RefractionQuality:2]]
[2021.01.12-04.44.38:982][  0]LogConfig: Setting CVar [[r.SSR.Quality:3]]
[2021.01.12-04.44.38:982][  0]LogConfig: Setting CVar [[r.SceneColorFormat:4]]
[2021.01.12-04.44.38:982][  0]LogConfig: Setting CVar [[r.DetailMode:2]]
[2021.01.12-04.44.38:982][  0]LogConfig: Setting CVar [[r.TranslucencyVolumeBlur:1]]
[2021.01.12-04.44.38:982][  0]LogConfig: Setting CVar [[r.MaterialQualityLevel:1 ; High quality]]
[2021.01.12-04.44.38:982][  0]LogConfig: Setting CVar [[r.SSS.Scale:1]]
[2021.01.12-04.44.38:982][  0]LogConfig: Setting CVar [[r.SSS.SampleSet:2]]
[2021.01.12-04.44.38:982][  0]LogConfig: Setting CVar [[r.SSS.Quality:1]]
[2021.01.12-04.44.38:982][  0]LogConfig: Setting CVar [[r.SSS.HalfRes:1]]
[2021.01.12-04.44.38:982][  0]LogConfig: Setting CVar [[r.EmitterSpawnRateScale:1.0]]
[2021.01.12-04.44.38:982][  0]LogConfig: Setting CVar [[r.ParticleLightQuality:2]]
[2021.01.12-04.44.38:982][  0]LogConfig: Applying CVar settings from Section [FoliageQuality@3] File [C:/Users/House/Desktop/용/SOL프로젝트/Unreal_GrandTrenchWar/GrandTrenchWar/Saved/Config/Windows/Scalability.ini]
[2021.01.12-04.44.38:982][  0]LogConfig: Setting CVar [[foliage.DensityScale:1.0]]
[2021.01.12-04.44.38:982][  0]LogConfig: Setting CVar [[grass.DensityScale:1.0]]
[2021.01.12-04.44.38:982][  0]LogConfig: Applying CVar settings from Section [Startup] File [../../../Engine/Config/ConsoleVariables.ini]
[2021.01.12-04.44.38:983][  0]LogConfig: Setting CVar [[net.UseAdaptiveNetUpdateFrequency:0]]
[2021.01.12-04.44.38:983][  0]LogConfig: Setting CVar [[p.chaos.AllowCreatePhysxBodies:1]]
[2021.01.12-04.44.38:983][  0]LogConfig: Applying CVar settings from Section [ConsoleVariables] File [C:/Users/House/Desktop/용/SOL프로젝트/Unreal_GrandTrenchWar/GrandTrenchWar/Saved/Config/Windows/Engine.ini]
[2021.01.12-04.44.38:983][  0]LogInit: Computer: DESKTOP-TEBIIBF
[2021.01.12-04.44.38:983][  0]LogInit: User: House
[2021.01.12-04.44.38:983][  0]LogInit: CPU Page size=4096, Cores=8
[2021.01.12-04.44.38:983][  0]LogInit: High frequency timer resolution =10.000000 MHz
[2021.01.12-04.44.38:983][  0]LogMemory: Memory total: Physical=32.0GB (32GB approx)
[2021.01.12-04.44.38:983][  0]LogMemory: Platform Memory Stats for Windows
[2021.01.12-04.44.38:983][  0]LogMemory: Process Physical Memory: 100.62 MB used, 100.62 MB peak
[2021.01.12-04.44.38:983][  0]LogMemory: Process Virtual Memory: 90.89 MB used, 90.89 MB peak
[2021.01.12-04.44.38:983][  0]LogMemory: Physical Memory: 5412.46 MB used,  27306.20 MB free, 32718.66 MB total
[2021.01.12-04.44.38:983][  0]LogMemory: Virtual Memory: 4678.72 MB used,  134213048.00 MB free, 134217728.00 MB total
[2021.01.12-04.44.39:002][  0]LogInit: Using OS detected language (ko-KR).
[2021.01.12-04.44.39:002][  0]LogInit: Using OS detected locale (ko-KR).
[2021.01.12-04.44.39:002][  0]LogTextLocalizationManager: No specific localization for 'ko-KR' exists, so the 'ko' localization will be used.
[2021.01.12-04.44.39:099][  0]LogSlate: New Slate User Created.  User Index 0, Is Virtual User: 0
[2021.01.12-04.44.39:099][  0]LogSlate: Slate User Registered.  User Index 0, Is Virtual User: 0
[2021.01.12-04.44.39:118][  0]LogHMD: Failed to initialize OpenVR with code 110
[2021.01.12-04.44.39:118][  0]LogD3D11RHI: D3D11 adapters:
[2021.01.12-04.44.39:183][  0]LogD3D11RHI:    0. 'NVIDIA GeForce GTX 1060 6GB' (Feature Level 11_0)
[2021.01.12-04.44.39:183][  0]LogD3D11RHI:       6052/0/16359 MB DedicatedVideo/DedicatedSystem/SharedSystem, Outputs:1, VendorId:0x10de
[2021.01.12-04.44.39:186][  0]LogD3D11RHI:    1. 'Microsoft Basic Render Driver' (Feature Level 11_0)
[2021.01.12-04.44.39:186][  0]LogD3D11RHI:       0/0/16359 MB DedicatedVideo/DedicatedSystem/SharedSystem, Outputs:0, VendorId:0x1414
[2021.01.12-04.44.39:186][  0]LogD3D11RHI: Chosen D3D11 Adapter: 0
[2021.01.12-04.44.39:191][  0]LogD3D11RHI: Creating new Direct3DDevice
[2021.01.12-04.44.39:191][  0]LogD3D11RHI:     GPU DeviceId: 0x1c03 (for the marketing name, search the web for "GPU Device Id")
[2021.01.12-04.44.39:191][  0]LogWindows: EnumDisplayDevices:
[2021.01.12-04.44.39:192][  0]LogWindows:    0. 'NVIDIA GeForce GTX 1060 6GB' (P:1 D:1)
[2021.01.12-04.44.39:192][  0]LogWindows:    1. 'NVIDIA GeForce GTX 1060 6GB' (P:0 D:0)
[2021.01.12-04.44.39:193][  0]LogWindows:    2. 'NVIDIA GeForce GTX 1060 6GB' (P:0 D:0)
[2021.01.12-04.44.39:194][  0]LogWindows:    3. 'NVIDIA GeForce GTX 1060 6GB' (P:0 D:0)
[2021.01.12-04.44.39:194][  0]LogWindows: DebugString: FoundDriverCount:4 
[2021.01.12-04.44.39:194][  0]LogD3D11RHI:     Adapter Name: NVIDIA GeForce GTX 1060 6GB
[2021.01.12-04.44.39:194][  0]LogD3D11RHI:   Driver Version: 446.14 (internal:26.21.14.4614, unified:446.14)
[2021.01.12-04.44.39:194][  0]LogD3D11RHI:      Driver Date: 5-15-2020
[2021.01.12-04.44.39:194][  0]LogRHI: Texture pool is 4236 MB (70% of 6052 MB)
[2021.01.12-04.44.39:238][  0]LogD3D11RHI: Async texture creation enabled
[2021.01.12-04.44.39:241][  0]LogRendererCore: FGlobalReadBuffer::InitRHI
[2021.01.12-04.44.39:241][  0]LogRendererCore: FGlobalReadBuffer::InitRHI
[2021.01.12-04.44.39:241][  0]LogRendererCore: FGlobalReadBuffer::InitRHI
[2021.01.12-04.44.39:249][  0]LogD3D11RHI: GPU Timing Frequency: 1000.000000 (Debug: 2 1)
[2021.01.12-04.44.39:526][  0]LogTemp: Display: Module 'WindowsClientTargetPlatform' loaded TargetPlatform 'WindowsClient'
[2021.01.12-04.44.39:539][  0]LogTemp: Display: Module 'WindowsNoEditorTargetPlatform' loaded TargetPlatform 'WindowsNoEditor'
[2021.01.12-04.44.39:551][  0]LogTemp: Display: Module 'WindowsServerTargetPlatform' loaded TargetPlatform 'WindowsServer'
[2021.01.12-04.44.39:557][  0]LogTemp: Display: Module 'WindowsTargetPlatform' loaded TargetPlatform 'Windows'
[2021.01.12-04.44.39:557][  0]LogTargetPlatformManager: Display: Building Assets For Windows
[2021.01.12-04.44.39:564][  0]LogAudioDebug: Display: Lib vorbis DLL was dynamically loaded.
[2021.01.12-04.44.39:607][  0]LogShaderCompilers: Guid format shader working directory is -38 characters bigger than the processId version (../../../../../../Users/House/Desktop/용/SOL프로젝트/Unreal_GrandTrenchWar/GrandTrenchWar/Intermediate/Shaders/WorkingDirectory/7832/).
[2021.01.12-04.44.39:607][  0]LogShaderCompilers: Cleaned the shader compiler working directory 'C:/Users/House/AppData/Local/Temp/UnrealShaderWorkingDir/F06B428B49C433AE2DBBE193C7186408/'.
[2021.01.12-04.44.39:609][  0]LogXGEController: Cannot use XGE Controller as Incredibuild is not installed on this machine.
[2021.01.12-04.44.39:609][  0]LogShaderCompilers: Cannot use XGE Shader Compiler as Incredibuild is not installed on this machine.
[2021.01.12-04.44.39:609][  0]LogShaderCompilers: Display: Using Local Shader Compiler.
[2021.01.12-04.44.40:042][  0]LogDerivedDataCache: Display: Max Cache Size: 512 MB
[2021.01.12-04.44.40:073][  0]LogDerivedDataCache: Loaded boot cache 0.03s 71MB C:/Users/House/AppData/Local/UnrealEngine/4.22/DerivedDataCache/Boot.ddc.
[2021.01.12-04.44.40:073][  0]LogDerivedDataCache: Display: Loaded Boot cache: C:/Users/House/AppData/Local/UnrealEngine/4.22/DerivedDataCache/Boot.ddc
[2021.01.12-04.44.40:073][  0]LogDerivedDataCache: FDerivedDataBackendGraph:  Pak pak cache file ../../../../../../Users/House/Desktop/용/SOL프로젝트/Unreal_GrandTrenchWar/GrandTrenchWar/DerivedDataCache/DDC.ddp not found, will not use a pak cache.
[2021.01.12-04.44.40:073][  0]LogDerivedDataCache: Unable to find inner node Pak for hierarchical cache Hierarchy.
[2021.01.12-04.44.40:073][  0]LogDerivedDataCache: FDerivedDataBackendGraph:  CompressedPak pak cache file ../../../../../../Users/House/Desktop/용/SOL프로젝트/Unreal_GrandTrenchWar/GrandTrenchWar/DerivedDataCache/Compressed.ddp not found, will not use a pak cache.
[2021.01.12-04.44.40:073][  0]LogDerivedDataCache: Unable to find inner node CompressedPak for hierarchical cache Hierarchy.
[2021.01.12-04.44.40:084][  0]LogDerivedDataCache: Display: Pak cache opened for reading ../../../Engine/DerivedDataCache/Compressed.ddp.
[2021.01.12-04.44.40:085][  0]LogDerivedDataCache: FDerivedDataBackendGraph:  EnterprisePak pak cache file ../../../Enterprise/DerivedDataCache/Compressed.ddp not found, will not use a pak cache.
[2021.01.12-04.44.40:085][  0]LogDerivedDataCache: Unable to find inner node EnterprisePak for hierarchical cache Hierarchy.
[2021.01.12-04.44.40:097][  0]LogDerivedDataCache: Using Local data cache path C:/Users/House/AppData/Local/UnrealEngine/Common/DerivedDataCache: Writable
[2021.01.12-04.44.40:097][  0]LogDerivedDataCache: Shared data cache path not found in *engine.ini, will not use an Shared cache.
[2021.01.12-04.44.40:097][  0]LogDerivedDataCache: Unable to find inner node Shared for hierarchical cache Hierarchy.
[2021.01.12-04.44.40:115][  0]LogMaterial: Verifying Global Shaders for PCD3D_SM5
[2021.01.12-04.44.40:116][  0]LogSlate: Using FreeType 2.6.0
[2021.01.12-04.44.40:116][  0]LogSlate: SlateFontServices - WITH_FREETYPE: 1, WITH_HARFBUZZ: 1
[2021.01.12-04.44.40:193][  0]LogInit: Using OS detected language (ko-KR).
[2021.01.12-04.44.40:193][  0]LogInit: Using OS detected locale (ko-KR).
[2021.01.12-04.44.40:194][  0]LogTextLocalizationManager: No localization for 'ko-KR' exists, so 'en' will be used for the language.
[2021.01.12-04.44.40:194][  0]LogTextLocalizationManager: No localization for 'ko-KR' exists, so 'en' will be used for the locale.
[2021.01.12-04.44.40:194][  0]LogSlate: FontCache flush requested. Reason: Culture for localization was changed
[2021.01.12-04.44.40:194][  0]LogSlate: FontCache flush requested. Reason: Culture for localization was changed
[2021.01.12-04.44.40:194][  0]LogTextLocalizationManager: Compacting localization data took   0.00ms
[2021.01.12-04.44.40:201][  0]LogAssetRegistry: FAssetRegistry took 0.0040 seconds to start up
[2021.01.12-04.44.40:351][  0]LogPackageLocalizationCache: Processed 10 localized package path(s) for 1 prioritized culture(s) in 0.000447 seconds
[2021.01.12-04.44.40:471][  0]LogInit: Selected Device Profile: [Windows]
[2021.01.12-04.44.40:515][  0]LogMeshReduction: Using QuadricMeshReduction for automatic static mesh reduction
[2021.01.12-04.44.40:515][  0]LogMeshReduction: Using SimplygonMeshReduction for automatic skeletal mesh reduction
[2021.01.12-04.44.40:515][  0]LogMeshReduction: Using ProxyLODMeshReduction for automatic mesh merging
[2021.01.12-04.44.40:515][  0]LogMeshReduction: No distributed automatic mesh merging module available
[2021.01.12-04.44.40:515][  0]LogMeshMerging: No distributed automatic mesh merging module available
[2021.01.12-04.44.40:577][  0]LogNetVersion: GrandTrenchWar 1.0.0, NetCL: 5660361, EngineNetVer: 10, GameNetVer: 0 (Checksum: 4025105772)
[2021.01.12-04.44.40:973][  0]LogMoviePlayer: Initializing movie player
[2021.01.12-04.44.41:082][  0]LogTcpMessaging: Initializing TcpMessaging bridge
[2021.01.12-04.44.41:094][  0]LogUdpMessaging: Initializing bridge on interface 0.0.0.0:0 to multicast group 230.0.0.1:6666.
[2021.01.12-04.44.41:172][  0]SourceControl: 소스 컨트롤이 꺼져 있습니다.
[2021.01.12-04.44.41:172][  0]SourceControl: 소스 컨트롤이 꺼져 있습니다.
[2021.01.12-04.44.41:173][  0]SourceControl: 소스 컨트롤이 꺼져 있습니다.
[2021.01.12-04.44.41:212][  0]LogAndroidPermission: UAndroidPermissionCallbackProxy::GetInstance
[2021.01.12-04.44.41:343][  0]LogOcInput: OculusInput pre-init called
[2021.01.12-04.44.41:351][  0]LogUObjectArray: 46468 objects as part of root set at end of initial load.
[2021.01.12-04.44.41:351][  0]LogUObjectAllocator: 8170472 out of 0 bytes used by permanent object pool.
[2021.01.12-04.44.41:351][  0]LogUObjectArray: CloseDisregardForGC: 0/0 objects in disregard for GC pool
[2021.01.12-04.44.41:473][  0]LogEngine: Initializing Engine...
[2021.01.12-04.44.41:474][  0]LogHMD: Failed to initialize OpenVR with code 110
[2021.01.12-04.44.41:485][  0]LogStats: UGameplayTagsManager::InitializeManager -  0.000 s
[2021.01.12-04.44.41:594][  0]LogInit: Initializing FReadOnlyCVARCache
[2021.01.12-04.44.41:641][  0]LogInit: XAudio2 using '스피커(Realtek High Definition Audio)' : 2 channels at 48 kHz using 32 bits per sample (channel mask 0x3)
[2021.01.12-04.44.41:681][  0]LogInit: FAudioDevice initialized.
[2021.01.12-04.44.41:693][  0]LogNetVersion: Set ProjectVersion to 1.0.0.0. Version Checksum will be recalculated on next use.
[2021.01.12-04.44.41:695][  0]LogInit: Texture streaming: Enabled
[2021.01.12-04.44.41:885][  0]LogSlate: Updating window title bar state: overlay mode, drag disabled, window buttons hidden, title bar hidden
[2021.01.12-04.44.41:885][  0]LogInit: Display: Game Engine Initialized.
[2021.01.12-04.44.41:925][  0]LogInit: Display: Starting Game.
[2021.01.12-04.44.41:926][  0]LogNet: Browse: /Game/Weapon/Map/BP?Name=Player
[2021.01.12-04.44.41:926][  0]LogLoad: LoadMap: /Game/Weapon/Map/BP?Name=Player
[2021.01.12-04.44.41:951][  0]LogUObjectHash: Compacting FUObjectHashTables data took   1.72ms
[2021.01.12-04.44.42:387][  0]LogAIModule: Creating AISystem for world BP
[2021.01.12-04.44.42:387][  0]LogLoad: Game class is 'FirstPersonGameMode_C'
[2021.01.12-04.44.42:391][  0]LogWorld: Bringing World /Game/Weapon/Map/BP.BP up for play (max tick rate 0) at 2021.01.12-13.44.42
[2021.01.12-04.44.42:393][  0]LogWorld: Bringing up level for play took: 0.005110
[2021.01.12-04.44.42:400][  0]LogLoad: Took 0.474921 seconds to LoadMap(/Game/Weapon/Map/BP)
[2021.01.12-04.44.42:430][  0]LogSlate: Warning: Legacy localized fallback font '../../../Engine/Content/Slate/Fonts/../../Editor/Slate/Fonts/NanumGothic.ttf' was requested. Font: '/Engine/EngineFonts/Faces/RobotoRegular.RobotoRegular', Character: '라 (U+b77c)'
Legacy localized fallback fonts were deprecated in 4.22 and will be removed in a future version!
Please update your composite fonts to use localized sub-font families: https://docs.unrealengine.com/en-US/Engine/UMG/UserGuide/Fonts/Overview
[2021.01.12-04.44.42:432][  0]LogRenderer: Reallocating scene render targets to support 1280x720 Format 10 NumSamples 1 (Frame:1).
[2021.01.12-04.44.42:432][  0]LogSlate: Took 0.001392 seconds to synchronously load lazily loaded font '../../../Engine/Content/Slate/Fonts/../../Editor/Slate/Fonts/NanumGothic.ttf' (4243K)
[2021.01.12-04.44.42:464][  0]LogLoad: (Engine Initialization) Total time: 5.86 seconds
[2021.01.12-04.44.42:464][  0]LogLoad: (Engine Initialization) Total Blueprint compile time: 0.00 seconds
[2021.01.12-04.44.42:487][  0]LogContentStreaming: Texture pool size now 1000 MB
[2021.01.12-04.44.42:533][  0]LogRenderer: Reallocating scene render targets to support 128x128 Format 10 NumSamples 1 (Frame:1).
[2021.01.12-04.44.42:558][  0]LogRenderer: Reallocating scene render targets to support 1280x720 Format 10 NumSamples 1 (Frame:2).
[2021.01.12-04.44.42:580][  1]LogSlate: Took 0.001583 seconds to synchronously load lazily loaded font '../../../Engine/Content/Slate/Fonts/../../Editor/Slate/Fonts/NanumGothic.ttf' (4243K)
[2021.01.12-04.44.58:570][992]LogBlueprintUserMessages: [RayFirstPersonCharacter_C_0] 
[2021.01.12-04.44.58:570][992]LogScript: Warning: CallFunc_BreakHitResult_HitComponent 프로퍼티를 읽으려던 중 None 에 접근했습니다.
	RayFirstPersonCharacter_C /Game/Weapon/Map/BP.BP:PersistentLevel.RayFirstPersonCharacter_C_0
	Function /Game/FirstPersonBP/Blueprints/Ray/RayFirstPersonCharacter.RayFirstPersonCharacter_C:ExecuteUbergraph_RayFirstPersonCharacter:0573
[2021.01.12-04.44.58:570][992]LogScript: Warning: Script call stack:
	Function /Game/FirstPersonBP/Blueprints/Ray/RayFirstPersonCharacter.RayFirstPersonCharacter_C:InpActEvt_Fire_K2Node_InputActionEvent_4
	Function /Game/FirstPersonBP/Blueprints/Ray/RayFirstPersonCharacter.RayFirstPersonCharacter_C:ExecuteUbergraph_RayFirstPersonCharacter

[2021.01.12-04.44.59:399][ 44]LogBlueprintUserMessages: [RayFirstPersonCharacter_C_0] 
[2021.01.12-04.44.59:399][ 44]LogScript: Warning: CallFunc_BreakHitResult_HitComponent 프로퍼티를 읽으려던 중 None 에 접근했습니다.
	RayFirstPersonCharacter_C /Game/Weapon/Map/BP.BP:PersistentLevel.RayFirstPersonCharacter_C_0
	Function /Game/FirstPersonBP/Blueprints/Ray/RayFirstPersonCharacter.RayFirstPersonCharacter_C:ExecuteUbergraph_RayFirstPersonCharacter:0573
[2021.01.12-04.44.59:399][ 44]LogScript: Warning: Script call stack:
	Function /Game/FirstPersonBP/Blueprints/Ray/RayFirstPersonCharacter.RayFirstPersonCharacter_C:InpActEvt_Fire_K2Node_InputActionEvent_4
	Function /Game/FirstPersonBP/Blueprints/Ray/RayFirstPersonCharacter.RayFirstPersonCharacter_C:ExecuteUbergraph_RayFirstPersonCharacter

[2021.01.12-04.45.05:464][420]LogBlueprintUserMessages: [RayFirstPersonCharacter_C_0] 
[2021.01.12-04.45.05:464][420]LogScript: Warning: CallFunc_BreakHitResult_HitComponent 프로퍼티를 읽으려던 중 None 에 접근했습니다.
	RayFirstPersonCharacter_C /Game/Weapon/Map/BP.BP:PersistentLevel.RayFirstPersonCharacter_C_0
	Function /Game/FirstPersonBP/Blueprints/Ray/RayFirstPersonCharacter.RayFirstPersonCharacter_C:ExecuteUbergraph_RayFirstPersonCharacter:0573
[2021.01.12-04.45.05:464][420]LogScript: Warning: Script call stack:
	Function /Game/FirstPersonBP/Blueprints/Ray/RayFirstPersonCharacter.RayFirstPersonCharacter_C:InpActEvt_Fire_K2Node_InputActionEvent_4
	Function /Game/FirstPersonBP/Blueprints/Ray/RayFirstPersonCharacter.RayFirstPersonCharacter_C:ExecuteUbergraph_RayFirstPersonCharacter

[2021.01.12-04.45.08:835][629]LogWindowsDesktop: Alt-F4 pressed!
[2021.01.12-04.45.08:861][629]LogSlate: Window 'GrandTrenchWar (64 비트, PCD3D_SM5) ' being destroyed
[2021.01.12-04.45.08:863][629]LogWindowsTextInputMethodSystem: Display: IME system now activated using TSF (Microsoft 입력기).
[2021.01.12-04.45.08:868][629]LogWindowsTextInputMethodSystem: Display: IME system now activated using TSF (Microsoft 입력기).
[2021.01.12-04.45.08:871][629]LogSlate: Updating window title bar state: overlay mode, drag disabled, window buttons hidden, title bar hidden
[2021.01.12-04.45.08:871][629]LogEngine: All Windows Closed
[2021.01.12-04.45.08:871][629]LogWindows: FPlatformMisc::RequestExit(0)
[2021.01.12-04.45.09:498][630]LogExit: Preparing to exit.
[2021.01.12-04.45.09:498][630]LogMoviePlayer: Shutting down movie player
[2021.01.12-04.45.10:128][630]LogSlate: Updating window title bar state: overlay mode, drag disabled, window buttons hidden, title bar hidden
[2021.01.12-04.45.10:134][630]LogExit: Game engine shut down
[2021.01.12-04.45.10:183][630]LogExit: Object subsystem successfully closed.
[2021.01.12-04.45.10:204][630]LogShaderCompilers: Display: Shaders left to compile 0
[2021.01.12-04.45.10:206][630]LogD3D11RHI: Shutdown
[2021.01.12-04.45.10:206][630]LogD3D11RHI: CleanupD3DDevice
[2021.01.12-04.45.10:206][630]LogRendererCore: FGlobalReadBuffer::ReleaseRHI
[2021.01.12-04.45.10:206][630]LogRendererCore: FGlobalDynamicReadBuffer::Cleanup()
[2021.01.12-04.45.10:206][630]LogRendererCore: FGlobalReadBuffer::ReleaseRHI
[2021.01.12-04.45.10:206][630]LogRendererCore: FGlobalDynamicReadBuffer::Cleanup()
[2021.01.12-04.45.10:206][630]LogRendererCore: FGlobalReadBuffer::ReleaseRHI
[2021.01.12-04.45.10:206][630]LogRendererCore: FGlobalDynamicReadBuffer::Cleanup()
[2021.01.12-04.45.10:238][630]LogD3D11RHI: ~FD3D11DynamicRHI
[2021.01.12-04.45.10:253][630]LogModuleManager: Shutting down and abandoning module SequenceRecorderSections (400)
[2021.01.12-04.45.10:253][630]LogModuleManager: Shutting down and abandoning module SequenceRecorder (398)
[2021.01.12-04.45.10:253][630]LogModuleManager: Shutting down and abandoning module AutomationController (396)
[2021.01.12-04.45.10:253][630]LogModuleManager: Shutting down and abandoning module AutomationWorker (394)
[2021.01.12-04.45.10:253][630]LogModuleManager: Shutting down and abandoning module Voice (392)
[2021.01.12-04.45.10:253][630]LogModuleManager: Shutting down and abandoning module AIModule (390)
[2021.01.12-04.45.10:253][630]LogModuleManager: Shutting down and abandoning module GameplayDebugger (389)
[2021.01.12-04.45.10:253][630]LogModuleManager: Shutting down and abandoning module AITestSuite (387)
[2021.01.12-04.45.10:253][630]LogModuleManager: Shutting down and abandoning module NavigationSystem (385)
[2021.01.12-04.45.10:253][630]LogModuleManager: Shutting down and abandoning module OculusMR (382)
[2021.01.12-04.45.10:253][630]LogModuleManager: Shutting down and abandoning module WmfMediaFactory (380)
[2021.01.12-04.45.10:253][630]LogModuleManager: Shutting down and abandoning module WebMMediaFactory (378)
[2021.01.12-04.45.10:253][630]LogModuleManager: Shutting down and abandoning module WebMMedia (376)
[2021.01.12-04.45.10:253][630]LogModuleManager: Shutting down and abandoning module OpenExrWrapper (374)
[2021.01.12-04.45.10:253][630]LogModuleManager: Shutting down and abandoning module ImgMediaFactory (372)
[2021.01.12-04.45.10:253][630]LogModuleManager: Shutting down and abandoning module AvfMediaFactory (370)
[2021.01.12-04.45.10:253][630]LogModuleManager: Shutting down and abandoning module MagicLeapCameraPreviewFactory (368)
[2021.01.12-04.45.10:253][630]LogModuleManager: Shutting down and abandoning module MagicLeapMediaCodecFactory (366)
[2021.01.12-04.45.10:253][630]LogModuleManager: Shutting down and abandoning module MagicLeapMediaFactory (364)
[2021.01.12-04.45.10:253][630]LogModuleManager: Shutting down and abandoning module CharacterAI (362)
[2021.01.12-04.45.10:253][630]LogModuleManager: Shutting down and abandoning module SessionServices (360)
[2021.01.12-04.45.10:253][630]LogModuleManager: Shutting down and abandoning module MovieSceneCapture (358)
[2021.01.12-04.45.10:253][630]LogModuleManager: Shutting down and abandoning module LiveCoding (356)
[2021.01.12-04.45.10:253][630]LogModuleManager: Shutting down and abandoning module LevelSequence (354)
[2021.01.12-04.45.10:253][630]LogModuleManager: Shutting down and abandoning module MovieSceneTracks (352)
[2021.01.12-04.45.10:253][630]LogModuleManager: Shutting down and abandoning module MovieScene (350)
[2021.01.12-04.45.10:253][630]LogModuleManager: Shutting down and abandoning module StreamingPauseRendering (348)
[2021.01.12-04.45.10:253][630]LogModuleManager: Shutting down and abandoning module PortalServices (346)
[2021.01.12-04.45.10:254][630]LogModuleManager: Shutting down and abandoning module PortalRpc (344)
[2021.01.12-04.45.10:254][630]LogModuleManager: Shutting down and abandoning module MessagingRpc (342)
[2021.01.12-04.45.10:254][630]LogModuleManager: Shutting down and abandoning module ImageWriteQueue (340)
[2021.01.12-04.45.10:255][630]LogModuleManager: Shutting down and abandoning module ProfilerService (338)
[2021.01.12-04.45.10:399][630]LogModuleManager: Shutting down and abandoning module TaskGraph (336)
[2021.01.12-04.45.10:399][630]LogModuleManager: Shutting down and abandoning module SteamVRController (334)
[2021.01.12-04.45.10:399][630]LogModuleManager: Shutting down and abandoning module ProceduralMeshComponent (332)
[2021.01.12-04.45.10:399][630]LogModuleManager: Shutting down and abandoning module OculusInput (330)
[2021.01.12-04.45.10:399][630]LogModuleManager: Shutting down and abandoning module MobilePatchingUtils (328)
[2021.01.12-04.45.10:399][630]LogModuleManager: Shutting down and abandoning module EditableMesh (326)
[2021.01.12-04.45.10:399][630]LogModuleManager: Shutting down and abandoning module CustomMeshComponent (324)
[2021.01.12-04.45.10:399][630]LogModuleManager: Shutting down and abandoning module CableComponent (322)
[2021.01.12-04.45.10:399][630]LogModuleManager: Shutting down and abandoning module AudioCapture (320)
[2021.01.12-04.45.10:399][630]LogModuleManager: Shutting down and abandoning module ArchVisCharacter (318)
[2021.01.12-04.45.10:399][630]LogModuleManager: Shutting down and abandoning module AndroidPermission (316)
[2021.01.12-04.45.10:399][630]LogModuleManager: Shutting down and abandoning module NUTUnrealEngine4 (314)
[2021.01.12-04.45.10:399][630]LogModuleManager: Shutting down and abandoning module NetcodeUnitTest (312)
[2021.01.12-04.45.10:399][630]LogModuleManager: Shutting down and abandoning module MediaCompositing (310)
[2021.01.12-04.45.10:399][630]LogModuleManager: Shutting down and abandoning module LinearTimecode (308)
[2021.01.12-04.45.10:399][630]LogModuleManager: Shutting down and abandoning module ImgMedia (306)
[2021.01.12-04.45.10:399][630]LogModuleManager: Shutting down and abandoning module MagicLeapHelperVulkan (304)
[2021.01.12-04.45.10:399][630]LogModuleManager: Shutting down and abandoning module MagicLeapHelperOpenGL (302)
[2021.01.12-04.45.10:399][630]LogModuleManager: Shutting down and abandoning module MagicLeapAudio (300)
[2021.01.12-04.45.10:399][630]LogModuleManager: Shutting down and abandoning module HTML5Networking (298)
[2021.01.12-04.45.10:399][630]LogModuleManager: Shutting down and abandoning module GeometryCacheTracks (296)
[2021.01.12-04.45.10:399][630]LogModuleManager: Shutting down and abandoning module GeometryCacheSequencer (295)
[2021.01.12-04.45.10:399][630]LogModuleManager: Shutting down and abandoning module GeometryCache (292)
[2021.01.12-04.45.10:399][630]LogModuleManager: Shutting down and abandoning module GeometryCacheEd (291)
[2021.01.12-04.45.10:399][630]LogModuleManager: Shutting down and abandoning module BackChannel (288)
[2021.01.12-04.45.10:399][630]LogModuleManager: Shutting down and abandoning module AppleVision (286)
[2021.01.12-04.45.10:400][630]LogModuleManager: Shutting down and abandoning module AppleImageUtilsBlueprintSupport (284)
[2021.01.12-04.45.10:400][630]LogModuleManager: Shutting down and abandoning module AppleImageUtils (282)
[2021.01.12-04.45.10:400][630]LogModuleManager: Shutting down and abandoning module VariantManagerContent (280)
[2021.01.12-04.45.10:400][630]LogModuleManager: Shutting down and abandoning module CryptoKeysOpenSSL (278)
[2021.01.12-04.45.10:400][630]LogModuleManager: Shutting down and abandoning module CryptoKeys (276)
[2021.01.12-04.45.10:400][630]LogModuleManager: Shutting down and abandoning module VisualStudioSourceCodeAccess (274)
[2021.01.12-04.45.10:400][630]LogModuleManager: Shutting down and abandoning module HotReload (273)
[2021.01.12-04.45.10:400][630]LogModuleManager: Shutting down and abandoning module DirectoryWatcher (272)
[2021.01.12-04.45.10:400][630]LogModuleManager: Shutting down and abandoning module VisualStudioCodeSourceCodeAccess (268)
[2021.01.12-04.45.10:400][630]LogModuleManager: Shutting down and abandoning module UObjectPlugin (266)
[2021.01.12-04.45.10:400][630]LogModuleManager: Shutting down and abandoning module SubversionSourceControl (264)
[2021.01.12-04.45.10:400][630]LogModuleManager: Shutting down and abandoning module PerforceSourceControl (262)
[2021.01.12-04.45.10:400][630]LogModuleManager: Shutting down and abandoning module SourceControl (261)
[2021.01.12-04.45.10:400][630]LogModuleManager: Shutting down and abandoning module CLionSourceCodeAccess (258)
[2021.01.12-04.45.10:400][630]LogModuleManager: Shutting down and abandoning module ActorLayerUtilities (256)
[2021.01.12-04.45.10:400][630]LogModuleManager: Shutting down and abandoning module SignificanceManager (254)
[2021.01.12-04.45.10:400][630]LogModuleManager: Shutting down and abandoning module RuntimePhysXCooking (252)
[2021.01.12-04.45.10:400][630]LogModuleManager: Shutting down and abandoning module PhysXVehiclesEditor (250)
[2021.01.12-04.45.10:400][630]LogModuleManager: Shutting down and abandoning module PhysXVehicles (248)
[2021.01.12-04.45.10:400][630]LogModuleManager: Shutting down and abandoning module LocationServicesBPLibrary (246)
[2021.01.12-04.45.10:400][630]LogModuleManager: Shutting down and abandoning module ActorSequence (244)
[2021.01.12-04.45.10:400][630]LogModuleManager: Shutting down and abandoning module UdpMessaging (242)
[2021.01.12-04.45.10:501][630]LogModuleManager: Shutting down and abandoning module TcpMessaging (240)
[2021.01.12-04.45.11:101][630]LogModuleManager: Shutting down and abandoning module MagicLeapIdentity (238)
[2021.01.12-04.45.11:101][630]LogModuleManager: Shutting down and abandoning module MagicLeapSecureStorage (236)
[2021.01.12-04.45.11:101][630]LogModuleManager: Shutting down and abandoning module MagicLeapHandTracking (234)
[2021.01.12-04.45.11:101][630]LogModuleManager: Shutting down and abandoning module MagicLeapEyeTracker (232)
[2021.01.12-04.45.11:101][630]LogModuleManager: Shutting down and abandoning module MagicLeapController (230)
[2021.01.12-04.45.11:101][630]LogSlate: Slate User Destroyed.  User Index 0, Is Virtual User: 0
[2021.01.12-04.45.11:101][630]LogModuleManager: Shutting down and abandoning module MagicLeapAR (228)
[2021.01.12-04.45.11:101][630]LogModuleManager: Shutting down and abandoning module AugmentedReality (227)
[2021.01.12-04.45.11:101][630]LogModuleManager: Shutting down and abandoning module GameplayTagsEditor (224)
[2021.01.12-04.45.11:110][630]LogModuleManager: Shutting down and abandoning module FacialAnimation (222)
[2021.01.12-04.45.11:110][630]LogModuleManager: Shutting down and abandoning module DataValidation (220)
[2021.01.12-04.45.11:110][630]LogModuleManager: Shutting down and abandoning module AssetManagerEditor (218)
[2021.01.12-04.45.11:110][630]LogModuleManager: Shutting down and abandoning module TreeMap (217)
[2021.01.12-04.45.11:110][630]LogModuleManager: Shutting down and abandoning module AnimationSharing (214)
[2021.01.12-04.45.11:110][630]LogModuleManager: Shutting down and abandoning module LightPropagationVolumeRuntime (212)
[2021.01.12-04.45.11:110][630]LogModuleManager: Shutting down and abandoning module AISupportModule (210)
[2021.01.12-04.45.11:110][630]LogModuleManager: Shutting down and abandoning module Paper2D (208)
[2021.01.12-04.45.11:110][630]LogModuleManager: Shutting down and abandoning module WindowsMoviePlayer (206)
[2021.01.12-04.45.11:110][630]LogModuleManager: Shutting down and abandoning module WebMMoviePlayer (204)
[2021.01.12-04.45.11:110][630]LogModuleManager: Shutting down and abandoning module PacketHandler (202)
[2021.01.12-04.45.11:110][630]LogModuleManager: Shutting down and abandoning module ClothingSystemEditor (200)
[2021.01.12-04.45.11:110][630]LogModuleManager: Shutting down and abandoning module ClothingSystemRuntime (198)
[2021.01.12-04.45.11:110][630]LogModuleManager: Shutting down and abandoning module MediaAssets (196)
[2021.01.12-04.45.11:110][630]LogModuleManager: Shutting down and abandoning module Overlay (194)
[2021.01.12-04.45.11:110][630]LogModuleManager: Shutting down and abandoning module OverlayEditor (193)
[2021.01.12-04.45.11:110][630]LogModuleManager: Shutting down and abandoning module VREditor (190)
[2021.01.12-04.45.11:110][630]LogModuleManager: Shutting down and abandoning module StringTableEditor (188)
[2021.01.12-04.45.11:110][630]LogModuleManager: Shutting down and abandoning module GameplayTasksEditor (186)
[2021.01.12-04.45.11:110][630]LogModuleManager: Shutting down and abandoning module BehaviorTreeEditor (184)
[2021.01.12-04.45.11:110][630]LogModuleManager: Shutting down and abandoning module FunctionalTesting (182)
[2021.01.12-04.45.11:110][630]LogModuleManager: Shutting down and abandoning module CollisionAnalyzer (180)
[2021.01.12-04.45.11:110][630]LogModuleManager: Shutting down and abandoning module WorkspaceMenuStructure (179)
[2021.01.12-04.45.11:110][630]LogModuleManager: Shutting down and abandoning module UMG (176)
[2021.01.12-04.45.11:110][630]LogModuleManager: Shutting down and abandoning module UMGEditor (175)
[2021.01.12-04.45.11:111][630]LogModuleManager: Shutting down and abandoning module Sequencer (174)
[2021.01.12-04.45.11:111][630]LogModuleManager: Shutting down and abandoning module MessageLog (171)
[2021.01.12-04.45.11:111][630]LogModuleManager: Shutting down and abandoning module SlateReflector (166)
[2021.01.12-04.45.11:112][630]LogModuleManager: Shutting down and abandoning module Slate (164)
[2021.01.12-04.45.11:112][630]LogModuleManager: Shutting down and abandoning module EditorStyle (162)
[2021.01.12-04.45.11:113][630]LogModuleManager: Shutting down and abandoning module UnrealEd (160)
[2021.01.12-04.45.11:113][630]LogModuleManager: Shutting down and abandoning module MRMesh (158)
[2021.01.12-04.45.11:113][630]LogModuleManager: Shutting down and abandoning module Messaging (156)
[2021.01.12-04.45.11:113][630]LogModuleManager: Shutting down and abandoning module SourceCodeAccess (154)
[2021.01.12-04.45.11:113][630]LogModuleManager: Shutting down and abandoning module HeadMountedDisplay (152)
[2021.01.12-04.45.11:113][630]LogModuleManager: Shutting down and abandoning module XAudio2 (150)
[2021.01.12-04.45.11:113][630]LogModuleManager: Shutting down and abandoning module Networking (148)
[2021.01.12-04.45.11:113][630]LogModuleManager: Shutting down and abandoning module Core (146)
[2021.01.12-04.45.11:113][630]LogModuleManager: Shutting down and abandoning module KismetCompiler (144)
[2021.01.12-04.45.11:113][630]LogModuleManager: Shutting down and abandoning module MeshUtilities (142)
[2021.01.12-04.45.11:113][630]LogModuleManager: Shutting down and abandoning module MeshMergeUtilities (141)
[2021.01.12-04.45.11:113][630]LogModuleManager: Shutting down and abandoning module MeshReductionInterface (140)
[2021.01.12-04.45.11:113][630]LogModuleManager: Shutting down and abandoning module SkeletalMeshReduction (139)
[2021.01.12-04.45.11:113][630]LogModuleManager: Shutting down and abandoning module ProxyLODMeshReduction (137)
[2021.01.12-04.45.11:113][630]LogModuleManager: Shutting down and abandoning module QuadricMeshReduction (135)
[2021.01.12-04.45.11:113][630]LogModuleManager: Shutting down and abandoning module MaterialBaking (131)
[2021.01.12-04.45.11:113][630]LogModuleManager: Shutting down and abandoning module PIEPreviewDeviceProfileSelector (126)
[2021.01.12-04.45.11:113][630]LogModuleManager: Shutting down and abandoning module DerivedDataCache (124)
[2021.01.12-04.45.11:117][630]LogDerivedDataCache: Shutdown
[2021.01.12-04.45.11:117][630]LogModuleManager: Shutting down and abandoning module XGEController (122)
[2021.01.12-04.45.11:117][630]LogModuleManager: Shutting down and abandoning module TargetPlatform (120)
[2021.01.12-04.45.11:117][630]LogModuleManager: Shutting down and abandoning module VulkanShaderFormat (119)
[2021.01.12-04.45.11:117][630]LogModuleManager: Shutting down and abandoning module ShaderFormatVectorVM (117)
[2021.01.12-04.45.11:117][630]LogModuleManager: Shutting down and abandoning module ShaderFormatOpenGL (115)
[2021.01.12-04.45.11:117][630]LogModuleManager: Shutting down and abandoning module ShaderFormatD3D (113)
[2021.01.12-04.45.11:117][630]LogModuleManager: Shutting down and abandoning module MetalShaderFormat (111)
[2021.01.12-04.45.11:117][630]LogModuleManager: Shutting down and abandoning module TextureFormatUncompressed (109)
[2021.01.12-04.45.11:117][630]LogModuleManager: Shutting down and abandoning module TextureFormatPVR (107)
[2021.01.12-04.45.11:117][630]LogModuleManager: Shutting down and abandoning module TextureFormatDXT (105)
[2021.01.12-04.45.11:117][630]LogModuleManager: Shutting down and abandoning module TextureFormatIntelISPCTexComp (103)
[2021.01.12-04.45.11:117][630]LogModuleManager: Shutting down and abandoning module TextureFormatASTC (101)
[2021.01.12-04.45.11:117][630]LogModuleManager: Shutting down and abandoning module ImageWrapper (100)
[2021.01.12-04.45.11:117][630]LogModuleManager: Shutting down and abandoning module TextureFormatAndroid (97)
[2021.01.12-04.45.11:117][630]LogModuleManager: Shutting down and abandoning module AudioFormatOpus (95)
[2021.01.12-04.45.11:117][630]LogModuleManager: Shutting down and abandoning module AudioFormatOgg (93)
[2021.01.12-04.45.11:117][630]LogModuleManager: Shutting down and abandoning module AudioFormatADPCM (91)
[2021.01.12-04.45.11:117][630]LogModuleManager: Shutting down and abandoning module WindowsTargetPlatform (89)
[2021.01.12-04.45.11:117][630]LogModuleManager: Shutting down and abandoning module WindowsServerTargetPlatform (87)
[2021.01.12-04.45.11:117][630]LogModuleManager: Shutting down and abandoning module WindowsNoEditorTargetPlatform (85)
[2021.01.12-04.45.11:117][630]LogModuleManager: Shutting down and abandoning module WindowsClientTargetPlatform (83)
[2021.01.12-04.45.11:117][630]LogModuleManager: Shutting down and abandoning module InputCore (80)
[2021.01.12-04.45.11:117][630]LogModuleManager: Shutting down and abandoning module Settings (78)
[2021.01.12-04.45.11:117][630]LogModuleManager: Shutting down and abandoning module PhysXCooking (76)
[2021.01.12-04.45.11:117][630]LogModuleManager: Shutting down and abandoning module SteamVR (74)
[2021.01.12-04.45.11:117][630]LogHMD: Freeing OpenVRDLLHandle.
[2021.01.12-04.45.11:117][630]LogModuleManager: Shutting down and abandoning module OculusHMD (72)
[2021.01.12-04.45.11:117][630]LogModuleManager: Shutting down and abandoning module ExampleDeviceProfileSelector (70)
[2021.01.12-04.45.11:117][630]LogModuleManager: Shutting down and abandoning module LauncherChunkInstaller (68)
[2021.01.12-04.45.11:117][630]LogModuleManager: Shutting down and abandoning module OnlineBlueprintSupport (66)
[2021.01.12-04.45.11:117][630]LogModuleManager: Shutting down and abandoning module OnlineSubsystem (62)
[2021.01.12-04.45.11:118][630]LogModuleManager: Shutting down and abandoning module XMPP (55)
[2021.01.12-04.45.11:118][630]LogModuleManager: Shutting down and abandoning module WebSockets (54)
[2021.01.12-04.45.11:127][630]LogModuleManager: Shutting down and abandoning module HTTP (51)
[2021.01.12-04.45.11:155][630]LogModuleManager: Shutting down and abandoning module SSL (50)
[2021.01.12-04.45.11:157][630]LogModuleManager: Shutting down and abandoning module WmfMedia (46)
[2021.01.12-04.45.11:158][630]LogModuleManager: Shutting down and abandoning module Media (45)
[2021.01.12-04.45.11:164][630]LogModuleManager: Shutting down and abandoning module MagicLeap (42)
[2021.01.12-04.45.11:164][630]LogModuleManager: Shutting down and abandoning module DatasmithContent (40)
[2021.01.12-04.45.11:164][630]LogModuleManager: Shutting down and abandoning module AnimationModifiers (38)
[2021.01.12-04.45.11:165][630]LogModuleManager: Shutting down and abandoning module PropertyEditor (37)
[2021.01.12-04.45.11:165][630]LogModuleManager: Shutting down and abandoning module AudioEditor (34)
[2021.01.12-04.45.11:165][630]LogModuleManager: Shutting down and abandoning module TextureCompressor (32)
[2021.01.12-04.45.11:165][630]LogModuleManager: Shutting down and abandoning module RenderCore (30)
[2021.01.12-04.45.11:165][630]LogModuleManager: Shutting down and abandoning module Landscape (28)
[2021.01.12-04.45.11:165][630]LogModuleManager: Shutting down and abandoning module SlateRHIRenderer (26)
[2021.01.12-04.45.11:165][630]LogModuleManager: Shutting down and abandoning module OpenGLDrv (24)
[2021.01.12-04.45.11:166][630]LogModuleManager: Shutting down and abandoning module D3D11RHI (22)
[2021.01.12-04.45.11:166][630]LogModuleManager: Shutting down and abandoning module AnimGraphRuntime (20)
[2021.01.12-04.45.11:166][630]LogModuleManager: Shutting down and abandoning module Renderer (18)
[2021.01.12-04.45.11:166][630]LogModuleManager: Shutting down and abandoning module Engine (16)
[2021.01.12-04.45.11:166][630]LogModuleManager: Shutting down and abandoning module CoreUObject (14)
[2021.01.12-04.45.11:166][630]LogModuleManager: Shutting down and abandoning module NetworkFile (12)
[2021.01.12-04.45.11:166][630]LogModuleManager: Shutting down and abandoning module CookedIterativeFile (10)
[2021.01.12-04.45.11:166][630]LogModuleManager: Shutting down and abandoning module StreamingFile (8)
[2021.01.12-04.45.11:166][630]LogModuleManager: Shutting down and abandoning module SandboxFile (6)
[2021.01.12-04.45.11:166][630]LogModuleManager: Shutting down and abandoning module PakFile (4)
[2021.01.12-04.45.11:166][630]LogModuleManager: Shutting down and abandoning module RSA (3)
[2021.01.12-04.45.11:172][630]LogExit: Exiting.
[2021.01.12-04.45.11:184][630]Log file closed, 01/12/21 13:45:11
