Log file open, 01/17/21 12:12:45
LogWindows: Failed to load 'aqProf.dll' (GetLastError=126)
LogWindows: File 'aqProf.dll' does not exist
LogWindows: Failed to load 'VtuneApi.dll' (GetLastError=126)
LogWindows: File 'VtuneApi.dll' does not exist
LogWindows: Failed to load 'VtuneApi32e.dll' (GetLastError=126)
LogWindows: File 'VtuneApi32e.dll' does not exist
LogConsoleResponse: Display: Failed to find resolution value strings in scalability ini. Falling back to default.
LogInit: Display: Running engine for game: GrandTrenchWar
LogPakFile: Registered encryption key '00000000000000000000000000000000': 0 pak files mounted, 0 remain pending
LogPlatformFile: Not using cached read wrapper
LogTaskGraph: Started task graph with 5 named threads and 35 total threads with 3 sets of task threads.
LogStats: Stats thread started at 2.349013
LogD3D11RHI: Loaded GFSDK_Aftermath_Lib.x64.dll
LogICUInternationalization: ICU TimeZone Detection - Raw Offset: +9:00, Platform Override: ''
LogPluginManager: Mounting plugin Paper2D
LogPluginManager: Mounting plugin AISupport
LogPluginManager: Mounting plugin LightPropagationVolume
LogPluginManager: Mounting plugin ActorLayerUtilities
LogPluginManager: Mounting plugin AnimationSharing
LogPluginManager: Mounting plugin CLionSourceCodeAccess
LogPluginManager: Mounting plugin CodeLiteSourceCodeAccess
LogPluginManager: Mounting plugin GitSourceControl
LogPluginManager: Mounting plugin KDevelopSourceCodeAccess
LogPluginManager: Mounting plugin NullSourceCodeAccess
LogPluginManager: Mounting plugin PerforceSourceControl
LogPluginManager: Mounting plugin SubversionSourceControl
LogPluginManager: Mounting plugin UObjectPlugin
LogPluginManager: Mounting plugin VisualStudioCodeSourceCodeAccess
LogPluginManager: Mounting plugin VisualStudioSourceCodeAccess
LogPluginManager: Mounting plugin XCodeSourceCodeAccess
LogPluginManager: Mounting plugin AssetManagerEditor
LogPluginManager: Mounting plugin CryptoKeys
LogPluginManager: Mounting plugin DataValidation
LogPluginManager: Mounting plugin FacialAnimation
LogPluginManager: Mounting plugin GameplayTagsEditor
LogPluginManager: Mounting plugin MacGraphicsSwitching
LogPluginManager: Mounting plugin MaterialAnalyzer
LogPluginManager: Mounting plugin MobileLauncherProfileWizard
LogPluginManager: Mounting plugin PluginBrowser
LogPluginManager: Mounting plugin SpeedTreeImporter
LogPluginManager: Mounting plugin DatasmithContent
LogPluginManager: Mounting plugin VariantManagerContent
LogPluginManager: Mounting plugin AlembicImporter
LogPluginManager: Mounting plugin AppleImageUtils
LogPluginManager: Mounting plugin AppleVision
LogPluginManager: Mounting plugin BackChannel
LogPluginManager: Mounting plugin CharacterAI
LogPluginManager: Mounting plugin GeometryCache
LogPluginManager: Mounting plugin HTML5Networking
LogPluginManager: Mounting plugin ProxyLODPlugin
LogPluginManager: Mounting plugin SkeletalReduction
LogPluginManager: Mounting plugin MagicLeap
LogPluginManager: Mounting plugin MagicLeapMedia
LogPluginManager: Mounting plugin AndroidMedia
LogPluginManager: Mounting plugin AvfMedia
LogPluginManager: Mounting plugin ImgMedia
LogPluginManager: Mounting plugin LinearTimecode
LogPluginManager: Mounting plugin MediaCompositing
LogPluginManager: Mounting plugin MediaPlayerEditor
LogPluginManager: Mounting plugin WebMMedia
LogPluginManager: Mounting plugin WmfMedia
LogPluginManager: Mounting plugin TcpMessaging
LogPluginManager: Mounting plugin UdpMessaging
LogPluginManager: Mounting plugin ActorSequence
LogPluginManager: Mounting plugin LevelSequenceEditor
LogPluginManager: Mounting plugin MatineeToLevelSequence
LogPluginManager: Mounting plugin NetcodeUnitTest
LogPluginManager: Mounting plugin NUTUnrealEngine4
LogPluginManager: Mounting plugin OnlineSubsystemGooglePlay
LogPluginManager: Mounting plugin OnlineSubsystemIOS
LogPluginManager: Mounting plugin OnlineSubsystem
LogPluginManager: Mounting plugin OnlineSubsystemNull
LogPluginManager: Mounting plugin OnlineSubsystemSteam
LogPluginManager: Mounting plugin OnlineSubsystemUtils
LogPluginManager: Mounting plugin LauncherChunkInstaller
LogPluginManager: Mounting plugin AndroidDeviceProfileSelector
LogPluginManager: Mounting plugin AndroidMoviePlayer
LogPluginManager: Mounting plugin AndroidPermission
LogPluginManager: Mounting plugin AppleMoviePlayer
LogPluginManager: Mounting plugin ArchVisCharacter
LogPluginManager: Mounting plugin AudioCapture
LogPluginManager: Mounting plugin CableComponent
LogPluginManager: Mounting plugin CustomMeshComponent
LogPluginManager: Mounting plugin EditableMesh
LogPluginManager: Mounting plugin ExampleDeviceProfileSelector
LogPluginManager: Mounting plugin Firebase
LogPluginManager: Mounting plugin GoogleCloudMessaging
LogPluginManager: Mounting plugin IOSDeviceProfileSelector
LogPluginManager: Mounting plugin LinuxDeviceProfileSelector
LogPluginManager: Mounting plugin LocationServicesBPLibrary
LogPluginManager: Mounting plugin MobilePatchingUtils
LogPluginManager: Mounting plugin OculusVR
LogPluginManager: Mounting plugin PhysXVehicles
LogPluginManager: Mounting plugin ProceduralMeshComponent
LogPluginManager: Mounting plugin RuntimePhysXCooking
LogPluginManager: Mounting plugin SignificanceManager
LogPluginManager: Mounting plugin SteamVR
LogPluginManager: Mounting plugin WebMMoviePlayer
LogPluginManager: Mounting plugin WindowsMoviePlayer
LogInit: Using libcurl 7.55.1-DEV
LogInit:  - built for x86_64-pc-win32
LogInit:  - supports SSL with OpenSSL/1.1.1
LogInit:  - supports HTTP deflate (compression) using libz 1.2.8
LogInit:  - other features:
LogInit:      CURL_VERSION_SSL
LogInit:      CURL_VERSION_LIBZ
LogInit:      CURL_VERSION_IPV6
LogInit:      CURL_VERSION_ASYNCHDNS
LogInit:      CURL_VERSION_LARGEFILE
LogInit:      CURL_VERSION_IDN
LogInit:  CurlRequestOptions (configurable via config and command line):
LogInit:  - bVerifyPeer = true  - Libcurl will verify peer certificate
LogInit:  - bUseHttpProxy = false  - Libcurl will NOT use HTTP proxy
LogInit:  - bDontReuseConnections = false  - Libcurl will reuse connections
LogInit:  - MaxHostConnections = 16  - Libcurl will limit the number of connections to a host
LogInit:  - LocalHostAddr = Default
LogInit:  - BufferSize = 65536
LogOnline: Display: STEAM: Loading Steam SDK 1.39
LogOnline: Display: STEAM: OnlineSubsystemSteam::Shutdown()
LogOnline: OSS: Unable to create OnlineSubsystem module Steam
LogInit: WinSock: version 1.1 (2.2), MaxSocks=32767, MaxUdp=65467
LogHMD: Failed initializing OVRPlugin 1.32.0
LogInit: Build: ++UE4+Release-4.22-CL-7053642
LogInit: Engine Version: 4.22.3-7053642+++UE4+Release-4.22
LogInit: Compatible Engine Version: 4.22.0-5660361+++UE4+Release-4.22
LogInit: Net CL: 5660361
LogInit: OS: Windows 10 (Release 1909) (), CPU: AMD Ryzen 5 3600 6-Core Processor              , GPU: NVIDIA GeForce RTX 2080
LogInit: Compiled (64-bit): Jun 18 2019 03:09:11
LogInit: Compiled with Visual C++: 19.16.27025.01
LogInit: Build Configuration: Development
LogInit: Branch Name: ++UE4+Release-4.22
LogInit: Command Line: 
LogInit: Base Directory: D:/UE4/UE_4.22/Engine/Binaries/Win64/
LogInit: Installed Engine Build: 1
LogDevObjectVersion: Number of dev versions registered: 23
LogDevObjectVersion:   Dev-Blueprints (B0D832E4-1F89-4F0D-ACCF-7EB736FD4AA2): 10
LogDevObjectVersion:   Dev-Build (E1C64328-A22C-4D53-A36C-8E866417BD8C): 0
LogDevObjectVersion:   Dev-Core (375EC13C-06E4-48FB-B500-84F0262A717E): 3
LogDevObjectVersion:   Dev-Editor (E4B068ED-F494-42E9-A231-DA0B2E46BB41): 30
LogDevObjectVersion:   Dev-Framework (CFFC743F-43B0-4480-9391-14DF171D2073): 35
LogDevObjectVersion:   Dev-Mobile (B02B49B5-BB20-44E9-A304-32B752E40360): 2
LogDevObjectVersion:   Dev-Networking (A4E4105C-59A1-49B5-A7C5-40C4547EDFEE): 0
LogDevObjectVersion:   Dev-Online (39C831C9-5AE6-47DC-9A44-9C173E1C8E7C): 0
LogDevObjectVersion:   Dev-Physics (78F01B33-EBEA-4F98-B9B4-84EACCB95AA2): 0
LogDevObjectVersion:   Dev-Platform (6631380F-2D4D-43E0-8009-CF276956A95A): 0
LogDevObjectVersion:   Dev-Rendering (12F88B9F-8875-4AFC-A67C-D90C383ABD29): 28
LogDevObjectVersion:   Dev-Sequencer (7B5AE74C-D270-4C10-A958-57980B212A5A): 11
LogDevObjectVersion:   Dev-VR (D7296918-1DD6-4BDD-9DE2-64A83CC13884): 2
LogDevObjectVersion:   Dev-LoadTimes (C2A15278-BFE7-4AFE-6C17-90FF531DF755): 1
LogDevObjectVersion:   Private-Geometry (6EACA3D4-40EC-4CC1-B786-8BED09428FC5): 3
LogDevObjectVersion:   Dev-AnimPhys (29E575DD-E0A3-4627-9D10-D276232CDCEA): 17
LogDevObjectVersion:   Dev-Anim (AF43A65D-7FD3-4947-9873-3E8ED9C1BB05): 2
LogDevObjectVersion:   Dev-ReflectionCapture (6B266CEC-1EC7-4B8F-A30B-E4D90942FC07): 1
LogDevObjectVersion:   Dev-Automation (0DF73D61-A23F-47EA-B727-89E90C41499A): 1
LogDevObjectVersion:   FortniteMain (601D1886-AC64-4F84-AA16-D3DE0DEAC7D6): 25
LogDevObjectVersion:   Dev-Enterprise (9DFFBCD6-494F-0158-E221-12823C92A888): 6
LogDevObjectVersion:   Dev-Niagara (F2AED0AC-9AFE-416F-8664-AA7FFA26D6FC): 1
LogDevObjectVersion:   Dev-Destruction (174F1F0B-B4C6-45A5-B13F-2EE8D0FB917D): 2
LogInit: Presizing for max 16777216 objects, including 0 objects not considered by GC, pre-allocating 0 bytes for permanent pool.
LogInit: Object subsystem initialized
LogConfig: Setting CVar [[con.DebugEarlyDefault:1]]
LogConfig: Setting CVar [[r.setres:1280x720]]
[2021.01.17-03.12.47:942][  0]LogConfig: Setting CVar [[r.VSync:0]]
[2021.01.17-03.12.47:943][  0]LogConfig: Setting CVar [[r.RHICmdBypass:0]]
[2021.01.17-03.12.47:943][  0]LogConfig: Applying CVar settings from Section [/Script/Engine.RendererSettings] File [D:/Git/Unreal_GrandTrenchWar/Unreal_GrandTrenchWar/GrandTrenchWar/Saved/Config/Windows/Engine.ini]
[2021.01.17-03.12.47:943][  0]LogConfig: Setting CVar [[r.GPUCrashDebugging:0]]
[2021.01.17-03.12.47:943][  0]LogConfig: Applying CVar settings from Section [/Script/Engine.RendererOverrideSettings] File [D:/Git/Unreal_GrandTrenchWar/Unreal_GrandTrenchWar/GrandTrenchWar/Saved/Config/Windows/Engine.ini]
[2021.01.17-03.12.47:943][  0]LogConfig: Applying CVar settings from Section [/Script/Engine.StreamingSettings] File [D:/Git/Unreal_GrandTrenchWar/Unreal_GrandTrenchWar/GrandTrenchWar/Saved/Config/Windows/Engine.ini]
[2021.01.17-03.12.47:943][  0]LogConfig: Setting CVar [[s.MinBulkDataSizeForAsyncLoading:131072]]
[2021.01.17-03.12.47:943][  0]LogConfig: Setting CVar [[s.AsyncLoadingThreadEnabled:0]]
[2021.01.17-03.12.47:943][  0]LogConfig: Setting CVar [[s.EventDrivenLoaderEnabled:1]]
[2021.01.17-03.12.47:943][  0]LogConfig: Setting CVar [[s.WarnIfTimeLimitExceeded:0]]
[2021.01.17-03.12.47:943][  0]LogConfig: Setting CVar [[s.TimeLimitExceededMultiplier:1.5]]
[2021.01.17-03.12.47:943][  0]LogConfig: Setting CVar [[s.TimeLimitExceededMinTime:0.005]]
[2021.01.17-03.12.47:943][  0]LogConfig: Setting CVar [[s.UseBackgroundLevelStreaming:1]]
[2021.01.17-03.12.47:943][  0]LogConfig: Setting CVar [[s.PriorityAsyncLoadingExtraTime:15.0]]
[2021.01.17-03.12.47:943][  0]LogConfig: Setting CVar [[s.LevelStreamingActorsUpdateTimeLimit:5.0]]
[2021.01.17-03.12.47:943][  0]LogConfig: Setting CVar [[s.PriorityLevelStreamingActorsUpdateExtraTime:5.0]]
[2021.01.17-03.12.47:943][  0]LogConfig: Setting CVar [[s.LevelStreamingComponentsRegistrationGranularity:10]]
[2021.01.17-03.12.47:943][  0]LogConfig: Setting CVar [[s.UnregisterComponentsTimeLimit:1.0]]
[2021.01.17-03.12.47:943][  0]LogConfig: Setting CVar [[s.LevelStreamingComponentsUnregistrationGranularity:5]]
[2021.01.17-03.12.47:943][  0]LogConfig: Applying CVar settings from Section [/Script/Engine.GarbageCollectionSettings] File [D:/Git/Unreal_GrandTrenchWar/Unreal_GrandTrenchWar/GrandTrenchWar/Saved/Config/Windows/Engine.ini]
[2021.01.17-03.12.47:943][  0]LogConfig: Setting CVar [[gc.MaxObjectsNotConsideredByGC:1]]
[2021.01.17-03.12.47:943][  0]LogConfig: Setting CVar [[gc.SizeOfPermanentObjectPool:0]]
[2021.01.17-03.12.47:943][  0]LogConfig: Setting CVar [[gc.FlushStreamingOnGC:0]]
[2021.01.17-03.12.47:943][  0]LogConfig: Setting CVar [[gc.NumRetriesBeforeForcingGC:10]]
[2021.01.17-03.12.47:943][  0]LogConfig: Setting CVar [[gc.AllowParallelGC:1]]
[2021.01.17-03.12.47:943][  0]LogConfig: Setting CVar [[gc.TimeBetweenPurgingPendingKillObjects:61.1]]
[2021.01.17-03.12.47:943][  0]LogConfig: Setting CVar [[gc.MaxObjectsInEditor:16777216]]
[2021.01.17-03.12.47:943][  0]LogConfig: Setting CVar [[gc.IncrementalBeginDestroyEnabled:1]]
[2021.01.17-03.12.47:943][  0]LogConfig: Setting CVar [[gc.CreateGCClusters:1]]
[2021.01.17-03.12.47:943][  0]LogConfig: Setting CVar [[gc.MinGCClusterSize:5]]
[2021.01.17-03.12.47:943][  0]LogConfig: Setting CVar [[gc.ActorClusteringEnabled:0]]
[2021.01.17-03.12.47:943][  0]LogConfig: Setting CVar [[gc.BlueprintClusteringEnabled:0]]
[2021.01.17-03.12.47:943][  0]LogConfig: Setting CVar [[gc.UseDisregardForGCOnDedicatedServers:0]]
[2021.01.17-03.12.47:943][  0]LogConfig: Applying CVar settings from Section [/Script/Engine.NetworkSettings] File [D:/Git/Unreal_GrandTrenchWar/Unreal_GrandTrenchWar/GrandTrenchWar/Saved/Config/Windows/Engine.ini]
[2021.01.17-03.12.47:943][  0]LogConfig: Applying CVar settings from Section [/Script/UnrealEd.CookerSettings] File [D:/Git/Unreal_GrandTrenchWar/Unreal_GrandTrenchWar/GrandTrenchWar/Saved/Config/Windows/Engine.ini]
[2021.01.17-03.12.47:975][  0]LogConfig: Applying CVar settings from Section [ViewDistanceQuality@3] File [D:/Git/Unreal_GrandTrenchWar/Unreal_GrandTrenchWar/GrandTrenchWar/Saved/Config/Windows/Scalability.ini]
[2021.01.17-03.12.47:975][  0]LogConfig: Setting CVar [[r.SkeletalMeshLODBias:0]]
[2021.01.17-03.12.47:975][  0]LogConfig: Setting CVar [[r.ViewDistanceScale:1.0]]
[2021.01.17-03.12.47:975][  0]LogConfig: Applying CVar settings from Section [AntiAliasingQuality@3] File [D:/Git/Unreal_GrandTrenchWar/Unreal_GrandTrenchWar/GrandTrenchWar/Saved/Config/Windows/Scalability.ini]
[2021.01.17-03.12.47:975][  0]LogConfig: Setting CVar [[r.PostProcessAAQuality:4]]
[2021.01.17-03.12.47:975][  0]LogConfig: Applying CVar settings from Section [ShadowQuality@3] File [D:/Git/Unreal_GrandTrenchWar/Unreal_GrandTrenchWar/GrandTrenchWar/Saved/Config/Windows/Scalability.ini]
[2021.01.17-03.12.47:975][  0]LogConfig: Setting CVar [[r.LightFunctionQuality:1]]
[2021.01.17-03.12.47:975][  0]LogConfig: Setting CVar [[r.ShadowQuality:5]]
[2021.01.17-03.12.47:975][  0]LogConfig: Setting CVar [[r.Shadow.CSM.MaxCascades:10]]
[2021.01.17-03.12.47:975][  0]LogConfig: Setting CVar [[r.Shadow.MaxResolution:2048]]
[2021.01.17-03.12.47:975][  0]LogConfig: Setting CVar [[r.Shadow.MaxCSMResolution:2048]]
[2021.01.17-03.12.47:975][  0]LogConfig: Setting CVar [[r.Shadow.RadiusThreshold:0.01]]
[2021.01.17-03.12.47:975][  0]LogConfig: Setting CVar [[r.Shadow.DistanceScale:1.0]]
[2021.01.17-03.12.47:975][  0]LogConfig: Setting CVar [[r.Shadow.CSM.TransitionScale:1.0]]
[2021.01.17-03.12.47:975][  0]LogConfig: Setting CVar [[r.Shadow.PreShadowResolutionFactor:1.0]]
[2021.01.17-03.12.47:975][  0]LogConfig: Setting CVar [[r.DistanceFieldShadowing:1]]
[2021.01.17-03.12.47:975][  0]LogConfig: Setting CVar [[r.DistanceFieldAO:1]]
[2021.01.17-03.12.47:975][  0]LogConfig: Setting CVar [[r.AOQuality:2]]
[2021.01.17-03.12.47:975][  0]LogConfig: Setting CVar [[r.VolumetricFog:1]]
[2021.01.17-03.12.47:975][  0]LogConfig: Setting CVar [[r.VolumetricFog.GridPixelSize:8]]
[2021.01.17-03.12.47:975][  0]LogConfig: Setting CVar [[r.VolumetricFog.GridSizeZ:128]]
[2021.01.17-03.12.47:975][  0]LogConfig: Setting CVar [[r.VolumetricFog.HistoryMissSupersampleCount:4]]
[2021.01.17-03.12.47:975][  0]LogConfig: Setting CVar [[r.LightMaxDrawDistanceScale:1]]
[2021.01.17-03.12.47:975][  0]LogConfig: Setting CVar [[r.CapsuleShadows:1]]
[2021.01.17-03.12.47:975][  0]LogConfig: Applying CVar settings from Section [PostProcessQuality@3] File [D:/Git/Unreal_GrandTrenchWar/Unreal_GrandTrenchWar/GrandTrenchWar/Saved/Config/Windows/Scalability.ini]
[2021.01.17-03.12.47:975][  0]LogConfig: Setting CVar [[r.MotionBlurQuality:4]]
[2021.01.17-03.12.47:975][  0]LogConfig: Setting CVar [[r.AmbientOcclusionMipLevelFactor:0.4]]
[2021.01.17-03.12.47:975][  0]LogConfig: Setting CVar [[r.AmbientOcclusionMaxQuality:100]]
[2021.01.17-03.12.47:975][  0]LogConfig: Setting CVar [[r.AmbientOcclusionLevels:-1]]
[2021.01.17-03.12.47:975][  0]LogConfig: Setting CVar [[r.AmbientOcclusionRadiusScale:1.0]]
[2021.01.17-03.12.47:975][  0]LogConfig: Setting CVar [[r.DepthOfFieldQuality:2]]
[2021.01.17-03.12.47:975][  0]LogConfig: Setting CVar [[r.RenderTargetPoolMin:400]]
[2021.01.17-03.12.47:975][  0]LogConfig: Setting CVar [[r.LensFlareQuality:2]]
[2021.01.17-03.12.47:975][  0]LogConfig: Setting CVar [[r.SceneColorFringeQuality:1]]
[2021.01.17-03.12.47:975][  0]LogConfig: Setting CVar [[r.EyeAdaptationQuality:2]]
[2021.01.17-03.12.47:975][  0]LogConfig: Setting CVar [[r.BloomQuality:5]]
[2021.01.17-03.12.47:975][  0]LogConfig: Setting CVar [[r.FastBlurThreshold:100]]
[2021.01.17-03.12.47:975][  0]LogConfig: Setting CVar [[r.Upscale.Quality:3]]
[2021.01.17-03.12.47:975][  0]LogConfig: Setting CVar [[r.Tonemapper.GrainQuantization:1]]
[2021.01.17-03.12.47:975][  0]LogConfig: Setting CVar [[r.LightShaftQuality:1]]
[2021.01.17-03.12.47:975][  0]LogConfig: Setting CVar [[r.Filter.SizeScale:1]]
[2021.01.17-03.12.47:975][  0]LogConfig: Setting CVar [[r.Tonemapper.Quality:5]]
[2021.01.17-03.12.47:975][  0]LogConfig: Setting CVar [[r.DOF.Gather.AccumulatorQuality:1        ; higher gathering accumulator quality]]
[2021.01.17-03.12.47:975][  0]LogConfig: Setting CVar [[r.DOF.Gather.PostfilterMethod:1          ; Median3x3 postfilering method]]
[2021.01.17-03.12.47:976][  0]LogConfig: Setting CVar [[r.DOF.Gather.EnableBokehSettings:0       ; no bokeh simulation when gathering]]
[2021.01.17-03.12.47:976][  0]LogConfig: Setting CVar [[r.DOF.Gather.RingCount:4                 ; medium number of samples when gathering]]
[2021.01.17-03.12.47:976][  0]LogConfig: Setting CVar [[r.DOF.Scatter.ForegroundCompositing:1    ; additive foreground scattering]]
[2021.01.17-03.12.47:976][  0]LogConfig: Setting CVar [[r.DOF.Scatter.BackgroundCompositing:2    ; additive background scattering]]
[2021.01.17-03.12.47:976][  0]LogConfig: Setting CVar [[r.DOF.Scatter.EnableBokehSettings:1      ; bokeh simulation when scattering]]
[2021.01.17-03.12.47:976][  0]LogConfig: Setting CVar [[r.DOF.Scatter.MaxSpriteRatio:0.1         ; only a maximum of 10% of scattered bokeh]]
[2021.01.17-03.12.47:976][  0]LogConfig: Setting CVar [[r.DOF.Recombine.Quality:1                ; cheap slight out of focus]]
[2021.01.17-03.12.47:976][  0]LogConfig: Setting CVar [[r.DOF.Recombine.EnableBokehSettings:0    ; no bokeh simulation on slight out of focus]]
[2021.01.17-03.12.47:976][  0]LogConfig: Setting CVar [[r.DOF.TemporalAAQuality:1                ; more stable temporal accumulation]]
[2021.01.17-03.12.47:976][  0]LogConfig: Setting CVar [[r.DOF.Kernel.MaxForegroundRadius:0.025]]
[2021.01.17-03.12.47:976][  0]LogConfig: Setting CVar [[r.DOF.Kernel.MaxBackgroundRadius:0.025]]
[2021.01.17-03.12.47:976][  0]LogConfig: Applying CVar settings from Section [TextureQuality@3] File [D:/Git/Unreal_GrandTrenchWar/Unreal_GrandTrenchWar/GrandTrenchWar/Saved/Config/Windows/Scalability.ini]
[2021.01.17-03.12.47:976][  0]LogConfig: Setting CVar [[r.Streaming.MipBias:0]]
[2021.01.17-03.12.47:976][  0]LogConfig: Setting CVar [[r.Streaming.AmortizeCPUToGPUCopy:0]]
[2021.01.17-03.12.47:976][  0]LogConfig: Setting CVar [[r.Streaming.MaxNumTexturesToStreamPerFrame:0]]
[2021.01.17-03.12.47:976][  0]LogConfig: Setting CVar [[r.Streaming.Boost:1]]
[2021.01.17-03.12.47:976][  0]LogConfig: Setting CVar [[r.MaxAnisotropy:8]]
[2021.01.17-03.12.47:976][  0]LogConfig: Setting CVar [[r.Streaming.LimitPoolSizeToVRAM:0]]
[2021.01.17-03.12.47:976][  0]LogConfig: Setting CVar [[r.Streaming.PoolSize:1000]]
[2021.01.17-03.12.47:976][  0]LogConfig: Setting CVar [[r.Streaming.MaxEffectiveScreenSize:0]]
[2021.01.17-03.12.47:976][  0]LogConfig: Applying CVar settings from Section [EffectsQuality@3] File [D:/Git/Unreal_GrandTrenchWar/Unreal_GrandTrenchWar/GrandTrenchWar/Saved/Config/Windows/Scalability.ini]
[2021.01.17-03.12.47:976][  0]LogConfig: Setting CVar [[r.TranslucencyLightingVolumeDim:64]]
[2021.01.17-03.12.47:976][  0]LogConfig: Setting CVar [[r.RefractionQuality:2]]
[2021.01.17-03.12.47:976][  0]LogConfig: Setting CVar [[r.SSR.Quality:3]]
[2021.01.17-03.12.47:976][  0]LogConfig: Setting CVar [[r.SceneColorFormat:4]]
[2021.01.17-03.12.47:976][  0]LogConfig: Setting CVar [[r.DetailMode:2]]
[2021.01.17-03.12.47:976][  0]LogConfig: Setting CVar [[r.TranslucencyVolumeBlur:1]]
[2021.01.17-03.12.47:976][  0]LogConfig: Setting CVar [[r.MaterialQualityLevel:1 ; High quality]]
[2021.01.17-03.12.47:976][  0]LogConfig: Setting CVar [[r.SSS.Scale:1]]
[2021.01.17-03.12.47:976][  0]LogConfig: Setting CVar [[r.SSS.SampleSet:2]]
[2021.01.17-03.12.47:976][  0]LogConfig: Setting CVar [[r.SSS.Quality:1]]
[2021.01.17-03.12.47:976][  0]LogConfig: Setting CVar [[r.SSS.HalfRes:1]]
[2021.01.17-03.12.47:976][  0]LogConfig: Setting CVar [[r.EmitterSpawnRateScale:1.0]]
[2021.01.17-03.12.47:976][  0]LogConfig: Setting CVar [[r.ParticleLightQuality:2]]
[2021.01.17-03.12.47:976][  0]LogConfig: Applying CVar settings from Section [FoliageQuality@3] File [D:/Git/Unreal_GrandTrenchWar/Unreal_GrandTrenchWar/GrandTrenchWar/Saved/Config/Windows/Scalability.ini]
[2021.01.17-03.12.47:976][  0]LogConfig: Setting CVar [[foliage.DensityScale:1.0]]
[2021.01.17-03.12.47:976][  0]LogConfig: Setting CVar [[grass.DensityScale:1.0]]
[2021.01.17-03.12.47:984][  0]LogInit: Selected Device Profile: [Windows]
[2021.01.17-03.12.47:984][  0]LogInit: Applying CVar settings loaded from the selected device profile: [Windows]
[2021.01.17-03.12.48:029][  0]LogHAL: Display: Platform has ~ 48 GB [51486453760 / 68719476736 / 48], which maps to Largest [LargestMinGB=32, LargerMinGB=12, DefaultMinGB=8, SmallerMinGB=6, SmallestMinGB=0)
[2021.01.17-03.12.48:033][  0]LogConfig: Setting CVar [[r.Vulkan.UseRealUBs:0		; Required until we fix HLR fall-out]]
[2021.01.17-03.12.48:033][  0]LogInit: Going up to parent DeviceProfile []
[2021.01.17-03.12.48:034][  0]LogConfig: Applying CVar settings from Section [ViewDistanceQuality@3] File [D:/Git/Unreal_GrandTrenchWar/Unreal_GrandTrenchWar/GrandTrenchWar/Saved/Config/Windows/Scalability.ini]
[2021.01.17-03.12.48:034][  0]LogConfig: Setting CVar [[r.SkeletalMeshLODBias:0]]
[2021.01.17-03.12.48:034][  0]LogConfig: Setting CVar [[r.ViewDistanceScale:1.0]]
[2021.01.17-03.12.48:034][  0]LogConfig: Applying CVar settings from Section [AntiAliasingQuality@3] File [D:/Git/Unreal_GrandTrenchWar/Unreal_GrandTrenchWar/GrandTrenchWar/Saved/Config/Windows/Scalability.ini]
[2021.01.17-03.12.48:034][  0]LogConfig: Setting CVar [[r.PostProcessAAQuality:4]]
[2021.01.17-03.12.48:034][  0]LogConfig: Applying CVar settings from Section [ShadowQuality@3] File [D:/Git/Unreal_GrandTrenchWar/Unreal_GrandTrenchWar/GrandTrenchWar/Saved/Config/Windows/Scalability.ini]
[2021.01.17-03.12.48:034][  0]LogConfig: Setting CVar [[r.LightFunctionQuality:1]]
[2021.01.17-03.12.48:034][  0]LogConfig: Setting CVar [[r.ShadowQuality:5]]
[2021.01.17-03.12.48:034][  0]LogConfig: Setting CVar [[r.Shadow.CSM.MaxCascades:10]]
[2021.01.17-03.12.48:034][  0]LogConfig: Setting CVar [[r.Shadow.MaxResolution:2048]]
[2021.01.17-03.12.48:034][  0]LogConfig: Setting CVar [[r.Shadow.MaxCSMResolution:2048]]
[2021.01.17-03.12.48:034][  0]LogConfig: Setting CVar [[r.Shadow.RadiusThreshold:0.01]]
[2021.01.17-03.12.48:034][  0]LogConfig: Setting CVar [[r.Shadow.DistanceScale:1.0]]
[2021.01.17-03.12.48:034][  0]LogConfig: Setting CVar [[r.Shadow.CSM.TransitionScale:1.0]]
[2021.01.17-03.12.48:034][  0]LogConfig: Setting CVar [[r.Shadow.PreShadowResolutionFactor:1.0]]
[2021.01.17-03.12.48:034][  0]LogConfig: Setting CVar [[r.DistanceFieldShadowing:1]]
[2021.01.17-03.12.48:034][  0]LogConfig: Setting CVar [[r.DistanceFieldAO:1]]
[2021.01.17-03.12.48:034][  0]LogConfig: Setting CVar [[r.AOQuality:2]]
[2021.01.17-03.12.48:034][  0]LogConfig: Setting CVar [[r.VolumetricFog:1]]
[2021.01.17-03.12.48:034][  0]LogConfig: Setting CVar [[r.VolumetricFog.GridPixelSize:8]]
[2021.01.17-03.12.48:034][  0]LogConfig: Setting CVar [[r.VolumetricFog.GridSizeZ:128]]
[2021.01.17-03.12.48:034][  0]LogConfig: Setting CVar [[r.VolumetricFog.HistoryMissSupersampleCount:4]]
[2021.01.17-03.12.48:034][  0]LogConfig: Setting CVar [[r.LightMaxDrawDistanceScale:1]]
[2021.01.17-03.12.48:034][  0]LogConfig: Setting CVar [[r.CapsuleShadows:1]]
[2021.01.17-03.12.48:034][  0]LogConfig: Applying CVar settings from Section [PostProcessQuality@3] File [D:/Git/Unreal_GrandTrenchWar/Unreal_GrandTrenchWar/GrandTrenchWar/Saved/Config/Windows/Scalability.ini]
[2021.01.17-03.12.48:034][  0]LogConfig: Setting CVar [[r.MotionBlurQuality:4]]
[2021.01.17-03.12.48:034][  0]LogConfig: Setting CVar [[r.AmbientOcclusionMipLevelFactor:0.4]]
[2021.01.17-03.12.48:034][  0]LogConfig: Setting CVar [[r.AmbientOcclusionMaxQuality:100]]
[2021.01.17-03.12.48:034][  0]LogConfig: Setting CVar [[r.AmbientOcclusionLevels:-1]]
[2021.01.17-03.12.48:034][  0]LogConfig: Setting CVar [[r.AmbientOcclusionRadiusScale:1.0]]
[2021.01.17-03.12.48:034][  0]LogConfig: Setting CVar [[r.DepthOfFieldQuality:2]]
[2021.01.17-03.12.48:034][  0]LogConfig: Setting CVar [[r.RenderTargetPoolMin:400]]
[2021.01.17-03.12.48:034][  0]LogConfig: Setting CVar [[r.LensFlareQuality:2]]
[2021.01.17-03.12.48:034][  0]LogConfig: Setting CVar [[r.SceneColorFringeQuality:1]]
[2021.01.17-03.12.48:034][  0]LogConfig: Setting CVar [[r.EyeAdaptationQuality:2]]
[2021.01.17-03.12.48:034][  0]LogConfig: Setting CVar [[r.BloomQuality:5]]
[2021.01.17-03.12.48:034][  0]LogConfig: Setting CVar [[r.FastBlurThreshold:100]]
[2021.01.17-03.12.48:034][  0]LogConfig: Setting CVar [[r.Upscale.Quality:3]]
[2021.01.17-03.12.48:034][  0]LogConfig: Setting CVar [[r.Tonemapper.GrainQuantization:1]]
[2021.01.17-03.12.48:034][  0]LogConfig: Setting CVar [[r.LightShaftQuality:1]]
[2021.01.17-03.12.48:034][  0]LogConfig: Setting CVar [[r.Filter.SizeScale:1]]
[2021.01.17-03.12.48:034][  0]LogConfig: Setting CVar [[r.Tonemapper.Quality:5]]
[2021.01.17-03.12.48:034][  0]LogConfig: Setting CVar [[r.DOF.Gather.AccumulatorQuality:1        ; higher gathering accumulator quality]]
[2021.01.17-03.12.48:034][  0]LogConfig: Setting CVar [[r.DOF.Gather.PostfilterMethod:1          ; Median3x3 postfilering method]]
[2021.01.17-03.12.48:034][  0]LogConfig: Setting CVar [[r.DOF.Gather.EnableBokehSettings:0       ; no bokeh simulation when gathering]]
[2021.01.17-03.12.48:034][  0]LogConfig: Setting CVar [[r.DOF.Gather.RingCount:4                 ; medium number of samples when gathering]]
[2021.01.17-03.12.48:034][  0]LogConfig: Setting CVar [[r.DOF.Scatter.ForegroundCompositing:1    ; additive foreground scattering]]
[2021.01.17-03.12.48:034][  0]LogConfig: Setting CVar [[r.DOF.Scatter.BackgroundCompositing:2    ; additive background scattering]]
[2021.01.17-03.12.48:034][  0]LogConfig: Setting CVar [[r.DOF.Scatter.EnableBokehSettings:1      ; bokeh simulation when scattering]]
[2021.01.17-03.12.48:034][  0]LogConfig: Setting CVar [[r.DOF.Scatter.MaxSpriteRatio:0.1         ; only a maximum of 10% of scattered bokeh]]
[2021.01.17-03.12.48:034][  0]LogConfig: Setting CVar [[r.DOF.Recombine.Quality:1                ; cheap slight out of focus]]
[2021.01.17-03.12.48:034][  0]LogConfig: Setting CVar [[r.DOF.Recombine.EnableBokehSettings:0    ; no bokeh simulation on slight out of focus]]
[2021.01.17-03.12.48:034][  0]LogConfig: Setting CVar [[r.DOF.TemporalAAQuality:1                ; more stable temporal accumulation]]
[2021.01.17-03.12.48:034][  0]LogConfig: Setting CVar [[r.DOF.Kernel.MaxForegroundRadius:0.025]]
[2021.01.17-03.12.48:034][  0]LogConfig: Setting CVar [[r.DOF.Kernel.MaxBackgroundRadius:0.025]]
[2021.01.17-03.12.48:034][  0]LogConfig: Applying CVar settings from Section [TextureQuality@3] File [D:/Git/Unreal_GrandTrenchWar/Unreal_GrandTrenchWar/GrandTrenchWar/Saved/Config/Windows/Scalability.ini]
[2021.01.17-03.12.48:034][  0]LogConfig: Setting CVar [[r.Streaming.MipBias:0]]
[2021.01.17-03.12.48:034][  0]LogConfig: Setting CVar [[r.Streaming.AmortizeCPUToGPUCopy:0]]
[2021.01.17-03.12.48:034][  0]LogConfig: Setting CVar [[r.Streaming.MaxNumTexturesToStreamPerFrame:0]]
[2021.01.17-03.12.48:034][  0]LogConfig: Setting CVar [[r.Streaming.Boost:1]]
[2021.01.17-03.12.48:034][  0]LogConfig: Setting CVar [[r.MaxAnisotropy:8]]
[2021.01.17-03.12.48:034][  0]LogConfig: Setting CVar [[r.Streaming.LimitPoolSizeToVRAM:0]]
[2021.01.17-03.12.48:034][  0]LogConfig: Setting CVar [[r.Streaming.PoolSize:1000]]
[2021.01.17-03.12.48:034][  0]LogConfig: Setting CVar [[r.Streaming.MaxEffectiveScreenSize:0]]
[2021.01.17-03.12.48:034][  0]LogConfig: Applying CVar settings from Section [EffectsQuality@3] File [D:/Git/Unreal_GrandTrenchWar/Unreal_GrandTrenchWar/GrandTrenchWar/Saved/Config/Windows/Scalability.ini]
[2021.01.17-03.12.48:034][  0]LogConfig: Setting CVar [[r.TranslucencyLightingVolumeDim:64]]
[2021.01.17-03.12.48:034][  0]LogConfig: Setting CVar [[r.RefractionQuality:2]]
[2021.01.17-03.12.48:034][  0]LogConfig: Setting CVar [[r.SSR.Quality:3]]
[2021.01.17-03.12.48:034][  0]LogConfig: Setting CVar [[r.SceneColorFormat:4]]
[2021.01.17-03.12.48:034][  0]LogConfig: Setting CVar [[r.DetailMode:2]]
[2021.01.17-03.12.48:034][  0]LogConfig: Setting CVar [[r.TranslucencyVolumeBlur:1]]
[2021.01.17-03.12.48:034][  0]LogConfig: Setting CVar [[r.MaterialQualityLevel:1 ; High quality]]
[2021.01.17-03.12.48:034][  0]LogConfig: Setting CVar [[r.SSS.Scale:1]]
[2021.01.17-03.12.48:034][  0]LogConfig: Setting CVar [[r.SSS.SampleSet:2]]
[2021.01.17-03.12.48:035][  0]LogConfig: Setting CVar [[r.SSS.Quality:1]]
[2021.01.17-03.12.48:035][  0]LogConfig: Setting CVar [[r.SSS.HalfRes:1]]
[2021.01.17-03.12.48:035][  0]LogConfig: Setting CVar [[r.EmitterSpawnRateScale:1.0]]
[2021.01.17-03.12.48:035][  0]LogConfig: Setting CVar [[r.ParticleLightQuality:2]]
[2021.01.17-03.12.48:035][  0]LogConfig: Applying CVar settings from Section [FoliageQuality@3] File [D:/Git/Unreal_GrandTrenchWar/Unreal_GrandTrenchWar/GrandTrenchWar/Saved/Config/Windows/Scalability.ini]
[2021.01.17-03.12.48:035][  0]LogConfig: Setting CVar [[foliage.DensityScale:1.0]]
[2021.01.17-03.12.48:035][  0]LogConfig: Setting CVar [[grass.DensityScale:1.0]]
[2021.01.17-03.12.48:035][  0]LogConfig: Applying CVar settings from Section [Startup] File [../../../Engine/Config/ConsoleVariables.ini]
[2021.01.17-03.12.48:045][  0]LogConfig: Setting CVar [[net.UseAdaptiveNetUpdateFrequency:0]]
[2021.01.17-03.12.48:045][  0]LogConfig: Setting CVar [[p.chaos.AllowCreatePhysxBodies:1]]
[2021.01.17-03.12.48:045][  0]LogConfig: Applying CVar settings from Section [ConsoleVariables] File [D:/Git/Unreal_GrandTrenchWar/Unreal_GrandTrenchWar/GrandTrenchWar/Saved/Config/Windows/Engine.ini]
[2021.01.17-03.12.48:046][  0]LogInit: Computer: DESKTOP-4IV1O4J
[2021.01.17-03.12.48:046][  0]LogInit: User: 강건
[2021.01.17-03.12.48:046][  0]LogInit: CPU Page size=4096, Cores=6
[2021.01.17-03.12.48:046][  0]LogInit: High frequency timer resolution =10.000000 MHz
[2021.01.17-03.12.48:046][  0]LogMemory: Memory total: Physical=48.0GB (48GB approx)
[2021.01.17-03.12.48:046][  0]LogMemory: Platform Memory Stats for Windows
[2021.01.17-03.12.48:046][  0]LogMemory: Process Physical Memory: 106.18 MB used, 106.19 MB peak
[2021.01.17-03.12.48:046][  0]LogMemory: Process Virtual Memory: 95.00 MB used, 95.00 MB peak
[2021.01.17-03.12.48:046][  0]LogMemory: Physical Memory: 9293.47 MB used,  39807.84 MB free, 49101.31 MB total
[2021.01.17-03.12.48:046][  0]LogMemory: Virtual Memory: 4679.23 MB used,  134213048.00 MB free, 134217728.00 MB total
[2021.01.17-03.12.49:119][  0]LogInit: Overriding language with editor language configuration option (en).
[2021.01.17-03.12.49:119][  0]LogInit: Overriding locale with editor culture configuration option ().
[2021.01.17-03.12.49:119][  0]LogInit: Using OS detected locale (ko-KR).
[2021.01.17-03.12.49:513][  0]LogInit: Setting process to per monitor DPI aware
[2021.01.17-03.12.49:864][  0]LogSlate: New Slate User Created.  User Index 0, Is Virtual User: 0
[2021.01.17-03.12.49:864][  0]LogSlate: Slate User Registered.  User Index 0, Is Virtual User: 0
[2021.01.17-03.12.57:429][  0]LogHMD: Failed to initialize OpenVR with code 108
[2021.01.17-03.12.57:429][  0]LogD3D11RHI: D3D11 adapters:
[2021.01.17-03.12.57:530][  0]LogD3D11RHI:    0. 'NVIDIA GeForce RTX 2080' (Feature Level 11_0)
[2021.01.17-03.12.57:530][  0]LogD3D11RHI:       8010/0/24550 MB DedicatedVideo/DedicatedSystem/SharedSystem, Outputs:2, VendorId:0x10de
[2021.01.17-03.12.57:533][  0]LogD3D11RHI:    1. 'Microsoft Basic Render Driver' (Feature Level 11_0)
[2021.01.17-03.12.57:533][  0]LogD3D11RHI:       0/0/24550 MB DedicatedVideo/DedicatedSystem/SharedSystem, Outputs:0, VendorId:0x1414
[2021.01.17-03.12.57:533][  0]LogD3D11RHI: Chosen D3D11 Adapter: 0
[2021.01.17-03.12.57:564][  0]LogD3D11RHI: Creating new Direct3DDevice
[2021.01.17-03.12.57:564][  0]LogD3D11RHI:     GPU DeviceId: 0x1e87 (for the marketing name, search the web for "GPU Device Id")
[2021.01.17-03.12.57:564][  0]LogWindows: EnumDisplayDevices:
[2021.01.17-03.12.57:565][  0]LogWindows:    0. 'NVIDIA GeForce RTX 2080' (P:0 D:1)
[2021.01.17-03.12.57:566][  0]LogWindows:    1. 'NVIDIA GeForce RTX 2080' (P:1 D:1)
[2021.01.17-03.12.57:566][  0]LogWindows:    2. 'NVIDIA GeForce RTX 2080' (P:0 D:0)
[2021.01.17-03.12.57:567][  0]LogWindows:    3. 'NVIDIA GeForce RTX 2080' (P:0 D:0)
[2021.01.17-03.12.57:568][  0]LogWindows: DebugString: FoundDriverCount:4 
[2021.01.17-03.12.57:568][  0]LogD3D11RHI:     Adapter Name: NVIDIA GeForce RTX 2080
[2021.01.17-03.12.57:568][  0]LogD3D11RHI:   Driver Version: 460.89 (internal:27.21.14.6089, unified:460.89)
[2021.01.17-03.12.57:568][  0]LogD3D11RHI:      Driver Date: 12-11-2020
[2021.01.17-03.12.57:568][  0]LogRHI: Texture pool is 5607 MB (70% of 8010 MB)
[2021.01.17-03.12.57:637][  0]LogD3D11RHI: Async texture creation enabled
[2021.01.17-03.12.57:769][  0]LogRendererCore: FGlobalReadBuffer::InitRHI
[2021.01.17-03.12.57:775][  0]LogRendererCore: FGlobalReadBuffer::InitRHI
[2021.01.17-03.12.57:775][  0]LogRendererCore: FGlobalReadBuffer::InitRHI
[2021.01.17-03.12.57:801][  0]LogD3D11RHI: GPU Timing Frequency: 1000.000000 (Debug: 2 1)
[2021.01.17-03.12.58:699][  0]LogTemp: Display: Module 'AllDesktopTargetPlatform' loaded TargetPlatform 'AllDesktop'
[2021.01.17-03.12.58:731][  0]LogTemp: Display: Module 'MacClientTargetPlatform' loaded TargetPlatform 'MacClient'
[2021.01.17-03.12.58:784][  0]LogTemp: Display: Module 'MacNoEditorTargetPlatform' loaded TargetPlatform 'MacNoEditor'
[2021.01.17-03.12.58:813][  0]LogTemp: Display: Module 'MacServerTargetPlatform' loaded TargetPlatform 'MacServer'
[2021.01.17-03.12.58:857][  0]LogTemp: Display: Module 'MacTargetPlatform' loaded TargetPlatform 'Mac'
[2021.01.17-03.12.58:897][  0]LogTemp: Display: Module 'WindowsClientTargetPlatform' loaded TargetPlatform 'WindowsClient'
[2021.01.17-03.12.58:917][  0]LogTemp: Display: Module 'WindowsNoEditorTargetPlatform' loaded TargetPlatform 'WindowsNoEditor'
[2021.01.17-03.12.58:942][  0]LogTemp: Display: Module 'WindowsServerTargetPlatform' loaded TargetPlatform 'WindowsServer'
[2021.01.17-03.12.58:967][  0]LogTemp: Display: Module 'WindowsTargetPlatform' loaded TargetPlatform 'Windows'
[2021.01.17-03.12.59:098][  0]LogTemp: Display: Module 'AndroidTargetPlatform' loaded TargetPlatform 'Android'
[2021.01.17-03.12.59:098][  0]LogTemp: Display: Module 'AndroidTargetPlatform' loaded TargetPlatform 'Android_ASTC'
[2021.01.17-03.12.59:098][  0]LogTemp: Display: Module 'AndroidTargetPlatform' loaded TargetPlatform 'Android_ATC'
[2021.01.17-03.12.59:098][  0]LogTemp: Display: Module 'AndroidTargetPlatform' loaded TargetPlatform 'Android_DXT'
[2021.01.17-03.12.59:098][  0]LogTemp: Display: Module 'AndroidTargetPlatform' loaded TargetPlatform 'Android_ETC1'
[2021.01.17-03.12.59:098][  0]LogTemp: Display: Module 'AndroidTargetPlatform' loaded TargetPlatform 'Android_ETC1a'
[2021.01.17-03.12.59:098][  0]LogTemp: Display: Module 'AndroidTargetPlatform' loaded TargetPlatform 'Android_ETC2'
[2021.01.17-03.12.59:098][  0]LogTemp: Display: Module 'AndroidTargetPlatform' loaded TargetPlatform 'Android_PVRTC'
[2021.01.17-03.12.59:098][  0]LogTemp: Display: Module 'AndroidTargetPlatform' loaded TargetPlatform 'AndroidClient'
[2021.01.17-03.12.59:098][  0]LogTemp: Display: Module 'AndroidTargetPlatform' loaded TargetPlatform 'Android_ASTCClient'
[2021.01.17-03.12.59:098][  0]LogTemp: Display: Module 'AndroidTargetPlatform' loaded TargetPlatform 'Android_ATCClient'
[2021.01.17-03.12.59:098][  0]LogTemp: Display: Module 'AndroidTargetPlatform' loaded TargetPlatform 'Android_DXTClient'
[2021.01.17-03.12.59:098][  0]LogTemp: Display: Module 'AndroidTargetPlatform' loaded TargetPlatform 'Android_ETC1Client'
[2021.01.17-03.12.59:098][  0]LogTemp: Display: Module 'AndroidTargetPlatform' loaded TargetPlatform 'Android_ETC1aClient'
[2021.01.17-03.12.59:098][  0]LogTemp: Display: Module 'AndroidTargetPlatform' loaded TargetPlatform 'Android_ETC2Client'
[2021.01.17-03.12.59:098][  0]LogTemp: Display: Module 'AndroidTargetPlatform' loaded TargetPlatform 'Android_PVRTCClient'
[2021.01.17-03.12.59:098][  0]LogTemp: Display: Module 'AndroidTargetPlatform' loaded TargetPlatform 'Android_Multi'
[2021.01.17-03.12.59:098][  0]LogTemp: Display: Module 'AndroidTargetPlatform' loaded TargetPlatform 'Android_MultiClient'
[2021.01.17-03.12.59:115][  0]LogTemp: Display: Module 'HTML5TargetPlatform' loaded TargetPlatform 'HTML5'
[2021.01.17-03.12.59:267][  0]LogTemp: Display: Module 'IOSTargetPlatform' loaded TargetPlatform 'IOSClient'
[2021.01.17-03.12.59:267][  0]LogTemp: Display: Module 'IOSTargetPlatform' loaded TargetPlatform 'IOS'
[2021.01.17-03.12.59:313][  0]LogTemp: Display: Module 'TVOSTargetPlatform' loaded TargetPlatform 'TVOSClient'
[2021.01.17-03.12.59:313][  0]LogTemp: Display: Module 'TVOSTargetPlatform' loaded TargetPlatform 'TVOS'
[2021.01.17-03.12.59:346][  0]LogTemp: Display: Module 'LinuxClientTargetPlatform' loaded TargetPlatform 'LinuxClient'
[2021.01.17-03.12.59:376][  0]LogTemp: Display: Module 'LinuxNoEditorTargetPlatform' loaded TargetPlatform 'LinuxNoEditor'
[2021.01.17-03.12.59:427][  0]LogTemp: Display: Module 'LinuxServerTargetPlatform' loaded TargetPlatform 'LinuxServer'
[2021.01.17-03.12.59:460][  0]LogTemp: Display: Module 'LinuxTargetPlatform' loaded TargetPlatform 'Linux'
[2021.01.17-03.12.59:564][  0]LogTemp: Display: Module 'LuminTargetPlatform' loaded TargetPlatform 'Lumin'
[2021.01.17-03.12.59:564][  0]LogTemp: Display: Module 'LuminTargetPlatform' loaded TargetPlatform 'LuminClient'
[2021.01.17-03.12.59:564][  0]LogTargetPlatformManager: Display: Building Assets For Windows
[2021.01.17-03.12.59:674][  0]LogAudioDebug: Display: Lib vorbis DLL was dynamically loaded.
[2021.01.17-03.13.00:187][  0]LogShaderCompilers: Guid format shader working directory is -58 characters bigger than the processId version (../../../../../Git/Unreal_GrandTrenchWar/Unreal_GrandTrenchWar/GrandTrenchWar/Intermediate/Shaders/WorkingDirectory/44660/).
[2021.01.17-03.13.00:187][  0]LogShaderCompilers: Cleaned the shader compiler working directory 'C:/temp/UnrealShaderWorkingDir/95AD395340EB627FF06502AD8A1BDB38/'.
[2021.01.17-03.13.00:202][  0]LogXGEController: Cleaning working directory: C:/temp/UnrealXGEWorkingDir/
[2021.01.17-03.13.00:203][  0]LogXGEController: Cannot use XGE Controller as Incredibuild is not installed on this machine.
[2021.01.17-03.13.00:239][  0]LogShaderCompilers: Cannot use XGE Shader Compiler as Incredibuild is not installed on this machine.
[2021.01.17-03.13.00:239][  0]LogShaderCompilers: Display: Using Local Shader Compiler.
[2021.01.17-03.13.02:528][  0]LogDerivedDataCache: Display: Max Cache Size: 512 MB
[2021.01.17-03.13.02:691][  0]LogDerivedDataCache: Loaded boot cache 0.16s 71MB C:/Users/강건/AppData/Local/UnrealEngine/4.22/DerivedDataCache/Boot.ddc.
[2021.01.17-03.13.02:691][  0]LogDerivedDataCache: Display: Loaded Boot cache: C:/Users/강건/AppData/Local/UnrealEngine/4.22/DerivedDataCache/Boot.ddc
[2021.01.17-03.13.02:692][  0]LogDerivedDataCache: FDerivedDataBackendGraph:  Pak pak cache file ../../../../../Git/Unreal_GrandTrenchWar/Unreal_GrandTrenchWar/GrandTrenchWar/DerivedDataCache/DDC.ddp not found, will not use a pak cache.
[2021.01.17-03.13.02:692][  0]LogDerivedDataCache: Unable to find inner node Pak for hierarchical cache Hierarchy.
[2021.01.17-03.13.02:692][  0]LogDerivedDataCache: FDerivedDataBackendGraph:  CompressedPak pak cache file ../../../../../Git/Unreal_GrandTrenchWar/Unreal_GrandTrenchWar/GrandTrenchWar/DerivedDataCache/Compressed.ddp not found, will not use a pak cache.
[2021.01.17-03.13.02:692][  0]LogDerivedDataCache: Unable to find inner node CompressedPak for hierarchical cache Hierarchy.
[2021.01.17-03.13.02:726][  0]LogDerivedDataCache: Display: Pak cache opened for reading ../../../Engine/DerivedDataCache/Compressed.ddp.
[2021.01.17-03.13.02:726][  0]LogDerivedDataCache: FDerivedDataBackendGraph:  EnterprisePak pak cache file ../../../Enterprise/DerivedDataCache/Compressed.ddp not found, will not use a pak cache.
[2021.01.17-03.13.02:726][  0]LogDerivedDataCache: Unable to find inner node EnterprisePak for hierarchical cache Hierarchy.
[2021.01.17-03.13.02:739][  0]LogDerivedDataCache: Using Local data cache path C:/Users/강건/AppData/Local/UnrealEngine/Common/DerivedDataCache: Writable
[2021.01.17-03.13.02:739][  0]LogDerivedDataCache: Shared data cache path not found in *engine.ini, will not use an Shared cache.
[2021.01.17-03.13.02:739][  0]LogDerivedDataCache: Unable to find inner node Shared for hierarchical cache Hierarchy.
[2021.01.17-03.13.02:841][  0]LogMaterial: Verifying Global Shaders for PCD3D_SM5
[2021.01.17-03.13.02:867][  0]LogSlate: Using FreeType 2.6.0
[2021.01.17-03.13.02:914][  0]LogSlate: SlateFontServices - WITH_FREETYPE: 1, WITH_HARFBUZZ: 1
[2021.01.17-03.13.03:515][  0]LogAssetRegistry: FAssetRegistry took 0.0415 seconds to start up
[2021.01.17-03.13.06:337][  0]LogInit: Selected Device Profile: [Windows]
[2021.01.17-03.13.08:813][  0]LogMeshReduction: Using QuadricMeshReduction for automatic static mesh reduction
[2021.01.17-03.13.08:813][  0]LogMeshReduction: Using SimplygonMeshReduction for automatic skeletal mesh reduction
[2021.01.17-03.13.08:813][  0]LogMeshReduction: Using ProxyLODMeshReduction for automatic mesh merging
[2021.01.17-03.13.08:813][  0]LogMeshReduction: No distributed automatic mesh merging module available
[2021.01.17-03.13.08:815][  0]LogMeshMerging: No distributed automatic mesh merging module available
[2021.01.17-03.13.09:474][  0]LogNetVersion: GrandTrenchWar 1.0.0, NetCL: 5660361, EngineNetVer: 10, GameNetVer: 0 (Checksum: 4025105772)
[2021.01.17-03.13.17:387][  0]LogPackageLocalizationCache: Processed 10 localized package path(s) for 1 prioritized culture(s) in 0.053972 seconds
[2021.01.17-03.13.17:401][  0]LogUObjectArray: 42214 objects as part of root set at end of initial load.
[2021.01.17-03.13.17:401][  0]LogUObjectAllocator: 7335800 out of 0 bytes used by permanent object pool.
[2021.01.17-03.13.17:401][  0]LogUObjectArray: CloseDisregardForGC: 0/0 objects in disregard for GC pool
[2021.01.17-03.13.23:160][  0]LogTcpMessaging: Initializing TcpMessaging bridge
[2021.01.17-03.13.23:212][  0]LogUdpMessaging: Initializing bridge on interface 0.0.0.0:0 to multicast group 230.0.0.1:6666.
[2021.01.17-03.13.23:213][  0]FUdpSocketBuilder: Failed to subscribe UdpMessageMulticastSocket to multicast group 230.0.0.1 on interface 0.0.0.0
[2021.01.17-03.13.23:213][  0]FUdpSocketBuilder: Failed to create and initialize socket UdpMessageMulticastSocket (last error: 0)
[2021.01.17-03.13.23:213][  0]LogUdpMessaging: Warning: StartTransport failed to create multicast socket on 0.0.0.0:0, joined to 230.0.0.1:6666 with TTL 1
[2021.01.17-03.13.23:754][  0]SourceControl: Source control is disabled
[2021.01.17-03.13.23:767][  0]SourceControl: Source control is disabled
[2021.01.17-03.13.23:859][  0]SourceControl: Source control is disabled
[2021.01.17-03.13.23:883][  0]SourceControl: Source control is disabled
[2021.01.17-03.13.24:766][  0]LogAndroidPermission: UAndroidPermissionCallbackProxy::GetInstance
[2021.01.17-03.13.25:379][  0]LogOcInput: OculusInput pre-init called
[2021.01.17-03.13.26:718][  0]LogEngine: Initializing Engine...
[2021.01.17-03.13.32:174][  0]LogHMD: Failed to initialize OpenVR with code 108
[2021.01.17-03.13.32:197][  0]LogStats: UGameplayTagsManager::InitializeManager -  0.001 s
[2021.01.17-03.13.32:668][  0]LogInit: Initializing FReadOnlyCVARCache
[2021.01.17-03.13.32:902][  0]LogAIModule: Creating AISystem for world Untitled
[2021.01.17-03.13.33:320][  0]LogInit: XAudio2 using '스피커(2- High Definition Audio Device)' : 2 channels at 48 kHz using 16 bits per sample (channel mask 0x3)
[2021.01.17-03.13.33:413][  0]LogInit: FAudioDevice initialized.
[2021.01.17-03.13.33:413][  0]LogNetVersion: Set ProjectVersion to 1.0.0.0. Version Checksum will be recalculated on next use.
[2021.01.17-03.13.33:522][  0]LogDerivedDataCache: Saved boot cache 0.11s 71MB C:/Users/강건/AppData/Local/UnrealEngine/4.22/DerivedDataCache/Boot.ddc.
[2021.01.17-03.13.33:525][  0]LogInit: Texture streaming: Enabled
[2021.01.17-03.13.33:727][  0]LogEngineSessionManager: EngineSessionManager initialized
[2021.01.17-03.13.33:849][  0]LogInit: Transaction tracking system initialized
[2021.01.17-03.13.34:097][  0]BlueprintLog: New page: Editor Load
[2021.01.17-03.13.34:926][  0]LocalizationService: Localization service is disabled
[2021.01.17-03.13.37:164][  0]LogFileCache: Scanning file cache for directory 'D:/Git/Unreal_GrandTrenchWar/Unreal_GrandTrenchWar/GrandTrenchWar/Content/' took 0.02s
[2021.01.17-03.13.37:164][  0]LogCook: Display: Max memory allowance for cook 16384mb min free memory 0mb
[2021.01.17-03.13.37:164][  0]LogCook: Display: Mobile HDR setting 1
[2021.01.17-03.13.39:422][  0]SourceControl: Source control is disabled
[2021.01.17-03.13.39:446][  0]Cmd: MAP LOAD FILE="../../../../../Git/Unreal_GrandTrenchWar/Unreal_GrandTrenchWar/GrandTrenchWar/Content/Maps/MainMenu.umap" TEMPLATE=0 SHOWPROGRESS=1 FEATURELEVEL=3
[2021.01.17-03.13.39:447][  0]LightingResults: New page: Lighting Build
[2021.01.17-03.13.39:569][  0]MapCheck: New page: Map Check
[2021.01.17-03.13.39:569][  0]LightingResults: New page: Lighting Build
[2021.01.17-03.13.39:783][  0]LogUObjectHash: Compacting FUObjectHashTables data took   1.58ms
[2021.01.17-03.13.40:236][  0]LogTexture: Display: Building textures: Logo_ThrowingStar (BGRA8, 450X253)
[2021.01.17-03.13.40:236][  0]LogTexture: Display: Building textures: Logo_Alien (BGRA8, 225X225)
[2021.01.17-03.13.40:236][  0]LogTexture: Display: Building textures: Logo_Snow (BGRA8, 325X260)
[2021.01.17-03.13.40:236][  0]LogTexture: Display: Building textures: Logo_Ninja (BGRA8, 290X174)
[2021.01.17-03.13.40:326][  0]LogTexture: Display: Building textures: Logo_FireFace (BGRA8, 275X183)
[2021.01.17-03.13.40:326][  0]LogTexture: Display: Building textures: Logo_Atomic (BGRA8, 233X217)
[2021.01.17-03.13.40:326][  0]LogTexture: Display: Building textures: Logo_Flower (BGRA8, 251X201)
[2021.01.17-03.13.40:326][  0]LogTexture: Display: Building textures: Logo_Bunny (BGRA8, 237X212)
[2021.01.17-03.13.40:326][  0]LogTexture: Display: Building textures: Logo_Crown (AutoDXT, 400X300)
[2021.01.17-03.13.40:326][  0]LogAIModule: Creating AISystem for world MainMenu
[2021.01.17-03.13.40:417][  0]LogEditorServer: Finished looking for orphan Actors (0.000 secs)
[2021.01.17-03.13.40:486][  0]LogUObjectHash: Compacting FUObjectHashTables data took   1.89ms
[2021.01.17-03.13.40:486][  0]Cmd: MAP CHECKDEP NOCLEARLOG
[2021.01.17-03.13.40:486][  0]MapCheck: Map check complete: 0 Error(s), 0 Warning(s), took 0.083ms to complete.
[2021.01.17-03.13.40:486][  0]LogFileHelpers: Loading map 'MainMenu' took 1.055
[2021.01.17-03.13.41:208][  0]LogCollectionManager: Loaded 0 collections in 0.001130 seconds
[2021.01.17-03.13.41:299][  0]LogFileCache: Scanning file cache for directory 'D:/Git/Unreal_GrandTrenchWar/Unreal_GrandTrenchWar/GrandTrenchWar/Saved/Collections/' took 0.01s
[2021.01.17-03.13.41:299][  0]LogFileCache: Scanning file cache for directory 'D:/Git/Unreal_GrandTrenchWar/Unreal_GrandTrenchWar/GrandTrenchWar/Content/Developers/강건/Collections/' took 0.01s
[2021.01.17-03.13.41:299][  0]LogFileCache: Scanning file cache for directory 'D:/Git/Unreal_GrandTrenchWar/Unreal_GrandTrenchWar/GrandTrenchWar/Content/Collections/' took 0.00s
[2021.01.17-03.13.41:299][  0]LogCollectionManager: Rebuilt the GUID cache for 0 collections in 0.000000 seconds
[2021.01.17-03.13.41:318][  0]LogContentBrowser: Native class hierarchy populated in 0.0179 seconds. Added 2735 classes and 663 folders.
[2021.01.17-03.13.41:346][  0]LogContentBrowser: Native class hierarchy updated for 'WidgetCarousel' in 0.0002 seconds. Added 0 classes and 0 folders.
[2021.01.17-03.13.41:454][  0]LogPakFile: Registered encryption key '00000000000000000000000000000000': 0 pak files mounted, 0 remain pending
[2021.01.17-03.13.41:475][  0]LogPakFile: Registered encryption key '00000000000000000000000000000000': 0 pak files mounted, 0 remain pending
[2021.01.17-03.13.41:476][  0]LogPakFile: Registered encryption key '00000000000000000000000000000000': 0 pak files mounted, 0 remain pending
[2021.01.17-03.13.41:489][  0]LogPakFile: Registered encryption key '00000000000000000000000000000000': 0 pak files mounted, 0 remain pending
[2021.01.17-03.13.41:491][  0]LogPakFile: Registered encryption key '00000000000000000000000000000000': 0 pak files mounted, 0 remain pending
[2021.01.17-03.13.41:492][  0]LogPakFile: Registered encryption key '00000000000000000000000000000000': 0 pak files mounted, 0 remain pending
[2021.01.17-03.13.41:493][  0]LogPakFile: Registered encryption key '00000000000000000000000000000000': 0 pak files mounted, 0 remain pending
[2021.01.17-03.13.41:494][  0]LogPakFile: Registered encryption key '00000000000000000000000000000000': 0 pak files mounted, 0 remain pending
[2021.01.17-03.13.41:495][  0]LogPakFile: Registered encryption key '00000000000000000000000000000000': 0 pak files mounted, 0 remain pending
[2021.01.17-03.13.41:496][  0]LogPakFile: Registered encryption key '00000000000000000000000000000000': 0 pak files mounted, 0 remain pending
[2021.01.17-03.13.41:497][  0]LogPakFile: Registered encryption key '00000000000000000000000000000000': 0 pak files mounted, 0 remain pending
[2021.01.17-03.13.41:498][  0]LogPakFile: Registered encryption key '00000000000000000000000000000000': 0 pak files mounted, 0 remain pending
[2021.01.17-03.13.41:506][  0]LogPakFile: Registered encryption key '00000000000000000000000000000000': 0 pak files mounted, 0 remain pending
[2021.01.17-03.13.41:507][  0]LogPakFile: Registered encryption key '00000000000000000000000000000000': 0 pak files mounted, 0 remain pending
[2021.01.17-03.13.41:508][  0]LogPakFile: Registered encryption key '00000000000000000000000000000000': 0 pak files mounted, 0 remain pending
[2021.01.17-03.13.41:509][  0]LogPakFile: Registered encryption key '00000000000000000000000000000000': 0 pak files mounted, 0 remain pending
[2021.01.17-03.13.41:510][  0]LogPakFile: Registered encryption key '00000000000000000000000000000000': 0 pak files mounted, 0 remain pending
[2021.01.17-03.13.41:511][  0]LogPakFile: Registered encryption key '00000000000000000000000000000000': 0 pak files mounted, 0 remain pending
[2021.01.17-03.13.41:512][  0]LogPakFile: Registered encryption key '00000000000000000000000000000000': 0 pak files mounted, 0 remain pending
[2021.01.17-03.13.41:513][  0]LogPakFile: Registered encryption key '00000000000000000000000000000000': 0 pak files mounted, 0 remain pending
[2021.01.17-03.13.41:514][  0]LogPakFile: Registered encryption key '00000000000000000000000000000000': 0 pak files mounted, 0 remain pending
[2021.01.17-03.13.41:515][  0]LogPakFile: Registered encryption key '00000000000000000000000000000000': 0 pak files mounted, 0 remain pending
[2021.01.17-03.13.41:516][  0]LogPakFile: Registered encryption key '00000000000000000000000000000000': 0 pak files mounted, 0 remain pending
[2021.01.17-03.13.41:518][  0]LogPakFile: Registered encryption key '00000000000000000000000000000000': 0 pak files mounted, 0 remain pending
[2021.01.17-03.13.41:519][  0]LogPakFile: Registered encryption key '00000000000000000000000000000000': 0 pak files mounted, 0 remain pending
[2021.01.17-03.13.41:520][  0]LogPakFile: Registered encryption key '00000000000000000000000000000000': 0 pak files mounted, 0 remain pending
[2021.01.17-03.13.41:807][  0]LogContentBrowser: Native class hierarchy updated for 'AddContentDialog' in 0.0002 seconds. Added 0 classes and 0 folders.
[2021.01.17-03.13.42:046][  0]LogSlate: Updating window title bar state: overlay mode, drag disabled, window buttons hidden, title bar hidden
[2021.01.17-03.13.42:053][  0]LogSlate: Updating window title bar state: overlay mode, drag disabled, window buttons hidden, title bar hidden
[2021.01.17-03.13.42:060][  0]LogSlate: Updating window title bar state: overlay mode, drag disabled, window buttons hidden, title bar hidden
[2021.01.17-03.13.42:066][  0]LogSlate: Updating window title bar state: overlay mode, drag disabled, window buttons hidden, title bar hidden
[2021.01.17-03.13.42:500][  0]LogContentBrowser: Native class hierarchy updated for 'SceneOutliner' in 0.0003 seconds. Added 1 classes and 2 folders.
[2021.01.17-03.13.42:619][  0]LogSlate: Took 0.010776 seconds to synchronously load lazily loaded font '../../../Engine/Content/Slate/Fonts/Roboto-Regular.ttf' (155K)
[2021.01.17-03.13.42:633][  0]LogSlate: Took 0.012169 seconds to synchronously load lazily loaded font '../../../Engine/Content/Editor/Slate/Fonts/FontAwesome.ttf' (139K)
[2021.01.17-03.13.42:647][  0]LogSlate: Took 0.006000 seconds to synchronously load lazily loaded font '../../../Engine/Content/Slate/Fonts/Roboto-Bold.ttf' (160K)
[2021.01.17-03.13.42:960][  0]LogRenderer: Reallocating scene render targets to support 784x924 Format 10 NumSamples 1 (Frame:1).
[2021.01.17-03.13.44:281][  0]LogContentBrowser: Native class hierarchy updated for 'HierarchicalLODOutliner' in 0.0003 seconds. Added 0 classes and 0 folders.
[2021.01.17-03.13.44:281][  0]LogLoad: (Engine Initialization) Total time: 68.97 seconds
[2021.01.17-03.13.44:281][  0]LogLoad: (Engine Initialization) Total Blueprint compile time: 0.00 seconds
[2021.01.17-03.13.44:458][  0]LogContentStreaming: Texture pool size now 1000 MB
[2021.01.17-03.13.44:539][  0]LogSlate: Took 0.010483 seconds to synchronously load lazily loaded font '../../../Engine/Content/Slate/Fonts/Roboto-Light.ttf' (167K)
[2021.01.17-03.13.44:627][  1]LogAssetRegistry: Asset discovery search completed in 41.1339 seconds
[2021.01.17-03.13.44:647][  1]LogCollectionManager: Rebuilt the object cache for 0 collections in 0.000000 seconds (found 0 objects)
[2021.01.17-03.13.44:647][  1]LogCollectionManager: Fixed up redirectors for 0 collections in 0.000056 seconds (updated 0 objects)
[2021.01.17-03.14.42:310][174]LogSlate: FSceneViewport::OnFocusLost() reason 0
[2021.01.17-03.23.09:995][564]LogSlate: Window 'Editor Preferences' being destroyed
[2021.01.17-03.23.10:001][564]LogSlate: Window 'Editor Preferences' being destroyed
[2021.01.17-03.23.29:675][ 24]Cmd: CLOSE_SLATE_MAINFRAME
[2021.01.17-03.23.29:720][ 24]LogUObjectHash: Compacting FUObjectHashTables data took   0.69ms
[2021.01.17-03.23.29:792][ 24]LogSlate: Window 'Plugins' being destroyed
[2021.01.17-03.23.29:796][ 24]LogDirectoryWatcher: A directory notification for '../../../Engine/Plugins/' was aborted.
[2021.01.17-03.23.29:797][ 24]LogSlate: Window 'GrandTrenchWar - Unreal Editor' being destroyed
[2021.01.17-03.23.29:801][ 24]LogWindowsTextInputMethodSystem: Display: IME system now activated using TSF (Microsoft 입력기).
[2021.01.17-03.23.30:061][ 25]Cmd: QUIT_EDITOR
[2021.01.17-03.23.30:159][ 25]LogExit: Preparing to exit.
[2021.01.17-03.23.30:435][ 25]LogExit: Editor shut down
[2021.01.17-03.23.30:435][ 25]LogExit: Transaction tracking system shut down
[2021.01.17-03.23.30:874][ 25]LogExit: Object subsystem successfully closed.
[2021.01.17-03.23.30:984][ 25]LogShaderCompilers: Display: Shaders left to compile 0
[2021.01.17-03.23.31:006][ 25]LogD3D11RHI: Shutdown
[2021.01.17-03.23.31:006][ 25]LogD3D11RHI: CleanupD3DDevice
[2021.01.17-03.23.31:007][ 25]LogRendererCore: FGlobalReadBuffer::ReleaseRHI
[2021.01.17-03.23.31:007][ 25]LogRendererCore: FGlobalDynamicReadBuffer::Cleanup()
[2021.01.17-03.23.31:007][ 25]LogRendererCore: FGlobalReadBuffer::ReleaseRHI
[2021.01.17-03.23.31:007][ 25]LogRendererCore: FGlobalDynamicReadBuffer::Cleanup()
[2021.01.17-03.23.31:007][ 25]LogRendererCore: FGlobalReadBuffer::ReleaseRHI
[2021.01.17-03.23.31:007][ 25]LogRendererCore: FGlobalDynamicReadBuffer::Cleanup()
[2021.01.17-03.23.31:048][ 25]LogD3D11RHI: ~FD3D11DynamicRHI
[2021.01.17-03.23.31:271][ 25]LogModuleManager: Shutting down and abandoning module HierarchicalLODOutliner (644)
[2021.01.17-03.23.31:271][ 25]LogModuleManager: Shutting down and abandoning module SceneOutliner (642)
[2021.01.17-03.23.31:271][ 25]LogModuleManager: Shutting down and abandoning module AddContentDialog (640)
[2021.01.17-03.23.31:271][ 25]LogModuleManager: Shutting down and abandoning module WidgetCarousel (639)
[2021.01.17-03.23.31:271][ 25]LogModuleManager: Shutting down and abandoning module EditorWidgets (636)
[2021.01.17-03.23.31:271][ 25]LogModuleManager: Shutting down and abandoning module CollectionManager (634)
[2021.01.17-03.23.31:272][ 25]LogModuleManager: Shutting down and abandoning module StatsViewer (632)
[2021.01.17-03.23.31:272][ 25]LogModuleManager: Shutting down and abandoning module FoliageEdit (630)
[2021.01.17-03.23.31:272][ 25]LogModuleManager: Shutting down and abandoning module LandscapeEditor (628)
[2021.01.17-03.23.31:280][ 25]LogModuleManager: Shutting down and abandoning module MeshPaintMode (626)
[2021.01.17-03.23.31:280][ 25]LogModuleManager: Shutting down and abandoning module SceneDepthPickerMode (624)
[2021.01.17-03.23.31:280][ 25]LogModuleManager: Shutting down and abandoning module ActorPickerMode (622)
[2021.01.17-03.23.31:280][ 25]LogModuleManager: Shutting down and abandoning module GeometryMode (620)
[2021.01.17-03.23.31:280][ 25]LogModuleManager: Shutting down and abandoning module TextureAlignMode (618)
[2021.01.17-03.23.31:280][ 25]LogModuleManager: Shutting down and abandoning module BspMode (616)
[2021.01.17-03.23.31:280][ 25]LogModuleManager: Shutting down and abandoning module PIEPreviewDeviceProfileSelector (614)
[2021.01.17-03.23.31:284][ 25]LogModuleManager: Shutting down and abandoning module SequenceRecorderSections (612)
[2021.01.17-03.23.31:284][ 25]LogModuleManager: Shutting down and abandoning module AutomationWorker (610)
[2021.01.17-03.23.31:284][ 25]LogModuleManager: Shutting down and abandoning module OculusMR (608)
[2021.01.17-03.23.31:284][ 25]LogModuleManager: Shutting down and abandoning module AudioCaptureEditor (606)
[2021.01.17-03.23.31:284][ 25]LogModuleManager: Shutting down and abandoning module MatineeToLevelSequence (604)
[2021.01.17-03.23.31:284][ 25]LogModuleManager: Shutting down and abandoning module LevelSequenceEditor (602)
[2021.01.17-03.23.31:295][ 25]LogModuleManager: Shutting down and abandoning module PlacementMode (601)
[2021.01.17-03.23.31:295][ 25]LogModuleManager: Shutting down and abandoning module MaterialEditor (600)
[2021.01.17-03.23.31:295][ 25]LogModuleManager: Shutting down and abandoning module ActorSequenceEditor (596)
[2021.01.17-03.23.31:295][ 25]LogModuleManager: Shutting down and abandoning module WmfMediaFactory (594)
[2021.01.17-03.23.31:295][ 25]LogModuleManager: Shutting down and abandoning module WmfMediaEditor (592)
[2021.01.17-03.23.31:295][ 25]LogModuleManager: Shutting down and abandoning module WebMMediaFactory (590)
[2021.01.17-03.23.31:295][ 25]LogModuleManager: Shutting down and abandoning module WebMMediaEditor (588)
[2021.01.17-03.23.31:295][ 25]LogModuleManager: Shutting down and abandoning module WebMMedia (586)
[2021.01.17-03.23.31:295][ 25]LogModuleManager: Shutting down and abandoning module MediaPlayerEditor (584)
[2021.01.17-03.23.31:295][ 25]LogModuleManager: Shutting down and abandoning module MediaCompositingEditor (582)
[2021.01.17-03.23.31:296][ 25]LogModuleManager: Shutting down and abandoning module SequenceRecorder (581)
[2021.01.17-03.23.31:296][ 25]LogModuleManager: Shutting down and abandoning module OpenExrWrapper (578)
[2021.01.17-03.23.31:296][ 25]LogModuleManager: Shutting down and abandoning module ImgMediaFactory (576)
[2021.01.17-03.23.31:296][ 25]LogModuleManager: Shutting down and abandoning module ImgMediaEditor (574)
[2021.01.17-03.23.31:296][ 25]LogModuleManager: Shutting down and abandoning module AvfMediaFactory (572)
[2021.01.17-03.23.31:296][ 25]LogModuleManager: Shutting down and abandoning module AvfMediaEditor (570)
[2021.01.17-03.23.31:296][ 25]LogModuleManager: Shutting down and abandoning module AndroidMediaFactory (568)
[2021.01.17-03.23.31:296][ 25]LogModuleManager: Shutting down and abandoning module AndroidMediaEditor (566)
[2021.01.17-03.23.31:296][ 25]LogModuleManager: Shutting down and abandoning module MagicLeapCameraPreviewFactory (564)
[2021.01.17-03.23.31:296][ 25]LogModuleManager: Shutting down and abandoning module MagicLeapMediaCodecFactory (562)
[2021.01.17-03.23.31:296][ 25]LogModuleManager: Shutting down and abandoning module MagicLeapMediaFactory (560)
[2021.01.17-03.23.31:296][ 25]LogModuleManager: Shutting down and abandoning module MagicLeapMediaEditor (558)
[2021.01.17-03.23.31:296][ 25]LogModuleManager: Shutting down and abandoning module CharacterAI (556)
[2021.01.17-03.23.31:296][ 25]LogModuleManager: Shutting down and abandoning module SmartSnapping (554)
[2021.01.17-03.23.31:296][ 25]LogModuleManager: Shutting down and abandoning module SessionServices (552)
[2021.01.17-03.23.31:296][ 25]LogModuleManager: Shutting down and abandoning module MeshPaint (550)
[2021.01.17-03.23.31:296][ 25]LogModuleManager: Shutting down and abandoning module ViewportSnapping (548)
[2021.01.17-03.23.31:296][ 25]LogModuleManager: Shutting down and abandoning module ViewportInteraction (546)
[2021.01.17-03.23.31:296][ 25]LogModuleManager: Shutting down and abandoning module ClothPainter (544)
[2021.01.17-03.23.31:303][ 25]LogModuleManager: Shutting down and abandoning module SkeletalMeshEditor (543)
[2021.01.17-03.23.31:312][ 25]LogModuleManager: Shutting down and abandoning module LogVisualizer (540)
[2021.01.17-03.23.31:312][ 25]LogModuleManager: Shutting down and abandoning module IntroTutorials (538)
[2021.01.17-03.23.31:312][ 25]LogModuleManager: Shutting down and abandoning module GameProjectGeneration (537)
[2021.01.17-03.23.31:321][ 25]LogModuleManager: Shutting down and abandoning module LuminPlatformEditor (534)
[2021.01.17-03.23.31:321][ 25]LogModuleManager: Shutting down and abandoning module IOSPlatformEditor (532)
[2021.01.17-03.23.31:321][ 25]LogModuleManager: Shutting down and abandoning module HTML5PlatformEditor (530)
[2021.01.17-03.23.31:321][ 25]LogModuleManager: Shutting down and abandoning module AndroidPlatformEditor (528)
[2021.01.17-03.23.31:322][ 25]LogModuleManager: Shutting down and abandoning module AndroidDeviceDetection (527)
[2021.01.17-03.23.31:758][ 25]LogModuleManager: Shutting down and abandoning module WindowsPlatformEditor (524)
[2021.01.17-03.23.31:758][ 25]LogModuleManager: Shutting down and abandoning module LuminRuntimeSettings (522)
[2021.01.17-03.23.31:758][ 25]LogModuleManager: Shutting down and abandoning module IOSRuntimeSettings (520)
[2021.01.17-03.23.31:758][ 25]LogModuleManager: Shutting down and abandoning module AndroidRuntimeSettings (518)
[2021.01.17-03.23.31:758][ 25]LogModuleManager: Shutting down and abandoning module TimeManagementEditor (516)
[2021.01.17-03.23.31:758][ 25]LogModuleManager: Shutting down and abandoning module InputBindingEditor (514)
[2021.01.17-03.23.31:758][ 25]LogModuleManager: Shutting down and abandoning module MergeActors (512)
[2021.01.17-03.23.31:758][ 25]LogModuleManager: Shutting down and abandoning module LocalizationDashboard (510)
[2021.01.17-03.23.31:758][ 25]LogModuleManager: Shutting down and abandoning module LocalizationService (509)
[2021.01.17-03.23.31:758][ 25]LogModuleManager: Shutting down and abandoning module HardwareTargeting (506)
[2021.01.17-03.23.31:758][ 25]LogModuleManager: Shutting down and abandoning module DeviceProfileEditor (504)
[2021.01.17-03.23.31:758][ 25]LogModuleManager: Shutting down and abandoning module UndoHistory (502)
[2021.01.17-03.23.31:769][ 25]LogModuleManager: Shutting down and abandoning module XmlParser (500)
[2021.01.17-03.23.31:769][ 25]LogModuleManager: Shutting down and abandoning module Blutility (498)
[2021.01.17-03.23.31:769][ 25]LogModuleManager: Shutting down and abandoning module ProjectSettingsViewer (496)
[2021.01.17-03.23.31:769][ 25]LogModuleManager: Shutting down and abandoning module ProjectTargetPlatformEditor (495)
[2021.01.17-03.23.31:769][ 25]LogModuleManager: Shutting down and abandoning module EditorSettingsViewer (492)
[2021.01.17-03.23.31:769][ 25]LogModuleManager: Shutting down and abandoning module SettingsEditor (490)
[2021.01.17-03.23.31:769][ 25]LogModuleManager: Shutting down and abandoning module ProjectLauncher (488)
[2021.01.17-03.23.31:782][ 25]LogModuleManager: Shutting down and abandoning module SessionFrontend (486)
[2021.01.17-03.23.31:782][ 25]LogModuleManager: Shutting down and abandoning module ProfilerClient (484)
[2021.01.17-03.23.31:782][ 25]LogModuleManager: Shutting down and abandoning module DeviceManager (482)
[2021.01.17-03.23.31:783][ 25]LogModuleManager: Shutting down and abandoning module TargetDeviceServices (481)
[2021.01.17-03.23.31:835][ 25]LogModuleManager: Shutting down and abandoning module AutomationController (478)
[2021.01.17-03.23.31:835][ 25]LogModuleManager: Shutting down and abandoning module AutomationWindow (476)
[2021.01.17-03.23.31:876][ 25]LogModuleManager: Shutting down and abandoning module Layers (474)
[2021.01.17-03.23.31:900][ 25]LogModuleManager: Shutting down and abandoning module ComponentVisualizers (472)
[2021.01.17-03.23.31:900][ 25]LogModuleManager: Shutting down and abandoning module DetailCustomizations (470)
[2021.01.17-03.23.31:900][ 25]LogModuleManager: Shutting down and abandoning module PackagesDialog (468)
[2021.01.17-03.23.31:901][ 25]LogModuleManager: Shutting down and abandoning module AnimationBlueprintEditor (466)
[2021.01.17-03.23.31:916][ 25]LogModuleManager: Shutting down and abandoning module Persona (464)
[2021.01.17-03.23.31:922][ 25]LogModuleManager: Shutting down and abandoning module AdvancedPreviewScene (463)
[2021.01.17-03.23.31:922][ 25]LogModuleManager: Shutting down and abandoning module AnimGraph (461)
[2021.01.17-03.23.31:923][ 25]LogModuleManager: Shutting down and abandoning module Kismet (458)
[2021.01.17-03.23.31:930][ 25]LogModuleManager: Shutting down and abandoning module GraphEditor (456)
[2021.01.17-03.23.31:931][ 25]LogModuleManager: Shutting down and abandoning module ClassViewer (454)
[2021.01.17-03.23.31:931][ 25]LogModuleManager: Shutting down and abandoning module Toolbox (452)
[2021.01.17-03.23.31:931][ 25]LogModuleManager: Shutting down and abandoning module ModuleUI (450)
[2021.01.17-03.23.31:942][ 25]LogModuleManager: Shutting down and abandoning module MovieSceneTools (448)
[2021.01.17-03.23.31:942][ 25]LogModuleManager: Shutting down and abandoning module OutputLog (446)
[2021.01.17-03.23.31:942][ 25]LogModuleManager: Shutting down and abandoning module GammaUI (444)
[2021.01.17-03.23.31:942][ 25]LogModuleManager: Shutting down and abandoning module Documentation (442)
[2021.01.17-03.23.31:942][ 25]LogModuleManager: Shutting down and abandoning module LiveCoding (440)
[2021.01.17-03.23.31:942][ 25]LogModuleManager: Shutting down and abandoning module LevelSequence (438)
[2021.01.17-03.23.31:942][ 25]LogModuleManager: Shutting down and abandoning module MovieSceneTracks (436)
[2021.01.17-03.23.31:942][ 25]LogModuleManager: Shutting down and abandoning module MovieScene (434)
[2021.01.17-03.23.31:942][ 25]LogModuleManager: Shutting down and abandoning module StreamingPauseRendering (432)
[2021.01.17-03.23.31:942][ 25]LogModuleManager: Shutting down and abandoning module LauncherPlatform (430)
[2021.01.17-03.23.31:942][ 25]LogModuleManager: Shutting down and abandoning module AnalyticsET (428)
[2021.01.17-03.23.31:942][ 25]LogModuleManager: Shutting down and abandoning module PortalServices (426)
[2021.01.17-03.23.31:943][ 25]LogModuleManager: Shutting down and abandoning module PortalRpc (424)
[2021.01.17-03.23.31:943][ 25]LogModuleManager: Shutting down and abandoning module MessagingRpc (422)
[2021.01.17-03.23.31:943][ 25]LogModuleManager: Shutting down and abandoning module AIModule (420)
[2021.01.17-03.23.31:943][ 25]LogModuleManager: Shutting down and abandoning module GameplayDebugger (419)
[2021.01.17-03.23.31:943][ 25]LogModuleManager: Shutting down and abandoning module AITestSuite (417)
[2021.01.17-03.23.31:943][ 25]LogModuleManager: Shutting down and abandoning module NavigationSystem (415)
[2021.01.17-03.23.31:943][ 25]LogModuleManager: Shutting down and abandoning module DesktopPlatform (412)
[2021.01.17-03.23.31:943][ 25]LogModuleManager: Shutting down and abandoning module ImageWriteQueue (410)
[2021.01.17-03.23.31:945][ 25]LogModuleManager: Shutting down and abandoning module ProfilerService (408)
[2021.01.17-03.23.32:065][ 25]LogModuleManager: Shutting down and abandoning module TaskGraph (406)
[2021.01.17-03.23.32:076][ 25]LogModuleManager: Shutting down and abandoning module SteamVRController (404)
[2021.01.17-03.23.32:076][ 25]LogModuleManager: Shutting down and abandoning module ProceduralMeshComponentEditor (402)
[2021.01.17-03.23.32:076][ 25]LogModuleManager: Shutting down and abandoning module ProceduralMeshComponent (400)
[2021.01.17-03.23.32:076][ 25]LogModuleManager: Shutting down and abandoning module OculusEditor (398)
[2021.01.17-03.23.32:076][ 25]LogModuleManager: Shutting down and abandoning module OculusInput (396)
[2021.01.17-03.23.32:076][ 25]LogModuleManager: Shutting down and abandoning module MobilePatchingUtils (394)
[2021.01.17-03.23.32:076][ 25]LogModuleManager: Shutting down and abandoning module EditableMesh (392)
[2021.01.17-03.23.32:076][ 25]LogModuleManager: Shutting down and abandoning module CustomMeshComponent (390)
[2021.01.17-03.23.32:076][ 25]LogModuleManager: Shutting down and abandoning module CableComponent (388)
[2021.01.17-03.23.32:077][ 25]LogModuleManager: Shutting down and abandoning module AudioCapture (386)
[2021.01.17-03.23.32:077][ 25]LogModuleManager: Shutting down and abandoning module ArchVisCharacter (384)
[2021.01.17-03.23.32:077][ 25]LogModuleManager: Shutting down and abandoning module AndroidPermission (382)
[2021.01.17-03.23.32:077][ 25]LogModuleManager: Shutting down and abandoning module NUTUnrealEngine4 (380)
[2021.01.17-03.23.32:077][ 25]LogModuleManager: Shutting down and abandoning module NetcodeUnitTest (378)
[2021.01.17-03.23.32:077][ 25]LogModuleManager: Shutting down and abandoning module MediaCompositing (376)
[2021.01.17-03.23.32:077][ 25]LogModuleManager: Shutting down and abandoning module LinearTimecode (374)
[2021.01.17-03.23.32:077][ 25]LogModuleManager: Shutting down and abandoning module ImgMedia (372)
[2021.01.17-03.23.32:077][ 25]LogModuleManager: Shutting down and abandoning module MagicLeapHelperVulkan (370)
[2021.01.17-03.23.32:077][ 25]LogModuleManager: Shutting down and abandoning module MagicLeapHelperOpenGL (368)
[2021.01.17-03.23.32:077][ 25]LogModuleManager: Shutting down and abandoning module MagicLeapAudio (366)
[2021.01.17-03.23.32:077][ 25]LogModuleManager: Shutting down and abandoning module HTML5Networking (364)
[2021.01.17-03.23.32:077][ 25]LogModuleManager: Shutting down and abandoning module GeometryCacheTracks (362)
[2021.01.17-03.23.32:077][ 25]LogModuleManager: Shutting down and abandoning module GeometryCacheSequencer (360)
[2021.01.17-03.23.32:077][ 25]LogModuleManager: Shutting down and abandoning module BackChannel (358)
[2021.01.17-03.23.32:077][ 25]LogModuleManager: Shutting down and abandoning module AppleVision (356)
[2021.01.17-03.23.32:077][ 25]LogModuleManager: Shutting down and abandoning module AppleImageUtilsBlueprintSupport (354)
[2021.01.17-03.23.32:077][ 25]LogModuleManager: Shutting down and abandoning module AppleImageUtils (352)
[2021.01.17-03.23.32:077][ 25]LogModuleManager: Shutting down and abandoning module AlembicImporter (350)
[2021.01.17-03.23.32:077][ 25]LogModuleManager: Shutting down and abandoning module AlembicLibrary (349)
[2021.01.17-03.23.32:077][ 25]LogModuleManager: Shutting down and abandoning module GeometryCache (348)
[2021.01.17-03.23.32:077][ 25]LogModuleManager: Shutting down and abandoning module GeometryCacheEd (347)
[2021.01.17-03.23.32:077][ 25]LogModuleManager: Shutting down and abandoning module VariantManagerContent (342)
[2021.01.17-03.23.32:077][ 25]LogModuleManager: Shutting down and abandoning module DatasmithContentEditor (340)
[2021.01.17-03.23.32:077][ 25]LogModuleManager: Shutting down and abandoning module SpeedTreeImporter (338)
[2021.01.17-03.23.32:077][ 25]LogModuleManager: Shutting down and abandoning module PluginBrowser (336)
[2021.01.17-03.23.32:077][ 25]LogModuleManager: Shutting down and abandoning module MobileLauncherProfileWizard (334)
[2021.01.17-03.23.32:077][ 25]LogModuleManager: Shutting down and abandoning module MaterialAnalyzer (332)
[2021.01.17-03.23.32:077][ 25]LogModuleManager: Shutting down and abandoning module CryptoKeysOpenSSL (330)
[2021.01.17-03.23.32:077][ 25]LogModuleManager: Shutting down and abandoning module CryptoKeys (328)
[2021.01.17-03.23.32:077][ 25]LogModuleManager: Shutting down and abandoning module VisualStudioSourceCodeAccess (326)
[2021.01.17-03.23.32:077][ 25]LogModuleManager: Shutting down and abandoning module VisualStudioCodeSourceCodeAccess (324)
[2021.01.17-03.23.32:077][ 25]LogModuleManager: Shutting down and abandoning module UObjectPlugin (322)
[2021.01.17-03.23.32:077][ 25]LogModuleManager: Shutting down and abandoning module SubversionSourceControl (320)
[2021.01.17-03.23.32:077][ 25]LogModuleManager: Shutting down and abandoning module PerforceSourceControl (318)
[2021.01.17-03.23.32:084][ 25]LogModuleManager: Shutting down and abandoning module GitSourceControl (316)
[2021.01.17-03.23.32:095][ 25]LogModuleManager: Shutting down and abandoning module SourceControl (315)
[2021.01.17-03.23.32:095][ 25]LogModuleManager: Shutting down and abandoning module CLionSourceCodeAccess (312)
[2021.01.17-03.23.32:095][ 25]LogModuleManager: Shutting down and abandoning module AnimationSharingEd (310)
[2021.01.17-03.23.32:095][ 25]LogModuleManager: Shutting down and abandoning module ActorLayerUtilitiesEditor (308)
[2021.01.17-03.23.32:095][ 25]LogModuleManager: Shutting down and abandoning module ActorLayerUtilities (306)
[2021.01.17-03.23.32:095][ 25]LogModuleManager: Shutting down and abandoning module LightPropagationVolumeEditor (304)
[2021.01.17-03.23.32:095][ 25]LogModuleManager: Shutting down and abandoning module PaperTiledImporter (302)
[2021.01.17-03.23.32:095][ 25]LogModuleManager: Shutting down and abandoning module PaperSpriteSheetImporter (300)
[2021.01.17-03.23.32:095][ 25]LogModuleManager: Shutting down and abandoning module Paper2DEditor (298)
[2021.01.17-03.23.32:110][ 25]LogModuleManager: Shutting down and abandoning module SignificanceManager (296)
[2021.01.17-03.23.32:110][ 25]LogModuleManager: Shutting down and abandoning module RuntimePhysXCooking (294)
[2021.01.17-03.23.32:110][ 25]LogModuleManager: Shutting down and abandoning module PhysXVehiclesEditor (292)
[2021.01.17-03.23.32:110][ 25]LogModuleManager: Shutting down and abandoning module PhysXVehicles (290)
[2021.01.17-03.23.32:110][ 25]LogModuleManager: Shutting down and abandoning module LocationServicesBPLibrary (288)
[2021.01.17-03.23.32:110][ 25]LogModuleManager: Shutting down and abandoning module ActorSequence (286)
[2021.01.17-03.23.32:110][ 25]LogModuleManager: Shutting down and abandoning module UdpMessaging (284)
[2021.01.17-03.23.32:212][ 25]LogModuleManager: Shutting down and abandoning module TcpMessaging (282)
[2021.01.17-03.23.32:313][ 25]LogModuleManager: Shutting down and abandoning module MagicLeapIdentity (280)
[2021.01.17-03.23.32:313][ 25]LogModuleManager: Shutting down and abandoning module MagicLeapSecureStorage (278)
[2021.01.17-03.23.32:313][ 25]LogModuleManager: Shutting down and abandoning module MagicLeapHandTracking (276)
[2021.01.17-03.23.32:313][ 25]LogModuleManager: Shutting down and abandoning module MagicLeapEyeTracker (274)
[2021.01.17-03.23.32:313][ 25]LogModuleManager: Shutting down and abandoning module MagicLeapController (272)
[2021.01.17-03.23.32:313][ 25]LogSlate: Slate User Destroyed.  User Index 0, Is Virtual User: 0
[2021.01.17-03.23.32:313][ 25]LogModuleManager: Shutting down and abandoning module MagicLeapAR (270)
[2021.01.17-03.23.32:313][ 25]LogModuleManager: Shutting down and abandoning module AugmentedReality (269)
[2021.01.17-03.23.32:313][ 25]LogModuleManager: Shutting down and abandoning module GameplayTagsEditor (266)
[2021.01.17-03.23.32:313][ 25]LogModuleManager: Shutting down and abandoning module FacialAnimationEditor (264)
[2021.01.17-03.23.32:313][ 25]LogModuleManager: Shutting down and abandoning module FacialAnimation (262)
[2021.01.17-03.23.32:313][ 25]LogModuleManager: Shutting down and abandoning module DataValidation (260)
[2021.01.17-03.23.32:313][ 25]LogModuleManager: Shutting down and abandoning module AssetManagerEditor (258)
[2021.01.17-03.23.32:324][ 25]LogModuleManager: Shutting down and abandoning module LevelEditor (257)
[2021.01.17-03.23.32:325][ 25]LogModuleManager: Shutting down and abandoning module PixelInspectorModule (256)
[2021.01.17-03.23.32:336][ 25]LogModuleManager: Shutting down and abandoning module CommonMenuExtensions (254)
[2021.01.17-03.23.32:336][ 25]LogModuleManager: Shutting down and abandoning module MainFrame (252)
[2021.01.17-03.23.32:336][ 25]LogModuleManager: Shutting down and abandoning module HotReload (251)
[2021.01.17-03.23.32:336][ 25]LogModuleManager: Shutting down and abandoning module ContentBrowser (247)
[2021.01.17-03.23.32:337][ 25]LogModuleManager: Shutting down and abandoning module TreeMap (245)
[2021.01.17-03.23.32:337][ 25]LogModuleManager: Shutting down and abandoning module AnimationSharing (242)
[2021.01.17-03.23.32:337][ 25]LogModuleManager: Shutting down and abandoning module LightPropagationVolumeRuntime (240)
[2021.01.17-03.23.32:337][ 25]LogModuleManager: Shutting down and abandoning module AISupportModule (238)
[2021.01.17-03.23.32:337][ 25]LogModuleManager: Shutting down and abandoning module Paper2D (236)
[2021.01.17-03.23.32:337][ 25]LogModuleManager: Shutting down and abandoning module WindowsMoviePlayer (234)
[2021.01.17-03.23.32:337][ 25]LogModuleManager: Shutting down and abandoning module WebMMoviePlayer (232)
[2021.01.17-03.23.32:337][ 25]LogModuleManager: Shutting down and abandoning module PacketHandler (230)
[2021.01.17-03.23.32:337][ 25]LogModuleManager: Shutting down and abandoning module ClothingSystemEditor (228)
[2021.01.17-03.23.32:337][ 25]LogModuleManager: Shutting down and abandoning module ClothingSystemRuntime (226)
[2021.01.17-03.23.32:348][ 25]LogModuleManager: Shutting down and abandoning module MediaAssets (224)
[2021.01.17-03.23.32:348][ 25]LogModuleManager: Shutting down and abandoning module Overlay (222)
[2021.01.17-03.23.32:348][ 25]LogModuleManager: Shutting down and abandoning module OverlayEditor (221)
[2021.01.17-03.23.32:348][ 25]LogModuleManager: Shutting down and abandoning module VREditor (218)
[2021.01.17-03.23.32:348][ 25]LogModuleManager: Shutting down and abandoning module StringTableEditor (216)
[2021.01.17-03.23.32:358][ 25]LogModuleManager: Shutting down and abandoning module GameplayTasksEditor (214)
[2021.01.17-03.23.32:358][ 25]LogModuleManager: Shutting down and abandoning module BehaviorTreeEditor (212)
[2021.01.17-03.23.32:358][ 25]LogModuleManager: Shutting down and abandoning module FunctionalTesting (210)
[2021.01.17-03.23.32:358][ 25]LogModuleManager: Shutting down and abandoning module CollisionAnalyzer (208)
[2021.01.17-03.23.32:363][ 25]LogModuleManager: Shutting down and abandoning module WorkspaceMenuStructure (207)
[2021.01.17-03.23.32:363][ 25]LogModuleManager: Shutting down and abandoning module UMG (204)
[2021.01.17-03.23.32:370][ 25]LogModuleManager: Shutting down and abandoning module UMGEditor (203)
[2021.01.17-03.23.32:370][ 25]LogModuleManager: Shutting down and abandoning module Sequencer (202)
[2021.01.17-03.23.32:375][ 25]LogModuleManager: Shutting down and abandoning module MessageLog (199)
[2021.01.17-03.23.32:375][ 25]LogModuleManager: Shutting down and abandoning module SlateReflector (194)
[2021.01.17-03.23.32:384][ 25]LogModuleManager: Shutting down and abandoning module Slate (192)
[2021.01.17-03.23.32:384][ 25]LogModuleManager: Shutting down and abandoning module EditorStyle (190)
[2021.01.17-03.23.32:385][ 25]LogModuleManager: Shutting down and abandoning module UnrealEd (188)
[2021.01.17-03.23.32:385][ 25]LogModuleManager: Shutting down and abandoning module MRMesh (186)
[2021.01.17-03.23.32:385][ 25]LogModuleManager: Shutting down and abandoning module SourceCodeAccess (184)
[2021.01.17-03.23.32:385][ 25]LogModuleManager: Shutting down and abandoning module HeadMountedDisplay (182)
[2021.01.17-03.23.32:385][ 25]LogModuleManager: Shutting down and abandoning module XAudio2 (180)
[2021.01.17-03.23.32:385][ 25]LogModuleManager: Shutting down and abandoning module Networking (178)
[2021.01.17-03.23.32:385][ 25]LogModuleManager: Shutting down and abandoning module Core (176)
[2021.01.17-03.23.32:385][ 25]LogModuleManager: Shutting down and abandoning module KismetCompiler (174)
[2021.01.17-03.23.32:385][ 25]LogModuleManager: Shutting down and abandoning module MeshUtilities (172)
[2021.01.17-03.23.32:389][ 25]LogModuleManager: Shutting down and abandoning module MeshMergeUtilities (171)
[2021.01.17-03.23.32:389][ 25]LogModuleManager: Shutting down and abandoning module MeshReductionInterface (170)
[2021.01.17-03.23.32:389][ 25]LogModuleManager: Shutting down and abandoning module SkeletalMeshReduction (169)
[2021.01.17-03.23.32:389][ 25]LogModuleManager: Shutting down and abandoning module ProxyLODMeshReduction (167)
[2021.01.17-03.23.32:402][ 25]LogModuleManager: Shutting down and abandoning module QuadricMeshReduction (165)
[2021.01.17-03.23.32:402][ 25]LogModuleManager: Shutting down and abandoning module MaterialBaking (161)
[2021.01.17-03.23.32:402][ 25]LogModuleManager: Shutting down and abandoning module DerivedDataCache (156)
[2021.01.17-03.23.32:476][ 25]LogDerivedDataCache: Shutdown
[2021.01.17-03.23.32:476][ 25]LogModuleManager: Shutting down and abandoning module XGEController (154)
[2021.01.17-03.23.32:476][ 25]LogXGEController: Cleaning working directory: C:/temp/UnrealXGEWorkingDir/
[2021.01.17-03.23.32:476][ 25]LogModuleManager: Shutting down and abandoning module TargetPlatform (152)
[2021.01.17-03.23.32:477][ 25]LogModuleManager: Shutting down and abandoning module VulkanShaderFormat (151)
[2021.01.17-03.23.32:489][ 25]LogModuleManager: Shutting down and abandoning module ShaderFormatVectorVM (149)
[2021.01.17-03.23.32:489][ 25]LogModuleManager: Shutting down and abandoning module ShaderFormatOpenGL (147)
[2021.01.17-03.23.32:489][ 25]LogModuleManager: Shutting down and abandoning module ShaderFormatD3D (145)
[2021.01.17-03.23.32:489][ 25]LogModuleManager: Shutting down and abandoning module MetalShaderFormat (143)
[2021.01.17-03.23.32:489][ 25]LogModuleManager: Shutting down and abandoning module TextureFormatUncompressed (141)
[2021.01.17-03.23.32:489][ 25]LogModuleManager: Shutting down and abandoning module TextureFormatPVR (139)
[2021.01.17-03.23.32:489][ 25]LogModuleManager: Shutting down and abandoning module TextureFormatDXT (137)
[2021.01.17-03.23.32:489][ 25]LogModuleManager: Shutting down and abandoning module TextureFormatIntelISPCTexComp (135)
[2021.01.17-03.23.32:489][ 25]LogModuleManager: Shutting down and abandoning module TextureFormatASTC (133)
[2021.01.17-03.23.32:489][ 25]LogModuleManager: Shutting down and abandoning module ImageWrapper (132)
[2021.01.17-03.23.32:489][ 25]LogModuleManager: Shutting down and abandoning module TextureFormatAndroid (129)
[2021.01.17-03.23.32:489][ 25]LogModuleManager: Shutting down and abandoning module AudioFormatOpus (127)
[2021.01.17-03.23.32:489][ 25]LogModuleManager: Shutting down and abandoning module AudioFormatOgg (125)
[2021.01.17-03.23.32:489][ 25]LogModuleManager: Shutting down and abandoning module AudioFormatADPCM (123)
[2021.01.17-03.23.32:489][ 25]LogModuleManager: Shutting down and abandoning module LuminTargetPlatform (121)
[2021.01.17-03.23.32:490][ 25]LogModuleManager: Shutting down and abandoning module LinuxTargetPlatform (119)
[2021.01.17-03.23.32:490][ 25]LogModuleManager: Shutting down and abandoning module LinuxServerTargetPlatform (117)
[2021.01.17-03.23.32:490][ 25]LogModuleManager: Shutting down and abandoning module LinuxNoEditorTargetPlatform (115)
[2021.01.17-03.23.32:490][ 25]LogModuleManager: Shutting down and abandoning module LinuxClientTargetPlatform (113)
[2021.01.17-03.23.32:490][ 25]LogModuleManager: Shutting down and abandoning module TVOSTargetPlatform (111)
[2021.01.17-03.23.32:490][ 25]LogModuleManager: Shutting down and abandoning module Messaging (109)
[2021.01.17-03.23.32:490][ 25]LogModuleManager: Shutting down and abandoning module IOSTargetPlatform (107)
[2021.01.17-03.23.32:491][ 25]LogModuleManager: Shutting down and abandoning module HTML5TargetPlatform (105)
[2021.01.17-03.23.32:491][ 25]LogModuleManager: Shutting down and abandoning module AndroidTargetPlatform (103)
[2021.01.17-03.23.32:499][ 25]LogModuleManager: Shutting down and abandoning module WindowsTargetPlatform (101)
[2021.01.17-03.23.32:499][ 25]LogModuleManager: Shutting down and abandoning module WindowsServerTargetPlatform (99)
[2021.01.17-03.23.32:499][ 25]LogModuleManager: Shutting down and abandoning module WindowsNoEditorTargetPlatform (97)
[2021.01.17-03.23.32:500][ 25]LogModuleManager: Shutting down and abandoning module WindowsClientTargetPlatform (95)
[2021.01.17-03.23.32:500][ 25]LogModuleManager: Shutting down and abandoning module MacTargetPlatform (93)
[2021.01.17-03.23.32:500][ 25]LogModuleManager: Shutting down and abandoning module MacServerTargetPlatform (91)
[2021.01.17-03.23.32:500][ 25]LogModuleManager: Shutting down and abandoning module MacNoEditorTargetPlatform (89)
[2021.01.17-03.23.32:500][ 25]LogModuleManager: Shutting down and abandoning module MacClientTargetPlatform (87)
[2021.01.17-03.23.32:500][ 25]LogModuleManager: Shutting down and abandoning module AllDesktopTargetPlatform (85)
[2021.01.17-03.23.32:500][ 25]LogModuleManager: Shutting down and abandoning module InputCore (82)
[2021.01.17-03.23.32:500][ 25]LogModuleManager: Shutting down and abandoning module Settings (80)
[2021.01.17-03.23.32:500][ 25]LogModuleManager: Shutting down and abandoning module DirectoryWatcher (78)
[2021.01.17-03.23.32:500][ 25]LogModuleManager: Shutting down and abandoning module PhysXCooking (76)
[2021.01.17-03.23.32:500][ 25]LogModuleManager: Shutting down and abandoning module SteamVR (74)
[2021.01.17-03.23.32:500][ 25]LogHMD: Freeing OpenVRDLLHandle.
[2021.01.17-03.23.32:500][ 25]LogModuleManager: Shutting down and abandoning module OculusHMD (72)
[2021.01.17-03.23.32:500][ 25]LogModuleManager: Shutting down and abandoning module ExampleDeviceProfileSelector (70)
[2021.01.17-03.23.32:500][ 25]LogModuleManager: Shutting down and abandoning module LauncherChunkInstaller (68)
[2021.01.17-03.23.32:500][ 25]LogModuleManager: Shutting down and abandoning module OnlineBlueprintSupport (66)
[2021.01.17-03.23.32:500][ 25]LogModuleManager: Shutting down and abandoning module OnlineSubsystem (62)
[2021.01.17-03.23.32:534][ 25]LogModuleManager: Shutting down and abandoning module XMPP (55)
[2021.01.17-03.23.32:542][ 25]LogModuleManager: Shutting down and abandoning module WebSockets (54)
[2021.01.17-03.23.32:576][ 25]LogModuleManager: Shutting down and abandoning module HTTP (51)
[2021.01.17-03.23.32:576][ 25]LogHttp: Display: Http module shutting down, but needs to wait on 1 outstanding Http requests:
[2021.01.17-03.23.32:576][ 25]LogHttp: Display: 	verb=[POST] url=[https://datarouter.ol.epicgames.com/datarouter/api/v1/public/data?SessionID=%7BC80F7CD9-41BA-9991-3DBA-14815DB8C392%7D&AppID=UEEditor.Rocket.Release&AppVersion=4.22.3-7053642%2B%2B%2BUE4%2BRelease-4.22&UserID=d8b6194f4e593b0c04dcc18c084f202e%7C5a4994f486bf43739f4146c62b432278%7C752c7607-b61f-4300-bfa8-12f6ebf714b8&AppEnvironment=datacollector-binary&UploadType=eteventstream] status=Processing
[2021.01.17-03.23.32:596][ 25]LogModuleManager: Shutting down and abandoning module SSL (50)
[2021.01.17-03.23.32:598][ 25]LogModuleManager: Shutting down and abandoning module WmfMedia (46)
[2021.01.17-03.23.32:599][ 25]LogModuleManager: Shutting down and abandoning module Media (45)
[2021.01.17-03.23.32:606][ 25]LogModuleManager: Shutting down and abandoning module MagicLeap (42)
[2021.01.17-03.23.32:606][ 25]LogModuleManager: Shutting down and abandoning module DatasmithContent (40)
[2021.01.17-03.23.32:606][ 25]LogModuleManager: Shutting down and abandoning module AnimationModifiers (38)
[2021.01.17-03.23.32:617][ 25]LogModuleManager: Shutting down and abandoning module PropertyEditor (37)
[2021.01.17-03.23.32:621][ 25]LogModuleManager: Shutting down and abandoning module AudioEditor (34)
[2021.01.17-03.23.32:628][ 25]LogModuleManager: Shutting down and abandoning module TextureCompressor (32)
[2021.01.17-03.23.32:628][ 25]LogModuleManager: Shutting down and abandoning module RenderCore (30)
[2021.01.17-03.23.32:628][ 25]LogModuleManager: Shutting down and abandoning module Landscape (28)
[2021.01.17-03.23.32:628][ 25]LogModuleManager: Shutting down and abandoning module SlateRHIRenderer (26)
[2021.01.17-03.23.32:636][ 25]LogModuleManager: Shutting down and abandoning module OpenGLDrv (24)
[2021.01.17-03.23.32:645][ 25]LogModuleManager: Shutting down and abandoning module D3D11RHI (22)
[2021.01.17-03.23.32:645][ 25]LogModuleManager: Shutting down and abandoning module AnimGraphRuntime (20)
[2021.01.17-03.23.32:645][ 25]LogModuleManager: Shutting down and abandoning module Renderer (18)
[2021.01.17-03.23.32:645][ 25]LogModuleManager: Shutting down and abandoning module Engine (16)
[2021.01.17-03.23.32:645][ 25]LogModuleManager: Shutting down and abandoning module CoreUObject (14)
[2021.01.17-03.23.32:645][ 25]LogModuleManager: Shutting down and abandoning module NetworkFile (12)
[2021.01.17-03.23.32:645][ 25]LogModuleManager: Shutting down and abandoning module CookedIterativeFile (10)
[2021.01.17-03.23.32:645][ 25]LogModuleManager: Shutting down and abandoning module StreamingFile (8)
[2021.01.17-03.23.32:645][ 25]LogModuleManager: Shutting down and abandoning module SandboxFile (6)
[2021.01.17-03.23.32:645][ 25]LogModuleManager: Shutting down and abandoning module PakFile (4)
[2021.01.17-03.23.32:645][ 25]LogModuleManager: Shutting down and abandoning module RSA (3)
[2021.01.17-03.23.32:655][ 25]LogExit: Exiting.
[2021.01.17-03.23.32:667][ 25]Log file closed, 01/17/21 12:23:32
