Log file open, 01/18/21 18:19:14
LogWindows: Failed to load 'aqProf.dll' (GetLastError=126)
LogWindows: File 'aqProf.dll' does not exist
LogWindows: Failed to load 'VtuneApi.dll' (GetLastError=126)
LogWindows: File 'VtuneApi.dll' does not exist
LogWindows: Failed to load 'VtuneApi32e.dll' (GetLastError=126)
LogWindows: File 'VtuneApi32e.dll' does not exist
LogConsoleResponse: Display: Failed to find resolution value strings in scalability ini. Falling back to default.
LogInit: Display: Running engine for game: GrandTrenchWar
LogPakFile: Registered encryption key '00000000000000000000000000000000': 0 pak files mounted, 0 remain pending
LogPlatformFile: Not using cached read wrapper
LogTaskGraph: Started task graph with 5 named threads and 35 total threads with 3 sets of task threads.
LogStats: Stats thread started at 0.396752
LogD3D11RHI: Loaded GFSDK_Aftermath_Lib.x64.dll
LogICUInternationalization: ICU TimeZone Detection - Raw Offset: +9:00, Platform Override: ''
LogPluginManager: Mounting plugin Paper2D
LogPluginManager: Mounting plugin AISupport
LogPluginManager: Mounting plugin LightPropagationVolume
LogPluginManager: Mounting plugin ActorLayerUtilities
LogPluginManager: Mounting plugin AnimationSharing
LogPluginManager: Mounting plugin CLionSourceCodeAccess
LogPluginManager: Mounting plugin CodeLiteSourceCodeAccess
LogPluginManager: Mounting plugin GitSourceControl
LogPluginManager: Mounting plugin KDevelopSourceCodeAccess
LogPluginManager: Mounting plugin NullSourceCodeAccess
LogPluginManager: Mounting plugin PerforceSourceControl
LogPluginManager: Mounting plugin SubversionSourceControl
LogPluginManager: Mounting plugin UObjectPlugin
LogPluginManager: Mounting plugin VisualStudioCodeSourceCodeAccess
LogPluginManager: Mounting plugin VisualStudioSourceCodeAccess
LogPluginManager: Mounting plugin XCodeSourceCodeAccess
LogPluginManager: Mounting plugin AssetManagerEditor
LogPluginManager: Mounting plugin CryptoKeys
LogPluginManager: Mounting plugin DataValidation
LogPluginManager: Mounting plugin FacialAnimation
LogPluginManager: Mounting plugin GameplayTagsEditor
LogPluginManager: Mounting plugin MacGraphicsSwitching
LogPluginManager: Mounting plugin MaterialAnalyzer
LogPluginManager: Mounting plugin MobileLauncherProfileWizard
LogPluginManager: Mounting plugin PluginBrowser
LogPluginManager: Mounting plugin SpeedTreeImporter
LogPluginManager: Mounting plugin DatasmithContent
LogPluginManager: Mounting plugin VariantManagerContent
LogPluginManager: Mounting plugin AlembicImporter
LogPluginManager: Mounting plugin AppleImageUtils
LogPluginManager: Mounting plugin AppleVision
LogPluginManager: Mounting plugin BackChannel
LogPluginManager: Mounting plugin CharacterAI
LogPluginManager: Mounting plugin GeometryCache
LogPluginManager: Mounting plugin HTML5Networking
LogPluginManager: Mounting plugin ProxyLODPlugin
LogPluginManager: Mounting plugin SkeletalReduction
LogPluginManager: Mounting plugin MagicLeap
LogPluginManager: Mounting plugin MagicLeapMedia
LogPluginManager: Mounting plugin AndroidMedia
LogPluginManager: Mounting plugin AvfMedia
LogPluginManager: Mounting plugin ImgMedia
LogPluginManager: Mounting plugin LinearTimecode
LogPluginManager: Mounting plugin MediaCompositing
LogPluginManager: Mounting plugin MediaPlayerEditor
LogPluginManager: Mounting plugin WebMMedia
LogPluginManager: Mounting plugin WmfMedia
LogPluginManager: Mounting plugin TcpMessaging
LogPluginManager: Mounting plugin UdpMessaging
LogPluginManager: Mounting plugin ActorSequence
LogPluginManager: Mounting plugin LevelSequenceEditor
LogPluginManager: Mounting plugin MatineeToLevelSequence
LogPluginManager: Mounting plugin NetcodeUnitTest
LogPluginManager: Mounting plugin NUTUnrealEngine4
LogPluginManager: Mounting plugin OnlineSubsystemGooglePlay
LogPluginManager: Mounting plugin OnlineSubsystemIOS
LogPluginManager: Mounting plugin OnlineSubsystem
LogPluginManager: Mounting plugin OnlineSubsystemNull
LogPluginManager: Mounting plugin OnlineSubsystemSteam
LogPluginManager: Mounting plugin OnlineSubsystemUtils
LogPluginManager: Mounting plugin LauncherChunkInstaller
LogPluginManager: Mounting plugin AndroidDeviceProfileSelector
LogPluginManager: Mounting plugin AndroidMoviePlayer
LogPluginManager: Mounting plugin AndroidPermission
LogPluginManager: Mounting plugin AppleMoviePlayer
LogPluginManager: Mounting plugin ArchVisCharacter
LogPluginManager: Mounting plugin AudioCapture
LogPluginManager: Mounting plugin CableComponent
LogPluginManager: Mounting plugin CustomMeshComponent
LogPluginManager: Mounting plugin EditableMesh
LogPluginManager: Mounting plugin ExampleDeviceProfileSelector
LogPluginManager: Mounting plugin Firebase
LogPluginManager: Mounting plugin GoogleCloudMessaging
LogPluginManager: Mounting plugin IOSDeviceProfileSelector
LogPluginManager: Mounting plugin LinuxDeviceProfileSelector
LogPluginManager: Mounting plugin LocationServicesBPLibrary
LogPluginManager: Mounting plugin MobilePatchingUtils
LogPluginManager: Mounting plugin OculusVR
LogPluginManager: Mounting plugin PhysXVehicles
LogPluginManager: Mounting plugin ProceduralMeshComponent
LogPluginManager: Mounting plugin RuntimePhysXCooking
LogPluginManager: Mounting plugin SignificanceManager
LogPluginManager: Mounting plugin WebMMoviePlayer
LogPluginManager: Mounting plugin WindowsMoviePlayer
LogInit: Using libcurl 7.55.1-DEV
LogInit:  - built for x86_64-pc-win32
LogInit:  - supports SSL with OpenSSL/1.1.1
LogInit:  - supports HTTP deflate (compression) using libz 1.2.8
LogInit:  - other features:
LogInit:      CURL_VERSION_SSL
LogInit:      CURL_VERSION_LIBZ
LogInit:      CURL_VERSION_IPV6
LogInit:      CURL_VERSION_ASYNCHDNS
LogInit:      CURL_VERSION_LARGEFILE
LogInit:      CURL_VERSION_IDN
LogInit:  CurlRequestOptions (configurable via config and command line):
LogInit:  - bVerifyPeer = true  - Libcurl will verify peer certificate
LogInit:  - bUseHttpProxy = false  - Libcurl will NOT use HTTP proxy
LogInit:  - bDontReuseConnections = false  - Libcurl will reuse connections
LogInit:  - MaxHostConnections = 16  - Libcurl will limit the number of connections to a host
LogInit:  - LocalHostAddr = Default
LogInit:  - BufferSize = 65536
LogOnline: Display: STEAM: Loading Steam SDK 1.39
LogOnline: STEAM: Steam User is subscribed 1
LogOnline: STEAM: [AppId: 480] Client API initialized 1
LogOnline: STEAM: [AppId: 480] Game Server API initialized 1
LogOnline: STEAM: Missing P2PCleanupTimeout key in OnlineSubsystemSteam of DefaultEngine.ini, using default
LogInit: WinSock: version 1.1 (2.2), MaxSocks=32767, MaxUdp=65467
LogInit: Build: ++UE4+Release-4.22-CL-7053642
LogInit: Engine Version: 4.22.3-7053642+++UE4+Release-4.22
LogInit: Compatible Engine Version: 4.22.0-5660361+++UE4+Release-4.22
LogInit: Net CL: 5660361
LogInit: OS: Windows 10 (Release 1909) (), CPU: AMD Ryzen 5 3600 6-Core Processor              , GPU: NVIDIA GeForce RTX 2080
LogInit: Compiled (64-bit): Jun 18 2019 03:09:11
LogInit: Compiled with Visual C++: 19.16.27025.01
LogInit: Build Configuration: Development
LogInit: Branch Name: ++UE4+Release-4.22
LogInit: Command Line:  /Game/FirstPersonBP/Maps/FirstPersonExampleMap -game -PIEVIACONSOLE -ResX=1280 -ResY=720 -Multiprocess -messaging -SessionName="Play in Standalone Game" -nohmd -windowed
LogInit: Base Directory: D:/UE4/UE_4.22/Engine/Binaries/Win64/
LogInit: Installed Engine Build: 1
LogDevObjectVersion: Number of dev versions registered: 23
LogDevObjectVersion:   Dev-Blueprints (B0D832E4-1F89-4F0D-ACCF-7EB736FD4AA2): 10
LogDevObjectVersion:   Dev-Build (E1C64328-A22C-4D53-A36C-8E866417BD8C): 0
LogDevObjectVersion:   Dev-Core (375EC13C-06E4-48FB-B500-84F0262A717E): 3
LogDevObjectVersion:   Dev-Editor (E4B068ED-F494-42E9-A231-DA0B2E46BB41): 30
LogDevObjectVersion:   Dev-Framework (CFFC743F-43B0-4480-9391-14DF171D2073): 35
LogDevObjectVersion:   Dev-Mobile (B02B49B5-BB20-44E9-A304-32B752E40360): 2
LogDevObjectVersion:   Dev-Networking (A4E4105C-59A1-49B5-A7C5-40C4547EDFEE): 0
LogDevObjectVersion:   Dev-Online (39C831C9-5AE6-47DC-9A44-9C173E1C8E7C): 0
LogDevObjectVersion:   Dev-Physics (78F01B33-EBEA-4F98-B9B4-84EACCB95AA2): 0
LogDevObjectVersion:   Dev-Platform (6631380F-2D4D-43E0-8009-CF276956A95A): 0
LogDevObjectVersion:   Dev-Rendering (12F88B9F-8875-4AFC-A67C-D90C383ABD29): 28
LogDevObjectVersion:   Dev-Sequencer (7B5AE74C-D270-4C10-A958-57980B212A5A): 11
LogDevObjectVersion:   Dev-VR (D7296918-1DD6-4BDD-9DE2-64A83CC13884): 2
LogDevObjectVersion:   Dev-LoadTimes (C2A15278-BFE7-4AFE-6C17-90FF531DF755): 1
LogDevObjectVersion:   Private-Geometry (6EACA3D4-40EC-4CC1-B786-8BED09428FC5): 3
LogDevObjectVersion:   Dev-AnimPhys (29E575DD-E0A3-4627-9D10-D276232CDCEA): 17
LogDevObjectVersion:   Dev-Anim (AF43A65D-7FD3-4947-9873-3E8ED9C1BB05): 2
LogDevObjectVersion:   Dev-ReflectionCapture (6B266CEC-1EC7-4B8F-A30B-E4D90942FC07): 1
LogDevObjectVersion:   Dev-Automation (0DF73D61-A23F-47EA-B727-89E90C41499A): 1
LogDevObjectVersion:   FortniteMain (601D1886-AC64-4F84-AA16-D3DE0DEAC7D6): 25
LogDevObjectVersion:   Dev-Enterprise (9DFFBCD6-494F-0158-E221-12823C92A888): 6
LogDevObjectVersion:   Dev-Niagara (F2AED0AC-9AFE-416F-8664-AA7FFA26D6FC): 1
LogDevObjectVersion:   Dev-Destruction (174F1F0B-B4C6-45A5-B13F-2EE8D0FB917D): 2
LogInit: Presizing for max 16777216 objects, including 0 objects not considered by GC, pre-allocating 0 bytes for permanent pool.
LogInit: Object subsystem initialized
LogConfig: Setting CVar [[con.DebugEarlyDefault:1]]
LogConfig: Setting CVar [[r.setres:1280x720]]
[2021.01.18-09.19.18:540][  0]LogConfig: Setting CVar [[con.DebugEarlyDefault:1]]
[2021.01.18-09.19.18:540][  0]LogConfig: Setting CVar [[r.setres:1280x720]]
[2021.01.18-09.19.18:540][  0]LogConfig: Applying CVar settings from Section [/Script/Engine.RendererSettings] File [D:/Git/Unreal_GrandTrenchWar/Unreal_GrandTrenchWar/GrandTrenchWar/Saved/Config/Windows/Engine.ini]
[2021.01.18-09.19.18:540][  0]LogConfig: Setting CVar [[r.GPUCrashDebugging:0]]
[2021.01.18-09.19.18:540][  0]LogConfig: Applying CVar settings from Section [/Script/Engine.RendererOverrideSettings] File [D:/Git/Unreal_GrandTrenchWar/Unreal_GrandTrenchWar/GrandTrenchWar/Saved/Config/Windows/Engine.ini]
[2021.01.18-09.19.18:540][  0]LogConfig: Applying CVar settings from Section [/Script/Engine.StreamingSettings] File [D:/Git/Unreal_GrandTrenchWar/Unreal_GrandTrenchWar/GrandTrenchWar/Saved/Config/Windows/Engine.ini]
[2021.01.18-09.19.18:540][  0]LogConfig: Setting CVar [[s.MinBulkDataSizeForAsyncLoading:131072]]
[2021.01.18-09.19.18:540][  0]LogConfig: Setting CVar [[s.AsyncLoadingThreadEnabled:0]]
[2021.01.18-09.19.18:540][  0]LogConfig: Setting CVar [[s.EventDrivenLoaderEnabled:1]]
[2021.01.18-09.19.18:540][  0]LogConfig: Setting CVar [[s.WarnIfTimeLimitExceeded:0]]
[2021.01.18-09.19.18:540][  0]LogConfig: Setting CVar [[s.TimeLimitExceededMultiplier:1.5]]
[2021.01.18-09.19.18:540][  0]LogConfig: Setting CVar [[s.TimeLimitExceededMinTime:0.005]]
[2021.01.18-09.19.18:540][  0]LogConfig: Setting CVar [[s.UseBackgroundLevelStreaming:1]]
[2021.01.18-09.19.18:540][  0]LogConfig: Setting CVar [[s.PriorityAsyncLoadingExtraTime:15.0]]
[2021.01.18-09.19.18:540][  0]LogConfig: Setting CVar [[s.LevelStreamingActorsUpdateTimeLimit:5.0]]
[2021.01.18-09.19.18:540][  0]LogConfig: Setting CVar [[s.PriorityLevelStreamingActorsUpdateExtraTime:5.0]]
[2021.01.18-09.19.18:540][  0]LogConfig: Setting CVar [[s.LevelStreamingComponentsRegistrationGranularity:10]]
[2021.01.18-09.19.18:541][  0]LogConfig: Setting CVar [[s.UnregisterComponentsTimeLimit:1.0]]
[2021.01.18-09.19.18:541][  0]LogConfig: Setting CVar [[s.LevelStreamingComponentsUnregistrationGranularity:5]]
[2021.01.18-09.19.18:541][  0]LogConfig: Applying CVar settings from Section [/Script/Engine.GarbageCollectionSettings] File [D:/Git/Unreal_GrandTrenchWar/Unreal_GrandTrenchWar/GrandTrenchWar/Saved/Config/Windows/Engine.ini]
[2021.01.18-09.19.18:541][  0]LogConfig: Setting CVar [[gc.MaxObjectsNotConsideredByGC:1]]
[2021.01.18-09.19.18:541][  0]LogConfig: Setting CVar [[gc.SizeOfPermanentObjectPool:0]]
[2021.01.18-09.19.18:541][  0]LogConfig: Setting CVar [[gc.FlushStreamingOnGC:0]]
[2021.01.18-09.19.18:541][  0]LogConfig: Setting CVar [[gc.NumRetriesBeforeForcingGC:10]]
[2021.01.18-09.19.18:541][  0]LogConfig: Setting CVar [[gc.AllowParallelGC:1]]
[2021.01.18-09.19.18:541][  0]LogConfig: Setting CVar [[gc.TimeBetweenPurgingPendingKillObjects:61.1]]
[2021.01.18-09.19.18:541][  0]LogConfig: Setting CVar [[gc.MaxObjectsInEditor:16777216]]
[2021.01.18-09.19.18:541][  0]LogConfig: Setting CVar [[gc.IncrementalBeginDestroyEnabled:1]]
[2021.01.18-09.19.18:541][  0]LogConfig: Setting CVar [[gc.CreateGCClusters:1]]
[2021.01.18-09.19.18:541][  0]LogConfig: Setting CVar [[gc.MinGCClusterSize:5]]
[2021.01.18-09.19.18:541][  0]LogConfig: Setting CVar [[gc.ActorClusteringEnabled:0]]
[2021.01.18-09.19.18:541][  0]LogConfig: Setting CVar [[gc.BlueprintClusteringEnabled:0]]
[2021.01.18-09.19.18:541][  0]LogConfig: Setting CVar [[gc.UseDisregardForGCOnDedicatedServers:0]]
[2021.01.18-09.19.18:541][  0]LogConfig: Applying CVar settings from Section [/Script/Engine.NetworkSettings] File [D:/Git/Unreal_GrandTrenchWar/Unreal_GrandTrenchWar/GrandTrenchWar/Saved/Config/Windows/Engine.ini]
[2021.01.18-09.19.18:541][  0]LogConfig: Applying CVar settings from Section [/Script/UnrealEd.CookerSettings] File [D:/Git/Unreal_GrandTrenchWar/Unreal_GrandTrenchWar/GrandTrenchWar/Saved/Config/Windows/Engine.ini]
[2021.01.18-09.19.18:545][  0]LogConfig: Applying CVar settings from Section [ViewDistanceQuality@3] File [D:/Git/Unreal_GrandTrenchWar/Unreal_GrandTrenchWar/GrandTrenchWar/Saved/Config/Windows/Scalability.ini]
[2021.01.18-09.19.18:545][  0]LogConfig: Setting CVar [[r.SkeletalMeshLODBias:0]]
[2021.01.18-09.19.18:545][  0]LogConfig: Setting CVar [[r.ViewDistanceScale:1.0]]
[2021.01.18-09.19.18:545][  0]LogConfig: Applying CVar settings from Section [AntiAliasingQuality@3] File [D:/Git/Unreal_GrandTrenchWar/Unreal_GrandTrenchWar/GrandTrenchWar/Saved/Config/Windows/Scalability.ini]
[2021.01.18-09.19.18:545][  0]LogConfig: Setting CVar [[r.PostProcessAAQuality:4]]
[2021.01.18-09.19.18:545][  0]LogConfig: Applying CVar settings from Section [ShadowQuality@3] File [D:/Git/Unreal_GrandTrenchWar/Unreal_GrandTrenchWar/GrandTrenchWar/Saved/Config/Windows/Scalability.ini]
[2021.01.18-09.19.18:545][  0]LogConfig: Setting CVar [[r.LightFunctionQuality:1]]
[2021.01.18-09.19.18:545][  0]LogConfig: Setting CVar [[r.ShadowQuality:5]]
[2021.01.18-09.19.18:545][  0]LogConfig: Setting CVar [[r.Shadow.CSM.MaxCascades:10]]
[2021.01.18-09.19.18:545][  0]LogConfig: Setting CVar [[r.Shadow.MaxResolution:2048]]
[2021.01.18-09.19.18:545][  0]LogConfig: Setting CVar [[r.Shadow.MaxCSMResolution:2048]]
[2021.01.18-09.19.18:545][  0]LogConfig: Setting CVar [[r.Shadow.RadiusThreshold:0.01]]
[2021.01.18-09.19.18:545][  0]LogConfig: Setting CVar [[r.Shadow.DistanceScale:1.0]]
[2021.01.18-09.19.18:545][  0]LogConfig: Setting CVar [[r.Shadow.CSM.TransitionScale:1.0]]
[2021.01.18-09.19.18:545][  0]LogConfig: Setting CVar [[r.Shadow.PreShadowResolutionFactor:1.0]]
[2021.01.18-09.19.18:545][  0]LogConfig: Setting CVar [[r.DistanceFieldShadowing:1]]
[2021.01.18-09.19.18:545][  0]LogConfig: Setting CVar [[r.DistanceFieldAO:1]]
[2021.01.18-09.19.18:545][  0]LogConfig: Setting CVar [[r.AOQuality:2]]
[2021.01.18-09.19.18:545][  0]LogConfig: Setting CVar [[r.VolumetricFog:1]]
[2021.01.18-09.19.18:545][  0]LogConfig: Setting CVar [[r.VolumetricFog.GridPixelSize:8]]
[2021.01.18-09.19.18:545][  0]LogConfig: Setting CVar [[r.VolumetricFog.GridSizeZ:128]]
[2021.01.18-09.19.18:545][  0]LogConfig: Setting CVar [[r.VolumetricFog.HistoryMissSupersampleCount:4]]
[2021.01.18-09.19.18:545][  0]LogConfig: Setting CVar [[r.LightMaxDrawDistanceScale:1]]
[2021.01.18-09.19.18:545][  0]LogConfig: Setting CVar [[r.CapsuleShadows:1]]
[2021.01.18-09.19.18:545][  0]LogConfig: Applying CVar settings from Section [PostProcessQuality@3] File [D:/Git/Unreal_GrandTrenchWar/Unreal_GrandTrenchWar/GrandTrenchWar/Saved/Config/Windows/Scalability.ini]
[2021.01.18-09.19.18:545][  0]LogConfig: Setting CVar [[r.MotionBlurQuality:4]]
[2021.01.18-09.19.18:545][  0]LogConfig: Setting CVar [[r.AmbientOcclusionMipLevelFactor:0.4]]
[2021.01.18-09.19.18:545][  0]LogConfig: Setting CVar [[r.AmbientOcclusionMaxQuality:100]]
[2021.01.18-09.19.18:545][  0]LogConfig: Setting CVar [[r.AmbientOcclusionLevels:-1]]
[2021.01.18-09.19.18:545][  0]LogConfig: Setting CVar [[r.AmbientOcclusionRadiusScale:1.0]]
[2021.01.18-09.19.18:545][  0]LogConfig: Setting CVar [[r.DepthOfFieldQuality:2]]
[2021.01.18-09.19.18:545][  0]LogConfig: Setting CVar [[r.RenderTargetPoolMin:400]]
[2021.01.18-09.19.18:545][  0]LogConfig: Setting CVar [[r.LensFlareQuality:2]]
[2021.01.18-09.19.18:545][  0]LogConfig: Setting CVar [[r.SceneColorFringeQuality:1]]
[2021.01.18-09.19.18:545][  0]LogConfig: Setting CVar [[r.EyeAdaptationQuality:2]]
[2021.01.18-09.19.18:545][  0]LogConfig: Setting CVar [[r.BloomQuality:5]]
[2021.01.18-09.19.18:545][  0]LogConfig: Setting CVar [[r.FastBlurThreshold:100]]
[2021.01.18-09.19.18:545][  0]LogConfig: Setting CVar [[r.Upscale.Quality:3]]
[2021.01.18-09.19.18:545][  0]LogConfig: Setting CVar [[r.Tonemapper.GrainQuantization:1]]
[2021.01.18-09.19.18:545][  0]LogConfig: Setting CVar [[r.LightShaftQuality:1]]
[2021.01.18-09.19.18:545][  0]LogConfig: Setting CVar [[r.Filter.SizeScale:1]]
[2021.01.18-09.19.18:545][  0]LogConfig: Setting CVar [[r.Tonemapper.Quality:5]]
[2021.01.18-09.19.18:545][  0]LogConfig: Setting CVar [[r.DOF.Gather.AccumulatorQuality:1        ; higher gathering accumulator quality]]
[2021.01.18-09.19.18:545][  0]LogConfig: Setting CVar [[r.DOF.Gather.PostfilterMethod:1          ; Median3x3 postfilering method]]
[2021.01.18-09.19.18:545][  0]LogConfig: Setting CVar [[r.DOF.Gather.EnableBokehSettings:0       ; no bokeh simulation when gathering]]
[2021.01.18-09.19.18:546][  0]LogConfig: Setting CVar [[r.DOF.Gather.RingCount:4                 ; medium number of samples when gathering]]
[2021.01.18-09.19.18:546][  0]LogConfig: Setting CVar [[r.DOF.Scatter.ForegroundCompositing:1    ; additive foreground scattering]]
[2021.01.18-09.19.18:546][  0]LogConfig: Setting CVar [[r.DOF.Scatter.BackgroundCompositing:2    ; additive background scattering]]
[2021.01.18-09.19.18:546][  0]LogConfig: Setting CVar [[r.DOF.Scatter.EnableBokehSettings:1      ; bokeh simulation when scattering]]
[2021.01.18-09.19.18:546][  0]LogConfig: Setting CVar [[r.DOF.Scatter.MaxSpriteRatio:0.1         ; only a maximum of 10% of scattered bokeh]]
[2021.01.18-09.19.18:546][  0]LogConfig: Setting CVar [[r.DOF.Recombine.Quality:1                ; cheap slight out of focus]]
[2021.01.18-09.19.18:546][  0]LogConfig: Setting CVar [[r.DOF.Recombine.EnableBokehSettings:0    ; no bokeh simulation on slight out of focus]]
[2021.01.18-09.19.18:546][  0]LogConfig: Setting CVar [[r.DOF.TemporalAAQuality:1                ; more stable temporal accumulation]]
[2021.01.18-09.19.18:546][  0]LogConfig: Setting CVar [[r.DOF.Kernel.MaxForegroundRadius:0.025]]
[2021.01.18-09.19.18:546][  0]LogConfig: Setting CVar [[r.DOF.Kernel.MaxBackgroundRadius:0.025]]
[2021.01.18-09.19.18:546][  0]LogConfig: Applying CVar settings from Section [TextureQuality@3] File [D:/Git/Unreal_GrandTrenchWar/Unreal_GrandTrenchWar/GrandTrenchWar/Saved/Config/Windows/Scalability.ini]
[2021.01.18-09.19.18:546][  0]LogConfig: Setting CVar [[r.Streaming.MipBias:0]]
[2021.01.18-09.19.18:546][  0]LogConfig: Setting CVar [[r.Streaming.AmortizeCPUToGPUCopy:0]]
[2021.01.18-09.19.18:546][  0]LogConfig: Setting CVar [[r.Streaming.MaxNumTexturesToStreamPerFrame:0]]
[2021.01.18-09.19.18:546][  0]LogConfig: Setting CVar [[r.Streaming.Boost:1]]
[2021.01.18-09.19.18:546][  0]LogConfig: Setting CVar [[r.MaxAnisotropy:8]]
[2021.01.18-09.19.18:546][  0]LogConfig: Setting CVar [[r.Streaming.LimitPoolSizeToVRAM:0]]
[2021.01.18-09.19.18:546][  0]LogConfig: Setting CVar [[r.Streaming.PoolSize:1000]]
[2021.01.18-09.19.18:546][  0]LogConfig: Setting CVar [[r.Streaming.MaxEffectiveScreenSize:0]]
[2021.01.18-09.19.18:546][  0]LogConfig: Applying CVar settings from Section [EffectsQuality@3] File [D:/Git/Unreal_GrandTrenchWar/Unreal_GrandTrenchWar/GrandTrenchWar/Saved/Config/Windows/Scalability.ini]
[2021.01.18-09.19.18:546][  0]LogConfig: Setting CVar [[r.TranslucencyLightingVolumeDim:64]]
[2021.01.18-09.19.18:546][  0]LogConfig: Setting CVar [[r.RefractionQuality:2]]
[2021.01.18-09.19.18:546][  0]LogConfig: Setting CVar [[r.SSR.Quality:3]]
[2021.01.18-09.19.18:546][  0]LogConfig: Setting CVar [[r.SceneColorFormat:4]]
[2021.01.18-09.19.18:546][  0]LogConfig: Setting CVar [[r.DetailMode:2]]
[2021.01.18-09.19.18:546][  0]LogConfig: Setting CVar [[r.TranslucencyVolumeBlur:1]]
[2021.01.18-09.19.18:546][  0]LogConfig: Setting CVar [[r.MaterialQualityLevel:1 ; High quality]]
[2021.01.18-09.19.18:546][  0]LogConfig: Setting CVar [[r.SSS.Scale:1]]
[2021.01.18-09.19.18:546][  0]LogConfig: Setting CVar [[r.SSS.SampleSet:2]]
[2021.01.18-09.19.18:546][  0]LogConfig: Setting CVar [[r.SSS.Quality:1]]
[2021.01.18-09.19.18:546][  0]LogConfig: Setting CVar [[r.SSS.HalfRes:1]]
[2021.01.18-09.19.18:546][  0]LogConfig: Setting CVar [[r.EmitterSpawnRateScale:1.0]]
[2021.01.18-09.19.18:546][  0]LogConfig: Setting CVar [[r.ParticleLightQuality:2]]
[2021.01.18-09.19.18:546][  0]LogConfig: Applying CVar settings from Section [FoliageQuality@3] File [D:/Git/Unreal_GrandTrenchWar/Unreal_GrandTrenchWar/GrandTrenchWar/Saved/Config/Windows/Scalability.ini]
[2021.01.18-09.19.18:546][  0]LogConfig: Setting CVar [[foliage.DensityScale:1.0]]
[2021.01.18-09.19.18:546][  0]LogConfig: Setting CVar [[grass.DensityScale:1.0]]
[2021.01.18-09.19.18:546][  0]LogInit: Selected Device Profile: [Windows]
[2021.01.18-09.19.18:546][  0]LogInit: Applying CVar settings loaded from the selected device profile: [Windows]
[2021.01.18-09.19.18:549][  0]LogHAL: Display: Platform has ~ 48 GB [51486453760 / 68719476736 / 48], which maps to Largest [LargestMinGB=32, LargerMinGB=12, DefaultMinGB=8, SmallerMinGB=6, SmallestMinGB=0)
[2021.01.18-09.19.18:549][  0]LogConfig: Setting CVar [[r.Vulkan.UseRealUBs:0		; Required until we fix HLR fall-out]]
[2021.01.18-09.19.18:549][  0]LogInit: Going up to parent DeviceProfile []
[2021.01.18-09.19.18:550][  0]LogConfig: Applying CVar settings from Section [ViewDistanceQuality@3] File [D:/Git/Unreal_GrandTrenchWar/Unreal_GrandTrenchWar/GrandTrenchWar/Saved/Config/Windows/Scalability.ini]
[2021.01.18-09.19.18:550][  0]LogConfig: Setting CVar [[r.SkeletalMeshLODBias:0]]
[2021.01.18-09.19.18:550][  0]LogConfig: Setting CVar [[r.ViewDistanceScale:1.0]]
[2021.01.18-09.19.18:550][  0]LogConfig: Applying CVar settings from Section [AntiAliasingQuality@3] File [D:/Git/Unreal_GrandTrenchWar/Unreal_GrandTrenchWar/GrandTrenchWar/Saved/Config/Windows/Scalability.ini]
[2021.01.18-09.19.18:550][  0]LogConfig: Setting CVar [[r.PostProcessAAQuality:4]]
[2021.01.18-09.19.18:550][  0]LogConfig: Applying CVar settings from Section [ShadowQuality@3] File [D:/Git/Unreal_GrandTrenchWar/Unreal_GrandTrenchWar/GrandTrenchWar/Saved/Config/Windows/Scalability.ini]
[2021.01.18-09.19.18:550][  0]LogConfig: Setting CVar [[r.LightFunctionQuality:1]]
[2021.01.18-09.19.18:550][  0]LogConfig: Setting CVar [[r.ShadowQuality:5]]
[2021.01.18-09.19.18:550][  0]LogConfig: Setting CVar [[r.Shadow.CSM.MaxCascades:10]]
[2021.01.18-09.19.18:550][  0]LogConfig: Setting CVar [[r.Shadow.MaxResolution:2048]]
[2021.01.18-09.19.18:550][  0]LogConfig: Setting CVar [[r.Shadow.MaxCSMResolution:2048]]
[2021.01.18-09.19.18:550][  0]LogConfig: Setting CVar [[r.Shadow.RadiusThreshold:0.01]]
[2021.01.18-09.19.18:550][  0]LogConfig: Setting CVar [[r.Shadow.DistanceScale:1.0]]
[2021.01.18-09.19.18:550][  0]LogConfig: Setting CVar [[r.Shadow.CSM.TransitionScale:1.0]]
[2021.01.18-09.19.18:550][  0]LogConfig: Setting CVar [[r.Shadow.PreShadowResolutionFactor:1.0]]
[2021.01.18-09.19.18:550][  0]LogConfig: Setting CVar [[r.DistanceFieldShadowing:1]]
[2021.01.18-09.19.18:550][  0]LogConfig: Setting CVar [[r.DistanceFieldAO:1]]
[2021.01.18-09.19.18:550][  0]LogConfig: Setting CVar [[r.AOQuality:2]]
[2021.01.18-09.19.18:550][  0]LogConfig: Setting CVar [[r.VolumetricFog:1]]
[2021.01.18-09.19.18:550][  0]LogConfig: Setting CVar [[r.VolumetricFog.GridPixelSize:8]]
[2021.01.18-09.19.18:550][  0]LogConfig: Setting CVar [[r.VolumetricFog.GridSizeZ:128]]
[2021.01.18-09.19.18:550][  0]LogConfig: Setting CVar [[r.VolumetricFog.HistoryMissSupersampleCount:4]]
[2021.01.18-09.19.18:550][  0]LogConfig: Setting CVar [[r.LightMaxDrawDistanceScale:1]]
[2021.01.18-09.19.18:550][  0]LogConfig: Setting CVar [[r.CapsuleShadows:1]]
[2021.01.18-09.19.18:550][  0]LogConfig: Applying CVar settings from Section [PostProcessQuality@3] File [D:/Git/Unreal_GrandTrenchWar/Unreal_GrandTrenchWar/GrandTrenchWar/Saved/Config/Windows/Scalability.ini]
[2021.01.18-09.19.18:550][  0]LogConfig: Setting CVar [[r.MotionBlurQuality:4]]
[2021.01.18-09.19.18:550][  0]LogConfig: Setting CVar [[r.AmbientOcclusionMipLevelFactor:0.4]]
[2021.01.18-09.19.18:550][  0]LogConfig: Setting CVar [[r.AmbientOcclusionMaxQuality:100]]
[2021.01.18-09.19.18:550][  0]LogConfig: Setting CVar [[r.AmbientOcclusionLevels:-1]]
[2021.01.18-09.19.18:550][  0]LogConfig: Setting CVar [[r.AmbientOcclusionRadiusScale:1.0]]
[2021.01.18-09.19.18:550][  0]LogConfig: Setting CVar [[r.DepthOfFieldQuality:2]]
[2021.01.18-09.19.18:550][  0]LogConfig: Setting CVar [[r.RenderTargetPoolMin:400]]
[2021.01.18-09.19.18:550][  0]LogConfig: Setting CVar [[r.LensFlareQuality:2]]
[2021.01.18-09.19.18:550][  0]LogConfig: Setting CVar [[r.SceneColorFringeQuality:1]]
[2021.01.18-09.19.18:550][  0]LogConfig: Setting CVar [[r.EyeAdaptationQuality:2]]
[2021.01.18-09.19.18:550][  0]LogConfig: Setting CVar [[r.BloomQuality:5]]
[2021.01.18-09.19.18:550][  0]LogConfig: Setting CVar [[r.FastBlurThreshold:100]]
[2021.01.18-09.19.18:550][  0]LogConfig: Setting CVar [[r.Upscale.Quality:3]]
[2021.01.18-09.19.18:550][  0]LogConfig: Setting CVar [[r.Tonemapper.GrainQuantization:1]]
[2021.01.18-09.19.18:550][  0]LogConfig: Setting CVar [[r.LightShaftQuality:1]]
[2021.01.18-09.19.18:550][  0]LogConfig: Setting CVar [[r.Filter.SizeScale:1]]
[2021.01.18-09.19.18:550][  0]LogConfig: Setting CVar [[r.Tonemapper.Quality:5]]
[2021.01.18-09.19.18:550][  0]LogConfig: Setting CVar [[r.DOF.Gather.AccumulatorQuality:1        ; higher gathering accumulator quality]]
[2021.01.18-09.19.18:550][  0]LogConfig: Setting CVar [[r.DOF.Gather.PostfilterMethod:1          ; Median3x3 postfilering method]]
[2021.01.18-09.19.18:550][  0]LogConfig: Setting CVar [[r.DOF.Gather.EnableBokehSettings:0       ; no bokeh simulation when gathering]]
[2021.01.18-09.19.18:550][  0]LogConfig: Setting CVar [[r.DOF.Gather.RingCount:4                 ; medium number of samples when gathering]]
[2021.01.18-09.19.18:550][  0]LogConfig: Setting CVar [[r.DOF.Scatter.ForegroundCompositing:1    ; additive foreground scattering]]
[2021.01.18-09.19.18:550][  0]LogConfig: Setting CVar [[r.DOF.Scatter.BackgroundCompositing:2    ; additive background scattering]]
[2021.01.18-09.19.18:550][  0]LogConfig: Setting CVar [[r.DOF.Scatter.EnableBokehSettings:1      ; bokeh simulation when scattering]]
[2021.01.18-09.19.18:550][  0]LogConfig: Setting CVar [[r.DOF.Scatter.MaxSpriteRatio:0.1         ; only a maximum of 10% of scattered bokeh]]
[2021.01.18-09.19.18:550][  0]LogConfig: Setting CVar [[r.DOF.Recombine.Quality:1                ; cheap slight out of focus]]
[2021.01.18-09.19.18:550][  0]LogConfig: Setting CVar [[r.DOF.Recombine.EnableBokehSettings:0    ; no bokeh simulation on slight out of focus]]
[2021.01.18-09.19.18:550][  0]LogConfig: Setting CVar [[r.DOF.TemporalAAQuality:1                ; more stable temporal accumulation]]
[2021.01.18-09.19.18:550][  0]LogConfig: Setting CVar [[r.DOF.Kernel.MaxForegroundRadius:0.025]]
[2021.01.18-09.19.18:550][  0]LogConfig: Setting CVar [[r.DOF.Kernel.MaxBackgroundRadius:0.025]]
[2021.01.18-09.19.18:550][  0]LogConfig: Applying CVar settings from Section [TextureQuality@3] File [D:/Git/Unreal_GrandTrenchWar/Unreal_GrandTrenchWar/GrandTrenchWar/Saved/Config/Windows/Scalability.ini]
[2021.01.18-09.19.18:550][  0]LogConfig: Setting CVar [[r.Streaming.MipBias:0]]
[2021.01.18-09.19.18:550][  0]LogConfig: Setting CVar [[r.Streaming.AmortizeCPUToGPUCopy:0]]
[2021.01.18-09.19.18:550][  0]LogConfig: Setting CVar [[r.Streaming.MaxNumTexturesToStreamPerFrame:0]]
[2021.01.18-09.19.18:550][  0]LogConfig: Setting CVar [[r.Streaming.Boost:1]]
[2021.01.18-09.19.18:550][  0]LogConfig: Setting CVar [[r.MaxAnisotropy:8]]
[2021.01.18-09.19.18:550][  0]LogConfig: Setting CVar [[r.Streaming.LimitPoolSizeToVRAM:0]]
[2021.01.18-09.19.18:550][  0]LogConfig: Setting CVar [[r.Streaming.PoolSize:1000]]
[2021.01.18-09.19.18:550][  0]LogConfig: Setting CVar [[r.Streaming.MaxEffectiveScreenSize:0]]
[2021.01.18-09.19.18:550][  0]LogConfig: Applying CVar settings from Section [EffectsQuality@3] File [D:/Git/Unreal_GrandTrenchWar/Unreal_GrandTrenchWar/GrandTrenchWar/Saved/Config/Windows/Scalability.ini]
[2021.01.18-09.19.18:550][  0]LogConfig: Setting CVar [[r.TranslucencyLightingVolumeDim:64]]
[2021.01.18-09.19.18:550][  0]LogConfig: Setting CVar [[r.RefractionQuality:2]]
[2021.01.18-09.19.18:550][  0]LogConfig: Setting CVar [[r.SSR.Quality:3]]
[2021.01.18-09.19.18:550][  0]LogConfig: Setting CVar [[r.SceneColorFormat:4]]
[2021.01.18-09.19.18:550][  0]LogConfig: Setting CVar [[r.DetailMode:2]]
[2021.01.18-09.19.18:550][  0]LogConfig: Setting CVar [[r.TranslucencyVolumeBlur:1]]
[2021.01.18-09.19.18:550][  0]LogConfig: Setting CVar [[r.MaterialQualityLevel:1 ; High quality]]
[2021.01.18-09.19.18:550][  0]LogConfig: Setting CVar [[r.SSS.Scale:1]]
[2021.01.18-09.19.18:550][  0]LogConfig: Setting CVar [[r.SSS.SampleSet:2]]
[2021.01.18-09.19.18:550][  0]LogConfig: Setting CVar [[r.SSS.Quality:1]]
[2021.01.18-09.19.18:550][  0]LogConfig: Setting CVar [[r.SSS.HalfRes:1]]
[2021.01.18-09.19.18:550][  0]LogConfig: Setting CVar [[r.EmitterSpawnRateScale:1.0]]
[2021.01.18-09.19.18:550][  0]LogConfig: Setting CVar [[r.ParticleLightQuality:2]]
[2021.01.18-09.19.18:550][  0]LogConfig: Applying CVar settings from Section [FoliageQuality@3] File [D:/Git/Unreal_GrandTrenchWar/Unreal_GrandTrenchWar/GrandTrenchWar/Saved/Config/Windows/Scalability.ini]
[2021.01.18-09.19.18:550][  0]LogConfig: Setting CVar [[foliage.DensityScale:1.0]]
[2021.01.18-09.19.18:550][  0]LogConfig: Setting CVar [[grass.DensityScale:1.0]]
[2021.01.18-09.19.18:550][  0]LogConfig: Applying CVar settings from Section [Startup] File [../../../Engine/Config/ConsoleVariables.ini]
[2021.01.18-09.19.18:551][  0]LogConfig: Setting CVar [[net.UseAdaptiveNetUpdateFrequency:0]]
[2021.01.18-09.19.18:551][  0]LogConfig: Setting CVar [[p.chaos.AllowCreatePhysxBodies:1]]
[2021.01.18-09.19.18:551][  0]LogConfig: Applying CVar settings from Section [ConsoleVariables] File [D:/Git/Unreal_GrandTrenchWar/Unreal_GrandTrenchWar/GrandTrenchWar/Saved/Config/Windows/Engine.ini]
[2021.01.18-09.19.18:551][  0]LogInit: Computer: DESKTOP-4IV1O4J
[2021.01.18-09.19.18:551][  0]LogInit: User: 강건
[2021.01.18-09.19.18:551][  0]LogInit: CPU Page size=4096, Cores=6
[2021.01.18-09.19.18:551][  0]LogInit: High frequency timer resolution =10.000000 MHz
[2021.01.18-09.19.18:551][  0]LogMemory: Memory total: Physical=48.0GB (48GB approx)
[2021.01.18-09.19.18:551][  0]LogMemory: Platform Memory Stats for Windows
[2021.01.18-09.19.18:551][  0]LogMemory: Process Physical Memory: 137.95 MB used, 137.96 MB peak
[2021.01.18-09.19.18:551][  0]LogMemory: Process Virtual Memory: 116.22 MB used, 116.22 MB peak
[2021.01.18-09.19.18:551][  0]LogMemory: Physical Memory: 10392.51 MB used,  38708.80 MB free, 49101.31 MB total
[2021.01.18-09.19.18:551][  0]LogMemory: Virtual Memory: 4810.47 MB used,  134212920.00 MB free, 134217728.00 MB total
[2021.01.18-09.19.18:665][  0]LogInit: Using OS detected language (ko-KR).
[2021.01.18-09.19.18:665][  0]LogInit: Using OS detected locale (ko-KR).
[2021.01.18-09.19.18:665][  0]LogTextLocalizationManager: No specific localization for 'ko-KR' exists, so the 'ko' localization will be used.
[2021.01.18-09.19.19:131][  0]LogSlate: New Slate User Created.  User Index 0, Is Virtual User: 0
[2021.01.18-09.19.19:131][  0]LogSlate: Slate User Registered.  User Index 0, Is Virtual User: 0
[2021.01.18-09.19.19:166][  0]LogD3D11RHI: D3D11 adapters:
[2021.01.18-09.19.19:284][  0]LogD3D11RHI:    0. 'NVIDIA GeForce RTX 2080' (Feature Level 11_0)
[2021.01.18-09.19.19:284][  0]LogD3D11RHI:       8010/0/24550 MB DedicatedVideo/DedicatedSystem/SharedSystem, Outputs:2, VendorId:0x10de
[2021.01.18-09.19.19:289][  0]LogD3D11RHI:    1. 'Microsoft Basic Render Driver' (Feature Level 11_0)
[2021.01.18-09.19.19:290][  0]LogD3D11RHI:       0/0/24550 MB DedicatedVideo/DedicatedSystem/SharedSystem, Outputs:0, VendorId:0x1414
[2021.01.18-09.19.19:290][  0]LogD3D11RHI: Chosen D3D11 Adapter: 0
[2021.01.18-09.19.19:299][  0]LogD3D11RHI: Creating new Direct3DDevice
[2021.01.18-09.19.19:300][  0]LogD3D11RHI:     GPU DeviceId: 0x1e87 (for the marketing name, search the web for "GPU Device Id")
[2021.01.18-09.19.19:300][  0]LogWindows: EnumDisplayDevices:
[2021.01.18-09.19.19:300][  0]LogWindows:    0. 'NVIDIA GeForce RTX 2080' (P:0 D:1)
[2021.01.18-09.19.19:301][  0]LogWindows:    1. 'NVIDIA GeForce RTX 2080' (P:1 D:1)
[2021.01.18-09.19.19:302][  0]LogWindows:    2. 'NVIDIA GeForce RTX 2080' (P:0 D:0)
[2021.01.18-09.19.19:303][  0]LogWindows:    3. 'NVIDIA GeForce RTX 2080' (P:0 D:0)
[2021.01.18-09.19.19:304][  0]LogWindows: DebugString: FoundDriverCount:4 
[2021.01.18-09.19.19:304][  0]LogD3D11RHI:     Adapter Name: NVIDIA GeForce RTX 2080
[2021.01.18-09.19.19:304][  0]LogD3D11RHI:   Driver Version: 460.89 (internal:27.21.14.6089, unified:460.89)
[2021.01.18-09.19.19:304][  0]LogD3D11RHI:      Driver Date: 12-11-2020
[2021.01.18-09.19.19:304][  0]LogRHI: Texture pool is 5607 MB (70% of 8010 MB)
[2021.01.18-09.19.19:379][  0]LogD3D11RHI: Async texture creation enabled
[2021.01.18-09.19.19:388][  0]LogRendererCore: FGlobalReadBuffer::InitRHI
[2021.01.18-09.19.19:388][  0]LogRendererCore: FGlobalReadBuffer::InitRHI
[2021.01.18-09.19.19:388][  0]LogRendererCore: FGlobalReadBuffer::InitRHI
[2021.01.18-09.19.19:395][  0]LogD3D11RHI: GPU Timing Frequency: 1000.000000 (Debug: 2 1)
[2021.01.18-09.19.20:012][  0]LogTemp: Display: Module 'WindowsClientTargetPlatform' loaded TargetPlatform 'WindowsClient'
[2021.01.18-09.19.20:025][  0]LogTemp: Display: Module 'WindowsNoEditorTargetPlatform' loaded TargetPlatform 'WindowsNoEditor'
[2021.01.18-09.19.20:038][  0]LogTemp: Display: Module 'WindowsServerTargetPlatform' loaded TargetPlatform 'WindowsServer'
[2021.01.18-09.19.20:044][  0]LogTemp: Display: Module 'WindowsTargetPlatform' loaded TargetPlatform 'Windows'
[2021.01.18-09.19.20:044][  0]LogTargetPlatformManager: Display: Building Assets For Windows
[2021.01.18-09.19.20:053][  0]LogAudioDebug: Display: Lib vorbis DLL was dynamically loaded.
[2021.01.18-09.19.20:096][  0]LogShaderCompilers: Guid format shader working directory is -58 characters bigger than the processId version (../../../../../Git/Unreal_GrandTrenchWar/Unreal_GrandTrenchWar/GrandTrenchWar/Intermediate/Shaders/WorkingDirectory/33888/).
[2021.01.18-09.19.20:096][  0]LogShaderCompilers: Cleaned the shader compiler working directory 'C:/temp/UnrealShaderWorkingDir/D8403C824D48D806BDB89ABB420B67A3/'.
[2021.01.18-09.19.20:098][  0]LogXGEController: Cannot use XGE Controller as Incredibuild is not installed on this machine.
[2021.01.18-09.19.20:098][  0]LogShaderCompilers: Cannot use XGE Shader Compiler as Incredibuild is not installed on this machine.
[2021.01.18-09.19.20:098][  0]LogShaderCompilers: Display: Using Local Shader Compiler.
[2021.01.18-09.19.20:577][  0]LogDerivedDataCache: Display: Max Cache Size: 512 MB
[2021.01.18-09.19.20:614][  0]LogDerivedDataCache: Loaded boot cache 0.04s 71MB C:/Users/강건/AppData/Local/UnrealEngine/4.22/DerivedDataCache/Boot.ddc.
[2021.01.18-09.19.20:614][  0]LogDerivedDataCache: Display: Loaded Boot cache: C:/Users/강건/AppData/Local/UnrealEngine/4.22/DerivedDataCache/Boot.ddc
[2021.01.18-09.19.20:614][  0]LogDerivedDataCache: FDerivedDataBackendGraph:  Pak pak cache file ../../../../../Git/Unreal_GrandTrenchWar/Unreal_GrandTrenchWar/GrandTrenchWar/DerivedDataCache/DDC.ddp not found, will not use a pak cache.
[2021.01.18-09.19.20:614][  0]LogDerivedDataCache: Unable to find inner node Pak for hierarchical cache Hierarchy.
[2021.01.18-09.19.20:614][  0]LogDerivedDataCache: FDerivedDataBackendGraph:  CompressedPak pak cache file ../../../../../Git/Unreal_GrandTrenchWar/Unreal_GrandTrenchWar/GrandTrenchWar/DerivedDataCache/Compressed.ddp not found, will not use a pak cache.
[2021.01.18-09.19.20:614][  0]LogDerivedDataCache: Unable to find inner node CompressedPak for hierarchical cache Hierarchy.
[2021.01.18-09.19.20:625][  0]LogDerivedDataCache: Display: Pak cache opened for reading ../../../Engine/DerivedDataCache/Compressed.ddp.
[2021.01.18-09.19.20:625][  0]LogDerivedDataCache: FDerivedDataBackendGraph:  EnterprisePak pak cache file ../../../Enterprise/DerivedDataCache/Compressed.ddp not found, will not use a pak cache.
[2021.01.18-09.19.20:625][  0]LogDerivedDataCache: Unable to find inner node EnterprisePak for hierarchical cache Hierarchy.
[2021.01.18-09.19.20:638][  0]LogDerivedDataCache: Using Local data cache path C:/Users/강건/AppData/Local/UnrealEngine/Common/DerivedDataCache: Writable
[2021.01.18-09.19.20:638][  0]LogDerivedDataCache: Shared data cache path not found in *engine.ini, will not use an Shared cache.
[2021.01.18-09.19.20:638][  0]LogDerivedDataCache: Unable to find inner node Shared for hierarchical cache Hierarchy.
[2021.01.18-09.19.20:656][  0]LogMaterial: Verifying Global Shaders for PCD3D_SM5
[2021.01.18-09.19.20:675][  0]LogSlate: Using FreeType 2.6.0
[2021.01.18-09.19.20:675][  0]LogSlate: SlateFontServices - WITH_FREETYPE: 1, WITH_HARFBUZZ: 1
[2021.01.18-09.19.20:852][  0]LogInit: Using OS detected language (ko-KR).
[2021.01.18-09.19.20:852][  0]LogInit: Using OS detected locale (ko-KR).
[2021.01.18-09.19.20:852][  0]LogTextLocalizationManager: No localization for 'ko-KR' exists, so 'en' will be used for the language.
[2021.01.18-09.19.20:852][  0]LogTextLocalizationManager: No localization for 'ko-KR' exists, so 'en' will be used for the locale.
[2021.01.18-09.19.20:852][  0]LogSlate: FontCache flush requested. Reason: Culture for localization was changed
[2021.01.18-09.19.20:852][  0]LogSlate: FontCache flush requested. Reason: Culture for localization was changed
[2021.01.18-09.19.20:853][  0]LogTextLocalizationManager: Compacting localization data took   0.00ms
[2021.01.18-09.19.20:859][  0]LogAssetRegistry: FAssetRegistry took 0.0037 seconds to start up
[2021.01.18-09.19.21:014][  0]LogPackageLocalizationCache: Processed 9 localized package path(s) for 1 prioritized culture(s) in 0.000416 seconds
[2021.01.18-09.19.21:127][  0]LogInit: Selected Device Profile: [Windows]
[2021.01.18-09.19.21:173][  0]LogMeshReduction: Using QuadricMeshReduction for automatic static mesh reduction
[2021.01.18-09.19.21:173][  0]LogMeshReduction: Using SimplygonMeshReduction for automatic skeletal mesh reduction
[2021.01.18-09.19.21:173][  0]LogMeshReduction: Using ProxyLODMeshReduction for automatic mesh merging
[2021.01.18-09.19.21:173][  0]LogMeshReduction: No distributed automatic mesh merging module available
[2021.01.18-09.19.21:173][  0]LogMeshMerging: No distributed automatic mesh merging module available
[2021.01.18-09.19.21:241][  0]LogNetVersion: GrandTrenchWar 1.0.0, NetCL: 5660361, EngineNetVer: 10, GameNetVer: 0 (Checksum: 4025105772)
[2021.01.18-09.19.21:654][  0]LogMoviePlayer: Initializing movie player
[2021.01.18-09.19.21:775][  0]LogTcpMessaging: Initializing TcpMessaging bridge
[2021.01.18-09.19.21:787][  0]LogUdpMessaging: Initializing bridge on interface 0.0.0.0:0 to multicast group 230.0.0.1:6666.
[2021.01.18-09.19.21:787][  0]FUdpSocketBuilder: Failed to subscribe UdpMessageMulticastSocket to multicast group 230.0.0.1 on interface 0.0.0.0
[2021.01.18-09.19.21:787][  0]FUdpSocketBuilder: Failed to create and initialize socket UdpMessageMulticastSocket (last error: 0)
[2021.01.18-09.19.21:787][  0]LogUdpMessaging: Warning: StartTransport failed to create multicast socket on 0.0.0.0:0, joined to 230.0.0.1:6666 with TTL 1
[2021.01.18-09.19.21:870][  0]SourceControl: 소스 컨트롤이 꺼져 있습니다.
[2021.01.18-09.19.21:870][  0]SourceControl: 소스 컨트롤이 꺼져 있습니다.
[2021.01.18-09.19.21:871][  0]SourceControl: 소스 컨트롤이 꺼져 있습니다.
[2021.01.18-09.19.21:926][  0]LogAndroidPermission: UAndroidPermissionCallbackProxy::GetInstance
[2021.01.18-09.19.22:247][  0]LogOcInput: OculusInput pre-init called
[2021.01.18-09.19.22:268][  0]LogUObjectArray: 46430 objects as part of root set at end of initial load.
[2021.01.18-09.19.22:268][  0]LogUObjectAllocator: 8163104 out of 0 bytes used by permanent object pool.
[2021.01.18-09.19.22:268][  0]LogUObjectArray: CloseDisregardForGC: 0/0 objects in disregard for GC pool
[2021.01.18-09.19.22:392][  0]LogEngine: Initializing Engine...
[2021.01.18-09.19.22:404][  0]LogStats: UGameplayTagsManager::InitializeManager -  0.000 s
[2021.01.18-09.19.22:526][  0]LogInit: Initializing FReadOnlyCVARCache
[2021.01.18-09.19.22:687][  0]LogInit: XAudio2 using '헤드셋 이어폰(2- CORSAIR VOID PRO Wireless Gaming Headset)' : 6 channels at 48 kHz using 16 bits per sample (channel mask 0x3f)
[2021.01.18-09.19.22:948][  0]LogInit: FAudioDevice initialized.
[2021.01.18-09.19.22:960][  0]LogNetVersion: Set ProjectVersion to 1.0.0.0. Version Checksum will be recalculated on next use.
[2021.01.18-09.19.22:966][  0]LogInit: Texture streaming: Enabled
[2021.01.18-09.19.23:338][  0]LogSlate: Updating window title bar state: overlay mode, drag disabled, window buttons hidden, title bar hidden
[2021.01.18-09.19.23:377][  0]LogInit: Display: Game Engine Initialized.
[2021.01.18-09.19.23:439][  0]LogInit: Display: Starting Game.
[2021.01.18-09.19.23:447][  0]LogNet: Browse: /Game/FirstPersonBP/Maps/FirstPersonExampleMap?Name=Player
[2021.01.18-09.19.23:448][  0]LogLoad: LoadMap: /Game/FirstPersonBP/Maps/FirstPersonExampleMap?Name=Player
[2021.01.18-09.19.23:546][  0]LogUObjectHash: Compacting FUObjectHashTables data took   1.78ms
[2021.01.18-09.19.23:797][  0]LogAIModule: Creating AISystem for world FirstPersonExampleMap
[2021.01.18-09.19.23:805][  0]LogLoad: Game class is 'FirstPersonGameMode_C'
[2021.01.18-09.19.23:822][  0]LogWorld: Bringing World /Game/FirstPersonBP/Maps/FirstPersonExampleMap.FirstPersonExampleMap up for play (max tick rate 0) at 2021.01.18-18.19.23
[2021.01.18-09.19.23:859][  0]LogWorld: Bringing up level for play took: 0.038104
[2021.01.18-09.19.24:030][  0]LogLoad: Took 0.581518 seconds to LoadMap(/Game/FirstPersonBP/Maps/FirstPersonExampleMap)
[2021.01.18-09.19.24:076][  0]LogRenderer: Reallocating scene render targets to support 1280x720 Format 10 NumSamples 1 (Frame:1).
[2021.01.18-09.19.24:077][  0]LogSlate: Warning: Legacy localized fallback font '../../../Engine/Content/Slate/Fonts/../../Editor/Slate/Fonts/NanumGothic.ttf' was requested. Font: '/Engine/EngineFonts/Faces/RobotoRegular.RobotoRegular', Character: '라 (U+b77c)'
Legacy localized fallback fonts were deprecated in 4.22 and will be removed in a future version!
Please update your composite fonts to use localized sub-font families: https://docs.unrealengine.com/en-US/Engine/UMG/UserGuide/Fonts/Overview
[2021.01.18-09.19.24:146][  0]LogSlate: Took 0.069449 seconds to synchronously load lazily loaded font '../../../Engine/Content/Slate/Fonts/../../Editor/Slate/Fonts/NanumGothic.ttf' (4243K)
[2021.01.18-09.19.24:210][  0]LogLoad: (Engine Initialization) Total time: 11.48 seconds
[2021.01.18-09.19.24:210][  0]LogLoad: (Engine Initialization) Total Blueprint compile time: 0.00 seconds
[2021.01.18-09.19.24:273][  0]LogOcInput: OculusInput is initialized
[2021.01.18-09.19.24:339][  0]LogContentStreaming: Texture pool size now 1000 MB
[2021.01.18-09.19.25:615][  0]LogRenderer: Reallocating scene render targets to support 128x128 Format 10 NumSamples 1 (Frame:1).
[2021.01.18-09.19.25:765][  0]LogRenderer: Reallocating scene render targets to support 1280x720 Format 10 NumSamples 1 (Frame:2).
[2021.01.18-09.19.26:082][  1]LogSlate: Took 0.003212 seconds to synchronously load lazily loaded font '../../../Engine/Content/Slate/Fonts/../../Editor/Slate/Fonts/NanumGothic.ttf' (4243K)
[2021.01.18-09.19.42:725][ 30]LogWindowsDesktop: Alt-F4 pressed!
[2021.01.18-09.19.42:755][ 30]LogSlate: Window 'GrandTrenchWar (64 비트, PCD3D_SM5) ' being destroyed
[2021.01.18-09.19.42:758][ 30]LogWindowsTextInputMethodSystem: Display: IME system now activated using TSF (Microsoft 입력기).
[2021.01.18-09.19.42:767][ 30]LogWindowsTextInputMethodSystem: Display: IME system now activated using TSF (Microsoft 입력기).
[2021.01.18-09.19.42:771][ 30]LogSlate: Updating window title bar state: overlay mode, drag disabled, window buttons hidden, title bar hidden
[2021.01.18-09.19.42:771][ 30]LogEngine: All Windows Closed
[2021.01.18-09.19.42:771][ 30]LogWindows: FPlatformMisc::RequestExit(0)
[2021.01.18-09.19.43:413][ 31]LogExit: Preparing to exit.
[2021.01.18-09.19.43:413][ 31]LogMoviePlayer: Shutting down movie player
[2021.01.18-09.19.43:648][ 31]LogSlate: Updating window title bar state: overlay mode, drag disabled, window buttons hidden, title bar hidden
[2021.01.18-09.19.43:655][ 31]LogExit: Game engine shut down
[2021.01.18-09.19.43:715][ 31]LogExit: Object subsystem successfully closed.
[2021.01.18-09.19.43:739][ 31]LogShaderCompilers: Display: Shaders left to compile 0
[2021.01.18-09.19.43:741][ 31]LogD3D11RHI: Shutdown
[2021.01.18-09.19.43:741][ 31]LogD3D11RHI: CleanupD3DDevice
[2021.01.18-09.19.43:741][ 31]LogRendererCore: FGlobalReadBuffer::ReleaseRHI
[2021.01.18-09.19.43:741][ 31]LogRendererCore: FGlobalDynamicReadBuffer::Cleanup()
[2021.01.18-09.19.43:741][ 31]LogRendererCore: FGlobalReadBuffer::ReleaseRHI
[2021.01.18-09.19.43:741][ 31]LogRendererCore: FGlobalDynamicReadBuffer::Cleanup()
[2021.01.18-09.19.43:741][ 31]LogRendererCore: FGlobalReadBuffer::ReleaseRHI
[2021.01.18-09.19.43:741][ 31]LogRendererCore: FGlobalDynamicReadBuffer::Cleanup()
[2021.01.18-09.19.43:786][ 31]LogD3D11RHI: ~FD3D11DynamicRHI
[2021.01.18-09.19.43:792][ 31]LogModuleManager: Shutting down and abandoning module SequenceRecorderSections (396)
[2021.01.18-09.19.43:792][ 31]LogModuleManager: Shutting down and abandoning module SequenceRecorder (394)
[2021.01.18-09.19.43:792][ 31]LogModuleManager: Shutting down and abandoning module AutomationController (392)
[2021.01.18-09.19.43:792][ 31]LogModuleManager: Shutting down and abandoning module AutomationWorker (390)
[2021.01.18-09.19.43:792][ 31]LogModuleManager: Shutting down and abandoning module Voice (388)
[2021.01.18-09.19.43:792][ 31]LogModuleManager: Shutting down and abandoning module AIModule (386)
[2021.01.18-09.19.43:792][ 31]LogModuleManager: Shutting down and abandoning module GameplayDebugger (385)
[2021.01.18-09.19.43:792][ 31]LogModuleManager: Shutting down and abandoning module AITestSuite (383)
[2021.01.18-09.19.43:792][ 31]LogModuleManager: Shutting down and abandoning module NavigationSystem (381)
[2021.01.18-09.19.43:792][ 31]LogModuleManager: Shutting down and abandoning module OculusMR (378)
[2021.01.18-09.19.43:792][ 31]LogModuleManager: Shutting down and abandoning module WmfMediaFactory (376)
[2021.01.18-09.19.43:792][ 31]LogModuleManager: Shutting down and abandoning module WebMMediaFactory (374)
[2021.01.18-09.19.43:792][ 31]LogModuleManager: Shutting down and abandoning module WebMMedia (372)
[2021.01.18-09.19.43:792][ 31]LogModuleManager: Shutting down and abandoning module OpenExrWrapper (370)
[2021.01.18-09.19.43:792][ 31]LogModuleManager: Shutting down and abandoning module ImgMediaFactory (368)
[2021.01.18-09.19.43:792][ 31]LogModuleManager: Shutting down and abandoning module AvfMediaFactory (366)
[2021.01.18-09.19.43:792][ 31]LogModuleManager: Shutting down and abandoning module MagicLeapCameraPreviewFactory (364)
[2021.01.18-09.19.43:792][ 31]LogModuleManager: Shutting down and abandoning module MagicLeapMediaCodecFactory (362)
[2021.01.18-09.19.43:792][ 31]LogModuleManager: Shutting down and abandoning module MagicLeapMediaFactory (360)
[2021.01.18-09.19.43:792][ 31]LogModuleManager: Shutting down and abandoning module CharacterAI (358)
[2021.01.18-09.19.43:792][ 31]LogModuleManager: Shutting down and abandoning module SessionServices (356)
[2021.01.18-09.19.43:792][ 31]LogModuleManager: Shutting down and abandoning module MovieSceneCapture (354)
[2021.01.18-09.19.43:792][ 31]LogModuleManager: Shutting down and abandoning module LiveCoding (352)
[2021.01.18-09.19.43:792][ 31]LogModuleManager: Shutting down and abandoning module LevelSequence (350)
[2021.01.18-09.19.43:792][ 31]LogModuleManager: Shutting down and abandoning module MovieSceneTracks (348)
[2021.01.18-09.19.43:792][ 31]LogModuleManager: Shutting down and abandoning module MovieScene (346)
[2021.01.18-09.19.43:792][ 31]LogModuleManager: Shutting down and abandoning module StreamingPauseRendering (344)
[2021.01.18-09.19.43:792][ 31]LogModuleManager: Shutting down and abandoning module PortalServices (342)
[2021.01.18-09.19.43:792][ 31]LogModuleManager: Shutting down and abandoning module PortalRpc (340)
[2021.01.18-09.19.43:792][ 31]LogModuleManager: Shutting down and abandoning module MessagingRpc (338)
[2021.01.18-09.19.43:792][ 31]LogModuleManager: Shutting down and abandoning module ImageWriteQueue (336)
[2021.01.18-09.19.43:794][ 31]LogModuleManager: Shutting down and abandoning module ProfilerService (334)
[2021.01.18-09.19.43:799][ 31]LogModuleManager: Shutting down and abandoning module TaskGraph (332)
[2021.01.18-09.19.43:799][ 31]LogModuleManager: Shutting down and abandoning module ProceduralMeshComponent (330)
[2021.01.18-09.19.43:799][ 31]LogModuleManager: Shutting down and abandoning module OculusInput (328)
[2021.01.18-09.19.43:799][ 31]LogModuleManager: Shutting down and abandoning module MobilePatchingUtils (326)
[2021.01.18-09.19.43:799][ 31]LogModuleManager: Shutting down and abandoning module EditableMesh (324)
[2021.01.18-09.19.43:799][ 31]LogModuleManager: Shutting down and abandoning module CustomMeshComponent (322)
[2021.01.18-09.19.43:799][ 31]LogModuleManager: Shutting down and abandoning module CableComponent (320)
[2021.01.18-09.19.43:799][ 31]LogModuleManager: Shutting down and abandoning module AudioCapture (318)
[2021.01.18-09.19.43:799][ 31]LogModuleManager: Shutting down and abandoning module ArchVisCharacter (316)
[2021.01.18-09.19.43:799][ 31]LogModuleManager: Shutting down and abandoning module AndroidPermission (314)
[2021.01.18-09.19.43:799][ 31]LogModuleManager: Shutting down and abandoning module NUTUnrealEngine4 (310)
[2021.01.18-09.19.43:799][ 31]LogModuleManager: Shutting down and abandoning module NetcodeUnitTest (308)
[2021.01.18-09.19.43:799][ 31]LogModuleManager: Shutting down and abandoning module MediaCompositing (306)
[2021.01.18-09.19.43:799][ 31]LogModuleManager: Shutting down and abandoning module LinearTimecode (304)
[2021.01.18-09.19.43:799][ 31]LogModuleManager: Shutting down and abandoning module ImgMedia (302)
[2021.01.18-09.19.43:799][ 31]LogModuleManager: Shutting down and abandoning module MagicLeapHelperVulkan (300)
[2021.01.18-09.19.43:799][ 31]LogModuleManager: Shutting down and abandoning module MagicLeapHelperOpenGL (298)
[2021.01.18-09.19.43:799][ 31]LogModuleManager: Shutting down and abandoning module MagicLeapAudio (296)
[2021.01.18-09.19.43:799][ 31]LogModuleManager: Shutting down and abandoning module HTML5Networking (294)
[2021.01.18-09.19.43:799][ 31]LogModuleManager: Shutting down and abandoning module GeometryCacheTracks (292)
[2021.01.18-09.19.43:799][ 31]LogModuleManager: Shutting down and abandoning module GeometryCacheSequencer (291)
[2021.01.18-09.19.43:799][ 31]LogModuleManager: Shutting down and abandoning module GeometryCache (288)
[2021.01.18-09.19.43:799][ 31]LogModuleManager: Shutting down and abandoning module GeometryCacheEd (287)
[2021.01.18-09.19.43:799][ 31]LogModuleManager: Shutting down and abandoning module BackChannel (284)
[2021.01.18-09.19.43:799][ 31]LogModuleManager: Shutting down and abandoning module AppleVision (282)
[2021.01.18-09.19.43:799][ 31]LogModuleManager: Shutting down and abandoning module AppleImageUtilsBlueprintSupport (280)
[2021.01.18-09.19.43:799][ 31]LogModuleManager: Shutting down and abandoning module AppleImageUtils (278)
[2021.01.18-09.19.43:799][ 31]LogModuleManager: Shutting down and abandoning module VariantManagerContent (276)
[2021.01.18-09.19.43:799][ 31]LogModuleManager: Shutting down and abandoning module CryptoKeysOpenSSL (274)
[2021.01.18-09.19.43:799][ 31]LogModuleManager: Shutting down and abandoning module CryptoKeys (272)
[2021.01.18-09.19.43:799][ 31]LogModuleManager: Shutting down and abandoning module VisualStudioSourceCodeAccess (270)
[2021.01.18-09.19.43:799][ 31]LogModuleManager: Shutting down and abandoning module HotReload (269)
[2021.01.18-09.19.43:799][ 31]LogModuleManager: Shutting down and abandoning module DirectoryWatcher (268)
[2021.01.18-09.19.43:799][ 31]LogModuleManager: Shutting down and abandoning module VisualStudioCodeSourceCodeAccess (264)
[2021.01.18-09.19.43:799][ 31]LogModuleManager: Shutting down and abandoning module UObjectPlugin (262)
[2021.01.18-09.19.43:800][ 31]LogModuleManager: Shutting down and abandoning module SubversionSourceControl (260)
[2021.01.18-09.19.43:800][ 31]LogModuleManager: Shutting down and abandoning module PerforceSourceControl (258)
[2021.01.18-09.19.43:800][ 31]LogModuleManager: Shutting down and abandoning module SourceControl (257)
[2021.01.18-09.19.43:800][ 31]LogModuleManager: Shutting down and abandoning module CLionSourceCodeAccess (254)
[2021.01.18-09.19.43:800][ 31]LogModuleManager: Shutting down and abandoning module ActorLayerUtilities (252)
[2021.01.18-09.19.43:800][ 31]LogModuleManager: Shutting down and abandoning module SignificanceManager (250)
[2021.01.18-09.19.43:800][ 31]LogModuleManager: Shutting down and abandoning module RuntimePhysXCooking (248)
[2021.01.18-09.19.43:800][ 31]LogModuleManager: Shutting down and abandoning module PhysXVehiclesEditor (246)
[2021.01.18-09.19.43:800][ 31]LogModuleManager: Shutting down and abandoning module PhysXVehicles (244)
[2021.01.18-09.19.43:800][ 31]LogModuleManager: Shutting down and abandoning module LocationServicesBPLibrary (242)
[2021.01.18-09.19.43:800][ 31]LogModuleManager: Shutting down and abandoning module ActorSequence (240)
[2021.01.18-09.19.43:800][ 31]LogModuleManager: Shutting down and abandoning module UdpMessaging (238)
[2021.01.18-09.19.43:901][ 31]LogModuleManager: Shutting down and abandoning module TcpMessaging (236)
[2021.01.18-09.19.44:002][ 31]LogModuleManager: Shutting down and abandoning module MagicLeapIdentity (234)
[2021.01.18-09.19.44:002][ 31]LogModuleManager: Shutting down and abandoning module MagicLeapSecureStorage (232)
[2021.01.18-09.19.44:002][ 31]LogModuleManager: Shutting down and abandoning module MagicLeapHandTracking (230)
[2021.01.18-09.19.44:002][ 31]LogModuleManager: Shutting down and abandoning module MagicLeapEyeTracker (228)
[2021.01.18-09.19.44:002][ 31]LogModuleManager: Shutting down and abandoning module MagicLeapController (226)
[2021.01.18-09.19.44:002][ 31]LogSlate: Slate User Destroyed.  User Index 0, Is Virtual User: 0
[2021.01.18-09.19.44:002][ 31]LogModuleManager: Shutting down and abandoning module MagicLeapAR (224)
[2021.01.18-09.19.44:002][ 31]LogModuleManager: Shutting down and abandoning module AugmentedReality (223)
[2021.01.18-09.19.44:002][ 31]LogModuleManager: Shutting down and abandoning module GameplayTagsEditor (220)
[2021.01.18-09.19.44:002][ 31]LogModuleManager: Shutting down and abandoning module FacialAnimation (218)
[2021.01.18-09.19.44:002][ 31]LogModuleManager: Shutting down and abandoning module DataValidation (216)
[2021.01.18-09.19.44:002][ 31]LogModuleManager: Shutting down and abandoning module AssetManagerEditor (214)
[2021.01.18-09.19.44:002][ 31]LogModuleManager: Shutting down and abandoning module TreeMap (213)
[2021.01.18-09.19.44:002][ 31]LogModuleManager: Shutting down and abandoning module AnimationSharing (210)
[2021.01.18-09.19.44:002][ 31]LogModuleManager: Shutting down and abandoning module LightPropagationVolumeRuntime (208)
[2021.01.18-09.19.44:002][ 31]LogModuleManager: Shutting down and abandoning module AISupportModule (206)
[2021.01.18-09.19.44:002][ 31]LogModuleManager: Shutting down and abandoning module Paper2D (204)
[2021.01.18-09.19.44:002][ 31]LogModuleManager: Shutting down and abandoning module WindowsMoviePlayer (202)
[2021.01.18-09.19.44:002][ 31]LogModuleManager: Shutting down and abandoning module WebMMoviePlayer (200)
[2021.01.18-09.19.44:002][ 31]LogModuleManager: Shutting down and abandoning module PacketHandler (198)
[2021.01.18-09.19.44:002][ 31]LogModuleManager: Shutting down and abandoning module ClothingSystemEditor (196)
[2021.01.18-09.19.44:002][ 31]LogModuleManager: Shutting down and abandoning module ClothingSystemRuntime (194)
[2021.01.18-09.19.44:002][ 31]LogModuleManager: Shutting down and abandoning module MediaAssets (192)
[2021.01.18-09.19.44:002][ 31]LogModuleManager: Shutting down and abandoning module Overlay (190)
[2021.01.18-09.19.44:002][ 31]LogModuleManager: Shutting down and abandoning module OverlayEditor (189)
[2021.01.18-09.19.44:002][ 31]LogModuleManager: Shutting down and abandoning module VREditor (186)
[2021.01.18-09.19.44:002][ 31]LogModuleManager: Shutting down and abandoning module StringTableEditor (184)
[2021.01.18-09.19.44:002][ 31]LogModuleManager: Shutting down and abandoning module GameplayTasksEditor (182)
[2021.01.18-09.19.44:002][ 31]LogModuleManager: Shutting down and abandoning module BehaviorTreeEditor (180)
[2021.01.18-09.19.44:002][ 31]LogModuleManager: Shutting down and abandoning module FunctionalTesting (178)
[2021.01.18-09.19.44:002][ 31]LogModuleManager: Shutting down and abandoning module CollisionAnalyzer (176)
[2021.01.18-09.19.44:002][ 31]LogModuleManager: Shutting down and abandoning module WorkspaceMenuStructure (175)
[2021.01.18-09.19.44:002][ 31]LogModuleManager: Shutting down and abandoning module UMG (172)
[2021.01.18-09.19.44:002][ 31]LogModuleManager: Shutting down and abandoning module UMGEditor (171)
[2021.01.18-09.19.44:002][ 31]LogModuleManager: Shutting down and abandoning module Sequencer (170)
[2021.01.18-09.19.44:002][ 31]LogModuleManager: Shutting down and abandoning module MessageLog (167)
[2021.01.18-09.19.44:002][ 31]LogModuleManager: Shutting down and abandoning module SlateReflector (162)
[2021.01.18-09.19.44:002][ 31]LogModuleManager: Shutting down and abandoning module Slate (160)
[2021.01.18-09.19.44:002][ 31]LogModuleManager: Shutting down and abandoning module EditorStyle (158)
[2021.01.18-09.19.44:003][ 31]LogModuleManager: Shutting down and abandoning module UnrealEd (156)
[2021.01.18-09.19.44:003][ 31]LogModuleManager: Shutting down and abandoning module MRMesh (154)
[2021.01.18-09.19.44:003][ 31]LogModuleManager: Shutting down and abandoning module Messaging (152)
[2021.01.18-09.19.44:003][ 31]LogModuleManager: Shutting down and abandoning module SourceCodeAccess (150)
[2021.01.18-09.19.44:003][ 31]LogModuleManager: Shutting down and abandoning module HeadMountedDisplay (148)
[2021.01.18-09.19.44:003][ 31]LogModuleManager: Shutting down and abandoning module XAudio2 (146)
[2021.01.18-09.19.44:003][ 31]LogModuleManager: Shutting down and abandoning module Networking (144)
[2021.01.18-09.19.44:003][ 31]LogModuleManager: Shutting down and abandoning module Core (142)
[2021.01.18-09.19.44:003][ 31]LogModuleManager: Shutting down and abandoning module KismetCompiler (140)
[2021.01.18-09.19.44:003][ 31]LogModuleManager: Shutting down and abandoning module MeshUtilities (138)
[2021.01.18-09.19.44:003][ 31]LogModuleManager: Shutting down and abandoning module MeshMergeUtilities (137)
[2021.01.18-09.19.44:003][ 31]LogModuleManager: Shutting down and abandoning module MeshReductionInterface (136)
[2021.01.18-09.19.44:003][ 31]LogModuleManager: Shutting down and abandoning module SkeletalMeshReduction (135)
[2021.01.18-09.19.44:003][ 31]LogModuleManager: Shutting down and abandoning module ProxyLODMeshReduction (133)
[2021.01.18-09.19.44:003][ 31]LogModuleManager: Shutting down and abandoning module QuadricMeshReduction (131)
[2021.01.18-09.19.44:003][ 31]LogModuleManager: Shutting down and abandoning module MaterialBaking (127)
[2021.01.18-09.19.44:003][ 31]LogModuleManager: Shutting down and abandoning module PIEPreviewDeviceProfileSelector (122)
[2021.01.18-09.19.44:003][ 31]LogModuleManager: Shutting down and abandoning module DerivedDataCache (120)
[2021.01.18-09.19.44:152][ 31]LogDerivedDataCache: Shutdown
[2021.01.18-09.19.44:152][ 31]LogModuleManager: Shutting down and abandoning module XGEController (118)
[2021.01.18-09.19.44:152][ 31]LogModuleManager: Shutting down and abandoning module TargetPlatform (116)
[2021.01.18-09.19.44:152][ 31]LogModuleManager: Shutting down and abandoning module VulkanShaderFormat (115)
[2021.01.18-09.19.44:152][ 31]LogModuleManager: Shutting down and abandoning module ShaderFormatVectorVM (113)
[2021.01.18-09.19.44:152][ 31]LogModuleManager: Shutting down and abandoning module ShaderFormatOpenGL (111)
[2021.01.18-09.19.44:152][ 31]LogModuleManager: Shutting down and abandoning module ShaderFormatD3D (109)
[2021.01.18-09.19.44:152][ 31]LogModuleManager: Shutting down and abandoning module MetalShaderFormat (107)
[2021.01.18-09.19.44:152][ 31]LogModuleManager: Shutting down and abandoning module TextureFormatUncompressed (105)
[2021.01.18-09.19.44:152][ 31]LogModuleManager: Shutting down and abandoning module TextureFormatPVR (103)
[2021.01.18-09.19.44:152][ 31]LogModuleManager: Shutting down and abandoning module TextureFormatDXT (101)
[2021.01.18-09.19.44:152][ 31]LogModuleManager: Shutting down and abandoning module TextureFormatIntelISPCTexComp (99)
[2021.01.18-09.19.44:152][ 31]LogModuleManager: Shutting down and abandoning module TextureFormatASTC (97)
[2021.01.18-09.19.44:152][ 31]LogModuleManager: Shutting down and abandoning module ImageWrapper (96)
[2021.01.18-09.19.44:152][ 31]LogModuleManager: Shutting down and abandoning module TextureFormatAndroid (93)
[2021.01.18-09.19.44:152][ 31]LogModuleManager: Shutting down and abandoning module AudioFormatOpus (91)
[2021.01.18-09.19.44:152][ 31]LogModuleManager: Shutting down and abandoning module AudioFormatOgg (89)
[2021.01.18-09.19.44:152][ 31]LogModuleManager: Shutting down and abandoning module AudioFormatADPCM (87)
[2021.01.18-09.19.44:152][ 31]LogModuleManager: Shutting down and abandoning module WindowsTargetPlatform (85)
[2021.01.18-09.19.44:152][ 31]LogModuleManager: Shutting down and abandoning module WindowsServerTargetPlatform (83)
[2021.01.18-09.19.44:152][ 31]LogModuleManager: Shutting down and abandoning module WindowsNoEditorTargetPlatform (81)
[2021.01.18-09.19.44:152][ 31]LogModuleManager: Shutting down and abandoning module WindowsClientTargetPlatform (79)
[2021.01.18-09.19.44:152][ 31]LogModuleManager: Shutting down and abandoning module InputCore (76)
[2021.01.18-09.19.44:152][ 31]LogModuleManager: Shutting down and abandoning module Settings (74)
[2021.01.18-09.19.44:152][ 31]LogModuleManager: Shutting down and abandoning module PhysXCooking (72)
[2021.01.18-09.19.44:152][ 31]LogModuleManager: Shutting down and abandoning module OculusHMD (70)
[2021.01.18-09.19.44:152][ 31]LogModuleManager: Shutting down and abandoning module ExampleDeviceProfileSelector (68)
[2021.01.18-09.19.44:152][ 31]LogModuleManager: Shutting down and abandoning module LauncherChunkInstaller (66)
[2021.01.18-09.19.44:152][ 31]LogModuleManager: Shutting down and abandoning module OnlineBlueprintSupport (64)
[2021.01.18-09.19.44:152][ 31]LogModuleManager: Shutting down and abandoning module OnlineSubsystem (60)
[2021.01.18-09.19.44:152][ 31]LogOnline: Display: STEAM: OnlineSubsystemSteam::Shutdown()
[2021.01.18-09.19.44:152][ 31]LogOnline: STEAM: AUTH: Revoking all tickets.
[2021.01.18-09.19.44:488][ 31]LogOnline: Display: STEAM: OnlineSubsystemSteam::Shutdown()
[2021.01.18-09.19.44:488][ 31]LogModuleManager: Shutting down and abandoning module XMPP (55)
[2021.01.18-09.19.44:488][ 31]LogModuleManager: Shutting down and abandoning module WebSockets (54)
[2021.01.18-09.19.44:497][ 31]LogModuleManager: Shutting down and abandoning module HTTP (51)
[2021.01.18-09.19.44:523][ 31]LogModuleManager: Shutting down and abandoning module SSL (50)
[2021.01.18-09.19.44:524][ 31]LogModuleManager: Shutting down and abandoning module WmfMedia (46)
[2021.01.18-09.19.44:525][ 31]LogModuleManager: Shutting down and abandoning module Media (45)
[2021.01.18-09.19.44:531][ 31]LogModuleManager: Shutting down and abandoning module MagicLeap (42)
[2021.01.18-09.19.44:531][ 31]LogModuleManager: Shutting down and abandoning module DatasmithContent (40)
[2021.01.18-09.19.44:532][ 31]LogModuleManager: Shutting down and abandoning module AnimationModifiers (38)
[2021.01.18-09.19.44:532][ 31]LogModuleManager: Shutting down and abandoning module PropertyEditor (37)
[2021.01.18-09.19.44:532][ 31]LogModuleManager: Shutting down and abandoning module AudioEditor (34)
[2021.01.18-09.19.44:532][ 31]LogModuleManager: Shutting down and abandoning module TextureCompressor (32)
[2021.01.18-09.19.44:532][ 31]LogModuleManager: Shutting down and abandoning module RenderCore (30)
[2021.01.18-09.19.44:532][ 31]LogModuleManager: Shutting down and abandoning module Landscape (28)
[2021.01.18-09.19.44:532][ 31]LogModuleManager: Shutting down and abandoning module SlateRHIRenderer (26)
[2021.01.18-09.19.44:532][ 31]LogModuleManager: Shutting down and abandoning module OpenGLDrv (24)
[2021.01.18-09.19.44:532][ 31]LogModuleManager: Shutting down and abandoning module D3D11RHI (22)
[2021.01.18-09.19.44:532][ 31]LogModuleManager: Shutting down and abandoning module AnimGraphRuntime (20)
[2021.01.18-09.19.44:532][ 31]LogModuleManager: Shutting down and abandoning module Renderer (18)
[2021.01.18-09.19.44:532][ 31]LogModuleManager: Shutting down and abandoning module Engine (16)
[2021.01.18-09.19.44:532][ 31]LogModuleManager: Shutting down and abandoning module CoreUObject (14)
[2021.01.18-09.19.44:532][ 31]LogModuleManager: Shutting down and abandoning module NetworkFile (12)
[2021.01.18-09.19.44:532][ 31]LogModuleManager: Shutting down and abandoning module CookedIterativeFile (10)
[2021.01.18-09.19.44:532][ 31]LogModuleManager: Shutting down and abandoning module StreamingFile (8)
[2021.01.18-09.19.44:532][ 31]LogModuleManager: Shutting down and abandoning module SandboxFile (6)
[2021.01.18-09.19.44:532][ 31]LogModuleManager: Shutting down and abandoning module PakFile (4)
[2021.01.18-09.19.44:532][ 31]LogModuleManager: Shutting down and abandoning module RSA (3)
[2021.01.18-09.19.44:539][ 31]LogExit: Exiting.
[2021.01.18-09.19.44:575][ 31]Log file closed, 01/18/21 18:19:44
