Log file open, 01/18/21 18:52:32
LogWindows: Failed to load 'aqProf.dll' (GetLastError=126)
LogWindows: File 'aqProf.dll' does not exist
LogWindows: Failed to load 'VtuneApi.dll' (GetLastError=126)
LogWindows: File 'VtuneApi.dll' does not exist
LogWindows: Failed to load 'VtuneApi32e.dll' (GetLastError=126)
LogWindows: File 'VtuneApi32e.dll' does not exist
LogConsoleResponse: Display: Failed to find resolution value strings in scalability ini. Falling back to default.
LogInit: Display: Running engine for game: GrandTrenchWar
LogPakFile: Registered encryption key '00000000000000000000000000000000': 0 pak files mounted, 0 remain pending
LogPlatformFile: Not using cached read wrapper
LogTaskGraph: Started task graph with 5 named threads and 35 total threads with 3 sets of task threads.
LogStats: Stats thread started at 0.395560
LogD3D11RHI: Loaded GFSDK_Aftermath_Lib.x64.dll
LogICUInternationalization: ICU TimeZone Detection - Raw Offset: +9:00, Platform Override: ''
LogPluginManager: Mounting plugin Paper2D
LogPluginManager: Mounting plugin AISupport
LogPluginManager: Mounting plugin LightPropagationVolume
LogPluginManager: Mounting plugin ActorLayerUtilities
LogPluginManager: Mounting plugin AnimationSharing
LogPluginManager: Mounting plugin CLionSourceCodeAccess
LogPluginManager: Mounting plugin CodeLiteSourceCodeAccess
LogPluginManager: Mounting plugin GitSourceControl
LogPluginManager: Mounting plugin KDevelopSourceCodeAccess
LogPluginManager: Mounting plugin NullSourceCodeAccess
LogPluginManager: Mounting plugin PerforceSourceControl
LogPluginManager: Mounting plugin SubversionSourceControl
LogPluginManager: Mounting plugin UObjectPlugin
LogPluginManager: Mounting plugin VisualStudioCodeSourceCodeAccess
LogPluginManager: Mounting plugin VisualStudioSourceCodeAccess
LogPluginManager: Mounting plugin XCodeSourceCodeAccess
LogPluginManager: Mounting plugin AssetManagerEditor
LogPluginManager: Mounting plugin CryptoKeys
LogPluginManager: Mounting plugin DataValidation
LogPluginManager: Mounting plugin FacialAnimation
LogPluginManager: Mounting plugin GameplayTagsEditor
LogPluginManager: Mounting plugin MacGraphicsSwitching
LogPluginManager: Mounting plugin MaterialAnalyzer
LogPluginManager: Mounting plugin MobileLauncherProfileWizard
LogPluginManager: Mounting plugin PluginBrowser
LogPluginManager: Mounting plugin SpeedTreeImporter
LogPluginManager: Mounting plugin DatasmithContent
LogPluginManager: Mounting plugin VariantManagerContent
LogPluginManager: Mounting plugin AlembicImporter
LogPluginManager: Mounting plugin AppleImageUtils
LogPluginManager: Mounting plugin AppleVision
LogPluginManager: Mounting plugin BackChannel
LogPluginManager: Mounting plugin CharacterAI
LogPluginManager: Mounting plugin GeometryCache
LogPluginManager: Mounting plugin HTML5Networking
LogPluginManager: Mounting plugin ProxyLODPlugin
LogPluginManager: Mounting plugin SkeletalReduction
LogPluginManager: Mounting plugin MagicLeap
LogPluginManager: Mounting plugin MagicLeapMedia
LogPluginManager: Mounting plugin AndroidMedia
LogPluginManager: Mounting plugin AvfMedia
LogPluginManager: Mounting plugin ImgMedia
LogPluginManager: Mounting plugin LinearTimecode
LogPluginManager: Mounting plugin MediaCompositing
LogPluginManager: Mounting plugin MediaPlayerEditor
LogPluginManager: Mounting plugin WebMMedia
LogPluginManager: Mounting plugin WmfMedia
LogPluginManager: Mounting plugin TcpMessaging
LogPluginManager: Mounting plugin UdpMessaging
LogPluginManager: Mounting plugin ActorSequence
LogPluginManager: Mounting plugin LevelSequenceEditor
LogPluginManager: Mounting plugin MatineeToLevelSequence
LogPluginManager: Mounting plugin NetcodeUnitTest
LogPluginManager: Mounting plugin NUTUnrealEngine4
LogPluginManager: Mounting plugin OnlineSubsystemGooglePlay
LogPluginManager: Mounting plugin OnlineSubsystemIOS
LogPluginManager: Mounting plugin OnlineSubsystem
LogPluginManager: Mounting plugin OnlineSubsystemNull
LogPluginManager: Mounting plugin OnlineSubsystemSteam
LogPluginManager: Mounting plugin OnlineSubsystemUtils
LogPluginManager: Mounting plugin LauncherChunkInstaller
LogPluginManager: Mounting plugin AndroidDeviceProfileSelector
LogPluginManager: Mounting plugin AndroidMoviePlayer
LogPluginManager: Mounting plugin AndroidPermission
LogPluginManager: Mounting plugin AppleMoviePlayer
LogPluginManager: Mounting plugin ArchVisCharacter
LogPluginManager: Mounting plugin AudioCapture
LogPluginManager: Mounting plugin CableComponent
LogPluginManager: Mounting plugin CustomMeshComponent
LogPluginManager: Mounting plugin EditableMesh
LogPluginManager: Mounting plugin ExampleDeviceProfileSelector
LogPluginManager: Mounting plugin Firebase
LogPluginManager: Mounting plugin GoogleCloudMessaging
LogPluginManager: Mounting plugin IOSDeviceProfileSelector
LogPluginManager: Mounting plugin LinuxDeviceProfileSelector
LogPluginManager: Mounting plugin LocationServicesBPLibrary
LogPluginManager: Mounting plugin MobilePatchingUtils
LogPluginManager: Mounting plugin OculusVR
LogPluginManager: Mounting plugin PhysXVehicles
LogPluginManager: Mounting plugin ProceduralMeshComponent
LogPluginManager: Mounting plugin RuntimePhysXCooking
LogPluginManager: Mounting plugin SignificanceManager
LogPluginManager: Mounting plugin WebMMoviePlayer
LogPluginManager: Mounting plugin WindowsMoviePlayer
LogInit: Using libcurl 7.55.1-DEV
LogInit:  - built for x86_64-pc-win32
LogInit:  - supports SSL with OpenSSL/1.1.1
LogInit:  - supports HTTP deflate (compression) using libz 1.2.8
LogInit:  - other features:
LogInit:      CURL_VERSION_SSL
LogInit:      CURL_VERSION_LIBZ
LogInit:      CURL_VERSION_IPV6
LogInit:      CURL_VERSION_ASYNCHDNS
LogInit:      CURL_VERSION_LARGEFILE
LogInit:      CURL_VERSION_IDN
LogInit:  CurlRequestOptions (configurable via config and command line):
LogInit:  - bVerifyPeer = true  - Libcurl will verify peer certificate
LogInit:  - bUseHttpProxy = false  - Libcurl will NOT use HTTP proxy
LogInit:  - bDontReuseConnections = false  - Libcurl will reuse connections
LogInit:  - MaxHostConnections = 16  - Libcurl will limit the number of connections to a host
LogInit:  - LocalHostAddr = Default
LogInit:  - BufferSize = 65536
LogOnline: Display: STEAM: Loading Steam SDK 1.39
LogOnline: Display: STEAM: OnlineSubsystemSteam::Shutdown()
LogOnline: OSS: Unable to create OnlineSubsystem module Steam
LogInit: WinSock: version 1.1 (2.2), MaxSocks=32767, MaxUdp=65467
LogHMD: Failed initializing OVRPlugin 1.32.0
LogInit: Build: ++UE4+Release-4.22-CL-7053642
LogInit: Engine Version: 4.22.3-7053642+++UE4+Release-4.22
LogInit: Compatible Engine Version: 4.22.0-5660361+++UE4+Release-4.22
LogInit: Net CL: 5660361
LogInit: OS: Windows 10 (Release 1909) (), CPU: AMD Ryzen 5 3600 6-Core Processor              , GPU: NVIDIA GeForce RTX 2080
LogInit: Compiled (64-bit): Jun 18 2019 03:09:11
LogInit: Compiled with Visual C++: 19.16.27025.01
LogInit: Build Configuration: Development
LogInit: Branch Name: ++UE4+Release-4.22
LogInit: Command Line: 
LogInit: Base Directory: D:/UE4/UE_4.22/Engine/Binaries/Win64/
LogInit: Installed Engine Build: 1
LogDevObjectVersion: Number of dev versions registered: 23
LogDevObjectVersion:   Dev-Blueprints (B0D832E4-1F89-4F0D-ACCF-7EB736FD4AA2): 10
LogDevObjectVersion:   Dev-Build (E1C64328-A22C-4D53-A36C-8E866417BD8C): 0
LogDevObjectVersion:   Dev-Core (375EC13C-06E4-48FB-B500-84F0262A717E): 3
LogDevObjectVersion:   Dev-Editor (E4B068ED-F494-42E9-A231-DA0B2E46BB41): 30
LogDevObjectVersion:   Dev-Framework (CFFC743F-43B0-4480-9391-14DF171D2073): 35
LogDevObjectVersion:   Dev-Mobile (B02B49B5-BB20-44E9-A304-32B752E40360): 2
LogDevObjectVersion:   Dev-Networking (A4E4105C-59A1-49B5-A7C5-40C4547EDFEE): 0
LogDevObjectVersion:   Dev-Online (39C831C9-5AE6-47DC-9A44-9C173E1C8E7C): 0
LogDevObjectVersion:   Dev-Physics (78F01B33-EBEA-4F98-B9B4-84EACCB95AA2): 0
LogDevObjectVersion:   Dev-Platform (6631380F-2D4D-43E0-8009-CF276956A95A): 0
LogDevObjectVersion:   Dev-Rendering (12F88B9F-8875-4AFC-A67C-D90C383ABD29): 28
LogDevObjectVersion:   Dev-Sequencer (7B5AE74C-D270-4C10-A958-57980B212A5A): 11
LogDevObjectVersion:   Dev-VR (D7296918-1DD6-4BDD-9DE2-64A83CC13884): 2
LogDevObjectVersion:   Dev-LoadTimes (C2A15278-BFE7-4AFE-6C17-90FF531DF755): 1
LogDevObjectVersion:   Private-Geometry (6EACA3D4-40EC-4CC1-B786-8BED09428FC5): 3
LogDevObjectVersion:   Dev-AnimPhys (29E575DD-E0A3-4627-9D10-D276232CDCEA): 17
LogDevObjectVersion:   Dev-Anim (AF43A65D-7FD3-4947-9873-3E8ED9C1BB05): 2
LogDevObjectVersion:   Dev-ReflectionCapture (6B266CEC-1EC7-4B8F-A30B-E4D90942FC07): 1
LogDevObjectVersion:   Dev-Automation (0DF73D61-A23F-47EA-B727-89E90C41499A): 1
LogDevObjectVersion:   FortniteMain (601D1886-AC64-4F84-AA16-D3DE0DEAC7D6): 25
LogDevObjectVersion:   Dev-Enterprise (9DFFBCD6-494F-0158-E221-12823C92A888): 6
LogDevObjectVersion:   Dev-Niagara (F2AED0AC-9AFE-416F-8664-AA7FFA26D6FC): 1
LogDevObjectVersion:   Dev-Destruction (174F1F0B-B4C6-45A5-B13F-2EE8D0FB917D): 2
LogInit: Presizing for max 16777216 objects, including 0 objects not considered by GC, pre-allocating 0 bytes for permanent pool.
LogInit: Object subsystem initialized
LogConfig: Setting CVar [[con.DebugEarlyDefault:1]]
LogConfig: Setting CVar [[r.setres:1280x720]]
[2021.01.18-09.52.33:100][  0]LogConfig: Setting CVar [[r.VSync:0]]
[2021.01.18-09.52.33:100][  0]LogConfig: Setting CVar [[r.RHICmdBypass:0]]
[2021.01.18-09.52.33:100][  0]LogConfig: Applying CVar settings from Section [/Script/Engine.RendererSettings] File [D:/Git/Unreal_GrandTrenchWar/Unreal_GrandTrenchWar/GrandTrenchWar/Saved/Config/Windows/Engine.ini]
[2021.01.18-09.52.33:100][  0]LogConfig: Setting CVar [[r.GPUCrashDebugging:0]]
[2021.01.18-09.52.33:100][  0]LogConfig: Applying CVar settings from Section [/Script/Engine.RendererOverrideSettings] File [D:/Git/Unreal_GrandTrenchWar/Unreal_GrandTrenchWar/GrandTrenchWar/Saved/Config/Windows/Engine.ini]
[2021.01.18-09.52.33:100][  0]LogConfig: Applying CVar settings from Section [/Script/Engine.StreamingSettings] File [D:/Git/Unreal_GrandTrenchWar/Unreal_GrandTrenchWar/GrandTrenchWar/Saved/Config/Windows/Engine.ini]
[2021.01.18-09.52.33:100][  0]LogConfig: Setting CVar [[s.MinBulkDataSizeForAsyncLoading:131072]]
[2021.01.18-09.52.33:100][  0]LogConfig: Setting CVar [[s.AsyncLoadingThreadEnabled:0]]
[2021.01.18-09.52.33:100][  0]LogConfig: Setting CVar [[s.EventDrivenLoaderEnabled:1]]
[2021.01.18-09.52.33:100][  0]LogConfig: Setting CVar [[s.WarnIfTimeLimitExceeded:0]]
[2021.01.18-09.52.33:100][  0]LogConfig: Setting CVar [[s.TimeLimitExceededMultiplier:1.5]]
[2021.01.18-09.52.33:100][  0]LogConfig: Setting CVar [[s.TimeLimitExceededMinTime:0.005]]
[2021.01.18-09.52.33:100][  0]LogConfig: Setting CVar [[s.UseBackgroundLevelStreaming:1]]
[2021.01.18-09.52.33:100][  0]LogConfig: Setting CVar [[s.PriorityAsyncLoadingExtraTime:15.0]]
[2021.01.18-09.52.33:100][  0]LogConfig: Setting CVar [[s.LevelStreamingActorsUpdateTimeLimit:5.0]]
[2021.01.18-09.52.33:100][  0]LogConfig: Setting CVar [[s.PriorityLevelStreamingActorsUpdateExtraTime:5.0]]
[2021.01.18-09.52.33:100][  0]LogConfig: Setting CVar [[s.LevelStreamingComponentsRegistrationGranularity:10]]
[2021.01.18-09.52.33:100][  0]LogConfig: Setting CVar [[s.UnregisterComponentsTimeLimit:1.0]]
[2021.01.18-09.52.33:100][  0]LogConfig: Setting CVar [[s.LevelStreamingComponentsUnregistrationGranularity:5]]
[2021.01.18-09.52.33:101][  0]LogConfig: Applying CVar settings from Section [/Script/Engine.GarbageCollectionSettings] File [D:/Git/Unreal_GrandTrenchWar/Unreal_GrandTrenchWar/GrandTrenchWar/Saved/Config/Windows/Engine.ini]
[2021.01.18-09.52.33:101][  0]LogConfig: Setting CVar [[gc.MaxObjectsNotConsideredByGC:1]]
[2021.01.18-09.52.33:101][  0]LogConfig: Setting CVar [[gc.SizeOfPermanentObjectPool:0]]
[2021.01.18-09.52.33:101][  0]LogConfig: Setting CVar [[gc.FlushStreamingOnGC:0]]
[2021.01.18-09.52.33:101][  0]LogConfig: Setting CVar [[gc.NumRetriesBeforeForcingGC:10]]
[2021.01.18-09.52.33:101][  0]LogConfig: Setting CVar [[gc.AllowParallelGC:1]]
[2021.01.18-09.52.33:101][  0]LogConfig: Setting CVar [[gc.TimeBetweenPurgingPendingKillObjects:61.1]]
[2021.01.18-09.52.33:101][  0]LogConfig: Setting CVar [[gc.MaxObjectsInEditor:16777216]]
[2021.01.18-09.52.33:101][  0]LogConfig: Setting CVar [[gc.IncrementalBeginDestroyEnabled:1]]
[2021.01.18-09.52.33:101][  0]LogConfig: Setting CVar [[gc.CreateGCClusters:1]]
[2021.01.18-09.52.33:101][  0]LogConfig: Setting CVar [[gc.MinGCClusterSize:5]]
[2021.01.18-09.52.33:101][  0]LogConfig: Setting CVar [[gc.ActorClusteringEnabled:0]]
[2021.01.18-09.52.33:101][  0]LogConfig: Setting CVar [[gc.BlueprintClusteringEnabled:0]]
[2021.01.18-09.52.33:101][  0]LogConfig: Setting CVar [[gc.UseDisregardForGCOnDedicatedServers:0]]
[2021.01.18-09.52.33:101][  0]LogConfig: Applying CVar settings from Section [/Script/Engine.NetworkSettings] File [D:/Git/Unreal_GrandTrenchWar/Unreal_GrandTrenchWar/GrandTrenchWar/Saved/Config/Windows/Engine.ini]
[2021.01.18-09.52.33:101][  0]LogConfig: Applying CVar settings from Section [/Script/UnrealEd.CookerSettings] File [D:/Git/Unreal_GrandTrenchWar/Unreal_GrandTrenchWar/GrandTrenchWar/Saved/Config/Windows/Engine.ini]
[2021.01.18-09.52.33:106][  0]LogConfig: Applying CVar settings from Section [ViewDistanceQuality@3] File [D:/Git/Unreal_GrandTrenchWar/Unreal_GrandTrenchWar/GrandTrenchWar/Saved/Config/Windows/Scalability.ini]
[2021.01.18-09.52.33:106][  0]LogConfig: Setting CVar [[r.SkeletalMeshLODBias:0]]
[2021.01.18-09.52.33:106][  0]LogConfig: Setting CVar [[r.ViewDistanceScale:1.0]]
[2021.01.18-09.52.33:106][  0]LogConfig: Applying CVar settings from Section [AntiAliasingQuality@3] File [D:/Git/Unreal_GrandTrenchWar/Unreal_GrandTrenchWar/GrandTrenchWar/Saved/Config/Windows/Scalability.ini]
[2021.01.18-09.52.33:106][  0]LogConfig: Setting CVar [[r.PostProcessAAQuality:4]]
[2021.01.18-09.52.33:106][  0]LogConfig: Applying CVar settings from Section [ShadowQuality@3] File [D:/Git/Unreal_GrandTrenchWar/Unreal_GrandTrenchWar/GrandTrenchWar/Saved/Config/Windows/Scalability.ini]
[2021.01.18-09.52.33:106][  0]LogConfig: Setting CVar [[r.LightFunctionQuality:1]]
[2021.01.18-09.52.33:106][  0]LogConfig: Setting CVar [[r.ShadowQuality:5]]
[2021.01.18-09.52.33:106][  0]LogConfig: Setting CVar [[r.Shadow.CSM.MaxCascades:10]]
[2021.01.18-09.52.33:106][  0]LogConfig: Setting CVar [[r.Shadow.MaxResolution:2048]]
[2021.01.18-09.52.33:106][  0]LogConfig: Setting CVar [[r.Shadow.MaxCSMResolution:2048]]
[2021.01.18-09.52.33:106][  0]LogConfig: Setting CVar [[r.Shadow.RadiusThreshold:0.01]]
[2021.01.18-09.52.33:106][  0]LogConfig: Setting CVar [[r.Shadow.DistanceScale:1.0]]
[2021.01.18-09.52.33:106][  0]LogConfig: Setting CVar [[r.Shadow.CSM.TransitionScale:1.0]]
[2021.01.18-09.52.33:106][  0]LogConfig: Setting CVar [[r.Shadow.PreShadowResolutionFactor:1.0]]
[2021.01.18-09.52.33:106][  0]LogConfig: Setting CVar [[r.DistanceFieldShadowing:1]]
[2021.01.18-09.52.33:107][  0]LogConfig: Setting CVar [[r.DistanceFieldAO:1]]
[2021.01.18-09.52.33:107][  0]LogConfig: Setting CVar [[r.AOQuality:2]]
[2021.01.18-09.52.33:107][  0]LogConfig: Setting CVar [[r.VolumetricFog:1]]
[2021.01.18-09.52.33:107][  0]LogConfig: Setting CVar [[r.VolumetricFog.GridPixelSize:8]]
[2021.01.18-09.52.33:107][  0]LogConfig: Setting CVar [[r.VolumetricFog.GridSizeZ:128]]
[2021.01.18-09.52.33:107][  0]LogConfig: Setting CVar [[r.VolumetricFog.HistoryMissSupersampleCount:4]]
[2021.01.18-09.52.33:107][  0]LogConfig: Setting CVar [[r.LightMaxDrawDistanceScale:1]]
[2021.01.18-09.52.33:107][  0]LogConfig: Setting CVar [[r.CapsuleShadows:1]]
[2021.01.18-09.52.33:107][  0]LogConfig: Applying CVar settings from Section [PostProcessQuality@3] File [D:/Git/Unreal_GrandTrenchWar/Unreal_GrandTrenchWar/GrandTrenchWar/Saved/Config/Windows/Scalability.ini]
[2021.01.18-09.52.33:107][  0]LogConfig: Setting CVar [[r.MotionBlurQuality:4]]
[2021.01.18-09.52.33:107][  0]LogConfig: Setting CVar [[r.AmbientOcclusionMipLevelFactor:0.4]]
[2021.01.18-09.52.33:107][  0]LogConfig: Setting CVar [[r.AmbientOcclusionMaxQuality:100]]
[2021.01.18-09.52.33:107][  0]LogConfig: Setting CVar [[r.AmbientOcclusionLevels:-1]]
[2021.01.18-09.52.33:107][  0]LogConfig: Setting CVar [[r.AmbientOcclusionRadiusScale:1.0]]
[2021.01.18-09.52.33:107][  0]LogConfig: Setting CVar [[r.DepthOfFieldQuality:2]]
[2021.01.18-09.52.33:107][  0]LogConfig: Setting CVar [[r.RenderTargetPoolMin:400]]
[2021.01.18-09.52.33:107][  0]LogConfig: Setting CVar [[r.LensFlareQuality:2]]
[2021.01.18-09.52.33:107][  0]LogConfig: Setting CVar [[r.SceneColorFringeQuality:1]]
[2021.01.18-09.52.33:107][  0]LogConfig: Setting CVar [[r.EyeAdaptationQuality:2]]
[2021.01.18-09.52.33:107][  0]LogConfig: Setting CVar [[r.BloomQuality:5]]
[2021.01.18-09.52.33:107][  0]LogConfig: Setting CVar [[r.FastBlurThreshold:100]]
[2021.01.18-09.52.33:107][  0]LogConfig: Setting CVar [[r.Upscale.Quality:3]]
[2021.01.18-09.52.33:107][  0]LogConfig: Setting CVar [[r.Tonemapper.GrainQuantization:1]]
[2021.01.18-09.52.33:107][  0]LogConfig: Setting CVar [[r.LightShaftQuality:1]]
[2021.01.18-09.52.33:107][  0]LogConfig: Setting CVar [[r.Filter.SizeScale:1]]
[2021.01.18-09.52.33:107][  0]LogConfig: Setting CVar [[r.Tonemapper.Quality:5]]
[2021.01.18-09.52.33:107][  0]LogConfig: Setting CVar [[r.DOF.Gather.AccumulatorQuality:1        ; higher gathering accumulator quality]]
[2021.01.18-09.52.33:107][  0]LogConfig: Setting CVar [[r.DOF.Gather.PostfilterMethod:1          ; Median3x3 postfilering method]]
[2021.01.18-09.52.33:107][  0]LogConfig: Setting CVar [[r.DOF.Gather.EnableBokehSettings:0       ; no bokeh simulation when gathering]]
[2021.01.18-09.52.33:107][  0]LogConfig: Setting CVar [[r.DOF.Gather.RingCount:4                 ; medium number of samples when gathering]]
[2021.01.18-09.52.33:107][  0]LogConfig: Setting CVar [[r.DOF.Scatter.ForegroundCompositing:1    ; additive foreground scattering]]
[2021.01.18-09.52.33:107][  0]LogConfig: Setting CVar [[r.DOF.Scatter.BackgroundCompositing:2    ; additive background scattering]]
[2021.01.18-09.52.33:107][  0]LogConfig: Setting CVar [[r.DOF.Scatter.EnableBokehSettings:1      ; bokeh simulation when scattering]]
[2021.01.18-09.52.33:107][  0]LogConfig: Setting CVar [[r.DOF.Scatter.MaxSpriteRatio:0.1         ; only a maximum of 10% of scattered bokeh]]
[2021.01.18-09.52.33:107][  0]LogConfig: Setting CVar [[r.DOF.Recombine.Quality:1                ; cheap slight out of focus]]
[2021.01.18-09.52.33:107][  0]LogConfig: Setting CVar [[r.DOF.Recombine.EnableBokehSettings:0    ; no bokeh simulation on slight out of focus]]
[2021.01.18-09.52.33:107][  0]LogConfig: Setting CVar [[r.DOF.TemporalAAQuality:1                ; more stable temporal accumulation]]
[2021.01.18-09.52.33:107][  0]LogConfig: Setting CVar [[r.DOF.Kernel.MaxForegroundRadius:0.025]]
[2021.01.18-09.52.33:107][  0]LogConfig: Setting CVar [[r.DOF.Kernel.MaxBackgroundRadius:0.025]]
[2021.01.18-09.52.33:107][  0]LogConfig: Applying CVar settings from Section [TextureQuality@3] File [D:/Git/Unreal_GrandTrenchWar/Unreal_GrandTrenchWar/GrandTrenchWar/Saved/Config/Windows/Scalability.ini]
[2021.01.18-09.52.33:107][  0]LogConfig: Setting CVar [[r.Streaming.MipBias:0]]
[2021.01.18-09.52.33:107][  0]LogConfig: Setting CVar [[r.Streaming.AmortizeCPUToGPUCopy:0]]
[2021.01.18-09.52.33:107][  0]LogConfig: Setting CVar [[r.Streaming.MaxNumTexturesToStreamPerFrame:0]]
[2021.01.18-09.52.33:107][  0]LogConfig: Setting CVar [[r.Streaming.Boost:1]]
[2021.01.18-09.52.33:107][  0]LogConfig: Setting CVar [[r.MaxAnisotropy:8]]
[2021.01.18-09.52.33:107][  0]LogConfig: Setting CVar [[r.Streaming.LimitPoolSizeToVRAM:0]]
[2021.01.18-09.52.33:107][  0]LogConfig: Setting CVar [[r.Streaming.PoolSize:1000]]
[2021.01.18-09.52.33:107][  0]LogConfig: Setting CVar [[r.Streaming.MaxEffectiveScreenSize:0]]
[2021.01.18-09.52.33:107][  0]LogConfig: Applying CVar settings from Section [EffectsQuality@3] File [D:/Git/Unreal_GrandTrenchWar/Unreal_GrandTrenchWar/GrandTrenchWar/Saved/Config/Windows/Scalability.ini]
[2021.01.18-09.52.33:107][  0]LogConfig: Setting CVar [[r.TranslucencyLightingVolumeDim:64]]
[2021.01.18-09.52.33:107][  0]LogConfig: Setting CVar [[r.RefractionQuality:2]]
[2021.01.18-09.52.33:107][  0]LogConfig: Setting CVar [[r.SSR.Quality:3]]
[2021.01.18-09.52.33:107][  0]LogConfig: Setting CVar [[r.SceneColorFormat:4]]
[2021.01.18-09.52.33:107][  0]LogConfig: Setting CVar [[r.DetailMode:2]]
[2021.01.18-09.52.33:107][  0]LogConfig: Setting CVar [[r.TranslucencyVolumeBlur:1]]
[2021.01.18-09.52.33:107][  0]LogConfig: Setting CVar [[r.MaterialQualityLevel:1 ; High quality]]
[2021.01.18-09.52.33:107][  0]LogConfig: Setting CVar [[r.SSS.Scale:1]]
[2021.01.18-09.52.33:107][  0]LogConfig: Setting CVar [[r.SSS.SampleSet:2]]
[2021.01.18-09.52.33:107][  0]LogConfig: Setting CVar [[r.SSS.Quality:1]]
[2021.01.18-09.52.33:107][  0]LogConfig: Setting CVar [[r.SSS.HalfRes:1]]
[2021.01.18-09.52.33:107][  0]LogConfig: Setting CVar [[r.EmitterSpawnRateScale:1.0]]
[2021.01.18-09.52.33:107][  0]LogConfig: Setting CVar [[r.ParticleLightQuality:2]]
[2021.01.18-09.52.33:107][  0]LogConfig: Applying CVar settings from Section [FoliageQuality@3] File [D:/Git/Unreal_GrandTrenchWar/Unreal_GrandTrenchWar/GrandTrenchWar/Saved/Config/Windows/Scalability.ini]
[2021.01.18-09.52.33:107][  0]LogConfig: Setting CVar [[foliage.DensityScale:1.0]]
[2021.01.18-09.52.33:107][  0]LogConfig: Setting CVar [[grass.DensityScale:1.0]]
[2021.01.18-09.52.33:107][  0]LogInit: Selected Device Profile: [Windows]
[2021.01.18-09.52.33:107][  0]LogInit: Applying CVar settings loaded from the selected device profile: [Windows]
[2021.01.18-09.52.33:117][  0]LogHAL: Display: Platform has ~ 48 GB [51486453760 / 68719476736 / 48], which maps to Largest [LargestMinGB=32, LargerMinGB=12, DefaultMinGB=8, SmallerMinGB=6, SmallestMinGB=0)
[2021.01.18-09.52.33:117][  0]LogConfig: Setting CVar [[r.Vulkan.UseRealUBs:0		; Required until we fix HLR fall-out]]
[2021.01.18-09.52.33:117][  0]LogInit: Going up to parent DeviceProfile []
[2021.01.18-09.52.33:117][  0]LogConfig: Applying CVar settings from Section [ViewDistanceQuality@3] File [D:/Git/Unreal_GrandTrenchWar/Unreal_GrandTrenchWar/GrandTrenchWar/Saved/Config/Windows/Scalability.ini]
[2021.01.18-09.52.33:117][  0]LogConfig: Setting CVar [[r.SkeletalMeshLODBias:0]]
[2021.01.18-09.52.33:118][  0]LogConfig: Setting CVar [[r.ViewDistanceScale:1.0]]
[2021.01.18-09.52.33:118][  0]LogConfig: Applying CVar settings from Section [AntiAliasingQuality@3] File [D:/Git/Unreal_GrandTrenchWar/Unreal_GrandTrenchWar/GrandTrenchWar/Saved/Config/Windows/Scalability.ini]
[2021.01.18-09.52.33:118][  0]LogConfig: Setting CVar [[r.PostProcessAAQuality:4]]
[2021.01.18-09.52.33:118][  0]LogConfig: Applying CVar settings from Section [ShadowQuality@3] File [D:/Git/Unreal_GrandTrenchWar/Unreal_GrandTrenchWar/GrandTrenchWar/Saved/Config/Windows/Scalability.ini]
[2021.01.18-09.52.33:118][  0]LogConfig: Setting CVar [[r.LightFunctionQuality:1]]
[2021.01.18-09.52.33:118][  0]LogConfig: Setting CVar [[r.ShadowQuality:5]]
[2021.01.18-09.52.33:118][  0]LogConfig: Setting CVar [[r.Shadow.CSM.MaxCascades:10]]
[2021.01.18-09.52.33:118][  0]LogConfig: Setting CVar [[r.Shadow.MaxResolution:2048]]
[2021.01.18-09.52.33:118][  0]LogConfig: Setting CVar [[r.Shadow.MaxCSMResolution:2048]]
[2021.01.18-09.52.33:118][  0]LogConfig: Setting CVar [[r.Shadow.RadiusThreshold:0.01]]
[2021.01.18-09.52.33:118][  0]LogConfig: Setting CVar [[r.Shadow.DistanceScale:1.0]]
[2021.01.18-09.52.33:118][  0]LogConfig: Setting CVar [[r.Shadow.CSM.TransitionScale:1.0]]
[2021.01.18-09.52.33:118][  0]LogConfig: Setting CVar [[r.Shadow.PreShadowResolutionFactor:1.0]]
[2021.01.18-09.52.33:118][  0]LogConfig: Setting CVar [[r.DistanceFieldShadowing:1]]
[2021.01.18-09.52.33:118][  0]LogConfig: Setting CVar [[r.DistanceFieldAO:1]]
[2021.01.18-09.52.33:118][  0]LogConfig: Setting CVar [[r.AOQuality:2]]
[2021.01.18-09.52.33:118][  0]LogConfig: Setting CVar [[r.VolumetricFog:1]]
[2021.01.18-09.52.33:118][  0]LogConfig: Setting CVar [[r.VolumetricFog.GridPixelSize:8]]
[2021.01.18-09.52.33:118][  0]LogConfig: Setting CVar [[r.VolumetricFog.GridSizeZ:128]]
[2021.01.18-09.52.33:118][  0]LogConfig: Setting CVar [[r.VolumetricFog.HistoryMissSupersampleCount:4]]
[2021.01.18-09.52.33:118][  0]LogConfig: Setting CVar [[r.LightMaxDrawDistanceScale:1]]
[2021.01.18-09.52.33:118][  0]LogConfig: Setting CVar [[r.CapsuleShadows:1]]
[2021.01.18-09.52.33:118][  0]LogConfig: Applying CVar settings from Section [PostProcessQuality@3] File [D:/Git/Unreal_GrandTrenchWar/Unreal_GrandTrenchWar/GrandTrenchWar/Saved/Config/Windows/Scalability.ini]
[2021.01.18-09.52.33:118][  0]LogConfig: Setting CVar [[r.MotionBlurQuality:4]]
[2021.01.18-09.52.33:118][  0]LogConfig: Setting CVar [[r.AmbientOcclusionMipLevelFactor:0.4]]
[2021.01.18-09.52.33:118][  0]LogConfig: Setting CVar [[r.AmbientOcclusionMaxQuality:100]]
[2021.01.18-09.52.33:118][  0]LogConfig: Setting CVar [[r.AmbientOcclusionLevels:-1]]
[2021.01.18-09.52.33:118][  0]LogConfig: Setting CVar [[r.AmbientOcclusionRadiusScale:1.0]]
[2021.01.18-09.52.33:118][  0]LogConfig: Setting CVar [[r.DepthOfFieldQuality:2]]
[2021.01.18-09.52.33:118][  0]LogConfig: Setting CVar [[r.RenderTargetPoolMin:400]]
[2021.01.18-09.52.33:118][  0]LogConfig: Setting CVar [[r.LensFlareQuality:2]]
[2021.01.18-09.52.33:118][  0]LogConfig: Setting CVar [[r.SceneColorFringeQuality:1]]
[2021.01.18-09.52.33:118][  0]LogConfig: Setting CVar [[r.EyeAdaptationQuality:2]]
[2021.01.18-09.52.33:118][  0]LogConfig: Setting CVar [[r.BloomQuality:5]]
[2021.01.18-09.52.33:118][  0]LogConfig: Setting CVar [[r.FastBlurThreshold:100]]
[2021.01.18-09.52.33:118][  0]LogConfig: Setting CVar [[r.Upscale.Quality:3]]
[2021.01.18-09.52.33:118][  0]LogConfig: Setting CVar [[r.Tonemapper.GrainQuantization:1]]
[2021.01.18-09.52.33:118][  0]LogConfig: Setting CVar [[r.LightShaftQuality:1]]
[2021.01.18-09.52.33:118][  0]LogConfig: Setting CVar [[r.Filter.SizeScale:1]]
[2021.01.18-09.52.33:118][  0]LogConfig: Setting CVar [[r.Tonemapper.Quality:5]]
[2021.01.18-09.52.33:118][  0]LogConfig: Setting CVar [[r.DOF.Gather.AccumulatorQuality:1        ; higher gathering accumulator quality]]
[2021.01.18-09.52.33:118][  0]LogConfig: Setting CVar [[r.DOF.Gather.PostfilterMethod:1          ; Median3x3 postfilering method]]
[2021.01.18-09.52.33:118][  0]LogConfig: Setting CVar [[r.DOF.Gather.EnableBokehSettings:0       ; no bokeh simulation when gathering]]
[2021.01.18-09.52.33:118][  0]LogConfig: Setting CVar [[r.DOF.Gather.RingCount:4                 ; medium number of samples when gathering]]
[2021.01.18-09.52.33:118][  0]LogConfig: Setting CVar [[r.DOF.Scatter.ForegroundCompositing:1    ; additive foreground scattering]]
[2021.01.18-09.52.33:118][  0]LogConfig: Setting CVar [[r.DOF.Scatter.BackgroundCompositing:2    ; additive background scattering]]
[2021.01.18-09.52.33:118][  0]LogConfig: Setting CVar [[r.DOF.Scatter.EnableBokehSettings:1      ; bokeh simulation when scattering]]
[2021.01.18-09.52.33:118][  0]LogConfig: Setting CVar [[r.DOF.Scatter.MaxSpriteRatio:0.1         ; only a maximum of 10% of scattered bokeh]]
[2021.01.18-09.52.33:118][  0]LogConfig: Setting CVar [[r.DOF.Recombine.Quality:1                ; cheap slight out of focus]]
[2021.01.18-09.52.33:118][  0]LogConfig: Setting CVar [[r.DOF.Recombine.EnableBokehSettings:0    ; no bokeh simulation on slight out of focus]]
[2021.01.18-09.52.33:118][  0]LogConfig: Setting CVar [[r.DOF.TemporalAAQuality:1                ; more stable temporal accumulation]]
[2021.01.18-09.52.33:118][  0]LogConfig: Setting CVar [[r.DOF.Kernel.MaxForegroundRadius:0.025]]
[2021.01.18-09.52.33:118][  0]LogConfig: Setting CVar [[r.DOF.Kernel.MaxBackgroundRadius:0.025]]
[2021.01.18-09.52.33:118][  0]LogConfig: Applying CVar settings from Section [TextureQuality@3] File [D:/Git/Unreal_GrandTrenchWar/Unreal_GrandTrenchWar/GrandTrenchWar/Saved/Config/Windows/Scalability.ini]
[2021.01.18-09.52.33:118][  0]LogConfig: Setting CVar [[r.Streaming.MipBias:0]]
[2021.01.18-09.52.33:118][  0]LogConfig: Setting CVar [[r.Streaming.AmortizeCPUToGPUCopy:0]]
[2021.01.18-09.52.33:118][  0]LogConfig: Setting CVar [[r.Streaming.MaxNumTexturesToStreamPerFrame:0]]
[2021.01.18-09.52.33:118][  0]LogConfig: Setting CVar [[r.Streaming.Boost:1]]
[2021.01.18-09.52.33:118][  0]LogConfig: Setting CVar [[r.MaxAnisotropy:8]]
[2021.01.18-09.52.33:118][  0]LogConfig: Setting CVar [[r.Streaming.LimitPoolSizeToVRAM:0]]
[2021.01.18-09.52.33:118][  0]LogConfig: Setting CVar [[r.Streaming.PoolSize:1000]]
[2021.01.18-09.52.33:118][  0]LogConfig: Setting CVar [[r.Streaming.MaxEffectiveScreenSize:0]]
[2021.01.18-09.52.33:118][  0]LogConfig: Applying CVar settings from Section [EffectsQuality@3] File [D:/Git/Unreal_GrandTrenchWar/Unreal_GrandTrenchWar/GrandTrenchWar/Saved/Config/Windows/Scalability.ini]
[2021.01.18-09.52.33:118][  0]LogConfig: Setting CVar [[r.TranslucencyLightingVolumeDim:64]]
[2021.01.18-09.52.33:118][  0]LogConfig: Setting CVar [[r.RefractionQuality:2]]
[2021.01.18-09.52.33:118][  0]LogConfig: Setting CVar [[r.SSR.Quality:3]]
[2021.01.18-09.52.33:118][  0]LogConfig: Setting CVar [[r.SceneColorFormat:4]]
[2021.01.18-09.52.33:118][  0]LogConfig: Setting CVar [[r.DetailMode:2]]
[2021.01.18-09.52.33:118][  0]LogConfig: Setting CVar [[r.TranslucencyVolumeBlur:1]]
[2021.01.18-09.52.33:118][  0]LogConfig: Setting CVar [[r.MaterialQualityLevel:1 ; High quality]]
[2021.01.18-09.52.33:118][  0]LogConfig: Setting CVar [[r.SSS.Scale:1]]
[2021.01.18-09.52.33:118][  0]LogConfig: Setting CVar [[r.SSS.SampleSet:2]]
[2021.01.18-09.52.33:118][  0]LogConfig: Setting CVar [[r.SSS.Quality:1]]
[2021.01.18-09.52.33:118][  0]LogConfig: Setting CVar [[r.SSS.HalfRes:1]]
[2021.01.18-09.52.33:118][  0]LogConfig: Setting CVar [[r.EmitterSpawnRateScale:1.0]]
[2021.01.18-09.52.33:118][  0]LogConfig: Setting CVar [[r.ParticleLightQuality:2]]
[2021.01.18-09.52.33:118][  0]LogConfig: Applying CVar settings from Section [FoliageQuality@3] File [D:/Git/Unreal_GrandTrenchWar/Unreal_GrandTrenchWar/GrandTrenchWar/Saved/Config/Windows/Scalability.ini]
[2021.01.18-09.52.33:118][  0]LogConfig: Setting CVar [[foliage.DensityScale:1.0]]
[2021.01.18-09.52.33:118][  0]LogConfig: Setting CVar [[grass.DensityScale:1.0]]
[2021.01.18-09.52.33:118][  0]LogConfig: Applying CVar settings from Section [Startup] File [../../../Engine/Config/ConsoleVariables.ini]
[2021.01.18-09.52.33:119][  0]LogConfig: Setting CVar [[net.UseAdaptiveNetUpdateFrequency:0]]
[2021.01.18-09.52.33:119][  0]LogConfig: Setting CVar [[p.chaos.AllowCreatePhysxBodies:1]]
[2021.01.18-09.52.33:119][  0]LogConfig: Applying CVar settings from Section [ConsoleVariables] File [D:/Git/Unreal_GrandTrenchWar/Unreal_GrandTrenchWar/GrandTrenchWar/Saved/Config/Windows/Engine.ini]
[2021.01.18-09.52.33:119][  0]LogInit: Computer: DESKTOP-4IV1O4J
[2021.01.18-09.52.33:119][  0]LogInit: User: 강건
[2021.01.18-09.52.33:119][  0]LogInit: CPU Page size=4096, Cores=6
[2021.01.18-09.52.33:119][  0]LogInit: High frequency timer resolution =10.000000 MHz
[2021.01.18-09.52.33:119][  0]LogMemory: Memory total: Physical=48.0GB (48GB approx)
[2021.01.18-09.52.33:119][  0]LogMemory: Platform Memory Stats for Windows
[2021.01.18-09.52.33:119][  0]LogMemory: Process Physical Memory: 102.09 MB used, 102.09 MB peak
[2021.01.18-09.52.33:119][  0]LogMemory: Process Virtual Memory: 95.13 MB used, 95.13 MB peak
[2021.01.18-09.52.33:119][  0]LogMemory: Physical Memory: 9488.98 MB used,  39612.33 MB free, 49101.31 MB total
[2021.01.18-09.52.33:119][  0]LogMemory: Virtual Memory: 4677.30 MB used,  134213048.00 MB free, 134217728.00 MB total
[2021.01.18-09.52.33:220][  0]LogInit: Overriding language with editor language configuration option (en).
[2021.01.18-09.52.33:220][  0]LogInit: Overriding locale with editor culture configuration option ().
[2021.01.18-09.52.33:220][  0]LogInit: Using OS detected locale (ko-KR).
[2021.01.18-09.52.33:358][  0]LogInit: Setting process to per monitor DPI aware
[2021.01.18-09.52.33:425][  0]LogSlate: New Slate User Created.  User Index 0, Is Virtual User: 0
[2021.01.18-09.52.33:425][  0]LogSlate: Slate User Registered.  User Index 0, Is Virtual User: 0
[2021.01.18-09.52.33:640][  0]LogD3D11RHI: D3D11 adapters:
[2021.01.18-09.52.33:733][  0]LogD3D11RHI:    0. 'NVIDIA GeForce RTX 2080' (Feature Level 11_0)
[2021.01.18-09.52.33:733][  0]LogD3D11RHI:       8010/0/24550 MB DedicatedVideo/DedicatedSystem/SharedSystem, Outputs:2, VendorId:0x10de
[2021.01.18-09.52.33:737][  0]LogD3D11RHI:    1. 'Microsoft Basic Render Driver' (Feature Level 11_0)
[2021.01.18-09.52.33:737][  0]LogD3D11RHI:       0/0/24550 MB DedicatedVideo/DedicatedSystem/SharedSystem, Outputs:0, VendorId:0x1414
[2021.01.18-09.52.33:737][  0]LogD3D11RHI: Chosen D3D11 Adapter: 0
[2021.01.18-09.52.33:745][  0]LogD3D11RHI: Creating new Direct3DDevice
[2021.01.18-09.52.33:745][  0]LogD3D11RHI:     GPU DeviceId: 0x1e87 (for the marketing name, search the web for "GPU Device Id")
[2021.01.18-09.52.33:745][  0]LogWindows: EnumDisplayDevices:
[2021.01.18-09.52.33:746][  0]LogWindows:    0. 'NVIDIA GeForce RTX 2080' (P:0 D:1)
[2021.01.18-09.52.33:746][  0]LogWindows:    1. 'NVIDIA GeForce RTX 2080' (P:1 D:1)
[2021.01.18-09.52.33:747][  0]LogWindows:    2. 'NVIDIA GeForce RTX 2080' (P:0 D:0)
[2021.01.18-09.52.33:748][  0]LogWindows:    3. 'NVIDIA GeForce RTX 2080' (P:0 D:0)
[2021.01.18-09.52.33:749][  0]LogWindows: DebugString: FoundDriverCount:4 
[2021.01.18-09.52.33:749][  0]LogD3D11RHI:     Adapter Name: NVIDIA GeForce RTX 2080
[2021.01.18-09.52.33:749][  0]LogD3D11RHI:   Driver Version: 460.89 (internal:27.21.14.6089, unified:460.89)
[2021.01.18-09.52.33:749][  0]LogD3D11RHI:      Driver Date: 12-11-2020
[2021.01.18-09.52.33:749][  0]LogRHI: Texture pool is 5607 MB (70% of 8010 MB)
[2021.01.18-09.52.33:803][  0]LogD3D11RHI: Async texture creation enabled
[2021.01.18-09.52.33:811][  0]LogRendererCore: FGlobalReadBuffer::InitRHI
[2021.01.18-09.52.33:811][  0]LogRendererCore: FGlobalReadBuffer::InitRHI
[2021.01.18-09.52.33:811][  0]LogRendererCore: FGlobalReadBuffer::InitRHI
[2021.01.18-09.52.33:819][  0]LogD3D11RHI: GPU Timing Frequency: 1000.000000 (Debug: 2 1)
[2021.01.18-09.52.34:342][  0]LogTemp: Display: Module 'AllDesktopTargetPlatform' loaded TargetPlatform 'AllDesktop'
[2021.01.18-09.52.34:353][  0]LogTemp: Display: Module 'MacClientTargetPlatform' loaded TargetPlatform 'MacClient'
[2021.01.18-09.52.34:365][  0]LogTemp: Display: Module 'MacNoEditorTargetPlatform' loaded TargetPlatform 'MacNoEditor'
[2021.01.18-09.52.34:378][  0]LogTemp: Display: Module 'MacServerTargetPlatform' loaded TargetPlatform 'MacServer'
[2021.01.18-09.52.34:390][  0]LogTemp: Display: Module 'MacTargetPlatform' loaded TargetPlatform 'Mac'
[2021.01.18-09.52.34:402][  0]LogTemp: Display: Module 'WindowsClientTargetPlatform' loaded TargetPlatform 'WindowsClient'
[2021.01.18-09.52.34:414][  0]LogTemp: Display: Module 'WindowsNoEditorTargetPlatform' loaded TargetPlatform 'WindowsNoEditor'
[2021.01.18-09.52.34:426][  0]LogTemp: Display: Module 'WindowsServerTargetPlatform' loaded TargetPlatform 'WindowsServer'
[2021.01.18-09.52.34:432][  0]LogTemp: Display: Module 'WindowsTargetPlatform' loaded TargetPlatform 'Windows'
[2021.01.18-09.52.34:505][  0]LogTemp: Display: Module 'AndroidTargetPlatform' loaded TargetPlatform 'Android'
[2021.01.18-09.52.34:505][  0]LogTemp: Display: Module 'AndroidTargetPlatform' loaded TargetPlatform 'Android_ASTC'
[2021.01.18-09.52.34:505][  0]LogTemp: Display: Module 'AndroidTargetPlatform' loaded TargetPlatform 'Android_ATC'
[2021.01.18-09.52.34:505][  0]LogTemp: Display: Module 'AndroidTargetPlatform' loaded TargetPlatform 'Android_DXT'
[2021.01.18-09.52.34:505][  0]LogTemp: Display: Module 'AndroidTargetPlatform' loaded TargetPlatform 'Android_ETC1'
[2021.01.18-09.52.34:505][  0]LogTemp: Display: Module 'AndroidTargetPlatform' loaded TargetPlatform 'Android_ETC1a'
[2021.01.18-09.52.34:506][  0]LogTemp: Display: Module 'AndroidTargetPlatform' loaded TargetPlatform 'Android_ETC2'
[2021.01.18-09.52.34:506][  0]LogTemp: Display: Module 'AndroidTargetPlatform' loaded TargetPlatform 'Android_PVRTC'
[2021.01.18-09.52.34:506][  0]LogTemp: Display: Module 'AndroidTargetPlatform' loaded TargetPlatform 'AndroidClient'
[2021.01.18-09.52.34:506][  0]LogTemp: Display: Module 'AndroidTargetPlatform' loaded TargetPlatform 'Android_ASTCClient'
[2021.01.18-09.52.34:506][  0]LogTemp: Display: Module 'AndroidTargetPlatform' loaded TargetPlatform 'Android_ATCClient'
[2021.01.18-09.52.34:506][  0]LogTemp: Display: Module 'AndroidTargetPlatform' loaded TargetPlatform 'Android_DXTClient'
[2021.01.18-09.52.34:506][  0]LogTemp: Display: Module 'AndroidTargetPlatform' loaded TargetPlatform 'Android_ETC1Client'
[2021.01.18-09.52.34:506][  0]LogTemp: Display: Module 'AndroidTargetPlatform' loaded TargetPlatform 'Android_ETC1aClient'
[2021.01.18-09.52.34:506][  0]LogTemp: Display: Module 'AndroidTargetPlatform' loaded TargetPlatform 'Android_ETC2Client'
[2021.01.18-09.52.34:506][  0]LogTemp: Display: Module 'AndroidTargetPlatform' loaded TargetPlatform 'Android_PVRTCClient'
[2021.01.18-09.52.34:506][  0]LogTemp: Display: Module 'AndroidTargetPlatform' loaded TargetPlatform 'Android_Multi'
[2021.01.18-09.52.34:506][  0]LogTemp: Display: Module 'AndroidTargetPlatform' loaded TargetPlatform 'Android_MultiClient'
[2021.01.18-09.52.34:508][  0]LogTemp: Display: Module 'HTML5TargetPlatform' loaded TargetPlatform 'HTML5'
[2021.01.18-09.52.34:553][  0]LogTemp: Display: Module 'IOSTargetPlatform' loaded TargetPlatform 'IOSClient'
[2021.01.18-09.52.34:553][  0]LogTemp: Display: Module 'IOSTargetPlatform' loaded TargetPlatform 'IOS'
[2021.01.18-09.52.34:574][  0]LogTemp: Display: Module 'TVOSTargetPlatform' loaded TargetPlatform 'TVOSClient'
[2021.01.18-09.52.34:574][  0]LogTemp: Display: Module 'TVOSTargetPlatform' loaded TargetPlatform 'TVOS'
[2021.01.18-09.52.34:586][  0]LogTemp: Display: Module 'LinuxClientTargetPlatform' loaded TargetPlatform 'LinuxClient'
[2021.01.18-09.52.34:597][  0]LogTemp: Display: Module 'LinuxNoEditorTargetPlatform' loaded TargetPlatform 'LinuxNoEditor'
[2021.01.18-09.52.34:608][  0]LogTemp: Display: Module 'LinuxServerTargetPlatform' loaded TargetPlatform 'LinuxServer'
[2021.01.18-09.52.34:619][  0]LogTemp: Display: Module 'LinuxTargetPlatform' loaded TargetPlatform 'Linux'
[2021.01.18-09.52.34:660][  0]LogTemp: Display: Module 'LuminTargetPlatform' loaded TargetPlatform 'Lumin'
[2021.01.18-09.52.34:660][  0]LogTemp: Display: Module 'LuminTargetPlatform' loaded TargetPlatform 'LuminClient'
[2021.01.18-09.52.34:660][  0]LogTargetPlatformManager: Display: Building Assets For Windows
[2021.01.18-09.52.34:668][  0]LogAudioDebug: Display: Lib vorbis DLL was dynamically loaded.
[2021.01.18-09.52.34:705][  0]LogShaderCompilers: Guid format shader working directory is -58 characters bigger than the processId version (../../../../../Git/Unreal_GrandTrenchWar/Unreal_GrandTrenchWar/GrandTrenchWar/Intermediate/Shaders/WorkingDirectory/18056/).
[2021.01.18-09.52.34:705][  0]LogShaderCompilers: Cleaned the shader compiler working directory 'C:/temp/UnrealShaderWorkingDir/A0746C3B4BE4CC62B498D5A862C8F864/'.
[2021.01.18-09.52.34:706][  0]LogXGEController: Cleaning working directory: C:/temp/UnrealXGEWorkingDir/
[2021.01.18-09.52.34:707][  0]LogXGEController: Cannot use XGE Controller as Incredibuild is not installed on this machine.
[2021.01.18-09.52.34:707][  0]LogShaderCompilers: Cannot use XGE Shader Compiler as Incredibuild is not installed on this machine.
[2021.01.18-09.52.34:707][  0]LogShaderCompilers: Display: Using Local Shader Compiler.
[2021.01.18-09.52.35:195][  0]LogDerivedDataCache: Display: Max Cache Size: 512 MB
[2021.01.18-09.52.35:231][  0]LogDerivedDataCache: Loaded boot cache 0.04s 71MB C:/Users/강건/AppData/Local/UnrealEngine/4.22/DerivedDataCache/Boot.ddc.
[2021.01.18-09.52.35:231][  0]LogDerivedDataCache: Display: Loaded Boot cache: C:/Users/강건/AppData/Local/UnrealEngine/4.22/DerivedDataCache/Boot.ddc
[2021.01.18-09.52.35:232][  0]LogDerivedDataCache: FDerivedDataBackendGraph:  Pak pak cache file ../../../../../Git/Unreal_GrandTrenchWar/Unreal_GrandTrenchWar/GrandTrenchWar/DerivedDataCache/DDC.ddp not found, will not use a pak cache.
[2021.01.18-09.52.35:232][  0]LogDerivedDataCache: Unable to find inner node Pak for hierarchical cache Hierarchy.
[2021.01.18-09.52.35:232][  0]LogDerivedDataCache: FDerivedDataBackendGraph:  CompressedPak pak cache file ../../../../../Git/Unreal_GrandTrenchWar/Unreal_GrandTrenchWar/GrandTrenchWar/DerivedDataCache/Compressed.ddp not found, will not use a pak cache.
[2021.01.18-09.52.35:232][  0]LogDerivedDataCache: Unable to find inner node CompressedPak for hierarchical cache Hierarchy.
[2021.01.18-09.52.35:243][  0]LogDerivedDataCache: Display: Pak cache opened for reading ../../../Engine/DerivedDataCache/Compressed.ddp.
[2021.01.18-09.52.35:243][  0]LogDerivedDataCache: FDerivedDataBackendGraph:  EnterprisePak pak cache file ../../../Enterprise/DerivedDataCache/Compressed.ddp not found, will not use a pak cache.
[2021.01.18-09.52.35:243][  0]LogDerivedDataCache: Unable to find inner node EnterprisePak for hierarchical cache Hierarchy.
[2021.01.18-09.52.35:256][  0]LogDerivedDataCache: Using Local data cache path C:/Users/강건/AppData/Local/UnrealEngine/Common/DerivedDataCache: Writable
[2021.01.18-09.52.35:256][  0]LogDerivedDataCache: Shared data cache path not found in *engine.ini, will not use an Shared cache.
[2021.01.18-09.52.35:256][  0]LogDerivedDataCache: Unable to find inner node Shared for hierarchical cache Hierarchy.
[2021.01.18-09.52.35:274][  0]LogMaterial: Verifying Global Shaders for PCD3D_SM5
[2021.01.18-09.52.35:275][  0]LogSlate: Using FreeType 2.6.0
[2021.01.18-09.52.35:276][  0]LogSlate: SlateFontServices - WITH_FREETYPE: 1, WITH_HARFBUZZ: 1
[2021.01.18-09.52.35:363][  0]LogAssetRegistry: FAssetRegistry took 0.0325 seconds to start up
[2021.01.18-09.52.35:648][  0]LogInit: Selected Device Profile: [Windows]
[2021.01.18-09.52.35:752][  0]LogMeshReduction: Using QuadricMeshReduction for automatic static mesh reduction
[2021.01.18-09.52.35:752][  0]LogMeshReduction: Using SimplygonMeshReduction for automatic skeletal mesh reduction
[2021.01.18-09.52.35:752][  0]LogMeshReduction: Using ProxyLODMeshReduction for automatic mesh merging
[2021.01.18-09.52.35:752][  0]LogMeshReduction: No distributed automatic mesh merging module available
[2021.01.18-09.52.35:752][  0]LogMeshMerging: No distributed automatic mesh merging module available
[2021.01.18-09.52.35:765][  0]LogNetVersion: GrandTrenchWar 1.0.0, NetCL: 5660361, EngineNetVer: 10, GameNetVer: 0 (Checksum: 4025105772)
[2021.01.18-09.52.36:082][  0]LogPackageLocalizationCache: Processed 9 localized package path(s) for 1 prioritized culture(s) in 0.028419 seconds
[2021.01.18-09.52.36:087][  0]LogUObjectArray: 41967 objects as part of root set at end of initial load.
[2021.01.18-09.52.36:087][  0]LogUObjectAllocator: 7295016 out of 0 bytes used by permanent object pool.
[2021.01.18-09.52.36:087][  0]LogUObjectArray: CloseDisregardForGC: 0/0 objects in disregard for GC pool
[2021.01.18-09.52.36:886][  0]LogTcpMessaging: Initializing TcpMessaging bridge
[2021.01.18-09.52.36:899][  0]LogUdpMessaging: Initializing bridge on interface 0.0.0.0:0 to multicast group 230.0.0.1:6666.
[2021.01.18-09.52.36:900][  0]FUdpSocketBuilder: Failed to subscribe UdpMessageMulticastSocket to multicast group 230.0.0.1 on interface 0.0.0.0
[2021.01.18-09.52.36:900][  0]FUdpSocketBuilder: Failed to create and initialize socket UdpMessageMulticastSocket (last error: 0)
[2021.01.18-09.52.36:900][  0]LogUdpMessaging: Warning: StartTransport failed to create multicast socket on 0.0.0.0:0, joined to 230.0.0.1:6666 with TTL 1
[2021.01.18-09.52.36:991][  0]SourceControl: Source control is disabled
[2021.01.18-09.52.36:991][  0]SourceControl: Source control is disabled
[2021.01.18-09.52.36:992][  0]SourceControl: Source control is disabled
[2021.01.18-09.52.36:993][  0]SourceControl: Source control is disabled
[2021.01.18-09.52.37:072][  0]LogAndroidPermission: UAndroidPermissionCallbackProxy::GetInstance
[2021.01.18-09.52.37:387][  0]LogOcInput: OculusInput pre-init called
[2021.01.18-09.52.38:085][  0]LogEngine: Initializing Engine...
[2021.01.18-09.52.38:086][  0]LogStats: UGameplayTagsManager::InitializeManager -  0.000 s
[2021.01.18-09.52.38:250][  0]LogInit: Initializing FReadOnlyCVARCache
[2021.01.18-09.52.38:259][  0]LogAIModule: Creating AISystem for world Untitled
[2021.01.18-09.52.38:422][  0]LogInit: XAudio2 using '헤드셋 이어폰(2- CORSAIR VOID PRO Wireless Gaming Headset)' : 6 channels at 48 kHz using 16 bits per sample (channel mask 0x3f)
[2021.01.18-09.52.38:680][  0]LogInit: FAudioDevice initialized.
[2021.01.18-09.52.38:680][  0]LogNetVersion: Set ProjectVersion to 1.0.0.0. Version Checksum will be recalculated on next use.
[2021.01.18-09.52.38:769][  0]LogDerivedDataCache: Saved boot cache 0.09s 71MB C:/Users/강건/AppData/Local/UnrealEngine/4.22/DerivedDataCache/Boot.ddc.
[2021.01.18-09.52.38:775][  0]LogInit: Texture streaming: Enabled
[2021.01.18-09.52.38:791][  0]LogEngineSessionManager: EngineSessionManager initialized
[2021.01.18-09.52.38:811][  0]LogInit: Transaction tracking system initialized
[2021.01.18-09.52.38:828][  0]BlueprintLog: New page: Editor Load
[2021.01.18-09.52.38:892][  0]LocalizationService: Localization service is disabled
[2021.01.18-09.52.39:140][  0]LogCook: Display: Max memory allowance for cook 16384mb min free memory 0mb
[2021.01.18-09.52.39:140][  0]LogCook: Display: Mobile HDR setting 1
[2021.01.18-09.52.39:301][  0]LogFileCache: Scanning file cache for directory 'D:/Git/Unreal_GrandTrenchWar/Unreal_GrandTrenchWar/GrandTrenchWar/Content/' took 0.02s
[2021.01.18-09.52.39:301][  0]SourceControl: Source control is disabled
[2021.01.18-09.52.39:301][  0]Cmd: MAP LOAD FILE="../../../../../Git/Unreal_GrandTrenchWar/Unreal_GrandTrenchWar/GrandTrenchWar/Content/Maps/MainMenu.umap" TEMPLATE=0 SHOWPROGRESS=1 FEATURELEVEL=3
[2021.01.18-09.52.39:301][  0]LightingResults: New page: Lighting Build
[2021.01.18-09.52.39:303][  0]MapCheck: New page: Map Check
[2021.01.18-09.52.39:303][  0]LightingResults: New page: Lighting Build
[2021.01.18-09.52.39:330][  0]LogUObjectHash: Compacting FUObjectHashTables data took   1.42ms
[2021.01.18-09.52.39:477][  0]LogAIModule: Creating AISystem for world MainMenu
[2021.01.18-09.52.39:477][  0]LogEditorServer: Finished looking for orphan Actors (0.000 secs)
[2021.01.18-09.52.39:503][  0]LogUObjectHash: Compacting FUObjectHashTables data took   1.82ms
[2021.01.18-09.52.39:503][  0]Cmd: MAP CHECKDEP NOCLEARLOG
[2021.01.18-09.52.39:503][  0]MapCheck: Map check complete: 0 Error(s), 0 Warning(s), took 0.092ms to complete.
[2021.01.18-09.52.39:503][  0]LogFileHelpers: Loading map 'MainMenu' took 0.202
[2021.01.18-09.52.39:603][  0]LogCollectionManager: Loaded 0 collections in 0.000878 seconds
[2021.01.18-09.52.39:630][  0]LogFileCache: Scanning file cache for directory 'D:/Git/Unreal_GrandTrenchWar/Unreal_GrandTrenchWar/GrandTrenchWar/Saved/Collections/' took 0.01s
[2021.01.18-09.52.39:630][  0]LogFileCache: Scanning file cache for directory 'D:/Git/Unreal_GrandTrenchWar/Unreal_GrandTrenchWar/GrandTrenchWar/Content/Developers/강건/Collections/' took 0.00s
[2021.01.18-09.52.39:630][  0]LogFileCache: Scanning file cache for directory 'D:/Git/Unreal_GrandTrenchWar/Unreal_GrandTrenchWar/GrandTrenchWar/Content/Collections/' took 0.01s
[2021.01.18-09.52.39:630][  0]LogCollectionManager: Rebuilt the GUID cache for 0 collections in 0.000000 seconds
[2021.01.18-09.52.39:638][  0]LogContentBrowser: Native class hierarchy populated in 0.0074 seconds. Added 2732 classes and 658 folders.
[2021.01.18-09.52.39:642][  0]LogContentBrowser: Native class hierarchy updated for 'WidgetCarousel' in 0.0002 seconds. Added 0 classes and 0 folders.
[2021.01.18-09.52.39:643][  0]LogPakFile: Registered encryption key '00000000000000000000000000000000': 0 pak files mounted, 0 remain pending
[2021.01.18-09.52.39:644][  0]LogPakFile: Registered encryption key '00000000000000000000000000000000': 0 pak files mounted, 0 remain pending
[2021.01.18-09.52.39:645][  0]LogPakFile: Registered encryption key '00000000000000000000000000000000': 0 pak files mounted, 0 remain pending
[2021.01.18-09.52.39:645][  0]LogPakFile: Registered encryption key '00000000000000000000000000000000': 0 pak files mounted, 0 remain pending
[2021.01.18-09.52.39:645][  0]LogPakFile: Registered encryption key '00000000000000000000000000000000': 0 pak files mounted, 0 remain pending
[2021.01.18-09.52.39:646][  0]LogPakFile: Registered encryption key '00000000000000000000000000000000': 0 pak files mounted, 0 remain pending
[2021.01.18-09.52.39:646][  0]LogPakFile: Registered encryption key '00000000000000000000000000000000': 0 pak files mounted, 0 remain pending
[2021.01.18-09.52.39:647][  0]LogPakFile: Registered encryption key '00000000000000000000000000000000': 0 pak files mounted, 0 remain pending
[2021.01.18-09.52.39:647][  0]LogPakFile: Registered encryption key '00000000000000000000000000000000': 0 pak files mounted, 0 remain pending
[2021.01.18-09.52.39:648][  0]LogPakFile: Registered encryption key '00000000000000000000000000000000': 0 pak files mounted, 0 remain pending
[2021.01.18-09.52.39:648][  0]LogPakFile: Registered encryption key '00000000000000000000000000000000': 0 pak files mounted, 0 remain pending
[2021.01.18-09.52.39:649][  0]LogPakFile: Registered encryption key '00000000000000000000000000000000': 0 pak files mounted, 0 remain pending
[2021.01.18-09.52.39:649][  0]LogPakFile: Registered encryption key '00000000000000000000000000000000': 0 pak files mounted, 0 remain pending
[2021.01.18-09.52.39:650][  0]LogPakFile: Registered encryption key '00000000000000000000000000000000': 0 pak files mounted, 0 remain pending
[2021.01.18-09.52.39:651][  0]LogPakFile: Registered encryption key '00000000000000000000000000000000': 0 pak files mounted, 0 remain pending
[2021.01.18-09.52.39:652][  0]LogPakFile: Registered encryption key '00000000000000000000000000000000': 0 pak files mounted, 0 remain pending
[2021.01.18-09.52.39:652][  0]LogPakFile: Registered encryption key '00000000000000000000000000000000': 0 pak files mounted, 0 remain pending
[2021.01.18-09.52.39:653][  0]LogPakFile: Registered encryption key '00000000000000000000000000000000': 0 pak files mounted, 0 remain pending
[2021.01.18-09.52.39:653][  0]LogPakFile: Registered encryption key '00000000000000000000000000000000': 0 pak files mounted, 0 remain pending
[2021.01.18-09.52.39:654][  0]LogPakFile: Registered encryption key '00000000000000000000000000000000': 0 pak files mounted, 0 remain pending
[2021.01.18-09.52.39:654][  0]LogPakFile: Registered encryption key '00000000000000000000000000000000': 0 pak files mounted, 0 remain pending
[2021.01.18-09.52.39:655][  0]LogPakFile: Registered encryption key '00000000000000000000000000000000': 0 pak files mounted, 0 remain pending
[2021.01.18-09.52.39:655][  0]LogPakFile: Registered encryption key '00000000000000000000000000000000': 0 pak files mounted, 0 remain pending
[2021.01.18-09.52.39:656][  0]LogPakFile: Registered encryption key '00000000000000000000000000000000': 0 pak files mounted, 0 remain pending
[2021.01.18-09.52.39:656][  0]LogPakFile: Registered encryption key '00000000000000000000000000000000': 0 pak files mounted, 0 remain pending
[2021.01.18-09.52.39:657][  0]LogPakFile: Registered encryption key '00000000000000000000000000000000': 0 pak files mounted, 0 remain pending
[2021.01.18-09.52.39:689][  0]LogContentBrowser: Native class hierarchy updated for 'AddContentDialog' in 0.0002 seconds. Added 0 classes and 0 folders.
[2021.01.18-09.52.39:701][  0]LogSlate: Updating window title bar state: overlay mode, drag disabled, window buttons hidden, title bar hidden
[2021.01.18-09.52.39:707][  0]LogSlate: Updating window title bar state: overlay mode, drag disabled, window buttons hidden, title bar hidden
[2021.01.18-09.52.39:713][  0]LogSlate: Updating window title bar state: overlay mode, drag disabled, window buttons hidden, title bar hidden
[2021.01.18-09.52.39:718][  0]LogSlate: Updating window title bar state: overlay mode, drag disabled, window buttons hidden, title bar hidden
[2021.01.18-09.52.39:767][  0]LogContentBrowser: Native class hierarchy updated for 'SceneOutliner' in 0.0003 seconds. Added 1 classes and 2 folders.
[2021.01.18-09.52.39:780][  0]LogSlate: Took 0.000271 seconds to synchronously load lazily loaded font '../../../Engine/Content/Slate/Fonts/Roboto-Regular.ttf' (155K)
[2021.01.18-09.52.39:781][  0]LogSlate: Took 0.000166 seconds to synchronously load lazily loaded font '../../../Engine/Content/Editor/Slate/Fonts/FontAwesome.ttf' (139K)
[2021.01.18-09.52.39:781][  0]LogSlate: Took 0.000152 seconds to synchronously load lazily loaded font '../../../Engine/Content/Slate/Fonts/Roboto-Bold.ttf' (160K)
[2021.01.18-09.52.39:830][  0]LogRenderer: Reallocating scene render targets to support 812x924 Format 10 NumSamples 1 (Frame:1).
[2021.01.18-09.52.41:084][  0]LogContentBrowser: Native class hierarchy updated for 'HierarchicalLODOutliner' in 0.0002 seconds. Added 0 classes and 0 folders.
[2021.01.18-09.52.41:084][  0]LogLoad: (Engine Initialization) Total time: 10.38 seconds
[2021.01.18-09.52.41:084][  0]LogLoad: (Engine Initialization) Total Blueprint compile time: 0.00 seconds
[2021.01.18-09.52.41:121][  0]LogAssetRegistry: Asset discovery search completed in 5.7811 seconds
[2021.01.18-09.52.41:123][  0]LogCollectionManager: Rebuilt the object cache for 0 collections in 0.000000 seconds (found 0 objects)
[2021.01.18-09.52.41:123][  0]LogCollectionManager: Fixed up redirectors for 0 collections in 0.000032 seconds (updated 0 objects)
[2021.01.18-09.52.41:123][  0]LogContentStreaming: Texture pool size now 1000 MB
[2021.01.18-09.52.41:145][  0]LogSlate: Took 0.000260 seconds to synchronously load lazily loaded font '../../../Engine/Content/Slate/Fonts/Roboto-Light.ttf' (167K)
[2021.01.18-09.53.20:944][511]LogSlate: FSceneViewport::OnFocusLost() reason 0
[2021.01.18-09.53.21:057][511]LogUObjectHash: Compacting FUObjectHashTables data took   0.67ms
[2021.01.18-09.53.21:115][511]LogSlate: Window 'GrandTrenchWar - Unreal Editor' being destroyed
[2021.01.18-09.53.21:117][511]LogWindowsTextInputMethodSystem: Display: IME system now activated using TSF (Microsoft 입력기).
[2021.01.18-09.53.21:301][512]Cmd: QUIT_EDITOR
[2021.01.18-09.53.21:362][512]LogExit: Preparing to exit.
[2021.01.18-09.53.21:497][512]LogExit: Editor shut down
[2021.01.18-09.53.21:498][512]LogExit: Transaction tracking system shut down
[2021.01.18-09.53.21:700][512]LogExit: Object subsystem successfully closed.
[2021.01.18-09.53.21:720][512]LogShaderCompilers: Display: Shaders left to compile 0
[2021.01.18-09.53.21:722][512]LogD3D11RHI: Shutdown
[2021.01.18-09.53.21:722][512]LogD3D11RHI: CleanupD3DDevice
[2021.01.18-09.53.21:722][512]LogRendererCore: FGlobalReadBuffer::ReleaseRHI
[2021.01.18-09.53.21:722][512]LogRendererCore: FGlobalDynamicReadBuffer::Cleanup()
[2021.01.18-09.53.21:722][512]LogRendererCore: FGlobalReadBuffer::ReleaseRHI
[2021.01.18-09.53.21:722][512]LogRendererCore: FGlobalDynamicReadBuffer::Cleanup()
[2021.01.18-09.53.21:722][512]LogRendererCore: FGlobalReadBuffer::ReleaseRHI
[2021.01.18-09.53.21:722][512]LogRendererCore: FGlobalDynamicReadBuffer::Cleanup()
[2021.01.18-09.53.21:760][512]LogD3D11RHI: ~FD3D11DynamicRHI
[2021.01.18-09.53.21:768][512]LogModuleManager: Shutting down and abandoning module HierarchicalLODOutliner (640)
[2021.01.18-09.53.21:768][512]LogModuleManager: Shutting down and abandoning module SceneOutliner (638)
[2021.01.18-09.53.21:768][512]LogModuleManager: Shutting down and abandoning module AddContentDialog (636)
[2021.01.18-09.53.21:768][512]LogModuleManager: Shutting down and abandoning module WidgetCarousel (635)
[2021.01.18-09.53.21:768][512]LogModuleManager: Shutting down and abandoning module EditorWidgets (632)
[2021.01.18-09.53.21:768][512]LogModuleManager: Shutting down and abandoning module CollectionManager (630)
[2021.01.18-09.53.21:768][512]LogModuleManager: Shutting down and abandoning module StatsViewer (628)
[2021.01.18-09.53.21:768][512]LogModuleManager: Shutting down and abandoning module FoliageEdit (626)
[2021.01.18-09.53.21:768][512]LogModuleManager: Shutting down and abandoning module LandscapeEditor (624)
[2021.01.18-09.53.21:768][512]LogModuleManager: Shutting down and abandoning module MeshPaintMode (622)
[2021.01.18-09.53.21:768][512]LogModuleManager: Shutting down and abandoning module SceneDepthPickerMode (620)
[2021.01.18-09.53.21:768][512]LogModuleManager: Shutting down and abandoning module ActorPickerMode (618)
[2021.01.18-09.53.21:768][512]LogModuleManager: Shutting down and abandoning module GeometryMode (616)
[2021.01.18-09.53.21:768][512]LogModuleManager: Shutting down and abandoning module TextureAlignMode (614)
[2021.01.18-09.53.21:768][512]LogModuleManager: Shutting down and abandoning module BspMode (612)
[2021.01.18-09.53.21:768][512]LogModuleManager: Shutting down and abandoning module PIEPreviewDeviceProfileSelector (610)
[2021.01.18-09.53.21:768][512]LogModuleManager: Shutting down and abandoning module SequenceRecorderSections (608)
[2021.01.18-09.53.21:768][512]LogModuleManager: Shutting down and abandoning module AutomationWorker (606)
[2021.01.18-09.53.21:768][512]LogModuleManager: Shutting down and abandoning module OculusMR (604)
[2021.01.18-09.53.21:768][512]LogModuleManager: Shutting down and abandoning module AudioCaptureEditor (602)
[2021.01.18-09.53.21:769][512]LogModuleManager: Shutting down and abandoning module MatineeToLevelSequence (600)
[2021.01.18-09.53.21:769][512]LogModuleManager: Shutting down and abandoning module LevelSequenceEditor (598)
[2021.01.18-09.53.21:769][512]LogModuleManager: Shutting down and abandoning module PlacementMode (597)
[2021.01.18-09.53.21:769][512]LogModuleManager: Shutting down and abandoning module MaterialEditor (596)
[2021.01.18-09.53.21:769][512]LogModuleManager: Shutting down and abandoning module ActorSequenceEditor (592)
[2021.01.18-09.53.21:769][512]LogModuleManager: Shutting down and abandoning module WmfMediaFactory (590)
[2021.01.18-09.53.21:769][512]LogModuleManager: Shutting down and abandoning module WmfMediaEditor (588)
[2021.01.18-09.53.21:769][512]LogModuleManager: Shutting down and abandoning module WebMMediaFactory (586)
[2021.01.18-09.53.21:769][512]LogModuleManager: Shutting down and abandoning module WebMMediaEditor (584)
[2021.01.18-09.53.21:769][512]LogModuleManager: Shutting down and abandoning module WebMMedia (582)
[2021.01.18-09.53.21:769][512]LogModuleManager: Shutting down and abandoning module MediaPlayerEditor (580)
[2021.01.18-09.53.21:769][512]LogModuleManager: Shutting down and abandoning module MediaCompositingEditor (578)
[2021.01.18-09.53.21:769][512]LogModuleManager: Shutting down and abandoning module SequenceRecorder (577)
[2021.01.18-09.53.21:769][512]LogModuleManager: Shutting down and abandoning module OpenExrWrapper (574)
[2021.01.18-09.53.21:769][512]LogModuleManager: Shutting down and abandoning module ImgMediaFactory (572)
[2021.01.18-09.53.21:769][512]LogModuleManager: Shutting down and abandoning module ImgMediaEditor (570)
[2021.01.18-09.53.21:769][512]LogModuleManager: Shutting down and abandoning module AvfMediaFactory (568)
[2021.01.18-09.53.21:769][512]LogModuleManager: Shutting down and abandoning module AvfMediaEditor (566)
[2021.01.18-09.53.21:769][512]LogModuleManager: Shutting down and abandoning module AndroidMediaFactory (564)
[2021.01.18-09.53.21:769][512]LogModuleManager: Shutting down and abandoning module AndroidMediaEditor (562)
[2021.01.18-09.53.21:769][512]LogModuleManager: Shutting down and abandoning module MagicLeapCameraPreviewFactory (560)
[2021.01.18-09.53.21:769][512]LogModuleManager: Shutting down and abandoning module MagicLeapMediaCodecFactory (558)
[2021.01.18-09.53.21:769][512]LogModuleManager: Shutting down and abandoning module MagicLeapMediaFactory (556)
[2021.01.18-09.53.21:769][512]LogModuleManager: Shutting down and abandoning module MagicLeapMediaEditor (554)
[2021.01.18-09.53.21:769][512]LogModuleManager: Shutting down and abandoning module CharacterAI (552)
[2021.01.18-09.53.21:769][512]LogModuleManager: Shutting down and abandoning module SmartSnapping (550)
[2021.01.18-09.53.21:769][512]LogModuleManager: Shutting down and abandoning module SessionServices (548)
[2021.01.18-09.53.21:769][512]LogModuleManager: Shutting down and abandoning module MeshPaint (546)
[2021.01.18-09.53.21:769][512]LogModuleManager: Shutting down and abandoning module ViewportSnapping (544)
[2021.01.18-09.53.21:769][512]LogModuleManager: Shutting down and abandoning module ViewportInteraction (542)
[2021.01.18-09.53.21:769][512]LogModuleManager: Shutting down and abandoning module ClothPainter (540)
[2021.01.18-09.53.21:769][512]LogModuleManager: Shutting down and abandoning module SkeletalMeshEditor (539)
[2021.01.18-09.53.21:769][512]LogModuleManager: Shutting down and abandoning module LogVisualizer (536)
[2021.01.18-09.53.21:769][512]LogModuleManager: Shutting down and abandoning module IntroTutorials (534)
[2021.01.18-09.53.21:769][512]LogModuleManager: Shutting down and abandoning module GameProjectGeneration (533)
[2021.01.18-09.53.21:769][512]LogModuleManager: Shutting down and abandoning module LuminPlatformEditor (530)
[2021.01.18-09.53.21:769][512]LogModuleManager: Shutting down and abandoning module IOSPlatformEditor (528)
[2021.01.18-09.53.21:769][512]LogModuleManager: Shutting down and abandoning module HTML5PlatformEditor (526)
[2021.01.18-09.53.21:769][512]LogModuleManager: Shutting down and abandoning module AndroidPlatformEditor (524)
[2021.01.18-09.53.21:769][512]LogModuleManager: Shutting down and abandoning module AndroidDeviceDetection (523)
[2021.01.18-09.53.21:995][512]LogModuleManager: Shutting down and abandoning module WindowsPlatformEditor (520)
[2021.01.18-09.53.21:995][512]LogModuleManager: Shutting down and abandoning module LuminRuntimeSettings (518)
[2021.01.18-09.53.21:995][512]LogModuleManager: Shutting down and abandoning module IOSRuntimeSettings (516)
[2021.01.18-09.53.21:995][512]LogModuleManager: Shutting down and abandoning module AndroidRuntimeSettings (514)
[2021.01.18-09.53.21:995][512]LogModuleManager: Shutting down and abandoning module TimeManagementEditor (512)
[2021.01.18-09.53.21:995][512]LogModuleManager: Shutting down and abandoning module InputBindingEditor (510)
[2021.01.18-09.53.21:995][512]LogModuleManager: Shutting down and abandoning module MergeActors (508)
[2021.01.18-09.53.21:995][512]LogModuleManager: Shutting down and abandoning module LocalizationDashboard (506)
[2021.01.18-09.53.21:995][512]LogModuleManager: Shutting down and abandoning module LocalizationService (505)
[2021.01.18-09.53.21:995][512]LogModuleManager: Shutting down and abandoning module HardwareTargeting (502)
[2021.01.18-09.53.21:995][512]LogModuleManager: Shutting down and abandoning module DeviceProfileEditor (500)
[2021.01.18-09.53.21:995][512]LogModuleManager: Shutting down and abandoning module UndoHistory (498)
[2021.01.18-09.53.21:995][512]LogModuleManager: Shutting down and abandoning module XmlParser (496)
[2021.01.18-09.53.21:995][512]LogModuleManager: Shutting down and abandoning module Blutility (494)
[2021.01.18-09.53.21:995][512]LogModuleManager: Shutting down and abandoning module ProjectSettingsViewer (492)
[2021.01.18-09.53.21:995][512]LogModuleManager: Shutting down and abandoning module ProjectTargetPlatformEditor (491)
[2021.01.18-09.53.21:996][512]LogModuleManager: Shutting down and abandoning module EditorSettingsViewer (488)
[2021.01.18-09.53.21:996][512]LogModuleManager: Shutting down and abandoning module SettingsEditor (486)
[2021.01.18-09.53.21:996][512]LogModuleManager: Shutting down and abandoning module ProjectLauncher (484)
[2021.01.18-09.53.21:996][512]LogModuleManager: Shutting down and abandoning module SessionFrontend (482)
[2021.01.18-09.53.21:996][512]LogModuleManager: Shutting down and abandoning module ProfilerClient (480)
[2021.01.18-09.53.21:996][512]LogModuleManager: Shutting down and abandoning module DeviceManager (478)
[2021.01.18-09.53.21:996][512]LogModuleManager: Shutting down and abandoning module TargetDeviceServices (477)
[2021.01.18-09.53.22:040][512]LogModuleManager: Shutting down and abandoning module AutomationController (474)
[2021.01.18-09.53.22:040][512]LogModuleManager: Shutting down and abandoning module AutomationWindow (472)
[2021.01.18-09.53.22:040][512]LogModuleManager: Shutting down and abandoning module Layers (470)
[2021.01.18-09.53.22:040][512]LogModuleManager: Shutting down and abandoning module ComponentVisualizers (468)
[2021.01.18-09.53.22:040][512]LogModuleManager: Shutting down and abandoning module DetailCustomizations (466)
[2021.01.18-09.53.22:040][512]LogModuleManager: Shutting down and abandoning module PackagesDialog (464)
[2021.01.18-09.53.22:040][512]LogModuleManager: Shutting down and abandoning module AnimationBlueprintEditor (462)
[2021.01.18-09.53.22:040][512]LogModuleManager: Shutting down and abandoning module Persona (460)
[2021.01.18-09.53.22:040][512]LogModuleManager: Shutting down and abandoning module AdvancedPreviewScene (459)
[2021.01.18-09.53.22:040][512]LogModuleManager: Shutting down and abandoning module AnimGraph (457)
[2021.01.18-09.53.22:040][512]LogModuleManager: Shutting down and abandoning module Kismet (454)
[2021.01.18-09.53.22:040][512]LogModuleManager: Shutting down and abandoning module GraphEditor (452)
[2021.01.18-09.53.22:040][512]LogModuleManager: Shutting down and abandoning module ClassViewer (450)
[2021.01.18-09.53.22:040][512]LogModuleManager: Shutting down and abandoning module Toolbox (448)
[2021.01.18-09.53.22:040][512]LogModuleManager: Shutting down and abandoning module ModuleUI (446)
[2021.01.18-09.53.22:040][512]LogModuleManager: Shutting down and abandoning module MovieSceneTools (444)
[2021.01.18-09.53.22:040][512]LogModuleManager: Shutting down and abandoning module OutputLog (442)
[2021.01.18-09.53.22:040][512]LogModuleManager: Shutting down and abandoning module GammaUI (440)
[2021.01.18-09.53.22:040][512]LogModuleManager: Shutting down and abandoning module Documentation (438)
[2021.01.18-09.53.22:040][512]LogModuleManager: Shutting down and abandoning module LiveCoding (436)
[2021.01.18-09.53.22:040][512]LogModuleManager: Shutting down and abandoning module LevelSequence (434)
[2021.01.18-09.53.22:040][512]LogModuleManager: Shutting down and abandoning module MovieSceneTracks (432)
[2021.01.18-09.53.22:040][512]LogModuleManager: Shutting down and abandoning module MovieScene (430)
[2021.01.18-09.53.22:040][512]LogModuleManager: Shutting down and abandoning module StreamingPauseRendering (428)
[2021.01.18-09.53.22:040][512]LogModuleManager: Shutting down and abandoning module LauncherPlatform (426)
[2021.01.18-09.53.22:040][512]LogModuleManager: Shutting down and abandoning module AnalyticsET (424)
[2021.01.18-09.53.22:040][512]LogModuleManager: Shutting down and abandoning module PortalServices (422)
[2021.01.18-09.53.22:040][512]LogModuleManager: Shutting down and abandoning module PortalRpc (420)
[2021.01.18-09.53.22:040][512]LogModuleManager: Shutting down and abandoning module MessagingRpc (418)
[2021.01.18-09.53.22:041][512]LogModuleManager: Shutting down and abandoning module AIModule (416)
[2021.01.18-09.53.22:041][512]LogModuleManager: Shutting down and abandoning module GameplayDebugger (415)
[2021.01.18-09.53.22:041][512]LogModuleManager: Shutting down and abandoning module AITestSuite (413)
[2021.01.18-09.53.22:041][512]LogModuleManager: Shutting down and abandoning module NavigationSystem (411)
[2021.01.18-09.53.22:041][512]LogModuleManager: Shutting down and abandoning module DesktopPlatform (408)
[2021.01.18-09.53.22:041][512]LogModuleManager: Shutting down and abandoning module ImageWriteQueue (406)
[2021.01.18-09.53.22:043][512]LogModuleManager: Shutting down and abandoning module ProfilerService (404)
[2021.01.18-09.53.22:277][512]LogModuleManager: Shutting down and abandoning module TaskGraph (402)
[2021.01.18-09.53.22:277][512]LogModuleManager: Shutting down and abandoning module ProceduralMeshComponentEditor (400)
[2021.01.18-09.53.22:277][512]LogModuleManager: Shutting down and abandoning module ProceduralMeshComponent (398)
[2021.01.18-09.53.22:277][512]LogModuleManager: Shutting down and abandoning module OculusEditor (396)
[2021.01.18-09.53.22:277][512]LogModuleManager: Shutting down and abandoning module OculusInput (394)
[2021.01.18-09.53.22:277][512]LogModuleManager: Shutting down and abandoning module MobilePatchingUtils (392)
[2021.01.18-09.53.22:277][512]LogModuleManager: Shutting down and abandoning module EditableMesh (390)
[2021.01.18-09.53.22:277][512]LogModuleManager: Shutting down and abandoning module CustomMeshComponent (388)
[2021.01.18-09.53.22:277][512]LogModuleManager: Shutting down and abandoning module CableComponent (386)
[2021.01.18-09.53.22:277][512]LogModuleManager: Shutting down and abandoning module AudioCapture (384)
[2021.01.18-09.53.22:277][512]LogModuleManager: Shutting down and abandoning module ArchVisCharacter (382)
[2021.01.18-09.53.22:277][512]LogModuleManager: Shutting down and abandoning module AndroidPermission (380)
[2021.01.18-09.53.22:277][512]LogModuleManager: Shutting down and abandoning module NUTUnrealEngine4 (378)
[2021.01.18-09.53.22:277][512]LogModuleManager: Shutting down and abandoning module NetcodeUnitTest (376)
[2021.01.18-09.53.22:278][512]LogModuleManager: Shutting down and abandoning module MediaCompositing (374)
[2021.01.18-09.53.22:278][512]LogModuleManager: Shutting down and abandoning module LinearTimecode (372)
[2021.01.18-09.53.22:278][512]LogModuleManager: Shutting down and abandoning module ImgMedia (370)
[2021.01.18-09.53.22:278][512]LogModuleManager: Shutting down and abandoning module MagicLeapHelperVulkan (368)
[2021.01.18-09.53.22:278][512]LogModuleManager: Shutting down and abandoning module MagicLeapHelperOpenGL (366)
[2021.01.18-09.53.22:278][512]LogModuleManager: Shutting down and abandoning module MagicLeapAudio (364)
[2021.01.18-09.53.22:278][512]LogModuleManager: Shutting down and abandoning module HTML5Networking (362)
[2021.01.18-09.53.22:278][512]LogModuleManager: Shutting down and abandoning module GeometryCacheTracks (360)
[2021.01.18-09.53.22:278][512]LogModuleManager: Shutting down and abandoning module GeometryCacheSequencer (358)
[2021.01.18-09.53.22:278][512]LogModuleManager: Shutting down and abandoning module BackChannel (356)
[2021.01.18-09.53.22:278][512]LogModuleManager: Shutting down and abandoning module AppleVision (354)
[2021.01.18-09.53.22:278][512]LogModuleManager: Shutting down and abandoning module AppleImageUtilsBlueprintSupport (352)
[2021.01.18-09.53.22:278][512]LogModuleManager: Shutting down and abandoning module AppleImageUtils (350)
[2021.01.18-09.53.22:278][512]LogModuleManager: Shutting down and abandoning module AlembicImporter (348)
[2021.01.18-09.53.22:278][512]LogModuleManager: Shutting down and abandoning module AlembicLibrary (347)
[2021.01.18-09.53.22:278][512]LogModuleManager: Shutting down and abandoning module GeometryCache (346)
[2021.01.18-09.53.22:278][512]LogModuleManager: Shutting down and abandoning module GeometryCacheEd (345)
[2021.01.18-09.53.22:278][512]LogModuleManager: Shutting down and abandoning module VariantManagerContent (340)
[2021.01.18-09.53.22:278][512]LogModuleManager: Shutting down and abandoning module DatasmithContentEditor (338)
[2021.01.18-09.53.22:278][512]LogModuleManager: Shutting down and abandoning module SpeedTreeImporter (336)
[2021.01.18-09.53.22:278][512]LogModuleManager: Shutting down and abandoning module PluginBrowser (334)
[2021.01.18-09.53.22:278][512]LogModuleManager: Shutting down and abandoning module MobileLauncherProfileWizard (332)
[2021.01.18-09.53.22:278][512]LogModuleManager: Shutting down and abandoning module MaterialAnalyzer (330)
[2021.01.18-09.53.22:278][512]LogModuleManager: Shutting down and abandoning module CryptoKeysOpenSSL (328)
[2021.01.18-09.53.22:278][512]LogModuleManager: Shutting down and abandoning module CryptoKeys (326)
[2021.01.18-09.53.22:278][512]LogModuleManager: Shutting down and abandoning module VisualStudioSourceCodeAccess (324)
[2021.01.18-09.53.22:278][512]LogModuleManager: Shutting down and abandoning module VisualStudioCodeSourceCodeAccess (322)
[2021.01.18-09.53.22:278][512]LogModuleManager: Shutting down and abandoning module UObjectPlugin (320)
[2021.01.18-09.53.22:278][512]LogModuleManager: Shutting down and abandoning module SubversionSourceControl (318)
[2021.01.18-09.53.22:278][512]LogModuleManager: Shutting down and abandoning module PerforceSourceControl (316)
[2021.01.18-09.53.22:278][512]LogModuleManager: Shutting down and abandoning module GitSourceControl (314)
[2021.01.18-09.53.22:278][512]LogModuleManager: Shutting down and abandoning module SourceControl (313)
[2021.01.18-09.53.22:278][512]LogModuleManager: Shutting down and abandoning module CLionSourceCodeAccess (310)
[2021.01.18-09.53.22:278][512]LogModuleManager: Shutting down and abandoning module AnimationSharingEd (308)
[2021.01.18-09.53.22:278][512]LogModuleManager: Shutting down and abandoning module ActorLayerUtilitiesEditor (306)
[2021.01.18-09.53.22:278][512]LogModuleManager: Shutting down and abandoning module ActorLayerUtilities (304)
[2021.01.18-09.53.22:278][512]LogModuleManager: Shutting down and abandoning module LightPropagationVolumeEditor (302)
[2021.01.18-09.53.22:278][512]LogModuleManager: Shutting down and abandoning module PaperTiledImporter (300)
[2021.01.18-09.53.22:278][512]LogModuleManager: Shutting down and abandoning module PaperSpriteSheetImporter (298)
[2021.01.18-09.53.22:278][512]LogModuleManager: Shutting down and abandoning module Paper2DEditor (296)
[2021.01.18-09.53.22:278][512]LogModuleManager: Shutting down and abandoning module SignificanceManager (294)
[2021.01.18-09.53.22:278][512]LogModuleManager: Shutting down and abandoning module RuntimePhysXCooking (292)
[2021.01.18-09.53.22:278][512]LogModuleManager: Shutting down and abandoning module PhysXVehiclesEditor (290)
[2021.01.18-09.53.22:278][512]LogModuleManager: Shutting down and abandoning module PhysXVehicles (288)
[2021.01.18-09.53.22:278][512]LogModuleManager: Shutting down and abandoning module LocationServicesBPLibrary (286)
[2021.01.18-09.53.22:278][512]LogModuleManager: Shutting down and abandoning module ActorSequence (284)
[2021.01.18-09.53.22:278][512]LogModuleManager: Shutting down and abandoning module UdpMessaging (282)
[2021.01.18-09.53.22:379][512]LogModuleManager: Shutting down and abandoning module TcpMessaging (280)
[2021.01.18-09.53.22:480][512]LogModuleManager: Shutting down and abandoning module MagicLeapIdentity (278)
[2021.01.18-09.53.22:480][512]LogModuleManager: Shutting down and abandoning module MagicLeapSecureStorage (276)
[2021.01.18-09.53.22:480][512]LogModuleManager: Shutting down and abandoning module MagicLeapHandTracking (274)
[2021.01.18-09.53.22:480][512]LogModuleManager: Shutting down and abandoning module MagicLeapEyeTracker (272)
[2021.01.18-09.53.22:480][512]LogModuleManager: Shutting down and abandoning module MagicLeapController (270)
[2021.01.18-09.53.22:480][512]LogSlate: Slate User Destroyed.  User Index 0, Is Virtual User: 0
[2021.01.18-09.53.22:480][512]LogModuleManager: Shutting down and abandoning module MagicLeapAR (268)
[2021.01.18-09.53.22:480][512]LogModuleManager: Shutting down and abandoning module AugmentedReality (267)
[2021.01.18-09.53.22:480][512]LogModuleManager: Shutting down and abandoning module GameplayTagsEditor (264)
[2021.01.18-09.53.22:480][512]LogModuleManager: Shutting down and abandoning module FacialAnimationEditor (262)
[2021.01.18-09.53.22:480][512]LogModuleManager: Shutting down and abandoning module FacialAnimation (260)
[2021.01.18-09.53.22:480][512]LogModuleManager: Shutting down and abandoning module DataValidation (258)
[2021.01.18-09.53.22:480][512]LogModuleManager: Shutting down and abandoning module AssetManagerEditor (256)
[2021.01.18-09.53.22:480][512]LogModuleManager: Shutting down and abandoning module LevelEditor (255)
[2021.01.18-09.53.22:480][512]LogModuleManager: Shutting down and abandoning module PixelInspectorModule (254)
[2021.01.18-09.53.22:480][512]LogModuleManager: Shutting down and abandoning module CommonMenuExtensions (252)
[2021.01.18-09.53.22:481][512]LogModuleManager: Shutting down and abandoning module MainFrame (250)
[2021.01.18-09.53.22:481][512]LogModuleManager: Shutting down and abandoning module HotReload (249)
[2021.01.18-09.53.22:481][512]LogModuleManager: Shutting down and abandoning module ContentBrowser (245)
[2021.01.18-09.53.22:482][512]LogModuleManager: Shutting down and abandoning module TreeMap (243)
[2021.01.18-09.53.22:482][512]LogModuleManager: Shutting down and abandoning module AnimationSharing (240)
[2021.01.18-09.53.22:482][512]LogModuleManager: Shutting down and abandoning module LightPropagationVolumeRuntime (238)
[2021.01.18-09.53.22:482][512]LogModuleManager: Shutting down and abandoning module AISupportModule (236)
[2021.01.18-09.53.22:482][512]LogModuleManager: Shutting down and abandoning module Paper2D (234)
[2021.01.18-09.53.22:482][512]LogModuleManager: Shutting down and abandoning module WindowsMoviePlayer (232)
[2021.01.18-09.53.22:482][512]LogModuleManager: Shutting down and abandoning module WebMMoviePlayer (230)
[2021.01.18-09.53.22:482][512]LogModuleManager: Shutting down and abandoning module PacketHandler (228)
[2021.01.18-09.53.22:482][512]LogModuleManager: Shutting down and abandoning module ClothingSystemEditor (226)
[2021.01.18-09.53.22:482][512]LogModuleManager: Shutting down and abandoning module ClothingSystemRuntime (224)
[2021.01.18-09.53.22:482][512]LogModuleManager: Shutting down and abandoning module MediaAssets (222)
[2021.01.18-09.53.22:482][512]LogModuleManager: Shutting down and abandoning module Overlay (220)
[2021.01.18-09.53.22:482][512]LogModuleManager: Shutting down and abandoning module OverlayEditor (219)
[2021.01.18-09.53.22:482][512]LogModuleManager: Shutting down and abandoning module VREditor (216)
[2021.01.18-09.53.22:482][512]LogModuleManager: Shutting down and abandoning module StringTableEditor (214)
[2021.01.18-09.53.22:482][512]LogModuleManager: Shutting down and abandoning module GameplayTasksEditor (212)
[2021.01.18-09.53.22:482][512]LogModuleManager: Shutting down and abandoning module BehaviorTreeEditor (210)
[2021.01.18-09.53.22:482][512]LogModuleManager: Shutting down and abandoning module FunctionalTesting (208)
[2021.01.18-09.53.22:482][512]LogModuleManager: Shutting down and abandoning module CollisionAnalyzer (206)
[2021.01.18-09.53.22:482][512]LogModuleManager: Shutting down and abandoning module WorkspaceMenuStructure (205)
[2021.01.18-09.53.22:482][512]LogModuleManager: Shutting down and abandoning module UMG (202)
[2021.01.18-09.53.22:482][512]LogModuleManager: Shutting down and abandoning module UMGEditor (201)
[2021.01.18-09.53.22:482][512]LogModuleManager: Shutting down and abandoning module Sequencer (200)
[2021.01.18-09.53.22:482][512]LogModuleManager: Shutting down and abandoning module MessageLog (197)
[2021.01.18-09.53.22:482][512]LogModuleManager: Shutting down and abandoning module SlateReflector (192)
[2021.01.18-09.53.22:482][512]LogModuleManager: Shutting down and abandoning module Slate (190)
[2021.01.18-09.53.22:482][512]LogModuleManager: Shutting down and abandoning module EditorStyle (188)
[2021.01.18-09.53.22:483][512]LogModuleManager: Shutting down and abandoning module UnrealEd (186)
[2021.01.18-09.53.22:483][512]LogModuleManager: Shutting down and abandoning module MRMesh (184)
[2021.01.18-09.53.22:483][512]LogModuleManager: Shutting down and abandoning module SourceCodeAccess (182)
[2021.01.18-09.53.22:483][512]LogModuleManager: Shutting down and abandoning module HeadMountedDisplay (180)
[2021.01.18-09.53.22:483][512]LogModuleManager: Shutting down and abandoning module XAudio2 (178)
[2021.01.18-09.53.22:483][512]LogModuleManager: Shutting down and abandoning module Networking (176)
[2021.01.18-09.53.22:483][512]LogModuleManager: Shutting down and abandoning module Core (174)
[2021.01.18-09.53.22:483][512]LogModuleManager: Shutting down and abandoning module KismetCompiler (172)
[2021.01.18-09.53.22:483][512]LogModuleManager: Shutting down and abandoning module MeshUtilities (170)
[2021.01.18-09.53.22:483][512]LogModuleManager: Shutting down and abandoning module MeshMergeUtilities (169)
[2021.01.18-09.53.22:483][512]LogModuleManager: Shutting down and abandoning module MeshReductionInterface (168)
[2021.01.18-09.53.22:483][512]LogModuleManager: Shutting down and abandoning module SkeletalMeshReduction (167)
[2021.01.18-09.53.22:483][512]LogModuleManager: Shutting down and abandoning module ProxyLODMeshReduction (165)
[2021.01.18-09.53.22:483][512]LogModuleManager: Shutting down and abandoning module QuadricMeshReduction (163)
[2021.01.18-09.53.22:483][512]LogModuleManager: Shutting down and abandoning module MaterialBaking (159)
[2021.01.18-09.53.22:483][512]LogModuleManager: Shutting down and abandoning module DerivedDataCache (154)
[2021.01.18-09.53.22:805][512]LogDerivedDataCache: Shutdown
[2021.01.18-09.53.22:805][512]LogModuleManager: Shutting down and abandoning module XGEController (152)
[2021.01.18-09.53.22:805][512]LogXGEController: Cleaning working directory: C:/temp/UnrealXGEWorkingDir/
[2021.01.18-09.53.22:805][512]LogModuleManager: Shutting down and abandoning module TargetPlatform (150)
[2021.01.18-09.53.22:805][512]LogModuleManager: Shutting down and abandoning module VulkanShaderFormat (149)
[2021.01.18-09.53.22:805][512]LogModuleManager: Shutting down and abandoning module ShaderFormatVectorVM (147)
[2021.01.18-09.53.22:805][512]LogModuleManager: Shutting down and abandoning module ShaderFormatOpenGL (145)
[2021.01.18-09.53.22:805][512]LogModuleManager: Shutting down and abandoning module ShaderFormatD3D (143)
[2021.01.18-09.53.22:805][512]LogModuleManager: Shutting down and abandoning module MetalShaderFormat (141)
[2021.01.18-09.53.22:805][512]LogModuleManager: Shutting down and abandoning module TextureFormatUncompressed (139)
[2021.01.18-09.53.22:805][512]LogModuleManager: Shutting down and abandoning module TextureFormatPVR (137)
[2021.01.18-09.53.22:805][512]LogModuleManager: Shutting down and abandoning module TextureFormatDXT (135)
[2021.01.18-09.53.22:805][512]LogModuleManager: Shutting down and abandoning module TextureFormatIntelISPCTexComp (133)
[2021.01.18-09.53.22:805][512]LogModuleManager: Shutting down and abandoning module TextureFormatASTC (131)
[2021.01.18-09.53.22:805][512]LogModuleManager: Shutting down and abandoning module ImageWrapper (130)
[2021.01.18-09.53.22:805][512]LogModuleManager: Shutting down and abandoning module TextureFormatAndroid (127)
[2021.01.18-09.53.22:805][512]LogModuleManager: Shutting down and abandoning module AudioFormatOpus (125)
[2021.01.18-09.53.22:805][512]LogModuleManager: Shutting down and abandoning module AudioFormatOgg (123)
[2021.01.18-09.53.22:805][512]LogModuleManager: Shutting down and abandoning module AudioFormatADPCM (121)
[2021.01.18-09.53.22:805][512]LogModuleManager: Shutting down and abandoning module LuminTargetPlatform (119)
[2021.01.18-09.53.22:806][512]LogModuleManager: Shutting down and abandoning module LinuxTargetPlatform (117)
[2021.01.18-09.53.22:806][512]LogModuleManager: Shutting down and abandoning module LinuxServerTargetPlatform (115)
[2021.01.18-09.53.22:806][512]LogModuleManager: Shutting down and abandoning module LinuxNoEditorTargetPlatform (113)
[2021.01.18-09.53.22:806][512]LogModuleManager: Shutting down and abandoning module LinuxClientTargetPlatform (111)
[2021.01.18-09.53.22:806][512]LogModuleManager: Shutting down and abandoning module TVOSTargetPlatform (109)
[2021.01.18-09.53.22:806][512]LogModuleManager: Shutting down and abandoning module Messaging (107)
[2021.01.18-09.53.22:806][512]LogModuleManager: Shutting down and abandoning module IOSTargetPlatform (105)
[2021.01.18-09.53.22:807][512]LogModuleManager: Shutting down and abandoning module HTML5TargetPlatform (103)
[2021.01.18-09.53.22:807][512]LogModuleManager: Shutting down and abandoning module AndroidTargetPlatform (101)
[2021.01.18-09.53.22:811][512]LogModuleManager: Shutting down and abandoning module WindowsTargetPlatform (99)
[2021.01.18-09.53.22:811][512]LogModuleManager: Shutting down and abandoning module WindowsServerTargetPlatform (97)
[2021.01.18-09.53.22:811][512]LogModuleManager: Shutting down and abandoning module WindowsNoEditorTargetPlatform (95)
[2021.01.18-09.53.22:811][512]LogModuleManager: Shutting down and abandoning module WindowsClientTargetPlatform (93)
[2021.01.18-09.53.22:811][512]LogModuleManager: Shutting down and abandoning module MacTargetPlatform (91)
[2021.01.18-09.53.22:811][512]LogModuleManager: Shutting down and abandoning module MacServerTargetPlatform (89)
[2021.01.18-09.53.22:811][512]LogModuleManager: Shutting down and abandoning module MacNoEditorTargetPlatform (87)
[2021.01.18-09.53.22:811][512]LogModuleManager: Shutting down and abandoning module MacClientTargetPlatform (85)
[2021.01.18-09.53.22:811][512]LogModuleManager: Shutting down and abandoning module AllDesktopTargetPlatform (83)
[2021.01.18-09.53.22:811][512]LogModuleManager: Shutting down and abandoning module InputCore (80)
[2021.01.18-09.53.22:811][512]LogModuleManager: Shutting down and abandoning module Settings (78)
[2021.01.18-09.53.22:811][512]LogModuleManager: Shutting down and abandoning module DirectoryWatcher (76)
[2021.01.18-09.53.22:811][512]LogModuleManager: Shutting down and abandoning module PhysXCooking (74)
[2021.01.18-09.53.22:811][512]LogModuleManager: Shutting down and abandoning module OculusHMD (72)
[2021.01.18-09.53.22:811][512]LogModuleManager: Shutting down and abandoning module ExampleDeviceProfileSelector (70)
[2021.01.18-09.53.22:811][512]LogModuleManager: Shutting down and abandoning module LauncherChunkInstaller (68)
[2021.01.18-09.53.22:811][512]LogModuleManager: Shutting down and abandoning module OnlineBlueprintSupport (66)
[2021.01.18-09.53.22:811][512]LogModuleManager: Shutting down and abandoning module OnlineSubsystem (62)
[2021.01.18-09.53.22:812][512]LogModuleManager: Shutting down and abandoning module XMPP (55)
[2021.01.18-09.53.22:812][512]LogModuleManager: Shutting down and abandoning module WebSockets (54)
[2021.01.18-09.53.22:816][512]LogModuleManager: Shutting down and abandoning module HTTP (51)
[2021.01.18-09.53.22:816][512]LogHttp: Display: Http module shutting down, but needs to wait on 1 outstanding Http requests:
[2021.01.18-09.53.22:816][512]LogHttp: Display: 	verb=[POST] url=[https://datarouter.ol.epicgames.com/datarouter/api/v1/public/data?SessionID=%7B2873A336-4565-406E-2867-688437ACE8DA%7D&AppID=UEEditor.Rocket.Release&AppVersion=4.22.3-7053642%2B%2B%2BUE4%2BRelease-4.22&UserID=d8b6194f4e593b0c04dcc18c084f202e%7C5a4994f486bf43739f4146c62b432278%7C752c7607-b61f-4300-bfa8-12f6ebf714b8&AppEnvironment=datacollector-binary&UploadType=eteventstream] status=Processing
[2021.01.18-09.53.22:835][512]LogModuleManager: Shutting down and abandoning module SSL (50)
[2021.01.18-09.53.22:836][512]LogModuleManager: Shutting down and abandoning module WmfMedia (46)
[2021.01.18-09.53.22:837][512]LogModuleManager: Shutting down and abandoning module Media (45)
[2021.01.18-09.53.22:843][512]LogModuleManager: Shutting down and abandoning module MagicLeap (42)
[2021.01.18-09.53.22:843][512]LogModuleManager: Shutting down and abandoning module DatasmithContent (40)
[2021.01.18-09.53.22:844][512]LogModuleManager: Shutting down and abandoning module AnimationModifiers (38)
[2021.01.18-09.53.22:844][512]LogModuleManager: Shutting down and abandoning module PropertyEditor (37)
[2021.01.18-09.53.22:844][512]LogModuleManager: Shutting down and abandoning module AudioEditor (34)
[2021.01.18-09.53.22:844][512]LogModuleManager: Shutting down and abandoning module TextureCompressor (32)
[2021.01.18-09.53.22:844][512]LogModuleManager: Shutting down and abandoning module RenderCore (30)
[2021.01.18-09.53.22:844][512]LogModuleManager: Shutting down and abandoning module Landscape (28)
[2021.01.18-09.53.22:844][512]LogModuleManager: Shutting down and abandoning module SlateRHIRenderer (26)
[2021.01.18-09.53.22:844][512]LogModuleManager: Shutting down and abandoning module OpenGLDrv (24)
[2021.01.18-09.53.22:844][512]LogModuleManager: Shutting down and abandoning module D3D11RHI (22)
[2021.01.18-09.53.22:844][512]LogModuleManager: Shutting down and abandoning module AnimGraphRuntime (20)
[2021.01.18-09.53.22:844][512]LogModuleManager: Shutting down and abandoning module Renderer (18)
[2021.01.18-09.53.22:844][512]LogModuleManager: Shutting down and abandoning module Engine (16)
[2021.01.18-09.53.22:844][512]LogModuleManager: Shutting down and abandoning module CoreUObject (14)
[2021.01.18-09.53.22:844][512]LogModuleManager: Shutting down and abandoning module NetworkFile (12)
[2021.01.18-09.53.22:844][512]LogModuleManager: Shutting down and abandoning module CookedIterativeFile (10)
[2021.01.18-09.53.22:844][512]LogModuleManager: Shutting down and abandoning module StreamingFile (8)
[2021.01.18-09.53.22:844][512]LogModuleManager: Shutting down and abandoning module SandboxFile (6)
[2021.01.18-09.53.22:844][512]LogModuleManager: Shutting down and abandoning module PakFile (4)
[2021.01.18-09.53.22:844][512]LogModuleManager: Shutting down and abandoning module RSA (3)
[2021.01.18-09.53.22:853][512]LogExit: Exiting.
[2021.01.18-09.53.22:876][512]Log file closed, 01/18/21 18:53:22
